[2024-03-24T18:50:55.907+0000] {processor.py:161} INFO - Started process (PID=84) to work on /home/airflow/.local/lib/python3.8/site-packages/airflow/example_dags/example_task_group_decorator.py
[2024-03-24T18:50:55.908+0000] {processor.py:830} INFO - Processing file /home/airflow/.local/lib/python3.8/site-packages/airflow/example_dags/example_task_group_decorator.py for tasks to queue
[2024-03-24T18:50:55.909+0000] {logging_mixin.py:188} INFO - [2024-03-24T18:50:55.909+0000] {dagbag.py:540} INFO - Filling up the DagBag from /home/airflow/.local/lib/python3.8/site-packages/airflow/example_dags/example_task_group_decorator.py
[2024-03-24T18:50:55.920+0000] {processor.py:840} INFO - DAG(s) 'example_task_group_decorator' retrieved from /home/airflow/.local/lib/python3.8/site-packages/airflow/example_dags/example_task_group_decorator.py
[2024-03-24T18:50:55.929+0000] {logging_mixin.py:188} INFO - [2024-03-24T18:50:55.929+0000] {dag.py:3047} INFO - Sync 1 DAGs
[2024-03-24T18:50:55.946+0000] {logging_mixin.py:188} INFO - [2024-03-24T18:50:55.946+0000] {dag.py:3834} INFO - Setting next_dagrun for example_task_group_decorator to 2024-03-23 00:00:00+00:00, run_after=2024-03-24 00:00:00+00:00
[2024-03-24T18:50:55.961+0000] {processor.py:183} INFO - Processing /home/airflow/.local/lib/python3.8/site-packages/airflow/example_dags/example_task_group_decorator.py took 0.056 seconds
[2024-03-24T18:51:27.314+0000] {processor.py:161} INFO - Started process (PID=141) to work on /home/airflow/.local/lib/python3.8/site-packages/airflow/example_dags/example_task_group_decorator.py
[2024-03-24T18:51:27.314+0000] {processor.py:830} INFO - Processing file /home/airflow/.local/lib/python3.8/site-packages/airflow/example_dags/example_task_group_decorator.py for tasks to queue
[2024-03-24T18:51:27.315+0000] {logging_mixin.py:188} INFO - [2024-03-24T18:51:27.315+0000] {dagbag.py:540} INFO - Filling up the DagBag from /home/airflow/.local/lib/python3.8/site-packages/airflow/example_dags/example_task_group_decorator.py
[2024-03-24T18:51:27.325+0000] {processor.py:840} INFO - DAG(s) 'example_task_group_decorator' retrieved from /home/airflow/.local/lib/python3.8/site-packages/airflow/example_dags/example_task_group_decorator.py
[2024-03-24T18:51:27.401+0000] {logging_mixin.py:188} INFO - [2024-03-24T18:51:27.401+0000] {dag.py:3047} INFO - Sync 1 DAGs
[2024-03-24T18:51:27.416+0000] {logging_mixin.py:188} INFO - [2024-03-24T18:51:27.416+0000] {dag.py:3834} INFO - Setting next_dagrun for example_task_group_decorator to 2024-03-23 00:00:00+00:00, run_after=2024-03-24 00:00:00+00:00
[2024-03-24T18:51:27.438+0000] {processor.py:183} INFO - Processing /home/airflow/.local/lib/python3.8/site-packages/airflow/example_dags/example_task_group_decorator.py took 0.127 seconds
[2024-03-24T18:55:22.752+0000] {processor.py:161} INFO - Started process (PID=95) to work on /home/airflow/.local/lib/python3.8/site-packages/airflow/example_dags/example_task_group_decorator.py
[2024-03-24T18:55:22.753+0000] {processor.py:830} INFO - Processing file /home/airflow/.local/lib/python3.8/site-packages/airflow/example_dags/example_task_group_decorator.py for tasks to queue
[2024-03-24T18:55:22.754+0000] {logging_mixin.py:188} INFO - [2024-03-24T18:55:22.754+0000] {dagbag.py:540} INFO - Filling up the DagBag from /home/airflow/.local/lib/python3.8/site-packages/airflow/example_dags/example_task_group_decorator.py
[2024-03-24T18:55:22.765+0000] {processor.py:840} INFO - DAG(s) 'example_task_group_decorator' retrieved from /home/airflow/.local/lib/python3.8/site-packages/airflow/example_dags/example_task_group_decorator.py
[2024-03-24T18:55:22.774+0000] {logging_mixin.py:188} INFO - [2024-03-24T18:55:22.774+0000] {dag.py:3047} INFO - Sync 1 DAGs
[2024-03-24T18:55:22.791+0000] {logging_mixin.py:188} INFO - [2024-03-24T18:55:22.790+0000] {dag.py:3834} INFO - Setting next_dagrun for example_task_group_decorator to 2024-03-23 00:00:00+00:00, run_after=2024-03-24 00:00:00+00:00
[2024-03-24T18:55:22.803+0000] {processor.py:183} INFO - Processing /home/airflow/.local/lib/python3.8/site-packages/airflow/example_dags/example_task_group_decorator.py took 0.054 seconds
[2024-03-24T18:55:54.343+0000] {processor.py:161} INFO - Started process (PID=163) to work on /home/airflow/.local/lib/python3.8/site-packages/airflow/example_dags/example_task_group_decorator.py
[2024-03-24T18:55:54.343+0000] {processor.py:830} INFO - Processing file /home/airflow/.local/lib/python3.8/site-packages/airflow/example_dags/example_task_group_decorator.py for tasks to queue
[2024-03-24T18:55:54.345+0000] {logging_mixin.py:188} INFO - [2024-03-24T18:55:54.344+0000] {dagbag.py:540} INFO - Filling up the DagBag from /home/airflow/.local/lib/python3.8/site-packages/airflow/example_dags/example_task_group_decorator.py
[2024-03-24T18:55:54.354+0000] {processor.py:840} INFO - DAG(s) 'example_task_group_decorator' retrieved from /home/airflow/.local/lib/python3.8/site-packages/airflow/example_dags/example_task_group_decorator.py
[2024-03-24T18:55:54.424+0000] {logging_mixin.py:188} INFO - [2024-03-24T18:55:54.424+0000] {dag.py:3047} INFO - Sync 1 DAGs
[2024-03-24T18:55:54.439+0000] {logging_mixin.py:188} INFO - [2024-03-24T18:55:54.439+0000] {dag.py:3834} INFO - Setting next_dagrun for example_task_group_decorator to 2024-03-23 00:00:00+00:00, run_after=2024-03-24 00:00:00+00:00
[2024-03-24T18:55:54.451+0000] {processor.py:183} INFO - Processing /home/airflow/.local/lib/python3.8/site-packages/airflow/example_dags/example_task_group_decorator.py took 0.111 seconds
[2024-03-24T18:58:38.507+0000] {processor.py:161} INFO - Started process (PID=95) to work on /home/airflow/.local/lib/python3.8/site-packages/airflow/example_dags/example_task_group_decorator.py
[2024-03-24T18:58:38.508+0000] {processor.py:830} INFO - Processing file /home/airflow/.local/lib/python3.8/site-packages/airflow/example_dags/example_task_group_decorator.py for tasks to queue
[2024-03-24T18:58:38.509+0000] {logging_mixin.py:188} INFO - [2024-03-24T18:58:38.509+0000] {dagbag.py:540} INFO - Filling up the DagBag from /home/airflow/.local/lib/python3.8/site-packages/airflow/example_dags/example_task_group_decorator.py
[2024-03-24T18:58:38.520+0000] {processor.py:840} INFO - DAG(s) 'example_task_group_decorator' retrieved from /home/airflow/.local/lib/python3.8/site-packages/airflow/example_dags/example_task_group_decorator.py
[2024-03-24T18:58:38.530+0000] {logging_mixin.py:188} INFO - [2024-03-24T18:58:38.530+0000] {dag.py:3047} INFO - Sync 1 DAGs
[2024-03-24T18:58:38.547+0000] {logging_mixin.py:188} INFO - [2024-03-24T18:58:38.547+0000] {dag.py:3834} INFO - Setting next_dagrun for example_task_group_decorator to 2024-03-23 00:00:00+00:00, run_after=2024-03-24 00:00:00+00:00
[2024-03-24T18:58:38.560+0000] {processor.py:183} INFO - Processing /home/airflow/.local/lib/python3.8/site-packages/airflow/example_dags/example_task_group_decorator.py took 0.056 seconds
[2024-03-24T18:59:09.877+0000] {processor.py:161} INFO - Started process (PID=163) to work on /home/airflow/.local/lib/python3.8/site-packages/airflow/example_dags/example_task_group_decorator.py
[2024-03-24T18:59:09.877+0000] {processor.py:830} INFO - Processing file /home/airflow/.local/lib/python3.8/site-packages/airflow/example_dags/example_task_group_decorator.py for tasks to queue
[2024-03-24T18:59:09.879+0000] {logging_mixin.py:188} INFO - [2024-03-24T18:59:09.878+0000] {dagbag.py:540} INFO - Filling up the DagBag from /home/airflow/.local/lib/python3.8/site-packages/airflow/example_dags/example_task_group_decorator.py
[2024-03-24T18:59:09.888+0000] {processor.py:840} INFO - DAG(s) 'example_task_group_decorator' retrieved from /home/airflow/.local/lib/python3.8/site-packages/airflow/example_dags/example_task_group_decorator.py
[2024-03-24T18:59:09.959+0000] {logging_mixin.py:188} INFO - [2024-03-24T18:59:09.959+0000] {dag.py:3047} INFO - Sync 1 DAGs
[2024-03-24T18:59:09.974+0000] {logging_mixin.py:188} INFO - [2024-03-24T18:59:09.973+0000] {dag.py:3834} INFO - Setting next_dagrun for example_task_group_decorator to 2024-03-23 00:00:00+00:00, run_after=2024-03-24 00:00:00+00:00
[2024-03-24T18:59:09.987+0000] {processor.py:183} INFO - Processing /home/airflow/.local/lib/python3.8/site-packages/airflow/example_dags/example_task_group_decorator.py took 0.112 seconds
[2024-03-24T18:59:40.474+0000] {processor.py:161} INFO - Started process (PID=231) to work on /home/airflow/.local/lib/python3.8/site-packages/airflow/example_dags/example_task_group_decorator.py
[2024-03-24T18:59:40.475+0000] {processor.py:830} INFO - Processing file /home/airflow/.local/lib/python3.8/site-packages/airflow/example_dags/example_task_group_decorator.py for tasks to queue
[2024-03-24T18:59:40.477+0000] {logging_mixin.py:188} INFO - [2024-03-24T18:59:40.477+0000] {dagbag.py:540} INFO - Filling up the DagBag from /home/airflow/.local/lib/python3.8/site-packages/airflow/example_dags/example_task_group_decorator.py
[2024-03-24T18:59:40.488+0000] {processor.py:840} INFO - DAG(s) 'example_task_group_decorator' retrieved from /home/airflow/.local/lib/python3.8/site-packages/airflow/example_dags/example_task_group_decorator.py
[2024-03-24T18:59:40.508+0000] {logging_mixin.py:188} INFO - [2024-03-24T18:59:40.508+0000] {dag.py:3047} INFO - Sync 1 DAGs
[2024-03-24T18:59:40.523+0000] {logging_mixin.py:188} INFO - [2024-03-24T18:59:40.523+0000] {dag.py:3834} INFO - Setting next_dagrun for example_task_group_decorator to 2024-03-23 00:00:00+00:00, run_after=2024-03-24 00:00:00+00:00
[2024-03-24T18:59:40.535+0000] {processor.py:183} INFO - Processing /home/airflow/.local/lib/python3.8/site-packages/airflow/example_dags/example_task_group_decorator.py took 0.064 seconds
[2024-03-24T19:00:11.768+0000] {processor.py:161} INFO - Started process (PID=299) to work on /home/airflow/.local/lib/python3.8/site-packages/airflow/example_dags/example_task_group_decorator.py
[2024-03-24T19:00:11.769+0000] {processor.py:830} INFO - Processing file /home/airflow/.local/lib/python3.8/site-packages/airflow/example_dags/example_task_group_decorator.py for tasks to queue
[2024-03-24T19:00:11.770+0000] {logging_mixin.py:188} INFO - [2024-03-24T19:00:11.770+0000] {dagbag.py:540} INFO - Filling up the DagBag from /home/airflow/.local/lib/python3.8/site-packages/airflow/example_dags/example_task_group_decorator.py
[2024-03-24T19:00:11.779+0000] {processor.py:840} INFO - DAG(s) 'example_task_group_decorator' retrieved from /home/airflow/.local/lib/python3.8/site-packages/airflow/example_dags/example_task_group_decorator.py
[2024-03-24T19:00:11.796+0000] {logging_mixin.py:188} INFO - [2024-03-24T19:00:11.796+0000] {dag.py:3047} INFO - Sync 1 DAGs
[2024-03-24T19:00:11.810+0000] {logging_mixin.py:188} INFO - [2024-03-24T19:00:11.810+0000] {dag.py:3834} INFO - Setting next_dagrun for example_task_group_decorator to 2024-03-23 00:00:00+00:00, run_after=2024-03-24 00:00:00+00:00
[2024-03-24T19:00:11.821+0000] {processor.py:183} INFO - Processing /home/airflow/.local/lib/python3.8/site-packages/airflow/example_dags/example_task_group_decorator.py took 0.055 seconds
[2024-03-24T19:14:48.120+0000] {processor.py:161} INFO - Started process (PID=95) to work on /home/airflow/.local/lib/python3.8/site-packages/airflow/example_dags/example_task_group_decorator.py
[2024-03-24T19:14:48.121+0000] {processor.py:830} INFO - Processing file /home/airflow/.local/lib/python3.8/site-packages/airflow/example_dags/example_task_group_decorator.py for tasks to queue
[2024-03-24T19:14:48.122+0000] {logging_mixin.py:188} INFO - [2024-03-24T19:14:48.122+0000] {dagbag.py:540} INFO - Filling up the DagBag from /home/airflow/.local/lib/python3.8/site-packages/airflow/example_dags/example_task_group_decorator.py
[2024-03-24T19:14:48.132+0000] {processor.py:840} INFO - DAG(s) 'example_task_group_decorator' retrieved from /home/airflow/.local/lib/python3.8/site-packages/airflow/example_dags/example_task_group_decorator.py
[2024-03-24T19:14:48.140+0000] {logging_mixin.py:188} INFO - [2024-03-24T19:14:48.140+0000] {dag.py:3047} INFO - Sync 1 DAGs
[2024-03-24T19:14:48.156+0000] {logging_mixin.py:188} INFO - [2024-03-24T19:14:48.156+0000] {dag.py:3834} INFO - Setting next_dagrun for example_task_group_decorator to 2024-03-23 00:00:00+00:00, run_after=2024-03-24 00:00:00+00:00
[2024-03-24T19:14:48.168+0000] {processor.py:183} INFO - Processing /home/airflow/.local/lib/python3.8/site-packages/airflow/example_dags/example_task_group_decorator.py took 0.050 seconds
[2024-03-24T19:15:19.818+0000] {processor.py:161} INFO - Started process (PID=163) to work on /home/airflow/.local/lib/python3.8/site-packages/airflow/example_dags/example_task_group_decorator.py
[2024-03-24T19:15:19.818+0000] {processor.py:830} INFO - Processing file /home/airflow/.local/lib/python3.8/site-packages/airflow/example_dags/example_task_group_decorator.py for tasks to queue
[2024-03-24T19:15:19.820+0000] {logging_mixin.py:188} INFO - [2024-03-24T19:15:19.819+0000] {dagbag.py:540} INFO - Filling up the DagBag from /home/airflow/.local/lib/python3.8/site-packages/airflow/example_dags/example_task_group_decorator.py
[2024-03-24T19:15:19.830+0000] {processor.py:840} INFO - DAG(s) 'example_task_group_decorator' retrieved from /home/airflow/.local/lib/python3.8/site-packages/airflow/example_dags/example_task_group_decorator.py
[2024-03-24T19:15:19.908+0000] {logging_mixin.py:188} INFO - [2024-03-24T19:15:19.907+0000] {dag.py:3047} INFO - Sync 1 DAGs
[2024-03-24T19:15:19.923+0000] {logging_mixin.py:188} INFO - [2024-03-24T19:15:19.922+0000] {dag.py:3834} INFO - Setting next_dagrun for example_task_group_decorator to 2024-03-23 00:00:00+00:00, run_after=2024-03-24 00:00:00+00:00
[2024-03-24T19:15:19.936+0000] {processor.py:183} INFO - Processing /home/airflow/.local/lib/python3.8/site-packages/airflow/example_dags/example_task_group_decorator.py took 0.120 seconds
