[2024-03-24T18:50:55.491+0000] {processor.py:161} INFO - Started process (PID=75) to work on /home/airflow/.local/lib/python3.8/site-packages/airflow/example_dags/example_skip_dag.py
[2024-03-24T18:50:55.492+0000] {processor.py:830} INFO - Processing file /home/airflow/.local/lib/python3.8/site-packages/airflow/example_dags/example_skip_dag.py for tasks to queue
[2024-03-24T18:50:55.493+0000] {logging_mixin.py:188} INFO - [2024-03-24T18:50:55.493+0000] {dagbag.py:540} INFO - Filling up the DagBag from /home/airflow/.local/lib/python3.8/site-packages/airflow/example_dags/example_skip_dag.py
[2024-03-24T18:50:55.500+0000] {processor.py:840} INFO - DAG(s) 'example_skip_dag' retrieved from /home/airflow/.local/lib/python3.8/site-packages/airflow/example_dags/example_skip_dag.py
[2024-03-24T18:50:55.510+0000] {logging_mixin.py:188} INFO - [2024-03-24T18:50:55.510+0000] {dag.py:3047} INFO - Sync 1 DAGs
[2024-03-24T18:50:55.528+0000] {logging_mixin.py:188} INFO - [2024-03-24T18:50:55.527+0000] {dag.py:3834} INFO - Setting next_dagrun for example_skip_dag to 2024-03-23 00:00:00+00:00, run_after=2024-03-24 00:00:00+00:00
[2024-03-24T18:50:55.541+0000] {processor.py:183} INFO - Processing /home/airflow/.local/lib/python3.8/site-packages/airflow/example_dags/example_skip_dag.py took 0.052 seconds
[2024-03-24T18:51:26.560+0000] {processor.py:161} INFO - Started process (PID=132) to work on /home/airflow/.local/lib/python3.8/site-packages/airflow/example_dags/example_skip_dag.py
[2024-03-24T18:51:26.561+0000] {processor.py:830} INFO - Processing file /home/airflow/.local/lib/python3.8/site-packages/airflow/example_dags/example_skip_dag.py for tasks to queue
[2024-03-24T18:51:26.562+0000] {logging_mixin.py:188} INFO - [2024-03-24T18:51:26.562+0000] {dagbag.py:540} INFO - Filling up the DagBag from /home/airflow/.local/lib/python3.8/site-packages/airflow/example_dags/example_skip_dag.py
[2024-03-24T18:51:26.567+0000] {processor.py:840} INFO - DAG(s) 'example_skip_dag' retrieved from /home/airflow/.local/lib/python3.8/site-packages/airflow/example_dags/example_skip_dag.py
[2024-03-24T18:51:26.638+0000] {logging_mixin.py:188} INFO - [2024-03-24T18:51:26.638+0000] {dag.py:3047} INFO - Sync 1 DAGs
[2024-03-24T18:51:26.652+0000] {logging_mixin.py:188} INFO - [2024-03-24T18:51:26.652+0000] {dag.py:3834} INFO - Setting next_dagrun for example_skip_dag to 2024-03-23 00:00:00+00:00, run_after=2024-03-24 00:00:00+00:00
[2024-03-24T18:51:26.664+0000] {processor.py:183} INFO - Processing /home/airflow/.local/lib/python3.8/site-packages/airflow/example_dags/example_skip_dag.py took 0.106 seconds
[2024-03-24T18:55:22.396+0000] {processor.py:161} INFO - Started process (PID=86) to work on /home/airflow/.local/lib/python3.8/site-packages/airflow/example_dags/example_skip_dag.py
[2024-03-24T18:55:22.397+0000] {processor.py:830} INFO - Processing file /home/airflow/.local/lib/python3.8/site-packages/airflow/example_dags/example_skip_dag.py for tasks to queue
[2024-03-24T18:55:22.398+0000] {logging_mixin.py:188} INFO - [2024-03-24T18:55:22.398+0000] {dagbag.py:540} INFO - Filling up the DagBag from /home/airflow/.local/lib/python3.8/site-packages/airflow/example_dags/example_skip_dag.py
[2024-03-24T18:55:22.406+0000] {processor.py:840} INFO - DAG(s) 'example_skip_dag' retrieved from /home/airflow/.local/lib/python3.8/site-packages/airflow/example_dags/example_skip_dag.py
[2024-03-24T18:55:22.416+0000] {logging_mixin.py:188} INFO - [2024-03-24T18:55:22.416+0000] {dag.py:3047} INFO - Sync 1 DAGs
[2024-03-24T18:55:22.434+0000] {logging_mixin.py:188} INFO - [2024-03-24T18:55:22.434+0000] {dag.py:3834} INFO - Setting next_dagrun for example_skip_dag to 2024-03-23 00:00:00+00:00, run_after=2024-03-24 00:00:00+00:00
[2024-03-24T18:55:22.448+0000] {processor.py:183} INFO - Processing /home/airflow/.local/lib/python3.8/site-packages/airflow/example_dags/example_skip_dag.py took 0.054 seconds
[2024-03-24T18:55:53.835+0000] {processor.py:161} INFO - Started process (PID=154) to work on /home/airflow/.local/lib/python3.8/site-packages/airflow/example_dags/example_skip_dag.py
[2024-03-24T18:55:53.836+0000] {processor.py:830} INFO - Processing file /home/airflow/.local/lib/python3.8/site-packages/airflow/example_dags/example_skip_dag.py for tasks to queue
[2024-03-24T18:55:53.837+0000] {logging_mixin.py:188} INFO - [2024-03-24T18:55:53.837+0000] {dagbag.py:540} INFO - Filling up the DagBag from /home/airflow/.local/lib/python3.8/site-packages/airflow/example_dags/example_skip_dag.py
[2024-03-24T18:55:53.841+0000] {processor.py:840} INFO - DAG(s) 'example_skip_dag' retrieved from /home/airflow/.local/lib/python3.8/site-packages/airflow/example_dags/example_skip_dag.py
[2024-03-24T18:55:53.910+0000] {logging_mixin.py:188} INFO - [2024-03-24T18:55:53.910+0000] {dag.py:3047} INFO - Sync 1 DAGs
[2024-03-24T18:55:53.923+0000] {logging_mixin.py:188} INFO - [2024-03-24T18:55:53.922+0000] {dag.py:3834} INFO - Setting next_dagrun for example_skip_dag to 2024-03-23 00:00:00+00:00, run_after=2024-03-24 00:00:00+00:00
[2024-03-24T18:55:53.934+0000] {processor.py:183} INFO - Processing /home/airflow/.local/lib/python3.8/site-packages/airflow/example_dags/example_skip_dag.py took 0.102 seconds
[2024-03-24T18:58:38.140+0000] {processor.py:161} INFO - Started process (PID=86) to work on /home/airflow/.local/lib/python3.8/site-packages/airflow/example_dags/example_skip_dag.py
[2024-03-24T18:58:38.141+0000] {processor.py:830} INFO - Processing file /home/airflow/.local/lib/python3.8/site-packages/airflow/example_dags/example_skip_dag.py for tasks to queue
[2024-03-24T18:58:38.142+0000] {logging_mixin.py:188} INFO - [2024-03-24T18:58:38.142+0000] {dagbag.py:540} INFO - Filling up the DagBag from /home/airflow/.local/lib/python3.8/site-packages/airflow/example_dags/example_skip_dag.py
[2024-03-24T18:58:38.149+0000] {processor.py:840} INFO - DAG(s) 'example_skip_dag' retrieved from /home/airflow/.local/lib/python3.8/site-packages/airflow/example_dags/example_skip_dag.py
[2024-03-24T18:58:38.160+0000] {logging_mixin.py:188} INFO - [2024-03-24T18:58:38.159+0000] {dag.py:3047} INFO - Sync 1 DAGs
[2024-03-24T18:58:38.178+0000] {logging_mixin.py:188} INFO - [2024-03-24T18:58:38.178+0000] {dag.py:3834} INFO - Setting next_dagrun for example_skip_dag to 2024-03-23 00:00:00+00:00, run_after=2024-03-24 00:00:00+00:00
[2024-03-24T18:58:38.190+0000] {processor.py:183} INFO - Processing /home/airflow/.local/lib/python3.8/site-packages/airflow/example_dags/example_skip_dag.py took 0.053 seconds
[2024-03-24T18:59:09.362+0000] {processor.py:161} INFO - Started process (PID=154) to work on /home/airflow/.local/lib/python3.8/site-packages/airflow/example_dags/example_skip_dag.py
[2024-03-24T18:59:09.363+0000] {processor.py:830} INFO - Processing file /home/airflow/.local/lib/python3.8/site-packages/airflow/example_dags/example_skip_dag.py for tasks to queue
[2024-03-24T18:59:09.364+0000] {logging_mixin.py:188} INFO - [2024-03-24T18:59:09.364+0000] {dagbag.py:540} INFO - Filling up the DagBag from /home/airflow/.local/lib/python3.8/site-packages/airflow/example_dags/example_skip_dag.py
[2024-03-24T18:59:09.368+0000] {processor.py:840} INFO - DAG(s) 'example_skip_dag' retrieved from /home/airflow/.local/lib/python3.8/site-packages/airflow/example_dags/example_skip_dag.py
[2024-03-24T18:59:09.441+0000] {logging_mixin.py:188} INFO - [2024-03-24T18:59:09.440+0000] {dag.py:3047} INFO - Sync 1 DAGs
[2024-03-24T18:59:09.454+0000] {logging_mixin.py:188} INFO - [2024-03-24T18:59:09.454+0000] {dag.py:3834} INFO - Setting next_dagrun for example_skip_dag to 2024-03-23 00:00:00+00:00, run_after=2024-03-24 00:00:00+00:00
[2024-03-24T18:59:09.465+0000] {processor.py:183} INFO - Processing /home/airflow/.local/lib/python3.8/site-packages/airflow/example_dags/example_skip_dag.py took 0.106 seconds
[2024-03-24T18:59:40.152+0000] {processor.py:161} INFO - Started process (PID=222) to work on /home/airflow/.local/lib/python3.8/site-packages/airflow/example_dags/example_skip_dag.py
[2024-03-24T18:59:40.153+0000] {processor.py:830} INFO - Processing file /home/airflow/.local/lib/python3.8/site-packages/airflow/example_dags/example_skip_dag.py for tasks to queue
[2024-03-24T18:59:40.154+0000] {logging_mixin.py:188} INFO - [2024-03-24T18:59:40.154+0000] {dagbag.py:540} INFO - Filling up the DagBag from /home/airflow/.local/lib/python3.8/site-packages/airflow/example_dags/example_skip_dag.py
[2024-03-24T18:59:40.159+0000] {processor.py:840} INFO - DAG(s) 'example_skip_dag' retrieved from /home/airflow/.local/lib/python3.8/site-packages/airflow/example_dags/example_skip_dag.py
[2024-03-24T18:59:40.174+0000] {logging_mixin.py:188} INFO - [2024-03-24T18:59:40.174+0000] {dag.py:3047} INFO - Sync 1 DAGs
[2024-03-24T18:59:40.188+0000] {logging_mixin.py:188} INFO - [2024-03-24T18:59:40.188+0000] {dag.py:3834} INFO - Setting next_dagrun for example_skip_dag to 2024-03-23 00:00:00+00:00, run_after=2024-03-24 00:00:00+00:00
[2024-03-24T18:59:40.200+0000] {processor.py:183} INFO - Processing /home/airflow/.local/lib/python3.8/site-packages/airflow/example_dags/example_skip_dag.py took 0.050 seconds
[2024-03-24T19:00:11.424+0000] {processor.py:161} INFO - Started process (PID=290) to work on /home/airflow/.local/lib/python3.8/site-packages/airflow/example_dags/example_skip_dag.py
[2024-03-24T19:00:11.425+0000] {processor.py:830} INFO - Processing file /home/airflow/.local/lib/python3.8/site-packages/airflow/example_dags/example_skip_dag.py for tasks to queue
[2024-03-24T19:00:11.426+0000] {logging_mixin.py:188} INFO - [2024-03-24T19:00:11.426+0000] {dagbag.py:540} INFO - Filling up the DagBag from /home/airflow/.local/lib/python3.8/site-packages/airflow/example_dags/example_skip_dag.py
[2024-03-24T19:00:11.430+0000] {processor.py:840} INFO - DAG(s) 'example_skip_dag' retrieved from /home/airflow/.local/lib/python3.8/site-packages/airflow/example_dags/example_skip_dag.py
[2024-03-24T19:00:11.446+0000] {logging_mixin.py:188} INFO - [2024-03-24T19:00:11.446+0000] {dag.py:3047} INFO - Sync 1 DAGs
[2024-03-24T19:00:11.460+0000] {logging_mixin.py:188} INFO - [2024-03-24T19:00:11.460+0000] {dag.py:3834} INFO - Setting next_dagrun for example_skip_dag to 2024-03-23 00:00:00+00:00, run_after=2024-03-24 00:00:00+00:00
[2024-03-24T19:00:11.472+0000] {processor.py:183} INFO - Processing /home/airflow/.local/lib/python3.8/site-packages/airflow/example_dags/example_skip_dag.py took 0.050 seconds
[2024-03-24T19:14:47.786+0000] {processor.py:161} INFO - Started process (PID=86) to work on /home/airflow/.local/lib/python3.8/site-packages/airflow/example_dags/example_skip_dag.py
[2024-03-24T19:14:47.787+0000] {processor.py:830} INFO - Processing file /home/airflow/.local/lib/python3.8/site-packages/airflow/example_dags/example_skip_dag.py for tasks to queue
[2024-03-24T19:14:47.788+0000] {logging_mixin.py:188} INFO - [2024-03-24T19:14:47.788+0000] {dagbag.py:540} INFO - Filling up the DagBag from /home/airflow/.local/lib/python3.8/site-packages/airflow/example_dags/example_skip_dag.py
[2024-03-24T19:14:47.796+0000] {processor.py:840} INFO - DAG(s) 'example_skip_dag' retrieved from /home/airflow/.local/lib/python3.8/site-packages/airflow/example_dags/example_skip_dag.py
[2024-03-24T19:14:47.805+0000] {logging_mixin.py:188} INFO - [2024-03-24T19:14:47.805+0000] {dag.py:3047} INFO - Sync 1 DAGs
[2024-03-24T19:14:47.822+0000] {logging_mixin.py:188} INFO - [2024-03-24T19:14:47.821+0000] {dag.py:3834} INFO - Setting next_dagrun for example_skip_dag to 2024-03-23 00:00:00+00:00, run_after=2024-03-24 00:00:00+00:00
[2024-03-24T19:14:47.835+0000] {processor.py:183} INFO - Processing /home/airflow/.local/lib/python3.8/site-packages/airflow/example_dags/example_skip_dag.py took 0.051 seconds
[2024-03-24T19:15:19.246+0000] {processor.py:161} INFO - Started process (PID=154) to work on /home/airflow/.local/lib/python3.8/site-packages/airflow/example_dags/example_skip_dag.py
[2024-03-24T19:15:19.246+0000] {processor.py:830} INFO - Processing file /home/airflow/.local/lib/python3.8/site-packages/airflow/example_dags/example_skip_dag.py for tasks to queue
[2024-03-24T19:15:19.247+0000] {logging_mixin.py:188} INFO - [2024-03-24T19:15:19.247+0000] {dagbag.py:540} INFO - Filling up the DagBag from /home/airflow/.local/lib/python3.8/site-packages/airflow/example_dags/example_skip_dag.py
[2024-03-24T19:15:19.252+0000] {processor.py:840} INFO - DAG(s) 'example_skip_dag' retrieved from /home/airflow/.local/lib/python3.8/site-packages/airflow/example_dags/example_skip_dag.py
[2024-03-24T19:15:19.328+0000] {logging_mixin.py:188} INFO - [2024-03-24T19:15:19.327+0000] {dag.py:3047} INFO - Sync 1 DAGs
[2024-03-24T19:15:19.342+0000] {logging_mixin.py:188} INFO - [2024-03-24T19:15:19.341+0000] {dag.py:3834} INFO - Setting next_dagrun for example_skip_dag to 2024-03-23 00:00:00+00:00, run_after=2024-03-24 00:00:00+00:00
[2024-03-24T19:15:19.354+0000] {processor.py:183} INFO - Processing /home/airflow/.local/lib/python3.8/site-packages/airflow/example_dags/example_skip_dag.py took 0.111 seconds
