[2024-03-24T18:50:55.413+0000] {processor.py:161} INFO - Started process (PID=73) to work on /home/airflow/.local/lib/python3.8/site-packages/airflow/example_dags/example_python_decorator.py
[2024-03-24T18:50:55.414+0000] {processor.py:830} INFO - Processing file /home/airflow/.local/lib/python3.8/site-packages/airflow/example_dags/example_python_decorator.py for tasks to queue
[2024-03-24T18:50:55.415+0000] {logging_mixin.py:188} INFO - [2024-03-24T18:50:55.415+0000] {dagbag.py:540} INFO - Filling up the DagBag from /home/airflow/.local/lib/python3.8/site-packages/airflow/example_dags/example_python_decorator.py
[2024-03-24T18:50:55.427+0000] {processor.py:840} INFO - DAG(s) 'example_python_decorator' retrieved from /home/airflow/.local/lib/python3.8/site-packages/airflow/example_dags/example_python_decorator.py
[2024-03-24T18:50:55.437+0000] {logging_mixin.py:188} INFO - [2024-03-24T18:50:55.437+0000] {dag.py:3047} INFO - Sync 1 DAGs
[2024-03-24T18:50:55.447+0000] {logging_mixin.py:188} INFO - [2024-03-24T18:50:55.446+0000] {dag.py:3834} INFO - Setting next_dagrun for example_python_decorator to None, run_after=None
[2024-03-24T18:50:55.461+0000] {processor.py:183} INFO - Processing /home/airflow/.local/lib/python3.8/site-packages/airflow/example_dags/example_python_decorator.py took 0.050 seconds
[2024-03-24T18:51:26.438+0000] {processor.py:161} INFO - Started process (PID=130) to work on /home/airflow/.local/lib/python3.8/site-packages/airflow/example_dags/example_python_decorator.py
[2024-03-24T18:51:26.439+0000] {processor.py:830} INFO - Processing file /home/airflow/.local/lib/python3.8/site-packages/airflow/example_dags/example_python_decorator.py for tasks to queue
[2024-03-24T18:51:26.440+0000] {logging_mixin.py:188} INFO - [2024-03-24T18:51:26.440+0000] {dagbag.py:540} INFO - Filling up the DagBag from /home/airflow/.local/lib/python3.8/site-packages/airflow/example_dags/example_python_decorator.py
[2024-03-24T18:51:26.449+0000] {processor.py:840} INFO - DAG(s) 'example_python_decorator' retrieved from /home/airflow/.local/lib/python3.8/site-packages/airflow/example_dags/example_python_decorator.py
[2024-03-24T18:51:26.518+0000] {logging_mixin.py:188} INFO - [2024-03-24T18:51:26.518+0000] {dag.py:3047} INFO - Sync 1 DAGs
[2024-03-24T18:51:26.525+0000] {logging_mixin.py:188} INFO - [2024-03-24T18:51:26.525+0000] {dag.py:3834} INFO - Setting next_dagrun for example_python_decorator to None, run_after=None
[2024-03-24T18:51:26.537+0000] {processor.py:183} INFO - Processing /home/airflow/.local/lib/python3.8/site-packages/airflow/example_dags/example_python_decorator.py took 0.101 seconds
[2024-03-24T18:55:22.309+0000] {processor.py:161} INFO - Started process (PID=84) to work on /home/airflow/.local/lib/python3.8/site-packages/airflow/example_dags/example_python_decorator.py
[2024-03-24T18:55:22.310+0000] {processor.py:830} INFO - Processing file /home/airflow/.local/lib/python3.8/site-packages/airflow/example_dags/example_python_decorator.py for tasks to queue
[2024-03-24T18:55:22.311+0000] {logging_mixin.py:188} INFO - [2024-03-24T18:55:22.311+0000] {dagbag.py:540} INFO - Filling up the DagBag from /home/airflow/.local/lib/python3.8/site-packages/airflow/example_dags/example_python_decorator.py
[2024-03-24T18:55:22.323+0000] {processor.py:840} INFO - DAG(s) 'example_python_decorator' retrieved from /home/airflow/.local/lib/python3.8/site-packages/airflow/example_dags/example_python_decorator.py
[2024-03-24T18:55:22.333+0000] {logging_mixin.py:188} INFO - [2024-03-24T18:55:22.333+0000] {dag.py:3047} INFO - Sync 1 DAGs
[2024-03-24T18:55:22.342+0000] {logging_mixin.py:188} INFO - [2024-03-24T18:55:22.342+0000] {dag.py:3834} INFO - Setting next_dagrun for example_python_decorator to None, run_after=None
[2024-03-24T18:55:22.355+0000] {processor.py:183} INFO - Processing /home/airflow/.local/lib/python3.8/site-packages/airflow/example_dags/example_python_decorator.py took 0.049 seconds
[2024-03-24T18:55:53.719+0000] {processor.py:161} INFO - Started process (PID=152) to work on /home/airflow/.local/lib/python3.8/site-packages/airflow/example_dags/example_python_decorator.py
[2024-03-24T18:55:53.720+0000] {processor.py:830} INFO - Processing file /home/airflow/.local/lib/python3.8/site-packages/airflow/example_dags/example_python_decorator.py for tasks to queue
[2024-03-24T18:55:53.721+0000] {logging_mixin.py:188} INFO - [2024-03-24T18:55:53.721+0000] {dagbag.py:540} INFO - Filling up the DagBag from /home/airflow/.local/lib/python3.8/site-packages/airflow/example_dags/example_python_decorator.py
[2024-03-24T18:55:53.730+0000] {processor.py:840} INFO - DAG(s) 'example_python_decorator' retrieved from /home/airflow/.local/lib/python3.8/site-packages/airflow/example_dags/example_python_decorator.py
[2024-03-24T18:55:53.800+0000] {logging_mixin.py:188} INFO - [2024-03-24T18:55:53.800+0000] {dag.py:3047} INFO - Sync 1 DAGs
[2024-03-24T18:55:53.807+0000] {logging_mixin.py:188} INFO - [2024-03-24T18:55:53.807+0000] {dag.py:3834} INFO - Setting next_dagrun for example_python_decorator to None, run_after=None
[2024-03-24T18:55:53.818+0000] {processor.py:183} INFO - Processing /home/airflow/.local/lib/python3.8/site-packages/airflow/example_dags/example_python_decorator.py took 0.101 seconds
[2024-03-24T18:58:38.052+0000] {processor.py:161} INFO - Started process (PID=84) to work on /home/airflow/.local/lib/python3.8/site-packages/airflow/example_dags/example_python_decorator.py
[2024-03-24T18:58:38.053+0000] {processor.py:830} INFO - Processing file /home/airflow/.local/lib/python3.8/site-packages/airflow/example_dags/example_python_decorator.py for tasks to queue
[2024-03-24T18:58:38.054+0000] {logging_mixin.py:188} INFO - [2024-03-24T18:58:38.054+0000] {dagbag.py:540} INFO - Filling up the DagBag from /home/airflow/.local/lib/python3.8/site-packages/airflow/example_dags/example_python_decorator.py
[2024-03-24T18:58:38.066+0000] {processor.py:840} INFO - DAG(s) 'example_python_decorator' retrieved from /home/airflow/.local/lib/python3.8/site-packages/airflow/example_dags/example_python_decorator.py
[2024-03-24T18:58:38.075+0000] {logging_mixin.py:188} INFO - [2024-03-24T18:58:38.074+0000] {dag.py:3047} INFO - Sync 1 DAGs
[2024-03-24T18:58:38.084+0000] {logging_mixin.py:188} INFO - [2024-03-24T18:58:38.084+0000] {dag.py:3834} INFO - Setting next_dagrun for example_python_decorator to None, run_after=None
[2024-03-24T18:58:38.100+0000] {processor.py:183} INFO - Processing /home/airflow/.local/lib/python3.8/site-packages/airflow/example_dags/example_python_decorator.py took 0.050 seconds
[2024-03-24T18:59:09.244+0000] {processor.py:161} INFO - Started process (PID=152) to work on /home/airflow/.local/lib/python3.8/site-packages/airflow/example_dags/example_python_decorator.py
[2024-03-24T18:59:09.245+0000] {processor.py:830} INFO - Processing file /home/airflow/.local/lib/python3.8/site-packages/airflow/example_dags/example_python_decorator.py for tasks to queue
[2024-03-24T18:59:09.246+0000] {logging_mixin.py:188} INFO - [2024-03-24T18:59:09.246+0000] {dagbag.py:540} INFO - Filling up the DagBag from /home/airflow/.local/lib/python3.8/site-packages/airflow/example_dags/example_python_decorator.py
[2024-03-24T18:59:09.255+0000] {processor.py:840} INFO - DAG(s) 'example_python_decorator' retrieved from /home/airflow/.local/lib/python3.8/site-packages/airflow/example_dags/example_python_decorator.py
[2024-03-24T18:59:09.324+0000] {logging_mixin.py:188} INFO - [2024-03-24T18:59:09.324+0000] {dag.py:3047} INFO - Sync 1 DAGs
[2024-03-24T18:59:09.331+0000] {logging_mixin.py:188} INFO - [2024-03-24T18:59:09.331+0000] {dag.py:3834} INFO - Setting next_dagrun for example_python_decorator to None, run_after=None
[2024-03-24T18:59:09.344+0000] {processor.py:183} INFO - Processing /home/airflow/.local/lib/python3.8/site-packages/airflow/example_dags/example_python_decorator.py took 0.102 seconds
[2024-03-24T18:59:40.066+0000] {processor.py:161} INFO - Started process (PID=220) to work on /home/airflow/.local/lib/python3.8/site-packages/airflow/example_dags/example_python_decorator.py
[2024-03-24T18:59:40.067+0000] {processor.py:830} INFO - Processing file /home/airflow/.local/lib/python3.8/site-packages/airflow/example_dags/example_python_decorator.py for tasks to queue
[2024-03-24T18:59:40.068+0000] {logging_mixin.py:188} INFO - [2024-03-24T18:59:40.068+0000] {dagbag.py:540} INFO - Filling up the DagBag from /home/airflow/.local/lib/python3.8/site-packages/airflow/example_dags/example_python_decorator.py
[2024-03-24T18:59:40.077+0000] {processor.py:840} INFO - DAG(s) 'example_python_decorator' retrieved from /home/airflow/.local/lib/python3.8/site-packages/airflow/example_dags/example_python_decorator.py
[2024-03-24T18:59:40.093+0000] {logging_mixin.py:188} INFO - [2024-03-24T18:59:40.093+0000] {dag.py:3047} INFO - Sync 1 DAGs
[2024-03-24T18:59:40.101+0000] {logging_mixin.py:188} INFO - [2024-03-24T18:59:40.101+0000] {dag.py:3834} INFO - Setting next_dagrun for example_python_decorator to None, run_after=None
[2024-03-24T18:59:40.113+0000] {processor.py:183} INFO - Processing /home/airflow/.local/lib/python3.8/site-packages/airflow/example_dags/example_python_decorator.py took 0.049 seconds
[2024-03-24T19:00:11.293+0000] {processor.py:161} INFO - Started process (PID=288) to work on /home/airflow/.local/lib/python3.8/site-packages/airflow/example_dags/example_python_decorator.py
[2024-03-24T19:00:11.293+0000] {processor.py:830} INFO - Processing file /home/airflow/.local/lib/python3.8/site-packages/airflow/example_dags/example_python_decorator.py for tasks to queue
[2024-03-24T19:00:11.295+0000] {logging_mixin.py:188} INFO - [2024-03-24T19:00:11.294+0000] {dagbag.py:540} INFO - Filling up the DagBag from /home/airflow/.local/lib/python3.8/site-packages/airflow/example_dags/example_python_decorator.py
[2024-03-24T19:00:11.303+0000] {processor.py:840} INFO - DAG(s) 'example_python_decorator' retrieved from /home/airflow/.local/lib/python3.8/site-packages/airflow/example_dags/example_python_decorator.py
[2024-03-24T19:00:11.319+0000] {logging_mixin.py:188} INFO - [2024-03-24T19:00:11.319+0000] {dag.py:3047} INFO - Sync 1 DAGs
[2024-03-24T19:00:11.327+0000] {logging_mixin.py:188} INFO - [2024-03-24T19:00:11.327+0000] {dag.py:3834} INFO - Setting next_dagrun for example_python_decorator to None, run_after=None
[2024-03-24T19:00:11.338+0000] {processor.py:183} INFO - Processing /home/airflow/.local/lib/python3.8/site-packages/airflow/example_dags/example_python_decorator.py took 0.048 seconds
[2024-03-24T19:14:47.685+0000] {processor.py:161} INFO - Started process (PID=84) to work on /home/airflow/.local/lib/python3.8/site-packages/airflow/example_dags/example_python_decorator.py
[2024-03-24T19:14:47.686+0000] {processor.py:830} INFO - Processing file /home/airflow/.local/lib/python3.8/site-packages/airflow/example_dags/example_python_decorator.py for tasks to queue
[2024-03-24T19:14:47.687+0000] {logging_mixin.py:188} INFO - [2024-03-24T19:14:47.687+0000] {dagbag.py:540} INFO - Filling up the DagBag from /home/airflow/.local/lib/python3.8/site-packages/airflow/example_dags/example_python_decorator.py
[2024-03-24T19:14:47.702+0000] {processor.py:840} INFO - DAG(s) 'example_python_decorator' retrieved from /home/airflow/.local/lib/python3.8/site-packages/airflow/example_dags/example_python_decorator.py
[2024-03-24T19:14:47.712+0000] {logging_mixin.py:188} INFO - [2024-03-24T19:14:47.712+0000] {dag.py:3047} INFO - Sync 1 DAGs
[2024-03-24T19:14:47.724+0000] {logging_mixin.py:188} INFO - [2024-03-24T19:14:47.724+0000] {dag.py:3834} INFO - Setting next_dagrun for example_python_decorator to None, run_after=None
[2024-03-24T19:14:47.740+0000] {processor.py:183} INFO - Processing /home/airflow/.local/lib/python3.8/site-packages/airflow/example_dags/example_python_decorator.py took 0.059 seconds
[2024-03-24T19:15:19.119+0000] {processor.py:161} INFO - Started process (PID=152) to work on /home/airflow/.local/lib/python3.8/site-packages/airflow/example_dags/example_python_decorator.py
[2024-03-24T19:15:19.119+0000] {processor.py:830} INFO - Processing file /home/airflow/.local/lib/python3.8/site-packages/airflow/example_dags/example_python_decorator.py for tasks to queue
[2024-03-24T19:15:19.120+0000] {logging_mixin.py:188} INFO - [2024-03-24T19:15:19.120+0000] {dagbag.py:540} INFO - Filling up the DagBag from /home/airflow/.local/lib/python3.8/site-packages/airflow/example_dags/example_python_decorator.py
[2024-03-24T19:15:19.130+0000] {processor.py:840} INFO - DAG(s) 'example_python_decorator' retrieved from /home/airflow/.local/lib/python3.8/site-packages/airflow/example_dags/example_python_decorator.py
[2024-03-24T19:15:19.206+0000] {logging_mixin.py:188} INFO - [2024-03-24T19:15:19.206+0000] {dag.py:3047} INFO - Sync 1 DAGs
[2024-03-24T19:15:19.214+0000] {logging_mixin.py:188} INFO - [2024-03-24T19:15:19.214+0000] {dag.py:3834} INFO - Setting next_dagrun for example_python_decorator to None, run_after=None
[2024-03-24T19:15:19.227+0000] {processor.py:183} INFO - Processing /home/airflow/.local/lib/python3.8/site-packages/airflow/example_dags/example_python_decorator.py took 0.111 seconds
