[2024-03-24T18:50:55.615+0000] {processor.py:161} INFO - Started process (PID=77) to work on /home/airflow/.local/lib/python3.8/site-packages/airflow/example_dags/example_branch_day_of_week_operator.py
[2024-03-24T18:50:55.615+0000] {processor.py:830} INFO - Processing file /home/airflow/.local/lib/python3.8/site-packages/airflow/example_dags/example_branch_day_of_week_operator.py for tasks to queue
[2024-03-24T18:50:55.617+0000] {logging_mixin.py:188} INFO - [2024-03-24T18:50:55.616+0000] {dagbag.py:540} INFO - Filling up the DagBag from /home/airflow/.local/lib/python3.8/site-packages/airflow/example_dags/example_branch_day_of_week_operator.py
[2024-03-24T18:50:55.625+0000] {processor.py:840} INFO - DAG(s) 'example_weekday_branch_operator' retrieved from /home/airflow/.local/lib/python3.8/site-packages/airflow/example_dags/example_branch_day_of_week_operator.py
[2024-03-24T18:50:55.636+0000] {logging_mixin.py:188} INFO - [2024-03-24T18:50:55.636+0000] {dag.py:3047} INFO - Sync 1 DAGs
[2024-03-24T18:50:55.655+0000] {logging_mixin.py:188} INFO - [2024-03-24T18:50:55.655+0000] {dag.py:3834} INFO - Setting next_dagrun for example_weekday_branch_operator to 2024-03-23 00:00:00+00:00, run_after=2024-03-24 00:00:00+00:00
[2024-03-24T18:50:55.669+0000] {processor.py:183} INFO - Processing /home/airflow/.local/lib/python3.8/site-packages/airflow/example_dags/example_branch_day_of_week_operator.py took 0.057 seconds
[2024-03-24T18:51:26.796+0000] {processor.py:161} INFO - Started process (PID=134) to work on /home/airflow/.local/lib/python3.8/site-packages/airflow/example_dags/example_branch_day_of_week_operator.py
[2024-03-24T18:51:26.797+0000] {processor.py:830} INFO - Processing file /home/airflow/.local/lib/python3.8/site-packages/airflow/example_dags/example_branch_day_of_week_operator.py for tasks to queue
[2024-03-24T18:51:26.798+0000] {logging_mixin.py:188} INFO - [2024-03-24T18:51:26.798+0000] {dagbag.py:540} INFO - Filling up the DagBag from /home/airflow/.local/lib/python3.8/site-packages/airflow/example_dags/example_branch_day_of_week_operator.py
[2024-03-24T18:51:26.803+0000] {processor.py:840} INFO - DAG(s) 'example_weekday_branch_operator' retrieved from /home/airflow/.local/lib/python3.8/site-packages/airflow/example_dags/example_branch_day_of_week_operator.py
[2024-03-24T18:51:26.874+0000] {logging_mixin.py:188} INFO - [2024-03-24T18:51:26.874+0000] {dag.py:3047} INFO - Sync 1 DAGs
[2024-03-24T18:51:26.888+0000] {logging_mixin.py:188} INFO - [2024-03-24T18:51:26.888+0000] {dag.py:3834} INFO - Setting next_dagrun for example_weekday_branch_operator to 2024-03-23 00:00:00+00:00, run_after=2024-03-24 00:00:00+00:00
[2024-03-24T18:51:26.901+0000] {processor.py:183} INFO - Processing /home/airflow/.local/lib/python3.8/site-packages/airflow/example_dags/example_branch_day_of_week_operator.py took 0.107 seconds
[2024-03-24T18:55:22.468+0000] {processor.py:161} INFO - Started process (PID=88) to work on /home/airflow/.local/lib/python3.8/site-packages/airflow/example_dags/example_branch_day_of_week_operator.py
[2024-03-24T18:55:22.469+0000] {processor.py:830} INFO - Processing file /home/airflow/.local/lib/python3.8/site-packages/airflow/example_dags/example_branch_day_of_week_operator.py for tasks to queue
[2024-03-24T18:55:22.471+0000] {logging_mixin.py:188} INFO - [2024-03-24T18:55:22.470+0000] {dagbag.py:540} INFO - Filling up the DagBag from /home/airflow/.local/lib/python3.8/site-packages/airflow/example_dags/example_branch_day_of_week_operator.py
[2024-03-24T18:55:22.479+0000] {processor.py:840} INFO - DAG(s) 'example_weekday_branch_operator' retrieved from /home/airflow/.local/lib/python3.8/site-packages/airflow/example_dags/example_branch_day_of_week_operator.py
[2024-03-24T18:55:22.488+0000] {logging_mixin.py:188} INFO - [2024-03-24T18:55:22.488+0000] {dag.py:3047} INFO - Sync 1 DAGs
[2024-03-24T18:55:22.507+0000] {logging_mixin.py:188} INFO - [2024-03-24T18:55:22.507+0000] {dag.py:3834} INFO - Setting next_dagrun for example_weekday_branch_operator to 2024-03-23 00:00:00+00:00, run_after=2024-03-24 00:00:00+00:00
[2024-03-24T18:55:22.522+0000] {processor.py:183} INFO - Processing /home/airflow/.local/lib/python3.8/site-packages/airflow/example_dags/example_branch_day_of_week_operator.py took 0.056 seconds
[2024-03-24T18:55:53.952+0000] {processor.py:161} INFO - Started process (PID=156) to work on /home/airflow/.local/lib/python3.8/site-packages/airflow/example_dags/example_branch_day_of_week_operator.py
[2024-03-24T18:55:53.952+0000] {processor.py:830} INFO - Processing file /home/airflow/.local/lib/python3.8/site-packages/airflow/example_dags/example_branch_day_of_week_operator.py for tasks to queue
[2024-03-24T18:55:53.953+0000] {logging_mixin.py:188} INFO - [2024-03-24T18:55:53.953+0000] {dagbag.py:540} INFO - Filling up the DagBag from /home/airflow/.local/lib/python3.8/site-packages/airflow/example_dags/example_branch_day_of_week_operator.py
[2024-03-24T18:55:53.959+0000] {processor.py:840} INFO - DAG(s) 'example_weekday_branch_operator' retrieved from /home/airflow/.local/lib/python3.8/site-packages/airflow/example_dags/example_branch_day_of_week_operator.py
[2024-03-24T18:55:54.028+0000] {logging_mixin.py:188} INFO - [2024-03-24T18:55:54.028+0000] {dag.py:3047} INFO - Sync 1 DAGs
[2024-03-24T18:55:54.042+0000] {logging_mixin.py:188} INFO - [2024-03-24T18:55:54.042+0000] {dag.py:3834} INFO - Setting next_dagrun for example_weekday_branch_operator to 2024-03-23 00:00:00+00:00, run_after=2024-03-24 00:00:00+00:00
[2024-03-24T18:55:54.054+0000] {processor.py:183} INFO - Processing /home/airflow/.local/lib/python3.8/site-packages/airflow/example_dags/example_branch_day_of_week_operator.py took 0.105 seconds
[2024-03-24T18:58:38.212+0000] {processor.py:161} INFO - Started process (PID=88) to work on /home/airflow/.local/lib/python3.8/site-packages/airflow/example_dags/example_branch_day_of_week_operator.py
[2024-03-24T18:58:38.213+0000] {processor.py:830} INFO - Processing file /home/airflow/.local/lib/python3.8/site-packages/airflow/example_dags/example_branch_day_of_week_operator.py for tasks to queue
[2024-03-24T18:58:38.214+0000] {logging_mixin.py:188} INFO - [2024-03-24T18:58:38.214+0000] {dagbag.py:540} INFO - Filling up the DagBag from /home/airflow/.local/lib/python3.8/site-packages/airflow/example_dags/example_branch_day_of_week_operator.py
[2024-03-24T18:58:38.223+0000] {processor.py:840} INFO - DAG(s) 'example_weekday_branch_operator' retrieved from /home/airflow/.local/lib/python3.8/site-packages/airflow/example_dags/example_branch_day_of_week_operator.py
[2024-03-24T18:58:38.233+0000] {logging_mixin.py:188} INFO - [2024-03-24T18:58:38.233+0000] {dag.py:3047} INFO - Sync 1 DAGs
[2024-03-24T18:58:38.253+0000] {logging_mixin.py:188} INFO - [2024-03-24T18:58:38.253+0000] {dag.py:3834} INFO - Setting next_dagrun for example_weekday_branch_operator to 2024-03-23 00:00:00+00:00, run_after=2024-03-24 00:00:00+00:00
[2024-03-24T18:58:38.267+0000] {processor.py:183} INFO - Processing /home/airflow/.local/lib/python3.8/site-packages/airflow/example_dags/example_branch_day_of_week_operator.py took 0.058 seconds
[2024-03-24T18:59:09.483+0000] {processor.py:161} INFO - Started process (PID=156) to work on /home/airflow/.local/lib/python3.8/site-packages/airflow/example_dags/example_branch_day_of_week_operator.py
[2024-03-24T18:59:09.484+0000] {processor.py:830} INFO - Processing file /home/airflow/.local/lib/python3.8/site-packages/airflow/example_dags/example_branch_day_of_week_operator.py for tasks to queue
[2024-03-24T18:59:09.485+0000] {logging_mixin.py:188} INFO - [2024-03-24T18:59:09.485+0000] {dagbag.py:540} INFO - Filling up the DagBag from /home/airflow/.local/lib/python3.8/site-packages/airflow/example_dags/example_branch_day_of_week_operator.py
[2024-03-24T18:59:09.491+0000] {processor.py:840} INFO - DAG(s) 'example_weekday_branch_operator' retrieved from /home/airflow/.local/lib/python3.8/site-packages/airflow/example_dags/example_branch_day_of_week_operator.py
[2024-03-24T18:59:09.561+0000] {logging_mixin.py:188} INFO - [2024-03-24T18:59:09.561+0000] {dag.py:3047} INFO - Sync 1 DAGs
[2024-03-24T18:59:09.575+0000] {logging_mixin.py:188} INFO - [2024-03-24T18:59:09.575+0000] {dag.py:3834} INFO - Setting next_dagrun for example_weekday_branch_operator to 2024-03-23 00:00:00+00:00, run_after=2024-03-24 00:00:00+00:00
[2024-03-24T18:59:09.587+0000] {processor.py:183} INFO - Processing /home/airflow/.local/lib/python3.8/site-packages/airflow/example_dags/example_branch_day_of_week_operator.py took 0.106 seconds
[2024-03-24T18:59:40.218+0000] {processor.py:161} INFO - Started process (PID=224) to work on /home/airflow/.local/lib/python3.8/site-packages/airflow/example_dags/example_branch_day_of_week_operator.py
[2024-03-24T18:59:40.219+0000] {processor.py:830} INFO - Processing file /home/airflow/.local/lib/python3.8/site-packages/airflow/example_dags/example_branch_day_of_week_operator.py for tasks to queue
[2024-03-24T18:59:40.220+0000] {logging_mixin.py:188} INFO - [2024-03-24T18:59:40.220+0000] {dagbag.py:540} INFO - Filling up the DagBag from /home/airflow/.local/lib/python3.8/site-packages/airflow/example_dags/example_branch_day_of_week_operator.py
[2024-03-24T18:59:40.226+0000] {processor.py:840} INFO - DAG(s) 'example_weekday_branch_operator' retrieved from /home/airflow/.local/lib/python3.8/site-packages/airflow/example_dags/example_branch_day_of_week_operator.py
[2024-03-24T18:59:40.241+0000] {logging_mixin.py:188} INFO - [2024-03-24T18:59:40.241+0000] {dag.py:3047} INFO - Sync 1 DAGs
[2024-03-24T18:59:40.257+0000] {logging_mixin.py:188} INFO - [2024-03-24T18:59:40.257+0000] {dag.py:3834} INFO - Setting next_dagrun for example_weekday_branch_operator to 2024-03-23 00:00:00+00:00, run_after=2024-03-24 00:00:00+00:00
[2024-03-24T18:59:40.269+0000] {processor.py:183} INFO - Processing /home/airflow/.local/lib/python3.8/site-packages/airflow/example_dags/example_branch_day_of_week_operator.py took 0.053 seconds
[2024-03-24T19:00:11.488+0000] {processor.py:161} INFO - Started process (PID=292) to work on /home/airflow/.local/lib/python3.8/site-packages/airflow/example_dags/example_branch_day_of_week_operator.py
[2024-03-24T19:00:11.489+0000] {processor.py:830} INFO - Processing file /home/airflow/.local/lib/python3.8/site-packages/airflow/example_dags/example_branch_day_of_week_operator.py for tasks to queue
[2024-03-24T19:00:11.490+0000] {logging_mixin.py:188} INFO - [2024-03-24T19:00:11.490+0000] {dagbag.py:540} INFO - Filling up the DagBag from /home/airflow/.local/lib/python3.8/site-packages/airflow/example_dags/example_branch_day_of_week_operator.py
[2024-03-24T19:00:11.495+0000] {processor.py:840} INFO - DAG(s) 'example_weekday_branch_operator' retrieved from /home/airflow/.local/lib/python3.8/site-packages/airflow/example_dags/example_branch_day_of_week_operator.py
[2024-03-24T19:00:11.510+0000] {logging_mixin.py:188} INFO - [2024-03-24T19:00:11.509+0000] {dag.py:3047} INFO - Sync 1 DAGs
[2024-03-24T19:00:11.524+0000] {logging_mixin.py:188} INFO - [2024-03-24T19:00:11.524+0000] {dag.py:3834} INFO - Setting next_dagrun for example_weekday_branch_operator to 2024-03-23 00:00:00+00:00, run_after=2024-03-24 00:00:00+00:00
[2024-03-24T19:00:11.535+0000] {processor.py:183} INFO - Processing /home/airflow/.local/lib/python3.8/site-packages/airflow/example_dags/example_branch_day_of_week_operator.py took 0.049 seconds
[2024-03-24T19:14:47.857+0000] {processor.py:161} INFO - Started process (PID=88) to work on /home/airflow/.local/lib/python3.8/site-packages/airflow/example_dags/example_branch_day_of_week_operator.py
[2024-03-24T19:14:47.858+0000] {processor.py:830} INFO - Processing file /home/airflow/.local/lib/python3.8/site-packages/airflow/example_dags/example_branch_day_of_week_operator.py for tasks to queue
[2024-03-24T19:14:47.859+0000] {logging_mixin.py:188} INFO - [2024-03-24T19:14:47.859+0000] {dagbag.py:540} INFO - Filling up the DagBag from /home/airflow/.local/lib/python3.8/site-packages/airflow/example_dags/example_branch_day_of_week_operator.py
[2024-03-24T19:14:47.867+0000] {processor.py:840} INFO - DAG(s) 'example_weekday_branch_operator' retrieved from /home/airflow/.local/lib/python3.8/site-packages/airflow/example_dags/example_branch_day_of_week_operator.py
[2024-03-24T19:14:47.878+0000] {logging_mixin.py:188} INFO - [2024-03-24T19:14:47.878+0000] {dag.py:3047} INFO - Sync 1 DAGs
[2024-03-24T19:14:47.897+0000] {logging_mixin.py:188} INFO - [2024-03-24T19:14:47.897+0000] {dag.py:3834} INFO - Setting next_dagrun for example_weekday_branch_operator to 2024-03-23 00:00:00+00:00, run_after=2024-03-24 00:00:00+00:00
[2024-03-24T19:14:47.912+0000] {processor.py:183} INFO - Processing /home/airflow/.local/lib/python3.8/site-packages/airflow/example_dags/example_branch_day_of_week_operator.py took 0.058 seconds
[2024-03-24T19:15:19.372+0000] {processor.py:161} INFO - Started process (PID=156) to work on /home/airflow/.local/lib/python3.8/site-packages/airflow/example_dags/example_branch_day_of_week_operator.py
[2024-03-24T19:15:19.373+0000] {processor.py:830} INFO - Processing file /home/airflow/.local/lib/python3.8/site-packages/airflow/example_dags/example_branch_day_of_week_operator.py for tasks to queue
[2024-03-24T19:15:19.374+0000] {logging_mixin.py:188} INFO - [2024-03-24T19:15:19.374+0000] {dagbag.py:540} INFO - Filling up the DagBag from /home/airflow/.local/lib/python3.8/site-packages/airflow/example_dags/example_branch_day_of_week_operator.py
[2024-03-24T19:15:19.380+0000] {processor.py:840} INFO - DAG(s) 'example_weekday_branch_operator' retrieved from /home/airflow/.local/lib/python3.8/site-packages/airflow/example_dags/example_branch_day_of_week_operator.py
[2024-03-24T19:15:19.456+0000] {logging_mixin.py:188} INFO - [2024-03-24T19:15:19.456+0000] {dag.py:3047} INFO - Sync 1 DAGs
[2024-03-24T19:15:19.470+0000] {logging_mixin.py:188} INFO - [2024-03-24T19:15:19.470+0000] {dag.py:3834} INFO - Setting next_dagrun for example_weekday_branch_operator to 2024-03-23 00:00:00+00:00, run_after=2024-03-24 00:00:00+00:00
[2024-03-24T19:15:19.481+0000] {processor.py:183} INFO - Processing /home/airflow/.local/lib/python3.8/site-packages/airflow/example_dags/example_branch_day_of_week_operator.py took 0.111 seconds
