[2024-03-24T18:50:55.620+0000] {processor.py:161} INFO - Started process (PID=78) to work on /home/airflow/.local/lib/python3.8/site-packages/airflow/example_dags/example_latest_only_with_trigger.py
[2024-03-24T18:50:55.621+0000] {processor.py:830} INFO - Processing file /home/airflow/.local/lib/python3.8/site-packages/airflow/example_dags/example_latest_only_with_trigger.py for tasks to queue
[2024-03-24T18:50:55.622+0000] {logging_mixin.py:188} INFO - [2024-03-24T18:50:55.622+0000] {dagbag.py:540} INFO - Filling up the DagBag from /home/airflow/.local/lib/python3.8/site-packages/airflow/example_dags/example_latest_only_with_trigger.py
[2024-03-24T18:50:55.629+0000] {processor.py:840} INFO - DAG(s) 'latest_only_with_trigger' retrieved from /home/airflow/.local/lib/python3.8/site-packages/airflow/example_dags/example_latest_only_with_trigger.py
[2024-03-24T18:50:55.640+0000] {logging_mixin.py:188} INFO - [2024-03-24T18:50:55.640+0000] {dag.py:3047} INFO - Sync 1 DAGs
[2024-03-24T18:50:55.658+0000] {logging_mixin.py:188} INFO - [2024-03-24T18:50:55.658+0000] {dag.py:3834} INFO - Setting next_dagrun for latest_only_with_trigger to 2024-03-24 12:00:00+00:00, run_after=2024-03-24 16:00:00+00:00
[2024-03-24T18:50:55.672+0000] {processor.py:183} INFO - Processing /home/airflow/.local/lib/python3.8/site-packages/airflow/example_dags/example_latest_only_with_trigger.py took 0.054 seconds
[2024-03-24T18:51:26.802+0000] {processor.py:161} INFO - Started process (PID=135) to work on /home/airflow/.local/lib/python3.8/site-packages/airflow/example_dags/example_latest_only_with_trigger.py
[2024-03-24T18:51:26.802+0000] {processor.py:830} INFO - Processing file /home/airflow/.local/lib/python3.8/site-packages/airflow/example_dags/example_latest_only_with_trigger.py for tasks to queue
[2024-03-24T18:51:26.804+0000] {logging_mixin.py:188} INFO - [2024-03-24T18:51:26.804+0000] {dagbag.py:540} INFO - Filling up the DagBag from /home/airflow/.local/lib/python3.8/site-packages/airflow/example_dags/example_latest_only_with_trigger.py
[2024-03-24T18:51:26.808+0000] {processor.py:840} INFO - DAG(s) 'latest_only_with_trigger' retrieved from /home/airflow/.local/lib/python3.8/site-packages/airflow/example_dags/example_latest_only_with_trigger.py
[2024-03-24T18:51:26.884+0000] {logging_mixin.py:188} INFO - [2024-03-24T18:51:26.884+0000] {dag.py:3047} INFO - Sync 1 DAGs
[2024-03-24T18:51:26.898+0000] {logging_mixin.py:188} INFO - [2024-03-24T18:51:26.898+0000] {dag.py:3834} INFO - Setting next_dagrun for latest_only_with_trigger to 2024-03-24 12:00:00+00:00, run_after=2024-03-24 16:00:00+00:00
[2024-03-24T18:51:26.911+0000] {processor.py:183} INFO - Processing /home/airflow/.local/lib/python3.8/site-packages/airflow/example_dags/example_latest_only_with_trigger.py took 0.112 seconds
[2024-03-24T18:55:22.524+0000] {processor.py:161} INFO - Started process (PID=89) to work on /home/airflow/.local/lib/python3.8/site-packages/airflow/example_dags/example_latest_only_with_trigger.py
[2024-03-24T18:55:22.525+0000] {processor.py:830} INFO - Processing file /home/airflow/.local/lib/python3.8/site-packages/airflow/example_dags/example_latest_only_with_trigger.py for tasks to queue
[2024-03-24T18:55:22.526+0000] {logging_mixin.py:188} INFO - [2024-03-24T18:55:22.526+0000] {dagbag.py:540} INFO - Filling up the DagBag from /home/airflow/.local/lib/python3.8/site-packages/airflow/example_dags/example_latest_only_with_trigger.py
[2024-03-24T18:55:22.533+0000] {processor.py:840} INFO - DAG(s) 'latest_only_with_trigger' retrieved from /home/airflow/.local/lib/python3.8/site-packages/airflow/example_dags/example_latest_only_with_trigger.py
[2024-03-24T18:55:22.543+0000] {logging_mixin.py:188} INFO - [2024-03-24T18:55:22.543+0000] {dag.py:3047} INFO - Sync 1 DAGs
[2024-03-24T18:55:22.561+0000] {logging_mixin.py:188} INFO - [2024-03-24T18:55:22.561+0000] {dag.py:3834} INFO - Setting next_dagrun for latest_only_with_trigger to 2024-03-24 12:00:00+00:00, run_after=2024-03-24 16:00:00+00:00
[2024-03-24T18:55:22.574+0000] {processor.py:183} INFO - Processing /home/airflow/.local/lib/python3.8/site-packages/airflow/example_dags/example_latest_only_with_trigger.py took 0.053 seconds
[2024-03-24T18:55:53.977+0000] {processor.py:161} INFO - Started process (PID=157) to work on /home/airflow/.local/lib/python3.8/site-packages/airflow/example_dags/example_latest_only_with_trigger.py
[2024-03-24T18:55:53.977+0000] {processor.py:830} INFO - Processing file /home/airflow/.local/lib/python3.8/site-packages/airflow/example_dags/example_latest_only_with_trigger.py for tasks to queue
[2024-03-24T18:55:53.978+0000] {logging_mixin.py:188} INFO - [2024-03-24T18:55:53.978+0000] {dagbag.py:540} INFO - Filling up the DagBag from /home/airflow/.local/lib/python3.8/site-packages/airflow/example_dags/example_latest_only_with_trigger.py
[2024-03-24T18:55:53.982+0000] {processor.py:840} INFO - DAG(s) 'latest_only_with_trigger' retrieved from /home/airflow/.local/lib/python3.8/site-packages/airflow/example_dags/example_latest_only_with_trigger.py
[2024-03-24T18:55:54.051+0000] {logging_mixin.py:188} INFO - [2024-03-24T18:55:54.051+0000] {dag.py:3047} INFO - Sync 1 DAGs
[2024-03-24T18:55:54.064+0000] {logging_mixin.py:188} INFO - [2024-03-24T18:55:54.064+0000] {dag.py:3834} INFO - Setting next_dagrun for latest_only_with_trigger to 2024-03-24 12:00:00+00:00, run_after=2024-03-24 16:00:00+00:00
[2024-03-24T18:55:54.077+0000] {processor.py:183} INFO - Processing /home/airflow/.local/lib/python3.8/site-packages/airflow/example_dags/example_latest_only_with_trigger.py took 0.102 seconds
[2024-03-24T18:58:38.272+0000] {processor.py:161} INFO - Started process (PID=89) to work on /home/airflow/.local/lib/python3.8/site-packages/airflow/example_dags/example_latest_only_with_trigger.py
[2024-03-24T18:58:38.273+0000] {processor.py:830} INFO - Processing file /home/airflow/.local/lib/python3.8/site-packages/airflow/example_dags/example_latest_only_with_trigger.py for tasks to queue
[2024-03-24T18:58:38.274+0000] {logging_mixin.py:188} INFO - [2024-03-24T18:58:38.274+0000] {dagbag.py:540} INFO - Filling up the DagBag from /home/airflow/.local/lib/python3.8/site-packages/airflow/example_dags/example_latest_only_with_trigger.py
[2024-03-24T18:58:38.281+0000] {processor.py:840} INFO - DAG(s) 'latest_only_with_trigger' retrieved from /home/airflow/.local/lib/python3.8/site-packages/airflow/example_dags/example_latest_only_with_trigger.py
[2024-03-24T18:58:38.291+0000] {logging_mixin.py:188} INFO - [2024-03-24T18:58:38.290+0000] {dag.py:3047} INFO - Sync 1 DAGs
[2024-03-24T18:58:38.307+0000] {logging_mixin.py:188} INFO - [2024-03-24T18:58:38.307+0000] {dag.py:3834} INFO - Setting next_dagrun for latest_only_with_trigger to 2024-03-24 12:00:00+00:00, run_after=2024-03-24 16:00:00+00:00
[2024-03-24T18:58:38.320+0000] {processor.py:183} INFO - Processing /home/airflow/.local/lib/python3.8/site-packages/airflow/example_dags/example_latest_only_with_trigger.py took 0.051 seconds
[2024-03-24T18:59:09.508+0000] {processor.py:161} INFO - Started process (PID=157) to work on /home/airflow/.local/lib/python3.8/site-packages/airflow/example_dags/example_latest_only_with_trigger.py
[2024-03-24T18:59:09.509+0000] {processor.py:830} INFO - Processing file /home/airflow/.local/lib/python3.8/site-packages/airflow/example_dags/example_latest_only_with_trigger.py for tasks to queue
[2024-03-24T18:59:09.510+0000] {logging_mixin.py:188} INFO - [2024-03-24T18:59:09.510+0000] {dagbag.py:540} INFO - Filling up the DagBag from /home/airflow/.local/lib/python3.8/site-packages/airflow/example_dags/example_latest_only_with_trigger.py
[2024-03-24T18:59:09.514+0000] {processor.py:840} INFO - DAG(s) 'latest_only_with_trigger' retrieved from /home/airflow/.local/lib/python3.8/site-packages/airflow/example_dags/example_latest_only_with_trigger.py
[2024-03-24T18:59:09.583+0000] {logging_mixin.py:188} INFO - [2024-03-24T18:59:09.583+0000] {dag.py:3047} INFO - Sync 1 DAGs
[2024-03-24T18:59:09.596+0000] {logging_mixin.py:188} INFO - [2024-03-24T18:59:09.596+0000] {dag.py:3834} INFO - Setting next_dagrun for latest_only_with_trigger to 2024-03-24 12:00:00+00:00, run_after=2024-03-24 16:00:00+00:00
[2024-03-24T18:59:09.608+0000] {processor.py:183} INFO - Processing /home/airflow/.local/lib/python3.8/site-packages/airflow/example_dags/example_latest_only_with_trigger.py took 0.103 seconds
[2024-03-24T18:59:40.267+0000] {processor.py:161} INFO - Started process (PID=225) to work on /home/airflow/.local/lib/python3.8/site-packages/airflow/example_dags/example_latest_only_with_trigger.py
[2024-03-24T18:59:40.267+0000] {processor.py:830} INFO - Processing file /home/airflow/.local/lib/python3.8/site-packages/airflow/example_dags/example_latest_only_with_trigger.py for tasks to queue
[2024-03-24T18:59:40.269+0000] {logging_mixin.py:188} INFO - [2024-03-24T18:59:40.268+0000] {dagbag.py:540} INFO - Filling up the DagBag from /home/airflow/.local/lib/python3.8/site-packages/airflow/example_dags/example_latest_only_with_trigger.py
[2024-03-24T18:59:40.273+0000] {processor.py:840} INFO - DAG(s) 'latest_only_with_trigger' retrieved from /home/airflow/.local/lib/python3.8/site-packages/airflow/example_dags/example_latest_only_with_trigger.py
[2024-03-24T18:59:40.287+0000] {logging_mixin.py:188} INFO - [2024-03-24T18:59:40.287+0000] {dag.py:3047} INFO - Sync 1 DAGs
[2024-03-24T18:59:40.302+0000] {logging_mixin.py:188} INFO - [2024-03-24T18:59:40.302+0000] {dag.py:3834} INFO - Setting next_dagrun for latest_only_with_trigger to 2024-03-24 12:00:00+00:00, run_after=2024-03-24 16:00:00+00:00
[2024-03-24T18:59:40.314+0000] {processor.py:183} INFO - Processing /home/airflow/.local/lib/python3.8/site-packages/airflow/example_dags/example_latest_only_with_trigger.py took 0.049 seconds
[2024-03-24T19:00:11.551+0000] {processor.py:161} INFO - Started process (PID=293) to work on /home/airflow/.local/lib/python3.8/site-packages/airflow/example_dags/example_latest_only_with_trigger.py
[2024-03-24T19:00:11.551+0000] {processor.py:830} INFO - Processing file /home/airflow/.local/lib/python3.8/site-packages/airflow/example_dags/example_latest_only_with_trigger.py for tasks to queue
[2024-03-24T19:00:11.553+0000] {logging_mixin.py:188} INFO - [2024-03-24T19:00:11.552+0000] {dagbag.py:540} INFO - Filling up the DagBag from /home/airflow/.local/lib/python3.8/site-packages/airflow/example_dags/example_latest_only_with_trigger.py
[2024-03-24T19:00:11.557+0000] {processor.py:840} INFO - DAG(s) 'latest_only_with_trigger' retrieved from /home/airflow/.local/lib/python3.8/site-packages/airflow/example_dags/example_latest_only_with_trigger.py
[2024-03-24T19:00:11.578+0000] {logging_mixin.py:188} INFO - [2024-03-24T19:00:11.578+0000] {dag.py:3047} INFO - Sync 1 DAGs
[2024-03-24T19:00:11.596+0000] {logging_mixin.py:188} INFO - [2024-03-24T19:00:11.596+0000] {dag.py:3834} INFO - Setting next_dagrun for latest_only_with_trigger to 2024-03-24 12:00:00+00:00, run_after=2024-03-24 16:00:00+00:00
[2024-03-24T19:00:11.608+0000] {processor.py:183} INFO - Processing /home/airflow/.local/lib/python3.8/site-packages/airflow/example_dags/example_latest_only_with_trigger.py took 0.059 seconds
[2024-03-24T19:14:47.910+0000] {processor.py:161} INFO - Started process (PID=89) to work on /home/airflow/.local/lib/python3.8/site-packages/airflow/example_dags/example_latest_only_with_trigger.py
[2024-03-24T19:14:47.910+0000] {processor.py:830} INFO - Processing file /home/airflow/.local/lib/python3.8/site-packages/airflow/example_dags/example_latest_only_with_trigger.py for tasks to queue
[2024-03-24T19:14:47.912+0000] {logging_mixin.py:188} INFO - [2024-03-24T19:14:47.912+0000] {dagbag.py:540} INFO - Filling up the DagBag from /home/airflow/.local/lib/python3.8/site-packages/airflow/example_dags/example_latest_only_with_trigger.py
[2024-03-24T19:14:47.919+0000] {processor.py:840} INFO - DAG(s) 'latest_only_with_trigger' retrieved from /home/airflow/.local/lib/python3.8/site-packages/airflow/example_dags/example_latest_only_with_trigger.py
[2024-03-24T19:14:47.928+0000] {logging_mixin.py:188} INFO - [2024-03-24T19:14:47.928+0000] {dag.py:3047} INFO - Sync 1 DAGs
[2024-03-24T19:14:47.945+0000] {logging_mixin.py:188} INFO - [2024-03-24T19:14:47.945+0000] {dag.py:3834} INFO - Setting next_dagrun for latest_only_with_trigger to 2024-03-24 12:00:00+00:00, run_after=2024-03-24 16:00:00+00:00
[2024-03-24T19:14:47.957+0000] {processor.py:183} INFO - Processing /home/airflow/.local/lib/python3.8/site-packages/airflow/example_dags/example_latest_only_with_trigger.py took 0.051 seconds
[2024-03-24T19:15:19.436+0000] {processor.py:161} INFO - Started process (PID=157) to work on /home/airflow/.local/lib/python3.8/site-packages/airflow/example_dags/example_latest_only_with_trigger.py
[2024-03-24T19:15:19.436+0000] {processor.py:830} INFO - Processing file /home/airflow/.local/lib/python3.8/site-packages/airflow/example_dags/example_latest_only_with_trigger.py for tasks to queue
[2024-03-24T19:15:19.438+0000] {logging_mixin.py:188} INFO - [2024-03-24T19:15:19.437+0000] {dagbag.py:540} INFO - Filling up the DagBag from /home/airflow/.local/lib/python3.8/site-packages/airflow/example_dags/example_latest_only_with_trigger.py
[2024-03-24T19:15:19.442+0000] {processor.py:840} INFO - DAG(s) 'latest_only_with_trigger' retrieved from /home/airflow/.local/lib/python3.8/site-packages/airflow/example_dags/example_latest_only_with_trigger.py
[2024-03-24T19:15:19.513+0000] {logging_mixin.py:188} INFO - [2024-03-24T19:15:19.512+0000] {dag.py:3047} INFO - Sync 1 DAGs
[2024-03-24T19:15:19.526+0000] {logging_mixin.py:188} INFO - [2024-03-24T19:15:19.526+0000] {dag.py:3834} INFO - Setting next_dagrun for latest_only_with_trigger to 2024-03-24 12:00:00+00:00, run_after=2024-03-24 16:00:00+00:00
[2024-03-24T19:15:19.538+0000] {processor.py:183} INFO - Processing /home/airflow/.local/lib/python3.8/site-packages/airflow/example_dags/example_latest_only_with_trigger.py took 0.104 seconds
