[2024-03-24T18:50:55.204+0000] {processor.py:161} INFO - Started process (PID=69) to work on /home/airflow/.local/lib/python3.8/site-packages/airflow/example_dags/example_nested_branch_dag.py
[2024-03-24T18:50:55.204+0000] {processor.py:830} INFO - Processing file /home/airflow/.local/lib/python3.8/site-packages/airflow/example_dags/example_nested_branch_dag.py for tasks to queue
[2024-03-24T18:50:55.206+0000] {logging_mixin.py:188} INFO - [2024-03-24T18:50:55.206+0000] {dagbag.py:540} INFO - Filling up the DagBag from /home/airflow/.local/lib/python3.8/site-packages/airflow/example_dags/example_nested_branch_dag.py
[2024-03-24T18:50:55.216+0000] {processor.py:840} INFO - DAG(s) 'example_nested_branch_dag' retrieved from /home/airflow/.local/lib/python3.8/site-packages/airflow/example_dags/example_nested_branch_dag.py
[2024-03-24T18:50:55.225+0000] {logging_mixin.py:188} INFO - [2024-03-24T18:50:55.225+0000] {dag.py:3047} INFO - Sync 1 DAGs
[2024-03-24T18:50:55.243+0000] {logging_mixin.py:188} INFO - [2024-03-24T18:50:55.243+0000] {dag.py:3834} INFO - Setting next_dagrun for example_nested_branch_dag to 2024-03-23 00:00:00+00:00, run_after=2024-03-24 00:00:00+00:00
[2024-03-24T18:50:55.256+0000] {processor.py:183} INFO - Processing /home/airflow/.local/lib/python3.8/site-packages/airflow/example_dags/example_nested_branch_dag.py took 0.055 seconds
[2024-03-24T18:51:26.141+0000] {processor.py:161} INFO - Started process (PID=126) to work on /home/airflow/.local/lib/python3.8/site-packages/airflow/example_dags/example_nested_branch_dag.py
[2024-03-24T18:51:26.141+0000] {processor.py:830} INFO - Processing file /home/airflow/.local/lib/python3.8/site-packages/airflow/example_dags/example_nested_branch_dag.py for tasks to queue
[2024-03-24T18:51:26.143+0000] {logging_mixin.py:188} INFO - [2024-03-24T18:51:26.142+0000] {dagbag.py:540} INFO - Filling up the DagBag from /home/airflow/.local/lib/python3.8/site-packages/airflow/example_dags/example_nested_branch_dag.py
[2024-03-24T18:51:26.150+0000] {processor.py:840} INFO - DAG(s) 'example_nested_branch_dag' retrieved from /home/airflow/.local/lib/python3.8/site-packages/airflow/example_dags/example_nested_branch_dag.py
[2024-03-24T18:51:26.222+0000] {logging_mixin.py:188} INFO - [2024-03-24T18:51:26.221+0000] {dag.py:3047} INFO - Sync 1 DAGs
[2024-03-24T18:51:26.236+0000] {logging_mixin.py:188} INFO - [2024-03-24T18:51:26.236+0000] {dag.py:3834} INFO - Setting next_dagrun for example_nested_branch_dag to 2024-03-23 00:00:00+00:00, run_after=2024-03-24 00:00:00+00:00
[2024-03-24T18:51:26.248+0000] {processor.py:183} INFO - Processing /home/airflow/.local/lib/python3.8/site-packages/airflow/example_dags/example_nested_branch_dag.py took 0.110 seconds
[2024-03-24T18:55:22.115+0000] {processor.py:161} INFO - Started process (PID=80) to work on /home/airflow/.local/lib/python3.8/site-packages/airflow/example_dags/example_nested_branch_dag.py
[2024-03-24T18:55:22.116+0000] {processor.py:830} INFO - Processing file /home/airflow/.local/lib/python3.8/site-packages/airflow/example_dags/example_nested_branch_dag.py for tasks to queue
[2024-03-24T18:55:22.117+0000] {logging_mixin.py:188} INFO - [2024-03-24T18:55:22.117+0000] {dagbag.py:540} INFO - Filling up the DagBag from /home/airflow/.local/lib/python3.8/site-packages/airflow/example_dags/example_nested_branch_dag.py
[2024-03-24T18:55:22.128+0000] {processor.py:840} INFO - DAG(s) 'example_nested_branch_dag' retrieved from /home/airflow/.local/lib/python3.8/site-packages/airflow/example_dags/example_nested_branch_dag.py
[2024-03-24T18:55:22.138+0000] {logging_mixin.py:188} INFO - [2024-03-24T18:55:22.138+0000] {dag.py:3047} INFO - Sync 1 DAGs
[2024-03-24T18:55:22.156+0000] {logging_mixin.py:188} INFO - [2024-03-24T18:55:22.156+0000] {dag.py:3834} INFO - Setting next_dagrun for example_nested_branch_dag to 2024-03-23 00:00:00+00:00, run_after=2024-03-24 00:00:00+00:00
[2024-03-24T18:55:22.171+0000] {processor.py:183} INFO - Processing /home/airflow/.local/lib/python3.8/site-packages/airflow/example_dags/example_nested_branch_dag.py took 0.058 seconds
[2024-03-24T18:55:53.421+0000] {processor.py:161} INFO - Started process (PID=148) to work on /home/airflow/.local/lib/python3.8/site-packages/airflow/example_dags/example_nested_branch_dag.py
[2024-03-24T18:55:53.421+0000] {processor.py:830} INFO - Processing file /home/airflow/.local/lib/python3.8/site-packages/airflow/example_dags/example_nested_branch_dag.py for tasks to queue
[2024-03-24T18:55:53.422+0000] {logging_mixin.py:188} INFO - [2024-03-24T18:55:53.422+0000] {dagbag.py:540} INFO - Filling up the DagBag from /home/airflow/.local/lib/python3.8/site-packages/airflow/example_dags/example_nested_branch_dag.py
[2024-03-24T18:55:53.429+0000] {processor.py:840} INFO - DAG(s) 'example_nested_branch_dag' retrieved from /home/airflow/.local/lib/python3.8/site-packages/airflow/example_dags/example_nested_branch_dag.py
[2024-03-24T18:55:53.499+0000] {logging_mixin.py:188} INFO - [2024-03-24T18:55:53.499+0000] {dag.py:3047} INFO - Sync 1 DAGs
[2024-03-24T18:55:53.513+0000] {logging_mixin.py:188} INFO - [2024-03-24T18:55:53.513+0000] {dag.py:3834} INFO - Setting next_dagrun for example_nested_branch_dag to 2024-03-23 00:00:00+00:00, run_after=2024-03-24 00:00:00+00:00
[2024-03-24T18:55:53.525+0000] {processor.py:183} INFO - Processing /home/airflow/.local/lib/python3.8/site-packages/airflow/example_dags/example_nested_branch_dag.py took 0.107 seconds
[2024-03-24T18:58:37.856+0000] {processor.py:161} INFO - Started process (PID=80) to work on /home/airflow/.local/lib/python3.8/site-packages/airflow/example_dags/example_nested_branch_dag.py
[2024-03-24T18:58:37.857+0000] {processor.py:830} INFO - Processing file /home/airflow/.local/lib/python3.8/site-packages/airflow/example_dags/example_nested_branch_dag.py for tasks to queue
[2024-03-24T18:58:37.858+0000] {logging_mixin.py:188} INFO - [2024-03-24T18:58:37.858+0000] {dagbag.py:540} INFO - Filling up the DagBag from /home/airflow/.local/lib/python3.8/site-packages/airflow/example_dags/example_nested_branch_dag.py
[2024-03-24T18:58:37.869+0000] {processor.py:840} INFO - DAG(s) 'example_nested_branch_dag' retrieved from /home/airflow/.local/lib/python3.8/site-packages/airflow/example_dags/example_nested_branch_dag.py
[2024-03-24T18:58:37.880+0000] {logging_mixin.py:188} INFO - [2024-03-24T18:58:37.879+0000] {dag.py:3047} INFO - Sync 1 DAGs
[2024-03-24T18:58:37.898+0000] {logging_mixin.py:188} INFO - [2024-03-24T18:58:37.898+0000] {dag.py:3834} INFO - Setting next_dagrun for example_nested_branch_dag to 2024-03-23 00:00:00+00:00, run_after=2024-03-24 00:00:00+00:00
[2024-03-24T18:58:37.913+0000] {processor.py:183} INFO - Processing /home/airflow/.local/lib/python3.8/site-packages/airflow/example_dags/example_nested_branch_dag.py took 0.060 seconds
[2024-03-24T18:59:08.963+0000] {processor.py:161} INFO - Started process (PID=148) to work on /home/airflow/.local/lib/python3.8/site-packages/airflow/example_dags/example_nested_branch_dag.py
[2024-03-24T18:59:08.963+0000] {processor.py:830} INFO - Processing file /home/airflow/.local/lib/python3.8/site-packages/airflow/example_dags/example_nested_branch_dag.py for tasks to queue
[2024-03-24T18:59:08.964+0000] {logging_mixin.py:188} INFO - [2024-03-24T18:59:08.964+0000] {dagbag.py:540} INFO - Filling up the DagBag from /home/airflow/.local/lib/python3.8/site-packages/airflow/example_dags/example_nested_branch_dag.py
[2024-03-24T18:59:08.972+0000] {processor.py:840} INFO - DAG(s) 'example_nested_branch_dag' retrieved from /home/airflow/.local/lib/python3.8/site-packages/airflow/example_dags/example_nested_branch_dag.py
[2024-03-24T18:59:09.044+0000] {logging_mixin.py:188} INFO - [2024-03-24T18:59:09.043+0000] {dag.py:3047} INFO - Sync 1 DAGs
[2024-03-24T18:59:09.057+0000] {logging_mixin.py:188} INFO - [2024-03-24T18:59:09.057+0000] {dag.py:3834} INFO - Setting next_dagrun for example_nested_branch_dag to 2024-03-23 00:00:00+00:00, run_after=2024-03-24 00:00:00+00:00
[2024-03-24T18:59:09.069+0000] {processor.py:183} INFO - Processing /home/airflow/.local/lib/python3.8/site-packages/airflow/example_dags/example_nested_branch_dag.py took 0.109 seconds
[2024-03-24T18:59:39.909+0000] {processor.py:161} INFO - Started process (PID=216) to work on /home/airflow/.local/lib/python3.8/site-packages/airflow/example_dags/example_nested_branch_dag.py
[2024-03-24T18:59:39.910+0000] {processor.py:830} INFO - Processing file /home/airflow/.local/lib/python3.8/site-packages/airflow/example_dags/example_nested_branch_dag.py for tasks to queue
[2024-03-24T18:59:39.911+0000] {logging_mixin.py:188} INFO - [2024-03-24T18:59:39.911+0000] {dagbag.py:540} INFO - Filling up the DagBag from /home/airflow/.local/lib/python3.8/site-packages/airflow/example_dags/example_nested_branch_dag.py
[2024-03-24T18:59:39.918+0000] {processor.py:840} INFO - DAG(s) 'example_nested_branch_dag' retrieved from /home/airflow/.local/lib/python3.8/site-packages/airflow/example_dags/example_nested_branch_dag.py
[2024-03-24T18:59:39.933+0000] {logging_mixin.py:188} INFO - [2024-03-24T18:59:39.933+0000] {dag.py:3047} INFO - Sync 1 DAGs
[2024-03-24T18:59:39.949+0000] {logging_mixin.py:188} INFO - [2024-03-24T18:59:39.949+0000] {dag.py:3834} INFO - Setting next_dagrun for example_nested_branch_dag to 2024-03-23 00:00:00+00:00, run_after=2024-03-24 00:00:00+00:00
[2024-03-24T18:59:39.960+0000] {processor.py:183} INFO - Processing /home/airflow/.local/lib/python3.8/site-packages/airflow/example_dags/example_nested_branch_dag.py took 0.053 seconds
[2024-03-24T19:00:11.114+0000] {processor.py:161} INFO - Started process (PID=284) to work on /home/airflow/.local/lib/python3.8/site-packages/airflow/example_dags/example_nested_branch_dag.py
[2024-03-24T19:00:11.115+0000] {processor.py:830} INFO - Processing file /home/airflow/.local/lib/python3.8/site-packages/airflow/example_dags/example_nested_branch_dag.py for tasks to queue
[2024-03-24T19:00:11.116+0000] {logging_mixin.py:188} INFO - [2024-03-24T19:00:11.116+0000] {dagbag.py:540} INFO - Filling up the DagBag from /home/airflow/.local/lib/python3.8/site-packages/airflow/example_dags/example_nested_branch_dag.py
[2024-03-24T19:00:11.122+0000] {processor.py:840} INFO - DAG(s) 'example_nested_branch_dag' retrieved from /home/airflow/.local/lib/python3.8/site-packages/airflow/example_dags/example_nested_branch_dag.py
[2024-03-24T19:00:11.138+0000] {logging_mixin.py:188} INFO - [2024-03-24T19:00:11.138+0000] {dag.py:3047} INFO - Sync 1 DAGs
[2024-03-24T19:00:11.153+0000] {logging_mixin.py:188} INFO - [2024-03-24T19:00:11.153+0000] {dag.py:3834} INFO - Setting next_dagrun for example_nested_branch_dag to 2024-03-23 00:00:00+00:00, run_after=2024-03-24 00:00:00+00:00
[2024-03-24T19:00:11.165+0000] {processor.py:183} INFO - Processing /home/airflow/.local/lib/python3.8/site-packages/airflow/example_dags/example_nested_branch_dag.py took 0.053 seconds
[2024-03-24T19:14:47.495+0000] {processor.py:161} INFO - Started process (PID=80) to work on /home/airflow/.local/lib/python3.8/site-packages/airflow/example_dags/example_nested_branch_dag.py
[2024-03-24T19:14:47.496+0000] {processor.py:830} INFO - Processing file /home/airflow/.local/lib/python3.8/site-packages/airflow/example_dags/example_nested_branch_dag.py for tasks to queue
[2024-03-24T19:14:47.497+0000] {logging_mixin.py:188} INFO - [2024-03-24T19:14:47.497+0000] {dagbag.py:540} INFO - Filling up the DagBag from /home/airflow/.local/lib/python3.8/site-packages/airflow/example_dags/example_nested_branch_dag.py
[2024-03-24T19:14:47.507+0000] {processor.py:840} INFO - DAG(s) 'example_nested_branch_dag' retrieved from /home/airflow/.local/lib/python3.8/site-packages/airflow/example_dags/example_nested_branch_dag.py
[2024-03-24T19:14:47.516+0000] {logging_mixin.py:188} INFO - [2024-03-24T19:14:47.516+0000] {dag.py:3047} INFO - Sync 1 DAGs
[2024-03-24T19:14:47.535+0000] {logging_mixin.py:188} INFO - [2024-03-24T19:14:47.535+0000] {dag.py:3834} INFO - Setting next_dagrun for example_nested_branch_dag to 2024-03-23 00:00:00+00:00, run_after=2024-03-24 00:00:00+00:00
[2024-03-24T19:14:47.548+0000] {processor.py:183} INFO - Processing /home/airflow/.local/lib/python3.8/site-packages/airflow/example_dags/example_nested_branch_dag.py took 0.056 seconds
[2024-03-24T19:15:18.797+0000] {processor.py:161} INFO - Started process (PID=148) to work on /home/airflow/.local/lib/python3.8/site-packages/airflow/example_dags/example_nested_branch_dag.py
[2024-03-24T19:15:18.797+0000] {processor.py:830} INFO - Processing file /home/airflow/.local/lib/python3.8/site-packages/airflow/example_dags/example_nested_branch_dag.py for tasks to queue
[2024-03-24T19:15:18.799+0000] {logging_mixin.py:188} INFO - [2024-03-24T19:15:18.798+0000] {dagbag.py:540} INFO - Filling up the DagBag from /home/airflow/.local/lib/python3.8/site-packages/airflow/example_dags/example_nested_branch_dag.py
[2024-03-24T19:15:18.807+0000] {processor.py:840} INFO - DAG(s) 'example_nested_branch_dag' retrieved from /home/airflow/.local/lib/python3.8/site-packages/airflow/example_dags/example_nested_branch_dag.py
[2024-03-24T19:15:18.894+0000] {logging_mixin.py:188} INFO - [2024-03-24T19:15:18.894+0000] {dag.py:3047} INFO - Sync 1 DAGs
[2024-03-24T19:15:18.909+0000] {logging_mixin.py:188} INFO - [2024-03-24T19:15:18.908+0000] {dag.py:3834} INFO - Setting next_dagrun for example_nested_branch_dag to 2024-03-23 00:00:00+00:00, run_after=2024-03-24 00:00:00+00:00
[2024-03-24T19:15:18.920+0000] {processor.py:183} INFO - Processing /home/airflow/.local/lib/python3.8/site-packages/airflow/example_dags/example_nested_branch_dag.py took 0.126 seconds
