[2024-03-24T18:50:54.622+0000] {processor.py:161} INFO - Started process (PID=53) to work on /home/airflow/.local/lib/python3.8/site-packages/airflow/example_dags/example_python_operator.py
[2024-03-24T18:50:54.623+0000] {processor.py:830} INFO - Processing file /home/airflow/.local/lib/python3.8/site-packages/airflow/example_dags/example_python_operator.py for tasks to queue
[2024-03-24T18:50:54.624+0000] {logging_mixin.py:188} INFO - [2024-03-24T18:50:54.624+0000] {dagbag.py:540} INFO - Filling up the DagBag from /home/airflow/.local/lib/python3.8/site-packages/airflow/example_dags/example_python_operator.py
[2024-03-24T18:50:54.637+0000] {processor.py:840} INFO - DAG(s) 'example_python_operator' retrieved from /home/airflow/.local/lib/python3.8/site-packages/airflow/example_dags/example_python_operator.py
[2024-03-24T18:50:54.647+0000] {logging_mixin.py:188} INFO - [2024-03-24T18:50:54.647+0000] {dag.py:3047} INFO - Sync 1 DAGs
[2024-03-24T18:50:54.657+0000] {logging_mixin.py:188} INFO - [2024-03-24T18:50:54.657+0000] {dag.py:3834} INFO - Setting next_dagrun for example_python_operator to None, run_after=None
[2024-03-24T18:50:54.670+0000] {processor.py:183} INFO - Processing /home/airflow/.local/lib/python3.8/site-packages/airflow/example_dags/example_python_operator.py took 0.050 seconds
[2024-03-24T18:51:25.139+0000] {processor.py:161} INFO - Started process (PID=110) to work on /home/airflow/.local/lib/python3.8/site-packages/airflow/example_dags/example_python_operator.py
[2024-03-24T18:51:25.139+0000] {processor.py:830} INFO - Processing file /home/airflow/.local/lib/python3.8/site-packages/airflow/example_dags/example_python_operator.py for tasks to queue
[2024-03-24T18:51:25.140+0000] {logging_mixin.py:188} INFO - [2024-03-24T18:51:25.140+0000] {dagbag.py:540} INFO - Filling up the DagBag from /home/airflow/.local/lib/python3.8/site-packages/airflow/example_dags/example_python_operator.py
[2024-03-24T18:51:25.148+0000] {processor.py:840} INFO - DAG(s) 'example_python_operator' retrieved from /home/airflow/.local/lib/python3.8/site-packages/airflow/example_dags/example_python_operator.py
[2024-03-24T18:51:25.219+0000] {logging_mixin.py:188} INFO - [2024-03-24T18:51:25.218+0000] {dag.py:3047} INFO - Sync 1 DAGs
[2024-03-24T18:51:25.226+0000] {logging_mixin.py:188} INFO - [2024-03-24T18:51:25.226+0000] {dag.py:3834} INFO - Setting next_dagrun for example_python_operator to None, run_after=None
[2024-03-24T18:51:25.238+0000] {processor.py:183} INFO - Processing /home/airflow/.local/lib/python3.8/site-packages/airflow/example_dags/example_python_operator.py took 0.102 seconds
[2024-03-24T18:55:21.449+0000] {processor.py:161} INFO - Started process (PID=64) to work on /home/airflow/.local/lib/python3.8/site-packages/airflow/example_dags/example_python_operator.py
[2024-03-24T18:55:21.450+0000] {processor.py:830} INFO - Processing file /home/airflow/.local/lib/python3.8/site-packages/airflow/example_dags/example_python_operator.py for tasks to queue
[2024-03-24T18:55:21.451+0000] {logging_mixin.py:188} INFO - [2024-03-24T18:55:21.451+0000] {dagbag.py:540} INFO - Filling up the DagBag from /home/airflow/.local/lib/python3.8/site-packages/airflow/example_dags/example_python_operator.py
[2024-03-24T18:55:21.461+0000] {processor.py:840} INFO - DAG(s) 'example_python_operator' retrieved from /home/airflow/.local/lib/python3.8/site-packages/airflow/example_dags/example_python_operator.py
[2024-03-24T18:55:21.471+0000] {logging_mixin.py:188} INFO - [2024-03-24T18:55:21.471+0000] {dag.py:3047} INFO - Sync 1 DAGs
[2024-03-24T18:55:21.482+0000] {logging_mixin.py:188} INFO - [2024-03-24T18:55:21.481+0000] {dag.py:3834} INFO - Setting next_dagrun for example_python_operator to None, run_after=None
[2024-03-24T18:55:21.496+0000] {processor.py:183} INFO - Processing /home/airflow/.local/lib/python3.8/site-packages/airflow/example_dags/example_python_operator.py took 0.050 seconds
[2024-03-24T18:55:51.969+0000] {processor.py:161} INFO - Started process (PID=119) to work on /home/airflow/.local/lib/python3.8/site-packages/airflow/example_dags/example_python_operator.py
[2024-03-24T18:55:51.970+0000] {processor.py:830} INFO - Processing file /home/airflow/.local/lib/python3.8/site-packages/airflow/example_dags/example_python_operator.py for tasks to queue
[2024-03-24T18:55:51.971+0000] {logging_mixin.py:188} INFO - [2024-03-24T18:55:51.971+0000] {dagbag.py:540} INFO - Filling up the DagBag from /home/airflow/.local/lib/python3.8/site-packages/airflow/example_dags/example_python_operator.py
[2024-03-24T18:55:51.978+0000] {processor.py:840} INFO - DAG(s) 'example_python_operator' retrieved from /home/airflow/.local/lib/python3.8/site-packages/airflow/example_dags/example_python_operator.py
[2024-03-24T18:55:52.049+0000] {logging_mixin.py:188} INFO - [2024-03-24T18:55:52.049+0000] {dag.py:3047} INFO - Sync 1 DAGs
[2024-03-24T18:55:52.056+0000] {logging_mixin.py:188} INFO - [2024-03-24T18:55:52.056+0000] {dag.py:3834} INFO - Setting next_dagrun for example_python_operator to None, run_after=None
[2024-03-24T18:55:52.068+0000] {processor.py:183} INFO - Processing /home/airflow/.local/lib/python3.8/site-packages/airflow/example_dags/example_python_operator.py took 0.101 seconds
[2024-03-24T18:58:37.106+0000] {processor.py:161} INFO - Started process (PID=64) to work on /home/airflow/.local/lib/python3.8/site-packages/airflow/example_dags/example_python_operator.py
[2024-03-24T18:58:37.106+0000] {processor.py:830} INFO - Processing file /home/airflow/.local/lib/python3.8/site-packages/airflow/example_dags/example_python_operator.py for tasks to queue
[2024-03-24T18:58:37.108+0000] {logging_mixin.py:188} INFO - [2024-03-24T18:58:37.108+0000] {dagbag.py:540} INFO - Filling up the DagBag from /home/airflow/.local/lib/python3.8/site-packages/airflow/example_dags/example_python_operator.py
[2024-03-24T18:58:37.122+0000] {processor.py:840} INFO - DAG(s) 'example_python_operator' retrieved from /home/airflow/.local/lib/python3.8/site-packages/airflow/example_dags/example_python_operator.py
[2024-03-24T18:58:37.133+0000] {logging_mixin.py:188} INFO - [2024-03-24T18:58:37.133+0000] {dag.py:3047} INFO - Sync 1 DAGs
[2024-03-24T18:58:37.144+0000] {logging_mixin.py:188} INFO - [2024-03-24T18:58:37.144+0000] {dag.py:3834} INFO - Setting next_dagrun for example_python_operator to None, run_after=None
[2024-03-24T18:58:37.157+0000] {processor.py:183} INFO - Processing /home/airflow/.local/lib/python3.8/site-packages/airflow/example_dags/example_python_operator.py took 0.055 seconds
[2024-03-24T18:59:07.614+0000] {processor.py:161} INFO - Started process (PID=119) to work on /home/airflow/.local/lib/python3.8/site-packages/airflow/example_dags/example_python_operator.py
[2024-03-24T18:59:07.615+0000] {processor.py:830} INFO - Processing file /home/airflow/.local/lib/python3.8/site-packages/airflow/example_dags/example_python_operator.py for tasks to queue
[2024-03-24T18:59:07.616+0000] {logging_mixin.py:188} INFO - [2024-03-24T18:59:07.616+0000] {dagbag.py:540} INFO - Filling up the DagBag from /home/airflow/.local/lib/python3.8/site-packages/airflow/example_dags/example_python_operator.py
[2024-03-24T18:59:07.623+0000] {processor.py:840} INFO - DAG(s) 'example_python_operator' retrieved from /home/airflow/.local/lib/python3.8/site-packages/airflow/example_dags/example_python_operator.py
[2024-03-24T18:59:07.694+0000] {logging_mixin.py:188} INFO - [2024-03-24T18:59:07.694+0000] {dag.py:3047} INFO - Sync 1 DAGs
[2024-03-24T18:59:07.701+0000] {logging_mixin.py:188} INFO - [2024-03-24T18:59:07.701+0000] {dag.py:3834} INFO - Setting next_dagrun for example_python_operator to None, run_after=None
[2024-03-24T18:59:07.713+0000] {processor.py:183} INFO - Processing /home/airflow/.local/lib/python3.8/site-packages/airflow/example_dags/example_python_operator.py took 0.102 seconds
[2024-03-24T18:59:38.614+0000] {processor.py:161} INFO - Started process (PID=187) to work on /home/airflow/.local/lib/python3.8/site-packages/airflow/example_dags/example_python_operator.py
[2024-03-24T18:59:38.615+0000] {processor.py:830} INFO - Processing file /home/airflow/.local/lib/python3.8/site-packages/airflow/example_dags/example_python_operator.py for tasks to queue
[2024-03-24T18:59:38.616+0000] {logging_mixin.py:188} INFO - [2024-03-24T18:59:38.616+0000] {dagbag.py:540} INFO - Filling up the DagBag from /home/airflow/.local/lib/python3.8/site-packages/airflow/example_dags/example_python_operator.py
[2024-03-24T18:59:38.623+0000] {processor.py:840} INFO - DAG(s) 'example_python_operator' retrieved from /home/airflow/.local/lib/python3.8/site-packages/airflow/example_dags/example_python_operator.py
[2024-03-24T18:59:38.639+0000] {logging_mixin.py:188} INFO - [2024-03-24T18:59:38.639+0000] {dag.py:3047} INFO - Sync 1 DAGs
[2024-03-24T18:59:38.647+0000] {logging_mixin.py:188} INFO - [2024-03-24T18:59:38.647+0000] {dag.py:3834} INFO - Setting next_dagrun for example_python_operator to None, run_after=None
[2024-03-24T18:59:38.659+0000] {processor.py:183} INFO - Processing /home/airflow/.local/lib/python3.8/site-packages/airflow/example_dags/example_python_operator.py took 0.047 seconds
[2024-03-24T19:00:09.209+0000] {processor.py:161} INFO - Started process (PID=255) to work on /home/airflow/.local/lib/python3.8/site-packages/airflow/example_dags/example_python_operator.py
[2024-03-24T19:00:09.210+0000] {processor.py:830} INFO - Processing file /home/airflow/.local/lib/python3.8/site-packages/airflow/example_dags/example_python_operator.py for tasks to queue
[2024-03-24T19:00:09.211+0000] {logging_mixin.py:188} INFO - [2024-03-24T19:00:09.211+0000] {dagbag.py:540} INFO - Filling up the DagBag from /home/airflow/.local/lib/python3.8/site-packages/airflow/example_dags/example_python_operator.py
[2024-03-24T19:00:09.218+0000] {processor.py:840} INFO - DAG(s) 'example_python_operator' retrieved from /home/airflow/.local/lib/python3.8/site-packages/airflow/example_dags/example_python_operator.py
[2024-03-24T19:00:09.234+0000] {logging_mixin.py:188} INFO - [2024-03-24T19:00:09.234+0000] {dag.py:3047} INFO - Sync 1 DAGs
[2024-03-24T19:00:09.242+0000] {logging_mixin.py:188} INFO - [2024-03-24T19:00:09.242+0000] {dag.py:3834} INFO - Setting next_dagrun for example_python_operator to None, run_after=None
[2024-03-24T19:00:09.254+0000] {processor.py:183} INFO - Processing /home/airflow/.local/lib/python3.8/site-packages/airflow/example_dags/example_python_operator.py took 0.047 seconds
[2024-03-24T19:14:46.773+0000] {processor.py:161} INFO - Started process (PID=64) to work on /home/airflow/.local/lib/python3.8/site-packages/airflow/example_dags/example_python_operator.py
[2024-03-24T19:14:46.774+0000] {processor.py:830} INFO - Processing file /home/airflow/.local/lib/python3.8/site-packages/airflow/example_dags/example_python_operator.py for tasks to queue
[2024-03-24T19:14:46.775+0000] {logging_mixin.py:188} INFO - [2024-03-24T19:14:46.775+0000] {dagbag.py:540} INFO - Filling up the DagBag from /home/airflow/.local/lib/python3.8/site-packages/airflow/example_dags/example_python_operator.py
[2024-03-24T19:14:46.786+0000] {processor.py:840} INFO - DAG(s) 'example_python_operator' retrieved from /home/airflow/.local/lib/python3.8/site-packages/airflow/example_dags/example_python_operator.py
[2024-03-24T19:14:46.796+0000] {logging_mixin.py:188} INFO - [2024-03-24T19:14:46.795+0000] {dag.py:3047} INFO - Sync 1 DAGs
[2024-03-24T19:14:46.806+0000] {logging_mixin.py:188} INFO - [2024-03-24T19:14:46.806+0000] {dag.py:3834} INFO - Setting next_dagrun for example_python_operator to None, run_after=None
[2024-03-24T19:14:46.824+0000] {processor.py:183} INFO - Processing /home/airflow/.local/lib/python3.8/site-packages/airflow/example_dags/example_python_operator.py took 0.054 seconds
[2024-03-24T19:15:17.393+0000] {processor.py:161} INFO - Started process (PID=119) to work on /home/airflow/.local/lib/python3.8/site-packages/airflow/example_dags/example_python_operator.py
[2024-03-24T19:15:17.394+0000] {processor.py:830} INFO - Processing file /home/airflow/.local/lib/python3.8/site-packages/airflow/example_dags/example_python_operator.py for tasks to queue
[2024-03-24T19:15:17.395+0000] {logging_mixin.py:188} INFO - [2024-03-24T19:15:17.395+0000] {dagbag.py:540} INFO - Filling up the DagBag from /home/airflow/.local/lib/python3.8/site-packages/airflow/example_dags/example_python_operator.py
[2024-03-24T19:15:17.403+0000] {processor.py:840} INFO - DAG(s) 'example_python_operator' retrieved from /home/airflow/.local/lib/python3.8/site-packages/airflow/example_dags/example_python_operator.py
[2024-03-24T19:15:17.479+0000] {logging_mixin.py:188} INFO - [2024-03-24T19:15:17.479+0000] {dag.py:3047} INFO - Sync 1 DAGs
[2024-03-24T19:15:17.487+0000] {logging_mixin.py:188} INFO - [2024-03-24T19:15:17.486+0000] {dag.py:3834} INFO - Setting next_dagrun for example_python_operator to None, run_after=None
[2024-03-24T19:15:17.498+0000] {processor.py:183} INFO - Processing /home/airflow/.local/lib/python3.8/site-packages/airflow/example_dags/example_python_operator.py took 0.108 seconds
