[2024-03-24T18:50:54.252+0000] {processor.py:161} INFO - Started process (PID=47) to work on /home/airflow/.local/lib/python3.8/site-packages/airflow/example_dags/example_external_task_marker_dag.py
[2024-03-24T18:50:54.252+0000] {processor.py:830} INFO - Processing file /home/airflow/.local/lib/python3.8/site-packages/airflow/example_dags/example_external_task_marker_dag.py for tasks to queue
[2024-03-24T18:50:54.253+0000] {logging_mixin.py:188} INFO - [2024-03-24T18:50:54.253+0000] {dagbag.py:540} INFO - Filling up the DagBag from /home/airflow/.local/lib/python3.8/site-packages/airflow/example_dags/example_external_task_marker_dag.py
[2024-03-24T18:50:54.260+0000] {processor.py:840} INFO - DAG(s) 'example_external_task_marker_parent', 'example_external_task_marker_child' retrieved from /home/airflow/.local/lib/python3.8/site-packages/airflow/example_dags/example_external_task_marker_dag.py
[2024-03-24T18:50:54.270+0000] {logging_mixin.py:188} INFO - [2024-03-24T18:50:54.270+0000] {dag.py:3047} INFO - Sync 2 DAGs
[2024-03-24T18:50:54.281+0000] {logging_mixin.py:188} INFO - [2024-03-24T18:50:54.281+0000] {dag.py:3834} INFO - Setting next_dagrun for example_external_task_marker_child to None, run_after=None
[2024-03-24T18:50:54.284+0000] {logging_mixin.py:188} INFO - [2024-03-24T18:50:54.284+0000] {dag.py:3834} INFO - Setting next_dagrun for example_external_task_marker_parent to None, run_after=None
[2024-03-24T18:50:54.296+0000] {processor.py:183} INFO - Processing /home/airflow/.local/lib/python3.8/site-packages/airflow/example_dags/example_external_task_marker_dag.py took 0.047 seconds
[2024-03-24T18:51:24.719+0000] {processor.py:161} INFO - Started process (PID=104) to work on /home/airflow/.local/lib/python3.8/site-packages/airflow/example_dags/example_external_task_marker_dag.py
[2024-03-24T18:51:24.719+0000] {processor.py:830} INFO - Processing file /home/airflow/.local/lib/python3.8/site-packages/airflow/example_dags/example_external_task_marker_dag.py for tasks to queue
[2024-03-24T18:51:24.720+0000] {logging_mixin.py:188} INFO - [2024-03-24T18:51:24.720+0000] {dagbag.py:540} INFO - Filling up the DagBag from /home/airflow/.local/lib/python3.8/site-packages/airflow/example_dags/example_external_task_marker_dag.py
[2024-03-24T18:51:24.724+0000] {processor.py:840} INFO - DAG(s) 'example_external_task_marker_parent', 'example_external_task_marker_child' retrieved from /home/airflow/.local/lib/python3.8/site-packages/airflow/example_dags/example_external_task_marker_dag.py
[2024-03-24T18:51:24.800+0000] {logging_mixin.py:188} INFO - [2024-03-24T18:51:24.800+0000] {dag.py:3047} INFO - Sync 2 DAGs
[2024-03-24T18:51:24.808+0000] {logging_mixin.py:188} INFO - [2024-03-24T18:51:24.807+0000] {dag.py:3834} INFO - Setting next_dagrun for example_external_task_marker_child to None, run_after=None
[2024-03-24T18:51:24.810+0000] {logging_mixin.py:188} INFO - [2024-03-24T18:51:24.809+0000] {dag.py:3834} INFO - Setting next_dagrun for example_external_task_marker_parent to None, run_after=None
[2024-03-24T18:51:24.820+0000] {processor.py:183} INFO - Processing /home/airflow/.local/lib/python3.8/site-packages/airflow/example_dags/example_external_task_marker_dag.py took 0.104 seconds
[2024-03-24T18:55:20.922+0000] {processor.py:161} INFO - Started process (PID=47) to work on /home/airflow/.local/lib/python3.8/site-packages/airflow/example_dags/example_external_task_marker_dag.py
[2024-03-24T18:55:20.923+0000] {processor.py:830} INFO - Processing file /home/airflow/.local/lib/python3.8/site-packages/airflow/example_dags/example_external_task_marker_dag.py for tasks to queue
[2024-03-24T18:55:20.925+0000] {logging_mixin.py:188} INFO - [2024-03-24T18:55:20.925+0000] {dagbag.py:540} INFO - Filling up the DagBag from /home/airflow/.local/lib/python3.8/site-packages/airflow/example_dags/example_external_task_marker_dag.py
[2024-03-24T18:55:20.932+0000] {processor.py:840} INFO - DAG(s) 'example_external_task_marker_child', 'example_external_task_marker_parent' retrieved from /home/airflow/.local/lib/python3.8/site-packages/airflow/example_dags/example_external_task_marker_dag.py
[2024-03-24T18:55:20.942+0000] {logging_mixin.py:188} INFO - [2024-03-24T18:55:20.942+0000] {dag.py:3047} INFO - Sync 2 DAGs
[2024-03-24T18:55:20.954+0000] {logging_mixin.py:188} INFO - [2024-03-24T18:55:20.954+0000] {dag.py:3834} INFO - Setting next_dagrun for example_external_task_marker_child to None, run_after=None
[2024-03-24T18:55:20.957+0000] {logging_mixin.py:188} INFO - [2024-03-24T18:55:20.957+0000] {dag.py:3834} INFO - Setting next_dagrun for example_external_task_marker_parent to None, run_after=None
[2024-03-24T18:55:20.969+0000] {processor.py:183} INFO - Processing /home/airflow/.local/lib/python3.8/site-packages/airflow/example_dags/example_external_task_marker_dag.py took 0.050 seconds
[2024-03-24T18:55:51.548+0000] {processor.py:161} INFO - Started process (PID=113) to work on /home/airflow/.local/lib/python3.8/site-packages/airflow/example_dags/example_external_task_marker_dag.py
[2024-03-24T18:55:51.549+0000] {processor.py:830} INFO - Processing file /home/airflow/.local/lib/python3.8/site-packages/airflow/example_dags/example_external_task_marker_dag.py for tasks to queue
[2024-03-24T18:55:51.550+0000] {logging_mixin.py:188} INFO - [2024-03-24T18:55:51.550+0000] {dagbag.py:540} INFO - Filling up the DagBag from /home/airflow/.local/lib/python3.8/site-packages/airflow/example_dags/example_external_task_marker_dag.py
[2024-03-24T18:55:51.554+0000] {processor.py:840} INFO - DAG(s) 'example_external_task_marker_parent', 'example_external_task_marker_child' retrieved from /home/airflow/.local/lib/python3.8/site-packages/airflow/example_dags/example_external_task_marker_dag.py
[2024-03-24T18:55:51.629+0000] {logging_mixin.py:188} INFO - [2024-03-24T18:55:51.628+0000] {dag.py:3047} INFO - Sync 2 DAGs
[2024-03-24T18:55:51.636+0000] {logging_mixin.py:188} INFO - [2024-03-24T18:55:51.636+0000] {dag.py:3834} INFO - Setting next_dagrun for example_external_task_marker_child to None, run_after=None
[2024-03-24T18:55:51.638+0000] {logging_mixin.py:188} INFO - [2024-03-24T18:55:51.637+0000] {dag.py:3834} INFO - Setting next_dagrun for example_external_task_marker_parent to None, run_after=None
[2024-03-24T18:55:51.648+0000] {processor.py:183} INFO - Processing /home/airflow/.local/lib/python3.8/site-packages/airflow/example_dags/example_external_task_marker_dag.py took 0.102 seconds
[2024-03-24T18:58:36.589+0000] {processor.py:161} INFO - Started process (PID=47) to work on /home/airflow/.local/lib/python3.8/site-packages/airflow/example_dags/example_external_task_marker_dag.py
[2024-03-24T18:58:36.590+0000] {processor.py:830} INFO - Processing file /home/airflow/.local/lib/python3.8/site-packages/airflow/example_dags/example_external_task_marker_dag.py for tasks to queue
[2024-03-24T18:58:36.591+0000] {logging_mixin.py:188} INFO - [2024-03-24T18:58:36.591+0000] {dagbag.py:540} INFO - Filling up the DagBag from /home/airflow/.local/lib/python3.8/site-packages/airflow/example_dags/example_external_task_marker_dag.py
[2024-03-24T18:58:36.598+0000] {processor.py:840} INFO - DAG(s) 'example_external_task_marker_child', 'example_external_task_marker_parent' retrieved from /home/airflow/.local/lib/python3.8/site-packages/airflow/example_dags/example_external_task_marker_dag.py
[2024-03-24T18:58:36.608+0000] {logging_mixin.py:188} INFO - [2024-03-24T18:58:36.608+0000] {dag.py:3047} INFO - Sync 2 DAGs
[2024-03-24T18:58:36.619+0000] {logging_mixin.py:188} INFO - [2024-03-24T18:58:36.619+0000] {dag.py:3834} INFO - Setting next_dagrun for example_external_task_marker_child to None, run_after=None
[2024-03-24T18:58:36.622+0000] {logging_mixin.py:188} INFO - [2024-03-24T18:58:36.622+0000] {dag.py:3834} INFO - Setting next_dagrun for example_external_task_marker_parent to None, run_after=None
[2024-03-24T18:58:36.633+0000] {processor.py:183} INFO - Processing /home/airflow/.local/lib/python3.8/site-packages/airflow/example_dags/example_external_task_marker_dag.py took 0.046 seconds
[2024-03-24T18:59:07.216+0000] {processor.py:161} INFO - Started process (PID=113) to work on /home/airflow/.local/lib/python3.8/site-packages/airflow/example_dags/example_external_task_marker_dag.py
[2024-03-24T18:59:07.217+0000] {processor.py:830} INFO - Processing file /home/airflow/.local/lib/python3.8/site-packages/airflow/example_dags/example_external_task_marker_dag.py for tasks to queue
[2024-03-24T18:59:07.218+0000] {logging_mixin.py:188} INFO - [2024-03-24T18:59:07.218+0000] {dagbag.py:540} INFO - Filling up the DagBag from /home/airflow/.local/lib/python3.8/site-packages/airflow/example_dags/example_external_task_marker_dag.py
[2024-03-24T18:59:07.223+0000] {processor.py:840} INFO - DAG(s) 'example_external_task_marker_child', 'example_external_task_marker_parent' retrieved from /home/airflow/.local/lib/python3.8/site-packages/airflow/example_dags/example_external_task_marker_dag.py
[2024-03-24T18:59:07.304+0000] {logging_mixin.py:188} INFO - [2024-03-24T18:59:07.304+0000] {dag.py:3047} INFO - Sync 2 DAGs
[2024-03-24T18:59:07.311+0000] {logging_mixin.py:188} INFO - [2024-03-24T18:59:07.311+0000] {dag.py:3834} INFO - Setting next_dagrun for example_external_task_marker_child to None, run_after=None
[2024-03-24T18:59:07.313+0000] {logging_mixin.py:188} INFO - [2024-03-24T18:59:07.313+0000] {dag.py:3834} INFO - Setting next_dagrun for example_external_task_marker_parent to None, run_after=None
[2024-03-24T18:59:07.324+0000] {processor.py:183} INFO - Processing /home/airflow/.local/lib/python3.8/site-packages/airflow/example_dags/example_external_task_marker_dag.py took 0.110 seconds
[2024-03-24T18:59:37.372+0000] {processor.py:161} INFO - Started process (PID=181) to work on /home/airflow/.local/lib/python3.8/site-packages/airflow/example_dags/example_external_task_marker_dag.py
[2024-03-24T18:59:37.373+0000] {processor.py:830} INFO - Processing file /home/airflow/.local/lib/python3.8/site-packages/airflow/example_dags/example_external_task_marker_dag.py for tasks to queue
[2024-03-24T18:59:37.374+0000] {logging_mixin.py:188} INFO - [2024-03-24T18:59:37.374+0000] {dagbag.py:540} INFO - Filling up the DagBag from /home/airflow/.local/lib/python3.8/site-packages/airflow/example_dags/example_external_task_marker_dag.py
[2024-03-24T18:59:37.378+0000] {processor.py:840} INFO - DAG(s) 'example_external_task_marker_child', 'example_external_task_marker_parent' retrieved from /home/airflow/.local/lib/python3.8/site-packages/airflow/example_dags/example_external_task_marker_dag.py
[2024-03-24T18:59:37.395+0000] {logging_mixin.py:188} INFO - [2024-03-24T18:59:37.394+0000] {dag.py:3047} INFO - Sync 2 DAGs
[2024-03-24T18:59:37.404+0000] {logging_mixin.py:188} INFO - [2024-03-24T18:59:37.404+0000] {dag.py:3834} INFO - Setting next_dagrun for example_external_task_marker_child to None, run_after=None
[2024-03-24T18:59:37.406+0000] {logging_mixin.py:188} INFO - [2024-03-24T18:59:37.406+0000] {dag.py:3834} INFO - Setting next_dagrun for example_external_task_marker_parent to None, run_after=None
[2024-03-24T18:59:37.416+0000] {processor.py:183} INFO - Processing /home/airflow/.local/lib/python3.8/site-packages/airflow/example_dags/example_external_task_marker_dag.py took 0.046 seconds
[2024-03-24T19:00:07.962+0000] {processor.py:161} INFO - Started process (PID=249) to work on /home/airflow/.local/lib/python3.8/site-packages/airflow/example_dags/example_external_task_marker_dag.py
[2024-03-24T19:00:07.963+0000] {processor.py:830} INFO - Processing file /home/airflow/.local/lib/python3.8/site-packages/airflow/example_dags/example_external_task_marker_dag.py for tasks to queue
[2024-03-24T19:00:07.964+0000] {logging_mixin.py:188} INFO - [2024-03-24T19:00:07.964+0000] {dagbag.py:540} INFO - Filling up the DagBag from /home/airflow/.local/lib/python3.8/site-packages/airflow/example_dags/example_external_task_marker_dag.py
[2024-03-24T19:00:07.968+0000] {processor.py:840} INFO - DAG(s) 'example_external_task_marker_parent', 'example_external_task_marker_child' retrieved from /home/airflow/.local/lib/python3.8/site-packages/airflow/example_dags/example_external_task_marker_dag.py
[2024-03-24T19:00:07.985+0000] {logging_mixin.py:188} INFO - [2024-03-24T19:00:07.985+0000] {dag.py:3047} INFO - Sync 2 DAGs
[2024-03-24T19:00:07.994+0000] {logging_mixin.py:188} INFO - [2024-03-24T19:00:07.994+0000] {dag.py:3834} INFO - Setting next_dagrun for example_external_task_marker_child to None, run_after=None
[2024-03-24T19:00:07.997+0000] {logging_mixin.py:188} INFO - [2024-03-24T19:00:07.997+0000] {dag.py:3834} INFO - Setting next_dagrun for example_external_task_marker_parent to None, run_after=None
[2024-03-24T19:00:08.009+0000] {processor.py:183} INFO - Processing /home/airflow/.local/lib/python3.8/site-packages/airflow/example_dags/example_external_task_marker_dag.py took 0.049 seconds
[2024-03-24T19:14:46.261+0000] {processor.py:161} INFO - Started process (PID=47) to work on /home/airflow/.local/lib/python3.8/site-packages/airflow/example_dags/example_external_task_marker_dag.py
[2024-03-24T19:14:46.262+0000] {processor.py:830} INFO - Processing file /home/airflow/.local/lib/python3.8/site-packages/airflow/example_dags/example_external_task_marker_dag.py for tasks to queue
[2024-03-24T19:14:46.263+0000] {logging_mixin.py:188} INFO - [2024-03-24T19:14:46.263+0000] {dagbag.py:540} INFO - Filling up the DagBag from /home/airflow/.local/lib/python3.8/site-packages/airflow/example_dags/example_external_task_marker_dag.py
[2024-03-24T19:14:46.269+0000] {processor.py:840} INFO - DAG(s) 'example_external_task_marker_parent', 'example_external_task_marker_child' retrieved from /home/airflow/.local/lib/python3.8/site-packages/airflow/example_dags/example_external_task_marker_dag.py
[2024-03-24T19:14:46.280+0000] {logging_mixin.py:188} INFO - [2024-03-24T19:14:46.279+0000] {dag.py:3047} INFO - Sync 2 DAGs
[2024-03-24T19:14:46.291+0000] {logging_mixin.py:188} INFO - [2024-03-24T19:14:46.291+0000] {dag.py:3834} INFO - Setting next_dagrun for example_external_task_marker_child to None, run_after=None
[2024-03-24T19:14:46.294+0000] {logging_mixin.py:188} INFO - [2024-03-24T19:14:46.294+0000] {dag.py:3834} INFO - Setting next_dagrun for example_external_task_marker_parent to None, run_after=None
[2024-03-24T19:14:46.307+0000] {processor.py:183} INFO - Processing /home/airflow/.local/lib/python3.8/site-packages/airflow/example_dags/example_external_task_marker_dag.py took 0.048 seconds
[2024-03-24T19:15:16.931+0000] {processor.py:161} INFO - Started process (PID=113) to work on /home/airflow/.local/lib/python3.8/site-packages/airflow/example_dags/example_external_task_marker_dag.py
[2024-03-24T19:15:16.932+0000] {processor.py:830} INFO - Processing file /home/airflow/.local/lib/python3.8/site-packages/airflow/example_dags/example_external_task_marker_dag.py for tasks to queue
[2024-03-24T19:15:16.933+0000] {logging_mixin.py:188} INFO - [2024-03-24T19:15:16.933+0000] {dagbag.py:540} INFO - Filling up the DagBag from /home/airflow/.local/lib/python3.8/site-packages/airflow/example_dags/example_external_task_marker_dag.py
[2024-03-24T19:15:16.937+0000] {processor.py:840} INFO - DAG(s) 'example_external_task_marker_parent', 'example_external_task_marker_child' retrieved from /home/airflow/.local/lib/python3.8/site-packages/airflow/example_dags/example_external_task_marker_dag.py
[2024-03-24T19:15:17.024+0000] {logging_mixin.py:188} INFO - [2024-03-24T19:15:17.024+0000] {dag.py:3047} INFO - Sync 2 DAGs
[2024-03-24T19:15:17.032+0000] {logging_mixin.py:188} INFO - [2024-03-24T19:15:17.032+0000] {dag.py:3834} INFO - Setting next_dagrun for example_external_task_marker_child to None, run_after=None
[2024-03-24T19:15:17.034+0000] {logging_mixin.py:188} INFO - [2024-03-24T19:15:17.034+0000] {dag.py:3834} INFO - Setting next_dagrun for example_external_task_marker_parent to None, run_after=None
[2024-03-24T19:15:17.045+0000] {processor.py:183} INFO - Processing /home/airflow/.local/lib/python3.8/site-packages/airflow/example_dags/example_external_task_marker_dag.py took 0.116 seconds
