[2024-03-24T18:50:55.759+0000] {processor.py:161} INFO - Started process (PID=81) to work on /home/airflow/.local/lib/python3.8/site-packages/airflow/example_dags/example_setup_teardown.py
[2024-03-24T18:50:55.760+0000] {processor.py:830} INFO - Processing file /home/airflow/.local/lib/python3.8/site-packages/airflow/example_dags/example_setup_teardown.py for tasks to queue
[2024-03-24T18:50:55.761+0000] {logging_mixin.py:188} INFO - [2024-03-24T18:50:55.761+0000] {dagbag.py:540} INFO - Filling up the DagBag from /home/airflow/.local/lib/python3.8/site-packages/airflow/example_dags/example_setup_teardown.py
[2024-03-24T18:50:55.768+0000] {processor.py:840} INFO - DAG(s) 'example_setup_teardown' retrieved from /home/airflow/.local/lib/python3.8/site-packages/airflow/example_dags/example_setup_teardown.py
[2024-03-24T18:50:55.778+0000] {logging_mixin.py:188} INFO - [2024-03-24T18:50:55.778+0000] {dag.py:3047} INFO - Sync 1 DAGs
[2024-03-24T18:50:55.795+0000] {logging_mixin.py:188} INFO - [2024-03-24T18:50:55.795+0000] {dag.py:3834} INFO - Setting next_dagrun for example_setup_teardown to 2024-03-23 00:00:00+00:00, run_after=2024-03-24 00:00:00+00:00
[2024-03-24T18:50:55.808+0000] {processor.py:183} INFO - Processing /home/airflow/.local/lib/python3.8/site-packages/airflow/example_dags/example_setup_teardown.py took 0.051 seconds
[2024-03-24T18:51:27.052+0000] {processor.py:161} INFO - Started process (PID=138) to work on /home/airflow/.local/lib/python3.8/site-packages/airflow/example_dags/example_setup_teardown.py
[2024-03-24T18:51:27.053+0000] {processor.py:830} INFO - Processing file /home/airflow/.local/lib/python3.8/site-packages/airflow/example_dags/example_setup_teardown.py for tasks to queue
[2024-03-24T18:51:27.054+0000] {logging_mixin.py:188} INFO - [2024-03-24T18:51:27.054+0000] {dagbag.py:540} INFO - Filling up the DagBag from /home/airflow/.local/lib/python3.8/site-packages/airflow/example_dags/example_setup_teardown.py
[2024-03-24T18:51:27.058+0000] {processor.py:840} INFO - DAG(s) 'example_setup_teardown' retrieved from /home/airflow/.local/lib/python3.8/site-packages/airflow/example_dags/example_setup_teardown.py
[2024-03-24T18:51:27.127+0000] {logging_mixin.py:188} INFO - [2024-03-24T18:51:27.127+0000] {dag.py:3047} INFO - Sync 1 DAGs
[2024-03-24T18:51:27.141+0000] {logging_mixin.py:188} INFO - [2024-03-24T18:51:27.140+0000] {dag.py:3834} INFO - Setting next_dagrun for example_setup_teardown to 2024-03-23 00:00:00+00:00, run_after=2024-03-24 00:00:00+00:00
[2024-03-24T18:51:27.153+0000] {processor.py:183} INFO - Processing /home/airflow/.local/lib/python3.8/site-packages/airflow/example_dags/example_setup_teardown.py took 0.103 seconds
[2024-03-24T18:55:22.613+0000] {processor.py:161} INFO - Started process (PID=92) to work on /home/airflow/.local/lib/python3.8/site-packages/airflow/example_dags/example_setup_teardown.py
[2024-03-24T18:55:22.613+0000] {processor.py:830} INFO - Processing file /home/airflow/.local/lib/python3.8/site-packages/airflow/example_dags/example_setup_teardown.py for tasks to queue
[2024-03-24T18:55:22.614+0000] {logging_mixin.py:188} INFO - [2024-03-24T18:55:22.614+0000] {dagbag.py:540} INFO - Filling up the DagBag from /home/airflow/.local/lib/python3.8/site-packages/airflow/example_dags/example_setup_teardown.py
[2024-03-24T18:55:22.621+0000] {processor.py:840} INFO - DAG(s) 'example_setup_teardown' retrieved from /home/airflow/.local/lib/python3.8/site-packages/airflow/example_dags/example_setup_teardown.py
[2024-03-24T18:55:22.630+0000] {logging_mixin.py:188} INFO - [2024-03-24T18:55:22.630+0000] {dag.py:3047} INFO - Sync 1 DAGs
[2024-03-24T18:55:22.650+0000] {logging_mixin.py:188} INFO - [2024-03-24T18:55:22.649+0000] {dag.py:3834} INFO - Setting next_dagrun for example_setup_teardown to 2024-03-23 00:00:00+00:00, run_after=2024-03-24 00:00:00+00:00
[2024-03-24T18:55:22.664+0000] {processor.py:183} INFO - Processing /home/airflow/.local/lib/python3.8/site-packages/airflow/example_dags/example_setup_teardown.py took 0.054 seconds
[2024-03-24T18:55:54.199+0000] {processor.py:161} INFO - Started process (PID=160) to work on /home/airflow/.local/lib/python3.8/site-packages/airflow/example_dags/example_setup_teardown.py
[2024-03-24T18:55:54.200+0000] {processor.py:830} INFO - Processing file /home/airflow/.local/lib/python3.8/site-packages/airflow/example_dags/example_setup_teardown.py for tasks to queue
[2024-03-24T18:55:54.201+0000] {logging_mixin.py:188} INFO - [2024-03-24T18:55:54.201+0000] {dagbag.py:540} INFO - Filling up the DagBag from /home/airflow/.local/lib/python3.8/site-packages/airflow/example_dags/example_setup_teardown.py
[2024-03-24T18:55:54.205+0000] {processor.py:840} INFO - DAG(s) 'example_setup_teardown' retrieved from /home/airflow/.local/lib/python3.8/site-packages/airflow/example_dags/example_setup_teardown.py
[2024-03-24T18:55:54.274+0000] {logging_mixin.py:188} INFO - [2024-03-24T18:55:54.274+0000] {dag.py:3047} INFO - Sync 1 DAGs
[2024-03-24T18:55:54.287+0000] {logging_mixin.py:188} INFO - [2024-03-24T18:55:54.287+0000] {dag.py:3834} INFO - Setting next_dagrun for example_setup_teardown to 2024-03-23 00:00:00+00:00, run_after=2024-03-24 00:00:00+00:00
[2024-03-24T18:55:54.300+0000] {processor.py:183} INFO - Processing /home/airflow/.local/lib/python3.8/site-packages/airflow/example_dags/example_setup_teardown.py took 0.103 seconds
[2024-03-24T18:58:38.364+0000] {processor.py:161} INFO - Started process (PID=92) to work on /home/airflow/.local/lib/python3.8/site-packages/airflow/example_dags/example_setup_teardown.py
[2024-03-24T18:58:38.365+0000] {processor.py:830} INFO - Processing file /home/airflow/.local/lib/python3.8/site-packages/airflow/example_dags/example_setup_teardown.py for tasks to queue
[2024-03-24T18:58:38.366+0000] {logging_mixin.py:188} INFO - [2024-03-24T18:58:38.366+0000] {dagbag.py:540} INFO - Filling up the DagBag from /home/airflow/.local/lib/python3.8/site-packages/airflow/example_dags/example_setup_teardown.py
[2024-03-24T18:58:38.375+0000] {processor.py:840} INFO - DAG(s) 'example_setup_teardown' retrieved from /home/airflow/.local/lib/python3.8/site-packages/airflow/example_dags/example_setup_teardown.py
[2024-03-24T18:58:38.387+0000] {logging_mixin.py:188} INFO - [2024-03-24T18:58:38.386+0000] {dag.py:3047} INFO - Sync 1 DAGs
[2024-03-24T18:58:38.407+0000] {logging_mixin.py:188} INFO - [2024-03-24T18:58:38.407+0000] {dag.py:3834} INFO - Setting next_dagrun for example_setup_teardown to 2024-03-23 00:00:00+00:00, run_after=2024-03-24 00:00:00+00:00
[2024-03-24T18:58:38.422+0000] {processor.py:183} INFO - Processing /home/airflow/.local/lib/python3.8/site-packages/airflow/example_dags/example_setup_teardown.py took 0.061 seconds
[2024-03-24T18:59:09.734+0000] {processor.py:161} INFO - Started process (PID=160) to work on /home/airflow/.local/lib/python3.8/site-packages/airflow/example_dags/example_setup_teardown.py
[2024-03-24T18:59:09.735+0000] {processor.py:830} INFO - Processing file /home/airflow/.local/lib/python3.8/site-packages/airflow/example_dags/example_setup_teardown.py for tasks to queue
[2024-03-24T18:59:09.736+0000] {logging_mixin.py:188} INFO - [2024-03-24T18:59:09.736+0000] {dagbag.py:540} INFO - Filling up the DagBag from /home/airflow/.local/lib/python3.8/site-packages/airflow/example_dags/example_setup_teardown.py
[2024-03-24T18:59:09.740+0000] {processor.py:840} INFO - DAG(s) 'example_setup_teardown' retrieved from /home/airflow/.local/lib/python3.8/site-packages/airflow/example_dags/example_setup_teardown.py
[2024-03-24T18:59:09.809+0000] {logging_mixin.py:188} INFO - [2024-03-24T18:59:09.809+0000] {dag.py:3047} INFO - Sync 1 DAGs
[2024-03-24T18:59:09.822+0000] {logging_mixin.py:188} INFO - [2024-03-24T18:59:09.822+0000] {dag.py:3834} INFO - Setting next_dagrun for example_setup_teardown to 2024-03-23 00:00:00+00:00, run_after=2024-03-24 00:00:00+00:00
[2024-03-24T18:59:09.835+0000] {processor.py:183} INFO - Processing /home/airflow/.local/lib/python3.8/site-packages/airflow/example_dags/example_setup_teardown.py took 0.103 seconds
[2024-03-24T18:59:40.364+0000] {processor.py:161} INFO - Started process (PID=228) to work on /home/airflow/.local/lib/python3.8/site-packages/airflow/example_dags/example_setup_teardown.py
[2024-03-24T18:59:40.365+0000] {processor.py:830} INFO - Processing file /home/airflow/.local/lib/python3.8/site-packages/airflow/example_dags/example_setup_teardown.py for tasks to queue
[2024-03-24T18:59:40.366+0000] {logging_mixin.py:188} INFO - [2024-03-24T18:59:40.366+0000] {dagbag.py:540} INFO - Filling up the DagBag from /home/airflow/.local/lib/python3.8/site-packages/airflow/example_dags/example_setup_teardown.py
[2024-03-24T18:59:40.371+0000] {processor.py:840} INFO - DAG(s) 'example_setup_teardown' retrieved from /home/airflow/.local/lib/python3.8/site-packages/airflow/example_dags/example_setup_teardown.py
[2024-03-24T18:59:40.385+0000] {logging_mixin.py:188} INFO - [2024-03-24T18:59:40.385+0000] {dag.py:3047} INFO - Sync 1 DAGs
[2024-03-24T18:59:40.400+0000] {logging_mixin.py:188} INFO - [2024-03-24T18:59:40.400+0000] {dag.py:3834} INFO - Setting next_dagrun for example_setup_teardown to 2024-03-23 00:00:00+00:00, run_after=2024-03-24 00:00:00+00:00
[2024-03-24T18:59:40.411+0000] {processor.py:183} INFO - Processing /home/airflow/.local/lib/python3.8/site-packages/airflow/example_dags/example_setup_teardown.py took 0.049 seconds
[2024-03-24T19:00:11.639+0000] {processor.py:161} INFO - Started process (PID=296) to work on /home/airflow/.local/lib/python3.8/site-packages/airflow/example_dags/example_setup_teardown.py
[2024-03-24T19:00:11.640+0000] {processor.py:830} INFO - Processing file /home/airflow/.local/lib/python3.8/site-packages/airflow/example_dags/example_setup_teardown.py for tasks to queue
[2024-03-24T19:00:11.641+0000] {logging_mixin.py:188} INFO - [2024-03-24T19:00:11.640+0000] {dagbag.py:540} INFO - Filling up the DagBag from /home/airflow/.local/lib/python3.8/site-packages/airflow/example_dags/example_setup_teardown.py
[2024-03-24T19:00:11.645+0000] {processor.py:840} INFO - DAG(s) 'example_setup_teardown' retrieved from /home/airflow/.local/lib/python3.8/site-packages/airflow/example_dags/example_setup_teardown.py
[2024-03-24T19:00:11.659+0000] {logging_mixin.py:188} INFO - [2024-03-24T19:00:11.659+0000] {dag.py:3047} INFO - Sync 1 DAGs
[2024-03-24T19:00:11.673+0000] {logging_mixin.py:188} INFO - [2024-03-24T19:00:11.673+0000] {dag.py:3834} INFO - Setting next_dagrun for example_setup_teardown to 2024-03-23 00:00:00+00:00, run_after=2024-03-24 00:00:00+00:00
[2024-03-24T19:00:11.685+0000] {processor.py:183} INFO - Processing /home/airflow/.local/lib/python3.8/site-packages/airflow/example_dags/example_setup_teardown.py took 0.048 seconds
[2024-03-24T19:14:48.003+0000] {processor.py:161} INFO - Started process (PID=92) to work on /home/airflow/.local/lib/python3.8/site-packages/airflow/example_dags/example_setup_teardown.py
[2024-03-24T19:14:48.004+0000] {processor.py:830} INFO - Processing file /home/airflow/.local/lib/python3.8/site-packages/airflow/example_dags/example_setup_teardown.py for tasks to queue
[2024-03-24T19:14:48.005+0000] {logging_mixin.py:188} INFO - [2024-03-24T19:14:48.005+0000] {dagbag.py:540} INFO - Filling up the DagBag from /home/airflow/.local/lib/python3.8/site-packages/airflow/example_dags/example_setup_teardown.py
[2024-03-24T19:14:48.011+0000] {processor.py:840} INFO - DAG(s) 'example_setup_teardown' retrieved from /home/airflow/.local/lib/python3.8/site-packages/airflow/example_dags/example_setup_teardown.py
[2024-03-24T19:14:48.020+0000] {logging_mixin.py:188} INFO - [2024-03-24T19:14:48.020+0000] {dag.py:3047} INFO - Sync 1 DAGs
[2024-03-24T19:14:48.037+0000] {logging_mixin.py:188} INFO - [2024-03-24T19:14:48.037+0000] {dag.py:3834} INFO - Setting next_dagrun for example_setup_teardown to 2024-03-23 00:00:00+00:00, run_after=2024-03-24 00:00:00+00:00
[2024-03-24T19:14:48.048+0000] {processor.py:183} INFO - Processing /home/airflow/.local/lib/python3.8/site-packages/airflow/example_dags/example_setup_teardown.py took 0.049 seconds
[2024-03-24T19:15:19.636+0000] {processor.py:161} INFO - Started process (PID=160) to work on /home/airflow/.local/lib/python3.8/site-packages/airflow/example_dags/example_setup_teardown.py
[2024-03-24T19:15:19.637+0000] {processor.py:830} INFO - Processing file /home/airflow/.local/lib/python3.8/site-packages/airflow/example_dags/example_setup_teardown.py for tasks to queue
[2024-03-24T19:15:19.638+0000] {logging_mixin.py:188} INFO - [2024-03-24T19:15:19.638+0000] {dagbag.py:540} INFO - Filling up the DagBag from /home/airflow/.local/lib/python3.8/site-packages/airflow/example_dags/example_setup_teardown.py
[2024-03-24T19:15:19.643+0000] {processor.py:840} INFO - DAG(s) 'example_setup_teardown' retrieved from /home/airflow/.local/lib/python3.8/site-packages/airflow/example_dags/example_setup_teardown.py
[2024-03-24T19:15:19.719+0000] {logging_mixin.py:188} INFO - [2024-03-24T19:15:19.719+0000] {dag.py:3047} INFO - Sync 1 DAGs
[2024-03-24T19:15:19.733+0000] {logging_mixin.py:188} INFO - [2024-03-24T19:15:19.733+0000] {dag.py:3834} INFO - Setting next_dagrun for example_setup_teardown to 2024-03-23 00:00:00+00:00, run_after=2024-03-24 00:00:00+00:00
[2024-03-24T19:15:19.746+0000] {processor.py:183} INFO - Processing /home/airflow/.local/lib/python3.8/site-packages/airflow/example_dags/example_setup_teardown.py took 0.112 seconds
