[2024-03-24T18:50:55.823+0000] {processor.py:161} INFO - Started process (PID=82) to work on /home/airflow/.local/lib/python3.8/site-packages/airflow/example_dags/example_subdag_operator.py
[2024-03-24T18:50:55.824+0000] {processor.py:830} INFO - Processing file /home/airflow/.local/lib/python3.8/site-packages/airflow/example_dags/example_subdag_operator.py for tasks to queue
[2024-03-24T18:50:55.825+0000] {logging_mixin.py:188} INFO - [2024-03-24T18:50:55.825+0000] {dagbag.py:540} INFO - Filling up the DagBag from /home/airflow/.local/lib/python3.8/site-packages/airflow/example_dags/example_subdag_operator.py
[2024-03-24T18:50:55.843+0000] {processor.py:840} INFO - DAG(s) 'example_subdag_operator.section-1', 'example_subdag_operator.section-2', 'example_subdag_operator' retrieved from /home/airflow/.local/lib/python3.8/site-packages/airflow/example_dags/example_subdag_operator.py
[2024-03-24T18:50:55.845+0000] {logging_mixin.py:188} INFO - [2024-03-24T18:50:55.845+0000] {dag.py:3047} INFO - Sync 3 DAGs
[2024-03-24T18:50:55.859+0000] {logging_mixin.py:188} INFO - [2024-03-24T18:50:55.859+0000] {dag.py:3834} INFO - Setting next_dagrun for example_subdag_operator to 2022-01-01 00:00:00+00:00, run_after=2022-01-01 00:00:00+00:00
[2024-03-24T18:50:55.861+0000] {logging_mixin.py:188} INFO - [2024-03-24T18:50:55.861+0000] {dag.py:3834} INFO - Setting next_dagrun for example_subdag_operator.section-1 to None, run_after=None
[2024-03-24T18:50:55.862+0000] {logging_mixin.py:188} INFO - [2024-03-24T18:50:55.862+0000] {dag.py:3834} INFO - Setting next_dagrun for example_subdag_operator.section-2 to None, run_after=None
[2024-03-24T18:50:55.867+0000] {logging_mixin.py:188} INFO - [2024-03-24T18:50:55.867+0000] {dag.py:3047} INFO - Sync 2 DAGs
[2024-03-24T18:50:55.870+0000] {logging_mixin.py:188} INFO - [2024-03-24T18:50:55.870+0000] {dag.py:3834} INFO - Setting next_dagrun for example_subdag_operator.section-1 to None, run_after=None
[2024-03-24T18:50:55.870+0000] {logging_mixin.py:188} INFO - [2024-03-24T18:50:55.870+0000] {dag.py:3834} INFO - Setting next_dagrun for example_subdag_operator.section-2 to None, run_after=None
[2024-03-24T18:50:55.878+0000] {processor.py:183} INFO - Processing /home/airflow/.local/lib/python3.8/site-packages/airflow/example_dags/example_subdag_operator.py took 0.057 seconds
[2024-03-24T18:51:27.169+0000] {processor.py:161} INFO - Started process (PID=139) to work on /home/airflow/.local/lib/python3.8/site-packages/airflow/example_dags/example_subdag_operator.py
[2024-03-24T18:51:27.170+0000] {processor.py:830} INFO - Processing file /home/airflow/.local/lib/python3.8/site-packages/airflow/example_dags/example_subdag_operator.py for tasks to queue
[2024-03-24T18:51:27.171+0000] {logging_mixin.py:188} INFO - [2024-03-24T18:51:27.171+0000] {dagbag.py:540} INFO - Filling up the DagBag from /home/airflow/.local/lib/python3.8/site-packages/airflow/example_dags/example_subdag_operator.py
[2024-03-24T18:51:27.188+0000] {processor.py:840} INFO - DAG(s) 'example_subdag_operator.section-1', 'example_subdag_operator.section-2', 'example_subdag_operator' retrieved from /home/airflow/.local/lib/python3.8/site-packages/airflow/example_dags/example_subdag_operator.py
[2024-03-24T18:51:27.253+0000] {logging_mixin.py:188} INFO - [2024-03-24T18:51:27.253+0000] {dag.py:3047} INFO - Sync 3 DAGs
[2024-03-24T18:51:27.267+0000] {logging_mixin.py:188} INFO - [2024-03-24T18:51:27.267+0000] {dag.py:3834} INFO - Setting next_dagrun for example_subdag_operator to 2022-01-01 00:00:00+00:00, run_after=2022-01-01 00:00:00+00:00
[2024-03-24T18:51:27.270+0000] {logging_mixin.py:188} INFO - [2024-03-24T18:51:27.270+0000] {dag.py:3834} INFO - Setting next_dagrun for example_subdag_operator.section-1 to None, run_after=None
[2024-03-24T18:51:27.271+0000] {logging_mixin.py:188} INFO - [2024-03-24T18:51:27.271+0000] {dag.py:3834} INFO - Setting next_dagrun for example_subdag_operator.section-2 to None, run_after=None
[2024-03-24T18:51:27.277+0000] {logging_mixin.py:188} INFO - [2024-03-24T18:51:27.276+0000] {dag.py:3047} INFO - Sync 2 DAGs
[2024-03-24T18:51:27.280+0000] {logging_mixin.py:188} INFO - [2024-03-24T18:51:27.280+0000] {dag.py:3834} INFO - Setting next_dagrun for example_subdag_operator.section-1 to None, run_after=None
[2024-03-24T18:51:27.281+0000] {logging_mixin.py:188} INFO - [2024-03-24T18:51:27.280+0000] {dag.py:3834} INFO - Setting next_dagrun for example_subdag_operator.section-2 to None, run_after=None
[2024-03-24T18:51:27.296+0000] {processor.py:183} INFO - Processing /home/airflow/.local/lib/python3.8/site-packages/airflow/example_dags/example_subdag_operator.py took 0.129 seconds
[2024-03-24T18:55:22.671+0000] {processor.py:161} INFO - Started process (PID=93) to work on /home/airflow/.local/lib/python3.8/site-packages/airflow/example_dags/example_subdag_operator.py
[2024-03-24T18:55:22.672+0000] {processor.py:830} INFO - Processing file /home/airflow/.local/lib/python3.8/site-packages/airflow/example_dags/example_subdag_operator.py for tasks to queue
[2024-03-24T18:55:22.673+0000] {logging_mixin.py:188} INFO - [2024-03-24T18:55:22.673+0000] {dagbag.py:540} INFO - Filling up the DagBag from /home/airflow/.local/lib/python3.8/site-packages/airflow/example_dags/example_subdag_operator.py
[2024-03-24T18:55:22.694+0000] {processor.py:840} INFO - DAG(s) 'example_subdag_operator.section-1', 'example_subdag_operator.section-2', 'example_subdag_operator' retrieved from /home/airflow/.local/lib/python3.8/site-packages/airflow/example_dags/example_subdag_operator.py
[2024-03-24T18:55:22.697+0000] {logging_mixin.py:188} INFO - [2024-03-24T18:55:22.697+0000] {dag.py:3047} INFO - Sync 3 DAGs
[2024-03-24T18:55:22.714+0000] {logging_mixin.py:188} INFO - [2024-03-24T18:55:22.714+0000] {dag.py:3834} INFO - Setting next_dagrun for example_subdag_operator to 2022-01-01 00:00:00+00:00, run_after=2022-01-01 00:00:00+00:00
[2024-03-24T18:55:22.717+0000] {logging_mixin.py:188} INFO - [2024-03-24T18:55:22.716+0000] {dag.py:3834} INFO - Setting next_dagrun for example_subdag_operator.section-1 to None, run_after=None
[2024-03-24T18:55:22.718+0000] {logging_mixin.py:188} INFO - [2024-03-24T18:55:22.718+0000] {dag.py:3834} INFO - Setting next_dagrun for example_subdag_operator.section-2 to None, run_after=None
[2024-03-24T18:55:22.723+0000] {logging_mixin.py:188} INFO - [2024-03-24T18:55:22.722+0000] {dag.py:3047} INFO - Sync 2 DAGs
[2024-03-24T18:55:22.726+0000] {logging_mixin.py:188} INFO - [2024-03-24T18:55:22.726+0000] {dag.py:3834} INFO - Setting next_dagrun for example_subdag_operator.section-1 to None, run_after=None
[2024-03-24T18:55:22.727+0000] {logging_mixin.py:188} INFO - [2024-03-24T18:55:22.727+0000] {dag.py:3834} INFO - Setting next_dagrun for example_subdag_operator.section-2 to None, run_after=None
[2024-03-24T18:55:22.734+0000] {processor.py:183} INFO - Processing /home/airflow/.local/lib/python3.8/site-packages/airflow/example_dags/example_subdag_operator.py took 0.066 seconds
[2024-03-24T18:55:54.211+0000] {processor.py:161} INFO - Started process (PID=161) to work on /home/airflow/.local/lib/python3.8/site-packages/airflow/example_dags/example_subdag_operator.py
[2024-03-24T18:55:54.211+0000] {processor.py:830} INFO - Processing file /home/airflow/.local/lib/python3.8/site-packages/airflow/example_dags/example_subdag_operator.py for tasks to queue
[2024-03-24T18:55:54.212+0000] {logging_mixin.py:188} INFO - [2024-03-24T18:55:54.212+0000] {dagbag.py:540} INFO - Filling up the DagBag from /home/airflow/.local/lib/python3.8/site-packages/airflow/example_dags/example_subdag_operator.py
[2024-03-24T18:55:54.229+0000] {processor.py:840} INFO - DAG(s) 'example_subdag_operator.section-1', 'example_subdag_operator.section-2', 'example_subdag_operator' retrieved from /home/airflow/.local/lib/python3.8/site-packages/airflow/example_dags/example_subdag_operator.py
[2024-03-24T18:55:54.292+0000] {logging_mixin.py:188} INFO - [2024-03-24T18:55:54.292+0000] {dag.py:3047} INFO - Sync 3 DAGs
[2024-03-24T18:55:54.305+0000] {logging_mixin.py:188} INFO - [2024-03-24T18:55:54.305+0000] {dag.py:3834} INFO - Setting next_dagrun for example_subdag_operator to 2022-01-01 00:00:00+00:00, run_after=2022-01-01 00:00:00+00:00
[2024-03-24T18:55:54.308+0000] {logging_mixin.py:188} INFO - [2024-03-24T18:55:54.308+0000] {dag.py:3834} INFO - Setting next_dagrun for example_subdag_operator.section-1 to None, run_after=None
[2024-03-24T18:55:54.309+0000] {logging_mixin.py:188} INFO - [2024-03-24T18:55:54.309+0000] {dag.py:3834} INFO - Setting next_dagrun for example_subdag_operator.section-2 to None, run_after=None
[2024-03-24T18:55:54.315+0000] {logging_mixin.py:188} INFO - [2024-03-24T18:55:54.314+0000] {dag.py:3047} INFO - Sync 2 DAGs
[2024-03-24T18:55:54.318+0000] {logging_mixin.py:188} INFO - [2024-03-24T18:55:54.318+0000] {dag.py:3834} INFO - Setting next_dagrun for example_subdag_operator.section-1 to None, run_after=None
[2024-03-24T18:55:54.318+0000] {logging_mixin.py:188} INFO - [2024-03-24T18:55:54.318+0000] {dag.py:3834} INFO - Setting next_dagrun for example_subdag_operator.section-2 to None, run_after=None
[2024-03-24T18:55:54.325+0000] {processor.py:183} INFO - Processing /home/airflow/.local/lib/python3.8/site-packages/airflow/example_dags/example_subdag_operator.py took 0.117 seconds
[2024-03-24T18:58:38.423+0000] {processor.py:161} INFO - Started process (PID=93) to work on /home/airflow/.local/lib/python3.8/site-packages/airflow/example_dags/example_subdag_operator.py
[2024-03-24T18:58:38.423+0000] {processor.py:830} INFO - Processing file /home/airflow/.local/lib/python3.8/site-packages/airflow/example_dags/example_subdag_operator.py for tasks to queue
[2024-03-24T18:58:38.425+0000] {logging_mixin.py:188} INFO - [2024-03-24T18:58:38.425+0000] {dagbag.py:540} INFO - Filling up the DagBag from /home/airflow/.local/lib/python3.8/site-packages/airflow/example_dags/example_subdag_operator.py
[2024-03-24T18:58:38.444+0000] {processor.py:840} INFO - DAG(s) 'example_subdag_operator.section-1', 'example_subdag_operator.section-2', 'example_subdag_operator' retrieved from /home/airflow/.local/lib/python3.8/site-packages/airflow/example_dags/example_subdag_operator.py
[2024-03-24T18:58:38.446+0000] {logging_mixin.py:188} INFO - [2024-03-24T18:58:38.446+0000] {dag.py:3047} INFO - Sync 3 DAGs
[2024-03-24T18:58:38.463+0000] {logging_mixin.py:188} INFO - [2024-03-24T18:58:38.462+0000] {dag.py:3834} INFO - Setting next_dagrun for example_subdag_operator to 2022-01-01 00:00:00+00:00, run_after=2022-01-01 00:00:00+00:00
[2024-03-24T18:58:38.465+0000] {logging_mixin.py:188} INFO - [2024-03-24T18:58:38.465+0000] {dag.py:3834} INFO - Setting next_dagrun for example_subdag_operator.section-1 to None, run_after=None
[2024-03-24T18:58:38.467+0000] {logging_mixin.py:188} INFO - [2024-03-24T18:58:38.466+0000] {dag.py:3834} INFO - Setting next_dagrun for example_subdag_operator.section-2 to None, run_after=None
[2024-03-24T18:58:38.472+0000] {logging_mixin.py:188} INFO - [2024-03-24T18:58:38.472+0000] {dag.py:3047} INFO - Sync 2 DAGs
[2024-03-24T18:58:38.476+0000] {logging_mixin.py:188} INFO - [2024-03-24T18:58:38.476+0000] {dag.py:3834} INFO - Setting next_dagrun for example_subdag_operator.section-1 to None, run_after=None
[2024-03-24T18:58:38.476+0000] {logging_mixin.py:188} INFO - [2024-03-24T18:58:38.476+0000] {dag.py:3834} INFO - Setting next_dagrun for example_subdag_operator.section-2 to None, run_after=None
[2024-03-24T18:58:38.485+0000] {processor.py:183} INFO - Processing /home/airflow/.local/lib/python3.8/site-packages/airflow/example_dags/example_subdag_operator.py took 0.065 seconds
[2024-03-24T18:59:09.744+0000] {processor.py:161} INFO - Started process (PID=161) to work on /home/airflow/.local/lib/python3.8/site-packages/airflow/example_dags/example_subdag_operator.py
[2024-03-24T18:59:09.744+0000] {processor.py:830} INFO - Processing file /home/airflow/.local/lib/python3.8/site-packages/airflow/example_dags/example_subdag_operator.py for tasks to queue
[2024-03-24T18:59:09.745+0000] {logging_mixin.py:188} INFO - [2024-03-24T18:59:09.745+0000] {dagbag.py:540} INFO - Filling up the DagBag from /home/airflow/.local/lib/python3.8/site-packages/airflow/example_dags/example_subdag_operator.py
[2024-03-24T18:59:09.762+0000] {processor.py:840} INFO - DAG(s) 'example_subdag_operator.section-1', 'example_subdag_operator.section-2', 'example_subdag_operator' retrieved from /home/airflow/.local/lib/python3.8/site-packages/airflow/example_dags/example_subdag_operator.py
[2024-03-24T18:59:09.825+0000] {logging_mixin.py:188} INFO - [2024-03-24T18:59:09.825+0000] {dag.py:3047} INFO - Sync 3 DAGs
[2024-03-24T18:59:09.838+0000] {logging_mixin.py:188} INFO - [2024-03-24T18:59:09.838+0000] {dag.py:3834} INFO - Setting next_dagrun for example_subdag_operator to 2022-01-01 00:00:00+00:00, run_after=2022-01-01 00:00:00+00:00
[2024-03-24T18:59:09.841+0000] {logging_mixin.py:188} INFO - [2024-03-24T18:59:09.841+0000] {dag.py:3834} INFO - Setting next_dagrun for example_subdag_operator.section-1 to None, run_after=None
[2024-03-24T18:59:09.842+0000] {logging_mixin.py:188} INFO - [2024-03-24T18:59:09.842+0000] {dag.py:3834} INFO - Setting next_dagrun for example_subdag_operator.section-2 to None, run_after=None
[2024-03-24T18:59:09.848+0000] {logging_mixin.py:188} INFO - [2024-03-24T18:59:09.848+0000] {dag.py:3047} INFO - Sync 2 DAGs
[2024-03-24T18:59:09.851+0000] {logging_mixin.py:188} INFO - [2024-03-24T18:59:09.851+0000] {dag.py:3834} INFO - Setting next_dagrun for example_subdag_operator.section-1 to None, run_after=None
[2024-03-24T18:59:09.852+0000] {logging_mixin.py:188} INFO - [2024-03-24T18:59:09.852+0000] {dag.py:3834} INFO - Setting next_dagrun for example_subdag_operator.section-2 to None, run_after=None
[2024-03-24T18:59:09.859+0000] {processor.py:183} INFO - Processing /home/airflow/.local/lib/python3.8/site-packages/airflow/example_dags/example_subdag_operator.py took 0.118 seconds
[2024-03-24T18:59:40.393+0000] {processor.py:161} INFO - Started process (PID=229) to work on /home/airflow/.local/lib/python3.8/site-packages/airflow/example_dags/example_subdag_operator.py
[2024-03-24T18:59:40.394+0000] {processor.py:830} INFO - Processing file /home/airflow/.local/lib/python3.8/site-packages/airflow/example_dags/example_subdag_operator.py for tasks to queue
[2024-03-24T18:59:40.395+0000] {logging_mixin.py:188} INFO - [2024-03-24T18:59:40.395+0000] {dagbag.py:540} INFO - Filling up the DagBag from /home/airflow/.local/lib/python3.8/site-packages/airflow/example_dags/example_subdag_operator.py
[2024-03-24T18:59:40.412+0000] {processor.py:840} INFO - DAG(s) 'example_subdag_operator.section-1', 'example_subdag_operator.section-2', 'example_subdag_operator' retrieved from /home/airflow/.local/lib/python3.8/site-packages/airflow/example_dags/example_subdag_operator.py
[2024-03-24T18:59:40.422+0000] {logging_mixin.py:188} INFO - [2024-03-24T18:59:40.422+0000] {dag.py:3047} INFO - Sync 3 DAGs
[2024-03-24T18:59:40.437+0000] {logging_mixin.py:188} INFO - [2024-03-24T18:59:40.436+0000] {dag.py:3834} INFO - Setting next_dagrun for example_subdag_operator to 2022-01-01 00:00:00+00:00, run_after=2022-01-01 00:00:00+00:00
[2024-03-24T18:59:40.439+0000] {logging_mixin.py:188} INFO - [2024-03-24T18:59:40.439+0000] {dag.py:3834} INFO - Setting next_dagrun for example_subdag_operator.section-1 to None, run_after=None
[2024-03-24T18:59:40.439+0000] {logging_mixin.py:188} INFO - [2024-03-24T18:59:40.439+0000] {dag.py:3834} INFO - Setting next_dagrun for example_subdag_operator.section-2 to None, run_after=None
[2024-03-24T18:59:40.444+0000] {logging_mixin.py:188} INFO - [2024-03-24T18:59:40.444+0000] {dag.py:3047} INFO - Sync 2 DAGs
[2024-03-24T18:59:40.447+0000] {logging_mixin.py:188} INFO - [2024-03-24T18:59:40.447+0000] {dag.py:3834} INFO - Setting next_dagrun for example_subdag_operator.section-1 to None, run_after=None
[2024-03-24T18:59:40.448+0000] {logging_mixin.py:188} INFO - [2024-03-24T18:59:40.447+0000] {dag.py:3834} INFO - Setting next_dagrun for example_subdag_operator.section-2 to None, run_after=None
[2024-03-24T18:59:40.455+0000] {processor.py:183} INFO - Processing /home/airflow/.local/lib/python3.8/site-packages/airflow/example_dags/example_subdag_operator.py took 0.064 seconds
[2024-03-24T19:00:11.688+0000] {processor.py:161} INFO - Started process (PID=297) to work on /home/airflow/.local/lib/python3.8/site-packages/airflow/example_dags/example_subdag_operator.py
[2024-03-24T19:00:11.689+0000] {processor.py:830} INFO - Processing file /home/airflow/.local/lib/python3.8/site-packages/airflow/example_dags/example_subdag_operator.py for tasks to queue
[2024-03-24T19:00:11.690+0000] {logging_mixin.py:188} INFO - [2024-03-24T19:00:11.690+0000] {dagbag.py:540} INFO - Filling up the DagBag from /home/airflow/.local/lib/python3.8/site-packages/airflow/example_dags/example_subdag_operator.py
[2024-03-24T19:00:11.706+0000] {processor.py:840} INFO - DAG(s) 'example_subdag_operator.section-1', 'example_subdag_operator.section-2', 'example_subdag_operator' retrieved from /home/airflow/.local/lib/python3.8/site-packages/airflow/example_dags/example_subdag_operator.py
[2024-03-24T19:00:11.716+0000] {logging_mixin.py:188} INFO - [2024-03-24T19:00:11.716+0000] {dag.py:3047} INFO - Sync 3 DAGs
[2024-03-24T19:00:11.733+0000] {logging_mixin.py:188} INFO - [2024-03-24T19:00:11.733+0000] {dag.py:3834} INFO - Setting next_dagrun for example_subdag_operator to 2022-01-01 00:00:00+00:00, run_after=2022-01-01 00:00:00+00:00
[2024-03-24T19:00:11.736+0000] {logging_mixin.py:188} INFO - [2024-03-24T19:00:11.736+0000] {dag.py:3834} INFO - Setting next_dagrun for example_subdag_operator.section-1 to None, run_after=None
[2024-03-24T19:00:11.737+0000] {logging_mixin.py:188} INFO - [2024-03-24T19:00:11.736+0000] {dag.py:3834} INFO - Setting next_dagrun for example_subdag_operator.section-2 to None, run_after=None
[2024-03-24T19:00:11.741+0000] {logging_mixin.py:188} INFO - [2024-03-24T19:00:11.741+0000] {dag.py:3047} INFO - Sync 2 DAGs
[2024-03-24T19:00:11.744+0000] {logging_mixin.py:188} INFO - [2024-03-24T19:00:11.744+0000] {dag.py:3834} INFO - Setting next_dagrun for example_subdag_operator.section-1 to None, run_after=None
[2024-03-24T19:00:11.744+0000] {logging_mixin.py:188} INFO - [2024-03-24T19:00:11.744+0000] {dag.py:3834} INFO - Setting next_dagrun for example_subdag_operator.section-2 to None, run_after=None
[2024-03-24T19:00:11.751+0000] {processor.py:183} INFO - Processing /home/airflow/.local/lib/python3.8/site-packages/airflow/example_dags/example_subdag_operator.py took 0.066 seconds
[2024-03-24T19:14:48.047+0000] {processor.py:161} INFO - Started process (PID=93) to work on /home/airflow/.local/lib/python3.8/site-packages/airflow/example_dags/example_subdag_operator.py
[2024-03-24T19:14:48.048+0000] {processor.py:830} INFO - Processing file /home/airflow/.local/lib/python3.8/site-packages/airflow/example_dags/example_subdag_operator.py for tasks to queue
[2024-03-24T19:14:48.049+0000] {logging_mixin.py:188} INFO - [2024-03-24T19:14:48.049+0000] {dagbag.py:540} INFO - Filling up the DagBag from /home/airflow/.local/lib/python3.8/site-packages/airflow/example_dags/example_subdag_operator.py
[2024-03-24T19:14:48.067+0000] {processor.py:840} INFO - DAG(s) 'example_subdag_operator.section-1', 'example_subdag_operator.section-2', 'example_subdag_operator' retrieved from /home/airflow/.local/lib/python3.8/site-packages/airflow/example_dags/example_subdag_operator.py
[2024-03-24T19:14:48.069+0000] {logging_mixin.py:188} INFO - [2024-03-24T19:14:48.069+0000] {dag.py:3047} INFO - Sync 3 DAGs
[2024-03-24T19:14:48.084+0000] {logging_mixin.py:188} INFO - [2024-03-24T19:14:48.084+0000] {dag.py:3834} INFO - Setting next_dagrun for example_subdag_operator to 2022-01-01 00:00:00+00:00, run_after=2022-01-01 00:00:00+00:00
[2024-03-24T19:14:48.087+0000] {logging_mixin.py:188} INFO - [2024-03-24T19:14:48.087+0000] {dag.py:3834} INFO - Setting next_dagrun for example_subdag_operator.section-1 to None, run_after=None
[2024-03-24T19:14:48.088+0000] {logging_mixin.py:188} INFO - [2024-03-24T19:14:48.088+0000] {dag.py:3834} INFO - Setting next_dagrun for example_subdag_operator.section-2 to None, run_after=None
[2024-03-24T19:14:48.092+0000] {logging_mixin.py:188} INFO - [2024-03-24T19:14:48.092+0000] {dag.py:3047} INFO - Sync 2 DAGs
[2024-03-24T19:14:48.096+0000] {logging_mixin.py:188} INFO - [2024-03-24T19:14:48.096+0000] {dag.py:3834} INFO - Setting next_dagrun for example_subdag_operator.section-1 to None, run_after=None
[2024-03-24T19:14:48.096+0000] {logging_mixin.py:188} INFO - [2024-03-24T19:14:48.096+0000] {dag.py:3834} INFO - Setting next_dagrun for example_subdag_operator.section-2 to None, run_after=None
[2024-03-24T19:14:48.104+0000] {processor.py:183} INFO - Processing /home/airflow/.local/lib/python3.8/site-packages/airflow/example_dags/example_subdag_operator.py took 0.059 seconds
[2024-03-24T19:15:19.675+0000] {processor.py:161} INFO - Started process (PID=161) to work on /home/airflow/.local/lib/python3.8/site-packages/airflow/example_dags/example_subdag_operator.py
[2024-03-24T19:15:19.676+0000] {processor.py:830} INFO - Processing file /home/airflow/.local/lib/python3.8/site-packages/airflow/example_dags/example_subdag_operator.py for tasks to queue
[2024-03-24T19:15:19.677+0000] {logging_mixin.py:188} INFO - [2024-03-24T19:15:19.677+0000] {dagbag.py:540} INFO - Filling up the DagBag from /home/airflow/.local/lib/python3.8/site-packages/airflow/example_dags/example_subdag_operator.py
[2024-03-24T19:15:19.699+0000] {processor.py:840} INFO - DAG(s) 'example_subdag_operator.section-1', 'example_subdag_operator.section-2', 'example_subdag_operator' retrieved from /home/airflow/.local/lib/python3.8/site-packages/airflow/example_dags/example_subdag_operator.py
[2024-03-24T19:15:19.766+0000] {logging_mixin.py:188} INFO - [2024-03-24T19:15:19.765+0000] {dag.py:3047} INFO - Sync 3 DAGs
[2024-03-24T19:15:19.779+0000] {logging_mixin.py:188} INFO - [2024-03-24T19:15:19.779+0000] {dag.py:3834} INFO - Setting next_dagrun for example_subdag_operator to 2022-01-01 00:00:00+00:00, run_after=2022-01-01 00:00:00+00:00
[2024-03-24T19:15:19.782+0000] {logging_mixin.py:188} INFO - [2024-03-24T19:15:19.782+0000] {dag.py:3834} INFO - Setting next_dagrun for example_subdag_operator.section-1 to None, run_after=None
[2024-03-24T19:15:19.783+0000] {logging_mixin.py:188} INFO - [2024-03-24T19:15:19.783+0000] {dag.py:3834} INFO - Setting next_dagrun for example_subdag_operator.section-2 to None, run_after=None
[2024-03-24T19:15:19.789+0000] {logging_mixin.py:188} INFO - [2024-03-24T19:15:19.789+0000] {dag.py:3047} INFO - Sync 2 DAGs
[2024-03-24T19:15:19.793+0000] {logging_mixin.py:188} INFO - [2024-03-24T19:15:19.793+0000] {dag.py:3834} INFO - Setting next_dagrun for example_subdag_operator.section-1 to None, run_after=None
[2024-03-24T19:15:19.793+0000] {logging_mixin.py:188} INFO - [2024-03-24T19:15:19.793+0000] {dag.py:3834} INFO - Setting next_dagrun for example_subdag_operator.section-2 to None, run_after=None
[2024-03-24T19:15:19.800+0000] {processor.py:183} INFO - Processing /home/airflow/.local/lib/python3.8/site-packages/airflow/example_dags/example_subdag_operator.py took 0.128 seconds
