[2024-03-24T18:50:55.182+0000] {processor.py:161} INFO - Started process (PID=68) to work on /home/airflow/.local/lib/python3.8/site-packages/airflow/example_dags/example_branch_operator_decorator.py
[2024-03-24T18:50:55.183+0000] {processor.py:830} INFO - Processing file /home/airflow/.local/lib/python3.8/site-packages/airflow/example_dags/example_branch_operator_decorator.py for tasks to queue
[2024-03-24T18:50:55.184+0000] {logging_mixin.py:188} INFO - [2024-03-24T18:50:55.184+0000] {dagbag.py:540} INFO - Filling up the DagBag from /home/airflow/.local/lib/python3.8/site-packages/airflow/example_dags/example_branch_operator_decorator.py
[2024-03-24T18:50:55.203+0000] {processor.py:840} INFO - DAG(s) 'example_branch_python_operator_decorator' retrieved from /home/airflow/.local/lib/python3.8/site-packages/airflow/example_dags/example_branch_operator_decorator.py
[2024-03-24T18:50:55.213+0000] {logging_mixin.py:188} INFO - [2024-03-24T18:50:55.213+0000] {dag.py:3047} INFO - Sync 1 DAGs
[2024-03-24T18:50:55.230+0000] {logging_mixin.py:188} INFO - [2024-03-24T18:50:55.230+0000] {dag.py:3834} INFO - Setting next_dagrun for example_branch_python_operator_decorator to 2024-03-23 00:00:00+00:00, run_after=2024-03-24 00:00:00+00:00
[2024-03-24T18:50:55.243+0000] {processor.py:183} INFO - Processing /home/airflow/.local/lib/python3.8/site-packages/airflow/example_dags/example_branch_operator_decorator.py took 0.063 seconds
[2024-03-24T18:51:26.062+0000] {processor.py:161} INFO - Started process (PID=125) to work on /home/airflow/.local/lib/python3.8/site-packages/airflow/example_dags/example_branch_operator_decorator.py
[2024-03-24T18:51:26.063+0000] {processor.py:830} INFO - Processing file /home/airflow/.local/lib/python3.8/site-packages/airflow/example_dags/example_branch_operator_decorator.py for tasks to queue
[2024-03-24T18:51:26.064+0000] {logging_mixin.py:188} INFO - [2024-03-24T18:51:26.064+0000] {dagbag.py:540} INFO - Filling up the DagBag from /home/airflow/.local/lib/python3.8/site-packages/airflow/example_dags/example_branch_operator_decorator.py
[2024-03-24T18:51:26.079+0000] {processor.py:840} INFO - DAG(s) 'example_branch_python_operator_decorator' retrieved from /home/airflow/.local/lib/python3.8/site-packages/airflow/example_dags/example_branch_operator_decorator.py
[2024-03-24T18:51:26.155+0000] {logging_mixin.py:188} INFO - [2024-03-24T18:51:26.154+0000] {dag.py:3047} INFO - Sync 1 DAGs
[2024-03-24T18:51:26.170+0000] {logging_mixin.py:188} INFO - [2024-03-24T18:51:26.170+0000] {dag.py:3834} INFO - Setting next_dagrun for example_branch_python_operator_decorator to 2024-03-23 00:00:00+00:00, run_after=2024-03-24 00:00:00+00:00
[2024-03-24T18:51:26.185+0000] {processor.py:183} INFO - Processing /home/airflow/.local/lib/python3.8/site-packages/airflow/example_dags/example_branch_operator_decorator.py took 0.125 seconds
[2024-03-24T18:55:22.079+0000] {processor.py:161} INFO - Started process (PID=79) to work on /home/airflow/.local/lib/python3.8/site-packages/airflow/example_dags/example_branch_operator_decorator.py
[2024-03-24T18:55:22.080+0000] {processor.py:830} INFO - Processing file /home/airflow/.local/lib/python3.8/site-packages/airflow/example_dags/example_branch_operator_decorator.py for tasks to queue
[2024-03-24T18:55:22.081+0000] {logging_mixin.py:188} INFO - [2024-03-24T18:55:22.081+0000] {dagbag.py:540} INFO - Filling up the DagBag from /home/airflow/.local/lib/python3.8/site-packages/airflow/example_dags/example_branch_operator_decorator.py
[2024-03-24T18:55:22.099+0000] {processor.py:840} INFO - DAG(s) 'example_branch_python_operator_decorator' retrieved from /home/airflow/.local/lib/python3.8/site-packages/airflow/example_dags/example_branch_operator_decorator.py
[2024-03-24T18:55:22.109+0000] {logging_mixin.py:188} INFO - [2024-03-24T18:55:22.109+0000] {dag.py:3047} INFO - Sync 1 DAGs
[2024-03-24T18:55:22.128+0000] {logging_mixin.py:188} INFO - [2024-03-24T18:55:22.128+0000] {dag.py:3834} INFO - Setting next_dagrun for example_branch_python_operator_decorator to 2024-03-23 00:00:00+00:00, run_after=2024-03-24 00:00:00+00:00
[2024-03-24T18:55:22.143+0000] {processor.py:183} INFO - Processing /home/airflow/.local/lib/python3.8/site-packages/airflow/example_dags/example_branch_operator_decorator.py took 0.067 seconds
[2024-03-24T18:55:53.358+0000] {processor.py:161} INFO - Started process (PID=147) to work on /home/airflow/.local/lib/python3.8/site-packages/airflow/example_dags/example_branch_operator_decorator.py
[2024-03-24T18:55:53.359+0000] {processor.py:830} INFO - Processing file /home/airflow/.local/lib/python3.8/site-packages/airflow/example_dags/example_branch_operator_decorator.py for tasks to queue
[2024-03-24T18:55:53.360+0000] {logging_mixin.py:188} INFO - [2024-03-24T18:55:53.360+0000] {dagbag.py:540} INFO - Filling up the DagBag from /home/airflow/.local/lib/python3.8/site-packages/airflow/example_dags/example_branch_operator_decorator.py
[2024-03-24T18:55:53.374+0000] {processor.py:840} INFO - DAG(s) 'example_branch_python_operator_decorator' retrieved from /home/airflow/.local/lib/python3.8/site-packages/airflow/example_dags/example_branch_operator_decorator.py
[2024-03-24T18:55:53.448+0000] {logging_mixin.py:188} INFO - [2024-03-24T18:55:53.448+0000] {dag.py:3047} INFO - Sync 1 DAGs
[2024-03-24T18:55:53.462+0000] {logging_mixin.py:188} INFO - [2024-03-24T18:55:53.461+0000] {dag.py:3834} INFO - Setting next_dagrun for example_branch_python_operator_decorator to 2024-03-23 00:00:00+00:00, run_after=2024-03-24 00:00:00+00:00
[2024-03-24T18:55:53.474+0000] {processor.py:183} INFO - Processing /home/airflow/.local/lib/python3.8/site-packages/airflow/example_dags/example_branch_operator_decorator.py took 0.118 seconds
[2024-03-24T18:58:37.821+0000] {processor.py:161} INFO - Started process (PID=79) to work on /home/airflow/.local/lib/python3.8/site-packages/airflow/example_dags/example_branch_operator_decorator.py
[2024-03-24T18:58:37.822+0000] {processor.py:830} INFO - Processing file /home/airflow/.local/lib/python3.8/site-packages/airflow/example_dags/example_branch_operator_decorator.py for tasks to queue
[2024-03-24T18:58:37.823+0000] {logging_mixin.py:188} INFO - [2024-03-24T18:58:37.823+0000] {dagbag.py:540} INFO - Filling up the DagBag from /home/airflow/.local/lib/python3.8/site-packages/airflow/example_dags/example_branch_operator_decorator.py
[2024-03-24T18:58:37.841+0000] {processor.py:840} INFO - DAG(s) 'example_branch_python_operator_decorator' retrieved from /home/airflow/.local/lib/python3.8/site-packages/airflow/example_dags/example_branch_operator_decorator.py
[2024-03-24T18:58:37.852+0000] {logging_mixin.py:188} INFO - [2024-03-24T18:58:37.851+0000] {dag.py:3047} INFO - Sync 1 DAGs
[2024-03-24T18:58:37.871+0000] {logging_mixin.py:188} INFO - [2024-03-24T18:58:37.870+0000] {dag.py:3834} INFO - Setting next_dagrun for example_branch_python_operator_decorator to 2024-03-23 00:00:00+00:00, run_after=2024-03-24 00:00:00+00:00
[2024-03-24T18:58:37.885+0000] {processor.py:183} INFO - Processing /home/airflow/.local/lib/python3.8/site-packages/airflow/example_dags/example_branch_operator_decorator.py took 0.067 seconds
[2024-03-24T18:59:08.864+0000] {processor.py:161} INFO - Started process (PID=147) to work on /home/airflow/.local/lib/python3.8/site-packages/airflow/example_dags/example_branch_operator_decorator.py
[2024-03-24T18:59:08.865+0000] {processor.py:830} INFO - Processing file /home/airflow/.local/lib/python3.8/site-packages/airflow/example_dags/example_branch_operator_decorator.py for tasks to queue
[2024-03-24T18:59:08.866+0000] {logging_mixin.py:188} INFO - [2024-03-24T18:59:08.866+0000] {dagbag.py:540} INFO - Filling up the DagBag from /home/airflow/.local/lib/python3.8/site-packages/airflow/example_dags/example_branch_operator_decorator.py
[2024-03-24T18:59:08.881+0000] {processor.py:840} INFO - DAG(s) 'example_branch_python_operator_decorator' retrieved from /home/airflow/.local/lib/python3.8/site-packages/airflow/example_dags/example_branch_operator_decorator.py
[2024-03-24T18:59:08.955+0000] {logging_mixin.py:188} INFO - [2024-03-24T18:59:08.955+0000] {dag.py:3047} INFO - Sync 1 DAGs
[2024-03-24T18:59:08.969+0000] {logging_mixin.py:188} INFO - [2024-03-24T18:59:08.969+0000] {dag.py:3834} INFO - Setting next_dagrun for example_branch_python_operator_decorator to 2024-03-23 00:00:00+00:00, run_after=2024-03-24 00:00:00+00:00
[2024-03-24T18:59:08.984+0000] {processor.py:183} INFO - Processing /home/airflow/.local/lib/python3.8/site-packages/airflow/example_dags/example_branch_operator_decorator.py took 0.121 seconds
[2024-03-24T18:59:39.850+0000] {processor.py:161} INFO - Started process (PID=215) to work on /home/airflow/.local/lib/python3.8/site-packages/airflow/example_dags/example_branch_operator_decorator.py
[2024-03-24T18:59:39.851+0000] {processor.py:830} INFO - Processing file /home/airflow/.local/lib/python3.8/site-packages/airflow/example_dags/example_branch_operator_decorator.py for tasks to queue
[2024-03-24T18:59:39.852+0000] {logging_mixin.py:188} INFO - [2024-03-24T18:59:39.852+0000] {dagbag.py:540} INFO - Filling up the DagBag from /home/airflow/.local/lib/python3.8/site-packages/airflow/example_dags/example_branch_operator_decorator.py
[2024-03-24T18:59:39.867+0000] {processor.py:840} INFO - DAG(s) 'example_branch_python_operator_decorator' retrieved from /home/airflow/.local/lib/python3.8/site-packages/airflow/example_dags/example_branch_operator_decorator.py
[2024-03-24T18:59:39.886+0000] {logging_mixin.py:188} INFO - [2024-03-24T18:59:39.885+0000] {dag.py:3047} INFO - Sync 1 DAGs
[2024-03-24T18:59:39.901+0000] {logging_mixin.py:188} INFO - [2024-03-24T18:59:39.901+0000] {dag.py:3834} INFO - Setting next_dagrun for example_branch_python_operator_decorator to 2024-03-23 00:00:00+00:00, run_after=2024-03-24 00:00:00+00:00
[2024-03-24T18:59:39.913+0000] {processor.py:183} INFO - Processing /home/airflow/.local/lib/python3.8/site-packages/airflow/example_dags/example_branch_operator_decorator.py took 0.065 seconds
[2024-03-24T19:00:11.035+0000] {processor.py:161} INFO - Started process (PID=283) to work on /home/airflow/.local/lib/python3.8/site-packages/airflow/example_dags/example_branch_operator_decorator.py
[2024-03-24T19:00:11.036+0000] {processor.py:830} INFO - Processing file /home/airflow/.local/lib/python3.8/site-packages/airflow/example_dags/example_branch_operator_decorator.py for tasks to queue
[2024-03-24T19:00:11.037+0000] {logging_mixin.py:188} INFO - [2024-03-24T19:00:11.037+0000] {dagbag.py:540} INFO - Filling up the DagBag from /home/airflow/.local/lib/python3.8/site-packages/airflow/example_dags/example_branch_operator_decorator.py
[2024-03-24T19:00:11.051+0000] {processor.py:840} INFO - DAG(s) 'example_branch_python_operator_decorator' retrieved from /home/airflow/.local/lib/python3.8/site-packages/airflow/example_dags/example_branch_operator_decorator.py
[2024-03-24T19:00:11.071+0000] {logging_mixin.py:188} INFO - [2024-03-24T19:00:11.070+0000] {dag.py:3047} INFO - Sync 1 DAGs
[2024-03-24T19:00:11.086+0000] {logging_mixin.py:188} INFO - [2024-03-24T19:00:11.085+0000] {dag.py:3834} INFO - Setting next_dagrun for example_branch_python_operator_decorator to 2024-03-23 00:00:00+00:00, run_after=2024-03-24 00:00:00+00:00
[2024-03-24T19:00:11.097+0000] {processor.py:183} INFO - Processing /home/airflow/.local/lib/python3.8/site-packages/airflow/example_dags/example_branch_operator_decorator.py took 0.064 seconds
[2024-03-24T19:14:47.453+0000] {processor.py:161} INFO - Started process (PID=79) to work on /home/airflow/.local/lib/python3.8/site-packages/airflow/example_dags/example_branch_operator_decorator.py
[2024-03-24T19:14:47.454+0000] {processor.py:830} INFO - Processing file /home/airflow/.local/lib/python3.8/site-packages/airflow/example_dags/example_branch_operator_decorator.py for tasks to queue
[2024-03-24T19:14:47.455+0000] {logging_mixin.py:188} INFO - [2024-03-24T19:14:47.455+0000] {dagbag.py:540} INFO - Filling up the DagBag from /home/airflow/.local/lib/python3.8/site-packages/airflow/example_dags/example_branch_operator_decorator.py
[2024-03-24T19:14:47.474+0000] {processor.py:840} INFO - DAG(s) 'example_branch_python_operator_decorator' retrieved from /home/airflow/.local/lib/python3.8/site-packages/airflow/example_dags/example_branch_operator_decorator.py
[2024-03-24T19:14:47.485+0000] {logging_mixin.py:188} INFO - [2024-03-24T19:14:47.485+0000] {dag.py:3047} INFO - Sync 1 DAGs
[2024-03-24T19:14:47.505+0000] {logging_mixin.py:188} INFO - [2024-03-24T19:14:47.505+0000] {dag.py:3834} INFO - Setting next_dagrun for example_branch_python_operator_decorator to 2024-03-23 00:00:00+00:00, run_after=2024-03-24 00:00:00+00:00
[2024-03-24T19:14:47.519+0000] {processor.py:183} INFO - Processing /home/airflow/.local/lib/python3.8/site-packages/airflow/example_dags/example_branch_operator_decorator.py took 0.068 seconds
[2024-03-24T19:15:18.759+0000] {processor.py:161} INFO - Started process (PID=147) to work on /home/airflow/.local/lib/python3.8/site-packages/airflow/example_dags/example_branch_operator_decorator.py
[2024-03-24T19:15:18.760+0000] {processor.py:830} INFO - Processing file /home/airflow/.local/lib/python3.8/site-packages/airflow/example_dags/example_branch_operator_decorator.py for tasks to queue
[2024-03-24T19:15:18.761+0000] {logging_mixin.py:188} INFO - [2024-03-24T19:15:18.761+0000] {dagbag.py:540} INFO - Filling up the DagBag from /home/airflow/.local/lib/python3.8/site-packages/airflow/example_dags/example_branch_operator_decorator.py
[2024-03-24T19:15:18.776+0000] {processor.py:840} INFO - DAG(s) 'example_branch_python_operator_decorator' retrieved from /home/airflow/.local/lib/python3.8/site-packages/airflow/example_dags/example_branch_operator_decorator.py
[2024-03-24T19:15:18.867+0000] {logging_mixin.py:188} INFO - [2024-03-24T19:15:18.867+0000] {dag.py:3047} INFO - Sync 1 DAGs
[2024-03-24T19:15:18.882+0000] {logging_mixin.py:188} INFO - [2024-03-24T19:15:18.882+0000] {dag.py:3834} INFO - Setting next_dagrun for example_branch_python_operator_decorator to 2024-03-23 00:00:00+00:00, run_after=2024-03-24 00:00:00+00:00
[2024-03-24T19:15:18.896+0000] {processor.py:183} INFO - Processing /home/airflow/.local/lib/python3.8/site-packages/airflow/example_dags/example_branch_operator_decorator.py took 0.139 seconds
