[2024-03-24T18:50:54.775+0000] {processor.py:161} INFO - Started process (PID=58) to work on /home/airflow/.local/lib/python3.8/site-packages/airflow/example_dags/example_branch_python_dop_operator_3.py
[2024-03-24T18:50:54.776+0000] {processor.py:830} INFO - Processing file /home/airflow/.local/lib/python3.8/site-packages/airflow/example_dags/example_branch_python_dop_operator_3.py for tasks to queue
[2024-03-24T18:50:54.777+0000] {logging_mixin.py:188} INFO - [2024-03-24T18:50:54.777+0000] {dagbag.py:540} INFO - Filling up the DagBag from /home/airflow/.local/lib/python3.8/site-packages/airflow/example_dags/example_branch_python_dop_operator_3.py
[2024-03-24T18:50:54.786+0000] {processor.py:840} INFO - DAG(s) 'example_branch_dop_operator_v3' retrieved from /home/airflow/.local/lib/python3.8/site-packages/airflow/example_dags/example_branch_python_dop_operator_3.py
[2024-03-24T18:50:54.797+0000] {logging_mixin.py:188} INFO - [2024-03-24T18:50:54.797+0000] {dag.py:3047} INFO - Sync 1 DAGs
[2024-03-24T18:50:54.818+0000] {logging_mixin.py:188} INFO - [2024-03-24T18:50:54.818+0000] {dag.py:3834} INFO - Setting next_dagrun for example_branch_dop_operator_v3 to 2024-03-24 18:49:00+00:00, run_after=2024-03-24 18:50:00+00:00
[2024-03-24T18:50:54.835+0000] {processor.py:183} INFO - Processing /home/airflow/.local/lib/python3.8/site-packages/airflow/example_dags/example_branch_python_dop_operator_3.py took 0.063 seconds
[2024-03-24T18:51:25.430+0000] {processor.py:161} INFO - Started process (PID=115) to work on /home/airflow/.local/lib/python3.8/site-packages/airflow/example_dags/example_branch_python_dop_operator_3.py
[2024-03-24T18:51:25.431+0000] {processor.py:830} INFO - Processing file /home/airflow/.local/lib/python3.8/site-packages/airflow/example_dags/example_branch_python_dop_operator_3.py for tasks to queue
[2024-03-24T18:51:25.432+0000] {logging_mixin.py:188} INFO - [2024-03-24T18:51:25.432+0000] {dagbag.py:540} INFO - Filling up the DagBag from /home/airflow/.local/lib/python3.8/site-packages/airflow/example_dags/example_branch_python_dop_operator_3.py
[2024-03-24T18:51:25.439+0000] {processor.py:840} INFO - DAG(s) 'example_branch_dop_operator_v3' retrieved from /home/airflow/.local/lib/python3.8/site-packages/airflow/example_dags/example_branch_python_dop_operator_3.py
[2024-03-24T18:51:25.512+0000] {logging_mixin.py:188} INFO - [2024-03-24T18:51:25.512+0000] {dag.py:3047} INFO - Sync 1 DAGs
[2024-03-24T18:51:25.535+0000] {logging_mixin.py:188} INFO - [2024-03-24T18:51:25.535+0000] {dag.py:3834} INFO - Setting next_dagrun for example_branch_dop_operator_v3 to 2024-03-24 18:50:00+00:00, run_after=2024-03-24 18:51:00+00:00
[2024-03-24T18:51:25.551+0000] {processor.py:183} INFO - Processing /home/airflow/.local/lib/python3.8/site-packages/airflow/example_dags/example_branch_python_dop_operator_3.py took 0.123 seconds
[2024-03-24T18:55:21.714+0000] {processor.py:161} INFO - Started process (PID=69) to work on /home/airflow/.local/lib/python3.8/site-packages/airflow/example_dags/example_branch_python_dop_operator_3.py
[2024-03-24T18:55:21.714+0000] {processor.py:830} INFO - Processing file /home/airflow/.local/lib/python3.8/site-packages/airflow/example_dags/example_branch_python_dop_operator_3.py for tasks to queue
[2024-03-24T18:55:21.716+0000] {logging_mixin.py:188} INFO - [2024-03-24T18:55:21.716+0000] {dagbag.py:540} INFO - Filling up the DagBag from /home/airflow/.local/lib/python3.8/site-packages/airflow/example_dags/example_branch_python_dop_operator_3.py
[2024-03-24T18:55:21.725+0000] {processor.py:840} INFO - DAG(s) 'example_branch_dop_operator_v3' retrieved from /home/airflow/.local/lib/python3.8/site-packages/airflow/example_dags/example_branch_python_dop_operator_3.py
[2024-03-24T18:55:21.736+0000] {logging_mixin.py:188} INFO - [2024-03-24T18:55:21.735+0000] {dag.py:3047} INFO - Sync 1 DAGs
[2024-03-24T18:55:21.758+0000] {logging_mixin.py:188} INFO - [2024-03-24T18:55:21.758+0000] {dag.py:3834} INFO - Setting next_dagrun for example_branch_dop_operator_v3 to 2024-03-24 18:54:00+00:00, run_after=2024-03-24 18:55:00+00:00
[2024-03-24T18:55:21.773+0000] {processor.py:183} INFO - Processing /home/airflow/.local/lib/python3.8/site-packages/airflow/example_dags/example_branch_python_dop_operator_3.py took 0.061 seconds
[2024-03-24T18:55:52.488+0000] {processor.py:161} INFO - Started process (PID=137) to work on /home/airflow/.local/lib/python3.8/site-packages/airflow/example_dags/example_branch_python_dop_operator_3.py
[2024-03-24T18:55:52.490+0000] {processor.py:830} INFO - Processing file /home/airflow/.local/lib/python3.8/site-packages/airflow/example_dags/example_branch_python_dop_operator_3.py for tasks to queue
[2024-03-24T18:55:52.491+0000] {logging_mixin.py:188} INFO - [2024-03-24T18:55:52.491+0000] {dagbag.py:540} INFO - Filling up the DagBag from /home/airflow/.local/lib/python3.8/site-packages/airflow/example_dags/example_branch_python_dop_operator_3.py
[2024-03-24T18:55:52.497+0000] {processor.py:840} INFO - DAG(s) 'example_branch_dop_operator_v3' retrieved from /home/airflow/.local/lib/python3.8/site-packages/airflow/example_dags/example_branch_python_dop_operator_3.py
[2024-03-24T18:55:52.567+0000] {logging_mixin.py:188} INFO - [2024-03-24T18:55:52.566+0000] {dag.py:3047} INFO - Sync 1 DAGs
[2024-03-24T18:55:52.582+0000] {logging_mixin.py:188} INFO - [2024-03-24T18:55:52.582+0000] {dag.py:3834} INFO - Setting next_dagrun for example_branch_dop_operator_v3 to 2024-03-24 18:54:00+00:00, run_after=2024-03-24 18:55:00+00:00
[2024-03-24T18:55:52.594+0000] {processor.py:183} INFO - Processing /home/airflow/.local/lib/python3.8/site-packages/airflow/example_dags/example_branch_python_dop_operator_3.py took 0.108 seconds
[2024-03-24T18:58:37.450+0000] {processor.py:161} INFO - Started process (PID=69) to work on /home/airflow/.local/lib/python3.8/site-packages/airflow/example_dags/example_branch_python_dop_operator_3.py
[2024-03-24T18:58:37.451+0000] {processor.py:830} INFO - Processing file /home/airflow/.local/lib/python3.8/site-packages/airflow/example_dags/example_branch_python_dop_operator_3.py for tasks to queue
[2024-03-24T18:58:37.453+0000] {logging_mixin.py:188} INFO - [2024-03-24T18:58:37.452+0000] {dagbag.py:540} INFO - Filling up the DagBag from /home/airflow/.local/lib/python3.8/site-packages/airflow/example_dags/example_branch_python_dop_operator_3.py
[2024-03-24T18:58:37.462+0000] {processor.py:840} INFO - DAG(s) 'example_branch_dop_operator_v3' retrieved from /home/airflow/.local/lib/python3.8/site-packages/airflow/example_dags/example_branch_python_dop_operator_3.py
[2024-03-24T18:58:37.472+0000] {logging_mixin.py:188} INFO - [2024-03-24T18:58:37.472+0000] {dag.py:3047} INFO - Sync 1 DAGs
[2024-03-24T18:58:37.494+0000] {logging_mixin.py:188} INFO - [2024-03-24T18:58:37.494+0000] {dag.py:3834} INFO - Setting next_dagrun for example_branch_dop_operator_v3 to 2024-03-24 18:57:00+00:00, run_after=2024-03-24 18:58:00+00:00
[2024-03-24T18:58:37.509+0000] {processor.py:183} INFO - Processing /home/airflow/.local/lib/python3.8/site-packages/airflow/example_dags/example_branch_python_dop_operator_3.py took 0.061 seconds
[2024-03-24T18:59:08.126+0000] {processor.py:161} INFO - Started process (PID=137) to work on /home/airflow/.local/lib/python3.8/site-packages/airflow/example_dags/example_branch_python_dop_operator_3.py
[2024-03-24T18:59:08.127+0000] {processor.py:830} INFO - Processing file /home/airflow/.local/lib/python3.8/site-packages/airflow/example_dags/example_branch_python_dop_operator_3.py for tasks to queue
[2024-03-24T18:59:08.128+0000] {logging_mixin.py:188} INFO - [2024-03-24T18:59:08.128+0000] {dagbag.py:540} INFO - Filling up the DagBag from /home/airflow/.local/lib/python3.8/site-packages/airflow/example_dags/example_branch_python_dop_operator_3.py
[2024-03-24T18:59:08.134+0000] {processor.py:840} INFO - DAG(s) 'example_branch_dop_operator_v3' retrieved from /home/airflow/.local/lib/python3.8/site-packages/airflow/example_dags/example_branch_python_dop_operator_3.py
[2024-03-24T18:59:08.203+0000] {logging_mixin.py:188} INFO - [2024-03-24T18:59:08.203+0000] {dag.py:3047} INFO - Sync 1 DAGs
[2024-03-24T18:59:08.220+0000] {logging_mixin.py:188} INFO - [2024-03-24T18:59:08.219+0000] {dag.py:3834} INFO - Setting next_dagrun for example_branch_dop_operator_v3 to 2024-03-24 18:58:00+00:00, run_after=2024-03-24 18:59:00+00:00
[2024-03-24T18:59:08.232+0000] {processor.py:183} INFO - Processing /home/airflow/.local/lib/python3.8/site-packages/airflow/example_dags/example_branch_python_dop_operator_3.py took 0.108 seconds
[2024-03-24T18:59:38.858+0000] {processor.py:161} INFO - Started process (PID=192) to work on /home/airflow/.local/lib/python3.8/site-packages/airflow/example_dags/example_branch_python_dop_operator_3.py
[2024-03-24T18:59:38.858+0000] {processor.py:830} INFO - Processing file /home/airflow/.local/lib/python3.8/site-packages/airflow/example_dags/example_branch_python_dop_operator_3.py for tasks to queue
[2024-03-24T18:59:38.860+0000] {logging_mixin.py:188} INFO - [2024-03-24T18:59:38.859+0000] {dagbag.py:540} INFO - Filling up the DagBag from /home/airflow/.local/lib/python3.8/site-packages/airflow/example_dags/example_branch_python_dop_operator_3.py
[2024-03-24T18:59:38.866+0000] {processor.py:840} INFO - DAG(s) 'example_branch_dop_operator_v3' retrieved from /home/airflow/.local/lib/python3.8/site-packages/airflow/example_dags/example_branch_python_dop_operator_3.py
[2024-03-24T18:59:38.881+0000] {logging_mixin.py:188} INFO - [2024-03-24T18:59:38.881+0000] {dag.py:3047} INFO - Sync 1 DAGs
[2024-03-24T18:59:38.899+0000] {logging_mixin.py:188} INFO - [2024-03-24T18:59:38.898+0000] {dag.py:3834} INFO - Setting next_dagrun for example_branch_dop_operator_v3 to 2024-03-24 18:58:00+00:00, run_after=2024-03-24 18:59:00+00:00
[2024-03-24T18:59:38.910+0000] {processor.py:183} INFO - Processing /home/airflow/.local/lib/python3.8/site-packages/airflow/example_dags/example_branch_python_dop_operator_3.py took 0.055 seconds
[2024-03-24T19:00:09.451+0000] {processor.py:161} INFO - Started process (PID=260) to work on /home/airflow/.local/lib/python3.8/site-packages/airflow/example_dags/example_branch_python_dop_operator_3.py
[2024-03-24T19:00:09.452+0000] {processor.py:830} INFO - Processing file /home/airflow/.local/lib/python3.8/site-packages/airflow/example_dags/example_branch_python_dop_operator_3.py for tasks to queue
[2024-03-24T19:00:09.453+0000] {logging_mixin.py:188} INFO - [2024-03-24T19:00:09.453+0000] {dagbag.py:540} INFO - Filling up the DagBag from /home/airflow/.local/lib/python3.8/site-packages/airflow/example_dags/example_branch_python_dop_operator_3.py
[2024-03-24T19:00:09.459+0000] {processor.py:840} INFO - DAG(s) 'example_branch_dop_operator_v3' retrieved from /home/airflow/.local/lib/python3.8/site-packages/airflow/example_dags/example_branch_python_dop_operator_3.py
[2024-03-24T19:00:09.474+0000] {logging_mixin.py:188} INFO - [2024-03-24T19:00:09.474+0000] {dag.py:3047} INFO - Sync 1 DAGs
[2024-03-24T19:00:09.491+0000] {logging_mixin.py:188} INFO - [2024-03-24T19:00:09.491+0000] {dag.py:3834} INFO - Setting next_dagrun for example_branch_dop_operator_v3 to 2024-03-24 18:59:00+00:00, run_after=2024-03-24 19:00:00+00:00
[2024-03-24T19:00:09.503+0000] {processor.py:183} INFO - Processing /home/airflow/.local/lib/python3.8/site-packages/airflow/example_dags/example_branch_python_dop_operator_3.py took 0.054 seconds
[2024-03-24T19:14:47.091+0000] {processor.py:161} INFO - Started process (PID=69) to work on /home/airflow/.local/lib/python3.8/site-packages/airflow/example_dags/example_branch_python_dop_operator_3.py
[2024-03-24T19:14:47.092+0000] {processor.py:830} INFO - Processing file /home/airflow/.local/lib/python3.8/site-packages/airflow/example_dags/example_branch_python_dop_operator_3.py for tasks to queue
[2024-03-24T19:14:47.093+0000] {logging_mixin.py:188} INFO - [2024-03-24T19:14:47.093+0000] {dagbag.py:540} INFO - Filling up the DagBag from /home/airflow/.local/lib/python3.8/site-packages/airflow/example_dags/example_branch_python_dop_operator_3.py
[2024-03-24T19:14:47.102+0000] {processor.py:840} INFO - DAG(s) 'example_branch_dop_operator_v3' retrieved from /home/airflow/.local/lib/python3.8/site-packages/airflow/example_dags/example_branch_python_dop_operator_3.py
[2024-03-24T19:14:47.112+0000] {logging_mixin.py:188} INFO - [2024-03-24T19:14:47.111+0000] {dag.py:3047} INFO - Sync 1 DAGs
[2024-03-24T19:14:47.133+0000] {logging_mixin.py:188} INFO - [2024-03-24T19:14:47.133+0000] {dag.py:3834} INFO - Setting next_dagrun for example_branch_dop_operator_v3 to 2024-03-24 19:13:00+00:00, run_after=2024-03-24 19:14:00+00:00
[2024-03-24T19:14:47.147+0000] {processor.py:183} INFO - Processing /home/airflow/.local/lib/python3.8/site-packages/airflow/example_dags/example_branch_python_dop_operator_3.py took 0.058 seconds
[2024-03-24T19:15:17.872+0000] {processor.py:161} INFO - Started process (PID=137) to work on /home/airflow/.local/lib/python3.8/site-packages/airflow/example_dags/example_branch_python_dop_operator_3.py
[2024-03-24T19:15:17.873+0000] {processor.py:830} INFO - Processing file /home/airflow/.local/lib/python3.8/site-packages/airflow/example_dags/example_branch_python_dop_operator_3.py for tasks to queue
[2024-03-24T19:15:17.875+0000] {logging_mixin.py:188} INFO - [2024-03-24T19:15:17.874+0000] {dagbag.py:540} INFO - Filling up the DagBag from /home/airflow/.local/lib/python3.8/site-packages/airflow/example_dags/example_branch_python_dop_operator_3.py
[2024-03-24T19:15:17.884+0000] {processor.py:840} INFO - DAG(s) 'example_branch_dop_operator_v3' retrieved from /home/airflow/.local/lib/python3.8/site-packages/airflow/example_dags/example_branch_python_dop_operator_3.py
[2024-03-24T19:15:17.978+0000] {logging_mixin.py:188} INFO - [2024-03-24T19:15:17.978+0000] {dag.py:3047} INFO - Sync 1 DAGs
[2024-03-24T19:15:17.999+0000] {logging_mixin.py:188} INFO - [2024-03-24T19:15:17.998+0000] {dag.py:3834} INFO - Setting next_dagrun for example_branch_dop_operator_v3 to 2024-03-24 19:14:00+00:00, run_after=2024-03-24 19:15:00+00:00
[2024-03-24T19:15:18.013+0000] {processor.py:183} INFO - Processing /home/airflow/.local/lib/python3.8/site-packages/airflow/example_dags/example_branch_python_dop_operator_3.py took 0.144 seconds
