[2024-03-24T18:50:54.388+0000] {processor.py:161} INFO - Started process (PID=49) to work on /home/airflow/.local/lib/python3.8/site-packages/airflow/example_dags/example_branch_operator.py
[2024-03-24T18:50:54.389+0000] {processor.py:830} INFO - Processing file /home/airflow/.local/lib/python3.8/site-packages/airflow/example_dags/example_branch_operator.py for tasks to queue
[2024-03-24T18:50:54.390+0000] {logging_mixin.py:188} INFO - [2024-03-24T18:50:54.390+0000] {dagbag.py:540} INFO - Filling up the DagBag from /home/airflow/.local/lib/python3.8/site-packages/airflow/example_dags/example_branch_operator.py
[2024-03-24T18:50:54.406+0000] {processor.py:840} INFO - DAG(s) 'example_branch_operator' retrieved from /home/airflow/.local/lib/python3.8/site-packages/airflow/example_dags/example_branch_operator.py
[2024-03-24T18:50:54.419+0000] {logging_mixin.py:188} INFO - [2024-03-24T18:50:54.418+0000] {dag.py:3047} INFO - Sync 1 DAGs
[2024-03-24T18:50:54.443+0000] {logging_mixin.py:188} INFO - [2024-03-24T18:50:54.443+0000] {dag.py:3834} INFO - Setting next_dagrun for example_branch_operator to 2024-03-23 00:00:00+00:00, run_after=2024-03-24 00:00:00+00:00
[2024-03-24T18:50:54.461+0000] {processor.py:183} INFO - Processing /home/airflow/.local/lib/python3.8/site-packages/airflow/example_dags/example_branch_operator.py took 0.076 seconds
[2024-03-24T18:51:24.838+0000] {processor.py:161} INFO - Started process (PID=106) to work on /home/airflow/.local/lib/python3.8/site-packages/airflow/example_dags/example_branch_operator.py
[2024-03-24T18:51:24.839+0000] {processor.py:830} INFO - Processing file /home/airflow/.local/lib/python3.8/site-packages/airflow/example_dags/example_branch_operator.py for tasks to queue
[2024-03-24T18:51:24.840+0000] {logging_mixin.py:188} INFO - [2024-03-24T18:51:24.840+0000] {dagbag.py:540} INFO - Filling up the DagBag from /home/airflow/.local/lib/python3.8/site-packages/airflow/example_dags/example_branch_operator.py
[2024-03-24T18:51:24.851+0000] {processor.py:840} INFO - DAG(s) 'example_branch_operator' retrieved from /home/airflow/.local/lib/python3.8/site-packages/airflow/example_dags/example_branch_operator.py
[2024-03-24T18:51:24.925+0000] {logging_mixin.py:188} INFO - [2024-03-24T18:51:24.925+0000] {dag.py:3047} INFO - Sync 1 DAGs
[2024-03-24T18:51:24.939+0000] {logging_mixin.py:188} INFO - [2024-03-24T18:51:24.939+0000] {dag.py:3834} INFO - Setting next_dagrun for example_branch_operator to 2024-03-23 00:00:00+00:00, run_after=2024-03-24 00:00:00+00:00
[2024-03-24T18:51:24.952+0000] {processor.py:183} INFO - Processing /home/airflow/.local/lib/python3.8/site-packages/airflow/example_dags/example_branch_operator.py took 0.117 seconds
[2024-03-24T18:55:21.064+0000] {processor.py:161} INFO - Started process (PID=49) to work on /home/airflow/.local/lib/python3.8/site-packages/airflow/example_dags/example_branch_operator.py
[2024-03-24T18:55:21.065+0000] {processor.py:830} INFO - Processing file /home/airflow/.local/lib/python3.8/site-packages/airflow/example_dags/example_branch_operator.py for tasks to queue
[2024-03-24T18:55:21.066+0000] {logging_mixin.py:188} INFO - [2024-03-24T18:55:21.066+0000] {dagbag.py:540} INFO - Filling up the DagBag from /home/airflow/.local/lib/python3.8/site-packages/airflow/example_dags/example_branch_operator.py
[2024-03-24T18:55:21.082+0000] {processor.py:840} INFO - DAG(s) 'example_branch_operator' retrieved from /home/airflow/.local/lib/python3.8/site-packages/airflow/example_dags/example_branch_operator.py
[2024-03-24T18:55:21.094+0000] {logging_mixin.py:188} INFO - [2024-03-24T18:55:21.094+0000] {dag.py:3047} INFO - Sync 1 DAGs
[2024-03-24T18:55:21.118+0000] {logging_mixin.py:188} INFO - [2024-03-24T18:55:21.118+0000] {dag.py:3834} INFO - Setting next_dagrun for example_branch_operator to 2024-03-23 00:00:00+00:00, run_after=2024-03-24 00:00:00+00:00
[2024-03-24T18:55:21.141+0000] {processor.py:183} INFO - Processing /home/airflow/.local/lib/python3.8/site-packages/airflow/example_dags/example_branch_operator.py took 0.079 seconds
[2024-03-24T18:55:51.670+0000] {processor.py:161} INFO - Started process (PID=115) to work on /home/airflow/.local/lib/python3.8/site-packages/airflow/example_dags/example_branch_operator.py
[2024-03-24T18:55:51.671+0000] {processor.py:830} INFO - Processing file /home/airflow/.local/lib/python3.8/site-packages/airflow/example_dags/example_branch_operator.py for tasks to queue
[2024-03-24T18:55:51.672+0000] {logging_mixin.py:188} INFO - [2024-03-24T18:55:51.672+0000] {dagbag.py:540} INFO - Filling up the DagBag from /home/airflow/.local/lib/python3.8/site-packages/airflow/example_dags/example_branch_operator.py
[2024-03-24T18:55:51.684+0000] {processor.py:840} INFO - DAG(s) 'example_branch_operator' retrieved from /home/airflow/.local/lib/python3.8/site-packages/airflow/example_dags/example_branch_operator.py
[2024-03-24T18:55:51.756+0000] {logging_mixin.py:188} INFO - [2024-03-24T18:55:51.756+0000] {dag.py:3047} INFO - Sync 1 DAGs
[2024-03-24T18:55:51.770+0000] {logging_mixin.py:188} INFO - [2024-03-24T18:55:51.770+0000] {dag.py:3834} INFO - Setting next_dagrun for example_branch_operator to 2024-03-23 00:00:00+00:00, run_after=2024-03-24 00:00:00+00:00
[2024-03-24T18:55:51.783+0000] {processor.py:183} INFO - Processing /home/airflow/.local/lib/python3.8/site-packages/airflow/example_dags/example_branch_operator.py took 0.115 seconds
[2024-03-24T18:58:36.726+0000] {processor.py:161} INFO - Started process (PID=49) to work on /home/airflow/.local/lib/python3.8/site-packages/airflow/example_dags/example_branch_operator.py
[2024-03-24T18:58:36.727+0000] {processor.py:830} INFO - Processing file /home/airflow/.local/lib/python3.8/site-packages/airflow/example_dags/example_branch_operator.py for tasks to queue
[2024-03-24T18:58:36.729+0000] {logging_mixin.py:188} INFO - [2024-03-24T18:58:36.728+0000] {dagbag.py:540} INFO - Filling up the DagBag from /home/airflow/.local/lib/python3.8/site-packages/airflow/example_dags/example_branch_operator.py
[2024-03-24T18:58:36.743+0000] {processor.py:840} INFO - DAG(s) 'example_branch_operator' retrieved from /home/airflow/.local/lib/python3.8/site-packages/airflow/example_dags/example_branch_operator.py
[2024-03-24T18:58:36.755+0000] {logging_mixin.py:188} INFO - [2024-03-24T18:58:36.755+0000] {dag.py:3047} INFO - Sync 1 DAGs
[2024-03-24T18:58:36.772+0000] {logging_mixin.py:188} INFO - [2024-03-24T18:58:36.772+0000] {dag.py:3834} INFO - Setting next_dagrun for example_branch_operator to 2024-03-23 00:00:00+00:00, run_after=2024-03-24 00:00:00+00:00
[2024-03-24T18:58:36.785+0000] {processor.py:183} INFO - Processing /home/airflow/.local/lib/python3.8/site-packages/airflow/example_dags/example_branch_operator.py took 0.061 seconds
[2024-03-24T18:59:07.343+0000] {processor.py:161} INFO - Started process (PID=115) to work on /home/airflow/.local/lib/python3.8/site-packages/airflow/example_dags/example_branch_operator.py
[2024-03-24T18:59:07.344+0000] {processor.py:830} INFO - Processing file /home/airflow/.local/lib/python3.8/site-packages/airflow/example_dags/example_branch_operator.py for tasks to queue
[2024-03-24T18:59:07.345+0000] {logging_mixin.py:188} INFO - [2024-03-24T18:59:07.345+0000] {dagbag.py:540} INFO - Filling up the DagBag from /home/airflow/.local/lib/python3.8/site-packages/airflow/example_dags/example_branch_operator.py
[2024-03-24T18:59:07.357+0000] {processor.py:840} INFO - DAG(s) 'example_branch_operator' retrieved from /home/airflow/.local/lib/python3.8/site-packages/airflow/example_dags/example_branch_operator.py
[2024-03-24T18:59:07.430+0000] {logging_mixin.py:188} INFO - [2024-03-24T18:59:07.430+0000] {dag.py:3047} INFO - Sync 1 DAGs
[2024-03-24T18:59:07.445+0000] {logging_mixin.py:188} INFO - [2024-03-24T18:59:07.445+0000] {dag.py:3834} INFO - Setting next_dagrun for example_branch_operator to 2024-03-23 00:00:00+00:00, run_after=2024-03-24 00:00:00+00:00
[2024-03-24T18:59:07.457+0000] {processor.py:183} INFO - Processing /home/airflow/.local/lib/python3.8/site-packages/airflow/example_dags/example_branch_operator.py took 0.116 seconds
[2024-03-24T18:59:38.442+0000] {processor.py:161} INFO - Started process (PID=183) to work on /home/airflow/.local/lib/python3.8/site-packages/airflow/example_dags/example_branch_operator.py
[2024-03-24T18:59:38.443+0000] {processor.py:830} INFO - Processing file /home/airflow/.local/lib/python3.8/site-packages/airflow/example_dags/example_branch_operator.py for tasks to queue
[2024-03-24T18:59:38.444+0000] {logging_mixin.py:188} INFO - [2024-03-24T18:59:38.444+0000] {dagbag.py:540} INFO - Filling up the DagBag from /home/airflow/.local/lib/python3.8/site-packages/airflow/example_dags/example_branch_operator.py
[2024-03-24T18:59:38.456+0000] {processor.py:840} INFO - DAG(s) 'example_branch_operator' retrieved from /home/airflow/.local/lib/python3.8/site-packages/airflow/example_dags/example_branch_operator.py
[2024-03-24T18:59:38.476+0000] {logging_mixin.py:188} INFO - [2024-03-24T18:59:38.475+0000] {dag.py:3047} INFO - Sync 1 DAGs
[2024-03-24T18:59:38.491+0000] {logging_mixin.py:188} INFO - [2024-03-24T18:59:38.490+0000] {dag.py:3834} INFO - Setting next_dagrun for example_branch_operator to 2024-03-23 00:00:00+00:00, run_after=2024-03-24 00:00:00+00:00
[2024-03-24T18:59:38.502+0000] {processor.py:183} INFO - Processing /home/airflow/.local/lib/python3.8/site-packages/airflow/example_dags/example_branch_operator.py took 0.063 seconds
[2024-03-24T19:00:09.033+0000] {processor.py:161} INFO - Started process (PID=251) to work on /home/airflow/.local/lib/python3.8/site-packages/airflow/example_dags/example_branch_operator.py
[2024-03-24T19:00:09.041+0000] {processor.py:830} INFO - Processing file /home/airflow/.local/lib/python3.8/site-packages/airflow/example_dags/example_branch_operator.py for tasks to queue
[2024-03-24T19:00:09.043+0000] {logging_mixin.py:188} INFO - [2024-03-24T19:00:09.043+0000] {dagbag.py:540} INFO - Filling up the DagBag from /home/airflow/.local/lib/python3.8/site-packages/airflow/example_dags/example_branch_operator.py
[2024-03-24T19:00:09.056+0000] {processor.py:840} INFO - DAG(s) 'example_branch_operator' retrieved from /home/airflow/.local/lib/python3.8/site-packages/airflow/example_dags/example_branch_operator.py
[2024-03-24T19:00:09.075+0000] {logging_mixin.py:188} INFO - [2024-03-24T19:00:09.074+0000] {dag.py:3047} INFO - Sync 1 DAGs
[2024-03-24T19:00:09.089+0000] {logging_mixin.py:188} INFO - [2024-03-24T19:00:09.089+0000] {dag.py:3834} INFO - Setting next_dagrun for example_branch_operator to 2024-03-23 00:00:00+00:00, run_after=2024-03-24 00:00:00+00:00
[2024-03-24T19:00:09.100+0000] {processor.py:183} INFO - Processing /home/airflow/.local/lib/python3.8/site-packages/airflow/example_dags/example_branch_operator.py took 0.071 seconds
[2024-03-24T19:14:46.398+0000] {processor.py:161} INFO - Started process (PID=49) to work on /home/airflow/.local/lib/python3.8/site-packages/airflow/example_dags/example_branch_operator.py
[2024-03-24T19:14:46.399+0000] {processor.py:830} INFO - Processing file /home/airflow/.local/lib/python3.8/site-packages/airflow/example_dags/example_branch_operator.py for tasks to queue
[2024-03-24T19:14:46.400+0000] {logging_mixin.py:188} INFO - [2024-03-24T19:14:46.400+0000] {dagbag.py:540} INFO - Filling up the DagBag from /home/airflow/.local/lib/python3.8/site-packages/airflow/example_dags/example_branch_operator.py
[2024-03-24T19:14:46.416+0000] {processor.py:840} INFO - DAG(s) 'example_branch_operator' retrieved from /home/airflow/.local/lib/python3.8/site-packages/airflow/example_dags/example_branch_operator.py
[2024-03-24T19:14:46.428+0000] {logging_mixin.py:188} INFO - [2024-03-24T19:14:46.427+0000] {dag.py:3047} INFO - Sync 1 DAGs
[2024-03-24T19:14:46.446+0000] {logging_mixin.py:188} INFO - [2024-03-24T19:14:46.446+0000] {dag.py:3834} INFO - Setting next_dagrun for example_branch_operator to 2024-03-23 00:00:00+00:00, run_after=2024-03-24 00:00:00+00:00
[2024-03-24T19:14:46.461+0000] {processor.py:183} INFO - Processing /home/airflow/.local/lib/python3.8/site-packages/airflow/example_dags/example_branch_operator.py took 0.064 seconds
[2024-03-24T19:15:17.064+0000] {processor.py:161} INFO - Started process (PID=115) to work on /home/airflow/.local/lib/python3.8/site-packages/airflow/example_dags/example_branch_operator.py
[2024-03-24T19:15:17.065+0000] {processor.py:830} INFO - Processing file /home/airflow/.local/lib/python3.8/site-packages/airflow/example_dags/example_branch_operator.py for tasks to queue
[2024-03-24T19:15:17.066+0000] {logging_mixin.py:188} INFO - [2024-03-24T19:15:17.065+0000] {dagbag.py:540} INFO - Filling up the DagBag from /home/airflow/.local/lib/python3.8/site-packages/airflow/example_dags/example_branch_operator.py
[2024-03-24T19:15:17.078+0000] {processor.py:840} INFO - DAG(s) 'example_branch_operator' retrieved from /home/airflow/.local/lib/python3.8/site-packages/airflow/example_dags/example_branch_operator.py
[2024-03-24T19:15:17.152+0000] {logging_mixin.py:188} INFO - [2024-03-24T19:15:17.151+0000] {dag.py:3047} INFO - Sync 1 DAGs
[2024-03-24T19:15:17.165+0000] {logging_mixin.py:188} INFO - [2024-03-24T19:15:17.165+0000] {dag.py:3834} INFO - Setting next_dagrun for example_branch_operator to 2024-03-23 00:00:00+00:00, run_after=2024-03-24 00:00:00+00:00
[2024-03-24T19:15:17.186+0000] {processor.py:183} INFO - Processing /home/airflow/.local/lib/python3.8/site-packages/airflow/example_dags/example_branch_operator.py took 0.124 seconds
