[2024-03-24T18:50:55.262+0000] {processor.py:161} INFO - Started process (PID=70) to work on /home/airflow/.local/lib/python3.8/site-packages/airflow/example_dags/example_branch_labels.py
[2024-03-24T18:50:55.262+0000] {processor.py:830} INFO - Processing file /home/airflow/.local/lib/python3.8/site-packages/airflow/example_dags/example_branch_labels.py for tasks to queue
[2024-03-24T18:50:55.264+0000] {logging_mixin.py:188} INFO - [2024-03-24T18:50:55.263+0000] {dagbag.py:540} INFO - Filling up the DagBag from /home/airflow/.local/lib/python3.8/site-packages/airflow/example_dags/example_branch_labels.py
[2024-03-24T18:50:55.272+0000] {processor.py:840} INFO - DAG(s) 'example_branch_labels' retrieved from /home/airflow/.local/lib/python3.8/site-packages/airflow/example_dags/example_branch_labels.py
[2024-03-24T18:50:55.282+0000] {logging_mixin.py:188} INFO - [2024-03-24T18:50:55.282+0000] {dag.py:3047} INFO - Sync 1 DAGs
[2024-03-24T18:50:55.306+0000] {logging_mixin.py:188} INFO - [2024-03-24T18:50:55.306+0000] {dag.py:3834} INFO - Setting next_dagrun for example_branch_labels to 2024-03-23 00:00:00+00:00, run_after=2024-03-24 00:00:00+00:00
[2024-03-24T18:50:55.322+0000] {processor.py:183} INFO - Processing /home/airflow/.local/lib/python3.8/site-packages/airflow/example_dags/example_branch_labels.py took 0.063 seconds
[2024-03-24T18:51:26.203+0000] {processor.py:161} INFO - Started process (PID=127) to work on /home/airflow/.local/lib/python3.8/site-packages/airflow/example_dags/example_branch_labels.py
[2024-03-24T18:51:26.204+0000] {processor.py:830} INFO - Processing file /home/airflow/.local/lib/python3.8/site-packages/airflow/example_dags/example_branch_labels.py for tasks to queue
[2024-03-24T18:51:26.205+0000] {logging_mixin.py:188} INFO - [2024-03-24T18:51:26.205+0000] {dagbag.py:540} INFO - Filling up the DagBag from /home/airflow/.local/lib/python3.8/site-packages/airflow/example_dags/example_branch_labels.py
[2024-03-24T18:51:26.211+0000] {processor.py:840} INFO - DAG(s) 'example_branch_labels' retrieved from /home/airflow/.local/lib/python3.8/site-packages/airflow/example_dags/example_branch_labels.py
[2024-03-24T18:51:26.282+0000] {logging_mixin.py:188} INFO - [2024-03-24T18:51:26.282+0000] {dag.py:3047} INFO - Sync 1 DAGs
[2024-03-24T18:51:26.296+0000] {logging_mixin.py:188} INFO - [2024-03-24T18:51:26.296+0000] {dag.py:3834} INFO - Setting next_dagrun for example_branch_labels to 2024-03-23 00:00:00+00:00, run_after=2024-03-24 00:00:00+00:00
[2024-03-24T18:51:26.308+0000] {processor.py:183} INFO - Processing /home/airflow/.local/lib/python3.8/site-packages/airflow/example_dags/example_branch_labels.py took 0.106 seconds
[2024-03-24T18:55:22.167+0000] {processor.py:161} INFO - Started process (PID=81) to work on /home/airflow/.local/lib/python3.8/site-packages/airflow/example_dags/example_branch_labels.py
[2024-03-24T18:55:22.168+0000] {processor.py:830} INFO - Processing file /home/airflow/.local/lib/python3.8/site-packages/airflow/example_dags/example_branch_labels.py for tasks to queue
[2024-03-24T18:55:22.169+0000] {logging_mixin.py:188} INFO - [2024-03-24T18:55:22.169+0000] {dagbag.py:540} INFO - Filling up the DagBag from /home/airflow/.local/lib/python3.8/site-packages/airflow/example_dags/example_branch_labels.py
[2024-03-24T18:55:22.178+0000] {processor.py:840} INFO - DAG(s) 'example_branch_labels' retrieved from /home/airflow/.local/lib/python3.8/site-packages/airflow/example_dags/example_branch_labels.py
[2024-03-24T18:55:22.188+0000] {logging_mixin.py:188} INFO - [2024-03-24T18:55:22.188+0000] {dag.py:3047} INFO - Sync 1 DAGs
[2024-03-24T18:55:22.206+0000] {logging_mixin.py:188} INFO - [2024-03-24T18:55:22.205+0000] {dag.py:3834} INFO - Setting next_dagrun for example_branch_labels to 2024-03-23 00:00:00+00:00, run_after=2024-03-24 00:00:00+00:00
[2024-03-24T18:55:22.218+0000] {processor.py:183} INFO - Processing /home/airflow/.local/lib/python3.8/site-packages/airflow/example_dags/example_branch_labels.py took 0.054 seconds
[2024-03-24T18:55:53.492+0000] {processor.py:161} INFO - Started process (PID=149) to work on /home/airflow/.local/lib/python3.8/site-packages/airflow/example_dags/example_branch_labels.py
[2024-03-24T18:55:53.492+0000] {processor.py:830} INFO - Processing file /home/airflow/.local/lib/python3.8/site-packages/airflow/example_dags/example_branch_labels.py for tasks to queue
[2024-03-24T18:55:53.493+0000] {logging_mixin.py:188} INFO - [2024-03-24T18:55:53.493+0000] {dagbag.py:540} INFO - Filling up the DagBag from /home/airflow/.local/lib/python3.8/site-packages/airflow/example_dags/example_branch_labels.py
[2024-03-24T18:55:53.499+0000] {processor.py:840} INFO - DAG(s) 'example_branch_labels' retrieved from /home/airflow/.local/lib/python3.8/site-packages/airflow/example_dags/example_branch_labels.py
[2024-03-24T18:55:53.569+0000] {logging_mixin.py:188} INFO - [2024-03-24T18:55:53.569+0000] {dag.py:3047} INFO - Sync 1 DAGs
[2024-03-24T18:55:53.582+0000] {logging_mixin.py:188} INFO - [2024-03-24T18:55:53.582+0000] {dag.py:3834} INFO - Setting next_dagrun for example_branch_labels to 2024-03-23 00:00:00+00:00, run_after=2024-03-24 00:00:00+00:00
[2024-03-24T18:55:53.594+0000] {processor.py:183} INFO - Processing /home/airflow/.local/lib/python3.8/site-packages/airflow/example_dags/example_branch_labels.py took 0.104 seconds
[2024-03-24T18:58:37.906+0000] {processor.py:161} INFO - Started process (PID=81) to work on /home/airflow/.local/lib/python3.8/site-packages/airflow/example_dags/example_branch_labels.py
[2024-03-24T18:58:37.907+0000] {processor.py:830} INFO - Processing file /home/airflow/.local/lib/python3.8/site-packages/airflow/example_dags/example_branch_labels.py for tasks to queue
[2024-03-24T18:58:37.909+0000] {logging_mixin.py:188} INFO - [2024-03-24T18:58:37.908+0000] {dagbag.py:540} INFO - Filling up the DagBag from /home/airflow/.local/lib/python3.8/site-packages/airflow/example_dags/example_branch_labels.py
[2024-03-24T18:58:37.917+0000] {processor.py:840} INFO - DAG(s) 'example_branch_labels' retrieved from /home/airflow/.local/lib/python3.8/site-packages/airflow/example_dags/example_branch_labels.py
[2024-03-24T18:58:37.927+0000] {logging_mixin.py:188} INFO - [2024-03-24T18:58:37.926+0000] {dag.py:3047} INFO - Sync 1 DAGs
[2024-03-24T18:58:37.945+0000] {logging_mixin.py:188} INFO - [2024-03-24T18:58:37.945+0000] {dag.py:3834} INFO - Setting next_dagrun for example_branch_labels to 2024-03-23 00:00:00+00:00, run_after=2024-03-24 00:00:00+00:00
[2024-03-24T18:58:37.958+0000] {processor.py:183} INFO - Processing /home/airflow/.local/lib/python3.8/site-packages/airflow/example_dags/example_branch_labels.py took 0.054 seconds
[2024-03-24T18:59:09.002+0000] {processor.py:161} INFO - Started process (PID=149) to work on /home/airflow/.local/lib/python3.8/site-packages/airflow/example_dags/example_branch_labels.py
[2024-03-24T18:59:09.002+0000] {processor.py:830} INFO - Processing file /home/airflow/.local/lib/python3.8/site-packages/airflow/example_dags/example_branch_labels.py for tasks to queue
[2024-03-24T18:59:09.004+0000] {logging_mixin.py:188} INFO - [2024-03-24T18:59:09.003+0000] {dagbag.py:540} INFO - Filling up the DagBag from /home/airflow/.local/lib/python3.8/site-packages/airflow/example_dags/example_branch_labels.py
[2024-03-24T18:59:09.009+0000] {processor.py:840} INFO - DAG(s) 'example_branch_labels' retrieved from /home/airflow/.local/lib/python3.8/site-packages/airflow/example_dags/example_branch_labels.py
[2024-03-24T18:59:09.079+0000] {logging_mixin.py:188} INFO - [2024-03-24T18:59:09.079+0000] {dag.py:3047} INFO - Sync 1 DAGs
[2024-03-24T18:59:09.094+0000] {logging_mixin.py:188} INFO - [2024-03-24T18:59:09.093+0000] {dag.py:3834} INFO - Setting next_dagrun for example_branch_labels to 2024-03-23 00:00:00+00:00, run_after=2024-03-24 00:00:00+00:00
[2024-03-24T18:59:09.106+0000] {processor.py:183} INFO - Processing /home/airflow/.local/lib/python3.8/site-packages/airflow/example_dags/example_branch_labels.py took 0.107 seconds
[2024-03-24T18:59:39.931+0000] {processor.py:161} INFO - Started process (PID=217) to work on /home/airflow/.local/lib/python3.8/site-packages/airflow/example_dags/example_branch_labels.py
[2024-03-24T18:59:39.932+0000] {processor.py:830} INFO - Processing file /home/airflow/.local/lib/python3.8/site-packages/airflow/example_dags/example_branch_labels.py for tasks to queue
[2024-03-24T18:59:39.933+0000] {logging_mixin.py:188} INFO - [2024-03-24T18:59:39.933+0000] {dagbag.py:540} INFO - Filling up the DagBag from /home/airflow/.local/lib/python3.8/site-packages/airflow/example_dags/example_branch_labels.py
[2024-03-24T18:59:39.939+0000] {processor.py:840} INFO - DAG(s) 'example_branch_labels' retrieved from /home/airflow/.local/lib/python3.8/site-packages/airflow/example_dags/example_branch_labels.py
[2024-03-24T18:59:39.954+0000] {logging_mixin.py:188} INFO - [2024-03-24T18:59:39.954+0000] {dag.py:3047} INFO - Sync 1 DAGs
[2024-03-24T18:59:39.969+0000] {logging_mixin.py:188} INFO - [2024-03-24T18:59:39.969+0000] {dag.py:3834} INFO - Setting next_dagrun for example_branch_labels to 2024-03-23 00:00:00+00:00, run_after=2024-03-24 00:00:00+00:00
[2024-03-24T18:59:39.981+0000] {processor.py:183} INFO - Processing /home/airflow/.local/lib/python3.8/site-packages/airflow/example_dags/example_branch_labels.py took 0.052 seconds
[2024-03-24T19:00:11.160+0000] {processor.py:161} INFO - Started process (PID=285) to work on /home/airflow/.local/lib/python3.8/site-packages/airflow/example_dags/example_branch_labels.py
[2024-03-24T19:00:11.161+0000] {processor.py:830} INFO - Processing file /home/airflow/.local/lib/python3.8/site-packages/airflow/example_dags/example_branch_labels.py for tasks to queue
[2024-03-24T19:00:11.162+0000] {logging_mixin.py:188} INFO - [2024-03-24T19:00:11.162+0000] {dagbag.py:540} INFO - Filling up the DagBag from /home/airflow/.local/lib/python3.8/site-packages/airflow/example_dags/example_branch_labels.py
[2024-03-24T19:00:11.168+0000] {processor.py:840} INFO - DAG(s) 'example_branch_labels' retrieved from /home/airflow/.local/lib/python3.8/site-packages/airflow/example_dags/example_branch_labels.py
[2024-03-24T19:00:11.184+0000] {logging_mixin.py:188} INFO - [2024-03-24T19:00:11.183+0000] {dag.py:3047} INFO - Sync 1 DAGs
[2024-03-24T19:00:11.199+0000] {logging_mixin.py:188} INFO - [2024-03-24T19:00:11.199+0000] {dag.py:3834} INFO - Setting next_dagrun for example_branch_labels to 2024-03-23 00:00:00+00:00, run_after=2024-03-24 00:00:00+00:00
[2024-03-24T19:00:11.210+0000] {processor.py:183} INFO - Processing /home/airflow/.local/lib/python3.8/site-packages/airflow/example_dags/example_branch_labels.py took 0.052 seconds
[2024-03-24T19:14:47.540+0000] {processor.py:161} INFO - Started process (PID=81) to work on /home/airflow/.local/lib/python3.8/site-packages/airflow/example_dags/example_branch_labels.py
[2024-03-24T19:14:47.541+0000] {processor.py:830} INFO - Processing file /home/airflow/.local/lib/python3.8/site-packages/airflow/example_dags/example_branch_labels.py for tasks to queue
[2024-03-24T19:14:47.542+0000] {logging_mixin.py:188} INFO - [2024-03-24T19:14:47.542+0000] {dagbag.py:540} INFO - Filling up the DagBag from /home/airflow/.local/lib/python3.8/site-packages/airflow/example_dags/example_branch_labels.py
[2024-03-24T19:14:47.550+0000] {processor.py:840} INFO - DAG(s) 'example_branch_labels' retrieved from /home/airflow/.local/lib/python3.8/site-packages/airflow/example_dags/example_branch_labels.py
[2024-03-24T19:14:47.559+0000] {logging_mixin.py:188} INFO - [2024-03-24T19:14:47.559+0000] {dag.py:3047} INFO - Sync 1 DAGs
[2024-03-24T19:14:47.576+0000] {logging_mixin.py:188} INFO - [2024-03-24T19:14:47.576+0000] {dag.py:3834} INFO - Setting next_dagrun for example_branch_labels to 2024-03-23 00:00:00+00:00, run_after=2024-03-24 00:00:00+00:00
[2024-03-24T19:14:47.591+0000] {processor.py:183} INFO - Processing /home/airflow/.local/lib/python3.8/site-packages/airflow/example_dags/example_branch_labels.py took 0.054 seconds
[2024-03-24T19:15:18.915+0000] {processor.py:161} INFO - Started process (PID=149) to work on /home/airflow/.local/lib/python3.8/site-packages/airflow/example_dags/example_branch_labels.py
[2024-03-24T19:15:18.915+0000] {processor.py:830} INFO - Processing file /home/airflow/.local/lib/python3.8/site-packages/airflow/example_dags/example_branch_labels.py for tasks to queue
[2024-03-24T19:15:18.916+0000] {logging_mixin.py:188} INFO - [2024-03-24T19:15:18.916+0000] {dagbag.py:540} INFO - Filling up the DagBag from /home/airflow/.local/lib/python3.8/site-packages/airflow/example_dags/example_branch_labels.py
[2024-03-24T19:15:18.922+0000] {processor.py:840} INFO - DAG(s) 'example_branch_labels' retrieved from /home/airflow/.local/lib/python3.8/site-packages/airflow/example_dags/example_branch_labels.py
[2024-03-24T19:15:18.996+0000] {logging_mixin.py:188} INFO - [2024-03-24T19:15:18.996+0000] {dag.py:3047} INFO - Sync 1 DAGs
[2024-03-24T19:15:19.017+0000] {logging_mixin.py:188} INFO - [2024-03-24T19:15:19.016+0000] {dag.py:3834} INFO - Setting next_dagrun for example_branch_labels to 2024-03-23 00:00:00+00:00, run_after=2024-03-24 00:00:00+00:00
[2024-03-24T19:15:19.033+0000] {processor.py:183} INFO - Processing /home/airflow/.local/lib/python3.8/site-packages/airflow/example_dags/example_branch_labels.py took 0.120 seconds
