[2024-03-24T18:50:54.763+0000] {processor.py:161} INFO - Started process (PID=57) to work on /home/airflow/.local/lib/python3.8/site-packages/airflow/example_dags/example_short_circuit_operator.py
[2024-03-24T18:50:54.764+0000] {processor.py:830} INFO - Processing file /home/airflow/.local/lib/python3.8/site-packages/airflow/example_dags/example_short_circuit_operator.py for tasks to queue
[2024-03-24T18:50:54.765+0000] {logging_mixin.py:188} INFO - [2024-03-24T18:50:54.765+0000] {dagbag.py:540} INFO - Filling up the DagBag from /home/airflow/.local/lib/python3.8/site-packages/airflow/example_dags/example_short_circuit_operator.py
[2024-03-24T18:50:54.774+0000] {processor.py:840} INFO - DAG(s) 'example_short_circuit_operator' retrieved from /home/airflow/.local/lib/python3.8/site-packages/airflow/example_dags/example_short_circuit_operator.py
[2024-03-24T18:50:54.785+0000] {logging_mixin.py:188} INFO - [2024-03-24T18:50:54.785+0000] {dag.py:3047} INFO - Sync 1 DAGs
[2024-03-24T18:50:54.801+0000] {logging_mixin.py:188} INFO - [2024-03-24T18:50:54.801+0000] {dag.py:3834} INFO - Setting next_dagrun for example_short_circuit_operator to 2024-03-23 00:00:00+00:00, run_after=2024-03-24 00:00:00+00:00
[2024-03-24T18:50:54.814+0000] {processor.py:183} INFO - Processing /home/airflow/.local/lib/python3.8/site-packages/airflow/example_dags/example_short_circuit_operator.py took 0.054 seconds
[2024-03-24T18:51:25.374+0000] {processor.py:161} INFO - Started process (PID=114) to work on /home/airflow/.local/lib/python3.8/site-packages/airflow/example_dags/example_short_circuit_operator.py
[2024-03-24T18:51:25.375+0000] {processor.py:830} INFO - Processing file /home/airflow/.local/lib/python3.8/site-packages/airflow/example_dags/example_short_circuit_operator.py for tasks to queue
[2024-03-24T18:51:25.376+0000] {logging_mixin.py:188} INFO - [2024-03-24T18:51:25.376+0000] {dagbag.py:540} INFO - Filling up the DagBag from /home/airflow/.local/lib/python3.8/site-packages/airflow/example_dags/example_short_circuit_operator.py
[2024-03-24T18:51:25.382+0000] {processor.py:840} INFO - DAG(s) 'example_short_circuit_operator' retrieved from /home/airflow/.local/lib/python3.8/site-packages/airflow/example_dags/example_short_circuit_operator.py
[2024-03-24T18:51:25.454+0000] {logging_mixin.py:188} INFO - [2024-03-24T18:51:25.453+0000] {dag.py:3047} INFO - Sync 1 DAGs
[2024-03-24T18:51:25.467+0000] {logging_mixin.py:188} INFO - [2024-03-24T18:51:25.466+0000] {dag.py:3834} INFO - Setting next_dagrun for example_short_circuit_operator to 2024-03-23 00:00:00+00:00, run_after=2024-03-24 00:00:00+00:00
[2024-03-24T18:51:25.478+0000] {processor.py:183} INFO - Processing /home/airflow/.local/lib/python3.8/site-packages/airflow/example_dags/example_short_circuit_operator.py took 0.107 seconds
[2024-03-24T18:55:21.673+0000] {processor.py:161} INFO - Started process (PID=68) to work on /home/airflow/.local/lib/python3.8/site-packages/airflow/example_dags/example_short_circuit_operator.py
[2024-03-24T18:55:21.674+0000] {processor.py:830} INFO - Processing file /home/airflow/.local/lib/python3.8/site-packages/airflow/example_dags/example_short_circuit_operator.py for tasks to queue
[2024-03-24T18:55:21.675+0000] {logging_mixin.py:188} INFO - [2024-03-24T18:55:21.675+0000] {dagbag.py:540} INFO - Filling up the DagBag from /home/airflow/.local/lib/python3.8/site-packages/airflow/example_dags/example_short_circuit_operator.py
[2024-03-24T18:55:21.683+0000] {processor.py:840} INFO - DAG(s) 'example_short_circuit_operator' retrieved from /home/airflow/.local/lib/python3.8/site-packages/airflow/example_dags/example_short_circuit_operator.py
[2024-03-24T18:55:21.693+0000] {logging_mixin.py:188} INFO - [2024-03-24T18:55:21.693+0000] {dag.py:3047} INFO - Sync 1 DAGs
[2024-03-24T18:55:21.710+0000] {logging_mixin.py:188} INFO - [2024-03-24T18:55:21.710+0000] {dag.py:3834} INFO - Setting next_dagrun for example_short_circuit_operator to 2024-03-23 00:00:00+00:00, run_after=2024-03-24 00:00:00+00:00
[2024-03-24T18:55:21.724+0000] {processor.py:183} INFO - Processing /home/airflow/.local/lib/python3.8/site-packages/airflow/example_dags/example_short_circuit_operator.py took 0.054 seconds
[2024-03-24T18:55:52.324+0000] {processor.py:161} INFO - Started process (PID=125) to work on /home/airflow/.local/lib/python3.8/site-packages/airflow/example_dags/example_short_circuit_operator.py
[2024-03-24T18:55:52.325+0000] {processor.py:830} INFO - Processing file /home/airflow/.local/lib/python3.8/site-packages/airflow/example_dags/example_short_circuit_operator.py for tasks to queue
[2024-03-24T18:55:52.326+0000] {logging_mixin.py:188} INFO - [2024-03-24T18:55:52.326+0000] {dagbag.py:540} INFO - Filling up the DagBag from /home/airflow/.local/lib/python3.8/site-packages/airflow/example_dags/example_short_circuit_operator.py
[2024-03-24T18:55:52.331+0000] {processor.py:840} INFO - DAG(s) 'example_short_circuit_operator' retrieved from /home/airflow/.local/lib/python3.8/site-packages/airflow/example_dags/example_short_circuit_operator.py
[2024-03-24T18:55:52.420+0000] {logging_mixin.py:188} INFO - [2024-03-24T18:55:52.419+0000] {dag.py:3047} INFO - Sync 1 DAGs
[2024-03-24T18:55:52.449+0000] {logging_mixin.py:188} INFO - [2024-03-24T18:55:52.449+0000] {dag.py:3834} INFO - Setting next_dagrun for example_short_circuit_operator to 2024-03-23 00:00:00+00:00, run_after=2024-03-24 00:00:00+00:00
[2024-03-24T18:55:52.466+0000] {processor.py:183} INFO - Processing /home/airflow/.local/lib/python3.8/site-packages/airflow/example_dags/example_short_circuit_operator.py took 0.144 seconds
[2024-03-24T18:58:37.378+0000] {processor.py:161} INFO - Started process (PID=68) to work on /home/airflow/.local/lib/python3.8/site-packages/airflow/example_dags/example_short_circuit_operator.py
[2024-03-24T18:58:37.379+0000] {processor.py:830} INFO - Processing file /home/airflow/.local/lib/python3.8/site-packages/airflow/example_dags/example_short_circuit_operator.py for tasks to queue
[2024-03-24T18:58:37.380+0000] {logging_mixin.py:188} INFO - [2024-03-24T18:58:37.380+0000] {dagbag.py:540} INFO - Filling up the DagBag from /home/airflow/.local/lib/python3.8/site-packages/airflow/example_dags/example_short_circuit_operator.py
[2024-03-24T18:58:37.388+0000] {processor.py:840} INFO - DAG(s) 'example_short_circuit_operator' retrieved from /home/airflow/.local/lib/python3.8/site-packages/airflow/example_dags/example_short_circuit_operator.py
[2024-03-24T18:58:37.399+0000] {logging_mixin.py:188} INFO - [2024-03-24T18:58:37.398+0000] {dag.py:3047} INFO - Sync 1 DAGs
[2024-03-24T18:58:37.416+0000] {logging_mixin.py:188} INFO - [2024-03-24T18:58:37.415+0000] {dag.py:3834} INFO - Setting next_dagrun for example_short_circuit_operator to 2024-03-23 00:00:00+00:00, run_after=2024-03-24 00:00:00+00:00
[2024-03-24T18:58:37.428+0000] {processor.py:183} INFO - Processing /home/airflow/.local/lib/python3.8/site-packages/airflow/example_dags/example_short_circuit_operator.py took 0.052 seconds
[2024-03-24T18:59:07.982+0000] {processor.py:161} INFO - Started process (PID=136) to work on /home/airflow/.local/lib/python3.8/site-packages/airflow/example_dags/example_short_circuit_operator.py
[2024-03-24T18:59:07.982+0000] {processor.py:830} INFO - Processing file /home/airflow/.local/lib/python3.8/site-packages/airflow/example_dags/example_short_circuit_operator.py for tasks to queue
[2024-03-24T18:59:07.984+0000] {logging_mixin.py:188} INFO - [2024-03-24T18:59:07.983+0000] {dagbag.py:540} INFO - Filling up the DagBag from /home/airflow/.local/lib/python3.8/site-packages/airflow/example_dags/example_short_circuit_operator.py
[2024-03-24T18:59:07.992+0000] {processor.py:840} INFO - DAG(s) 'example_short_circuit_operator' retrieved from /home/airflow/.local/lib/python3.8/site-packages/airflow/example_dags/example_short_circuit_operator.py
[2024-03-24T18:59:08.076+0000] {logging_mixin.py:188} INFO - [2024-03-24T18:59:08.076+0000] {dag.py:3047} INFO - Sync 1 DAGs
[2024-03-24T18:59:08.089+0000] {logging_mixin.py:188} INFO - [2024-03-24T18:59:08.089+0000] {dag.py:3834} INFO - Setting next_dagrun for example_short_circuit_operator to 2024-03-23 00:00:00+00:00, run_after=2024-03-24 00:00:00+00:00
[2024-03-24T18:59:08.109+0000] {processor.py:183} INFO - Processing /home/airflow/.local/lib/python3.8/site-packages/airflow/example_dags/example_short_circuit_operator.py took 0.130 seconds
[2024-03-24T18:59:38.794+0000] {processor.py:161} INFO - Started process (PID=191) to work on /home/airflow/.local/lib/python3.8/site-packages/airflow/example_dags/example_short_circuit_operator.py
[2024-03-24T18:59:38.794+0000] {processor.py:830} INFO - Processing file /home/airflow/.local/lib/python3.8/site-packages/airflow/example_dags/example_short_circuit_operator.py for tasks to queue
[2024-03-24T18:59:38.795+0000] {logging_mixin.py:188} INFO - [2024-03-24T18:59:38.795+0000] {dagbag.py:540} INFO - Filling up the DagBag from /home/airflow/.local/lib/python3.8/site-packages/airflow/example_dags/example_short_circuit_operator.py
[2024-03-24T18:59:38.800+0000] {processor.py:840} INFO - DAG(s) 'example_short_circuit_operator' retrieved from /home/airflow/.local/lib/python3.8/site-packages/airflow/example_dags/example_short_circuit_operator.py
[2024-03-24T18:59:38.817+0000] {logging_mixin.py:188} INFO - [2024-03-24T18:59:38.816+0000] {dag.py:3047} INFO - Sync 1 DAGs
[2024-03-24T18:59:38.830+0000] {logging_mixin.py:188} INFO - [2024-03-24T18:59:38.830+0000] {dag.py:3834} INFO - Setting next_dagrun for example_short_circuit_operator to 2024-03-23 00:00:00+00:00, run_after=2024-03-24 00:00:00+00:00
[2024-03-24T18:59:38.842+0000] {processor.py:183} INFO - Processing /home/airflow/.local/lib/python3.8/site-packages/airflow/example_dags/example_short_circuit_operator.py took 0.050 seconds
[2024-03-24T19:00:09.387+0000] {processor.py:161} INFO - Started process (PID=259) to work on /home/airflow/.local/lib/python3.8/site-packages/airflow/example_dags/example_short_circuit_operator.py
[2024-03-24T19:00:09.388+0000] {processor.py:830} INFO - Processing file /home/airflow/.local/lib/python3.8/site-packages/airflow/example_dags/example_short_circuit_operator.py for tasks to queue
[2024-03-24T19:00:09.389+0000] {logging_mixin.py:188} INFO - [2024-03-24T19:00:09.389+0000] {dagbag.py:540} INFO - Filling up the DagBag from /home/airflow/.local/lib/python3.8/site-packages/airflow/example_dags/example_short_circuit_operator.py
[2024-03-24T19:00:09.394+0000] {processor.py:840} INFO - DAG(s) 'example_short_circuit_operator' retrieved from /home/airflow/.local/lib/python3.8/site-packages/airflow/example_dags/example_short_circuit_operator.py
[2024-03-24T19:00:09.410+0000] {logging_mixin.py:188} INFO - [2024-03-24T19:00:09.410+0000] {dag.py:3047} INFO - Sync 1 DAGs
[2024-03-24T19:00:09.424+0000] {logging_mixin.py:188} INFO - [2024-03-24T19:00:09.424+0000] {dag.py:3834} INFO - Setting next_dagrun for example_short_circuit_operator to 2024-03-23 00:00:00+00:00, run_after=2024-03-24 00:00:00+00:00
[2024-03-24T19:00:09.435+0000] {processor.py:183} INFO - Processing /home/airflow/.local/lib/python3.8/site-packages/airflow/example_dags/example_short_circuit_operator.py took 0.051 seconds
[2024-03-24T19:14:47.044+0000] {processor.py:161} INFO - Started process (PID=68) to work on /home/airflow/.local/lib/python3.8/site-packages/airflow/example_dags/example_short_circuit_operator.py
[2024-03-24T19:14:47.045+0000] {processor.py:830} INFO - Processing file /home/airflow/.local/lib/python3.8/site-packages/airflow/example_dags/example_short_circuit_operator.py for tasks to queue
[2024-03-24T19:14:47.046+0000] {logging_mixin.py:188} INFO - [2024-03-24T19:14:47.045+0000] {dagbag.py:540} INFO - Filling up the DagBag from /home/airflow/.local/lib/python3.8/site-packages/airflow/example_dags/example_short_circuit_operator.py
[2024-03-24T19:14:47.053+0000] {processor.py:840} INFO - DAG(s) 'example_short_circuit_operator' retrieved from /home/airflow/.local/lib/python3.8/site-packages/airflow/example_dags/example_short_circuit_operator.py
[2024-03-24T19:14:47.064+0000] {logging_mixin.py:188} INFO - [2024-03-24T19:14:47.064+0000] {dag.py:3047} INFO - Sync 1 DAGs
[2024-03-24T19:14:47.085+0000] {logging_mixin.py:188} INFO - [2024-03-24T19:14:47.084+0000] {dag.py:3834} INFO - Setting next_dagrun for example_short_circuit_operator to 2024-03-23 00:00:00+00:00, run_after=2024-03-24 00:00:00+00:00
[2024-03-24T19:14:47.099+0000] {processor.py:183} INFO - Processing /home/airflow/.local/lib/python3.8/site-packages/airflow/example_dags/example_short_circuit_operator.py took 0.058 seconds
[2024-03-24T19:15:17.734+0000] {processor.py:161} INFO - Started process (PID=125) to work on /home/airflow/.local/lib/python3.8/site-packages/airflow/example_dags/example_short_circuit_operator.py
[2024-03-24T19:15:17.734+0000] {processor.py:830} INFO - Processing file /home/airflow/.local/lib/python3.8/site-packages/airflow/example_dags/example_short_circuit_operator.py for tasks to queue
[2024-03-24T19:15:17.735+0000] {logging_mixin.py:188} INFO - [2024-03-24T19:15:17.735+0000] {dagbag.py:540} INFO - Filling up the DagBag from /home/airflow/.local/lib/python3.8/site-packages/airflow/example_dags/example_short_circuit_operator.py
[2024-03-24T19:15:17.741+0000] {processor.py:840} INFO - DAG(s) 'example_short_circuit_operator' retrieved from /home/airflow/.local/lib/python3.8/site-packages/airflow/example_dags/example_short_circuit_operator.py
[2024-03-24T19:15:17.821+0000] {logging_mixin.py:188} INFO - [2024-03-24T19:15:17.821+0000] {dag.py:3047} INFO - Sync 1 DAGs
[2024-03-24T19:15:17.835+0000] {logging_mixin.py:188} INFO - [2024-03-24T19:15:17.835+0000] {dag.py:3834} INFO - Setting next_dagrun for example_short_circuit_operator to 2024-03-23 00:00:00+00:00, run_after=2024-03-24 00:00:00+00:00
[2024-03-24T19:15:17.847+0000] {processor.py:183} INFO - Processing /home/airflow/.local/lib/python3.8/site-packages/airflow/example_dags/example_short_circuit_operator.py took 0.116 seconds
