[2024-03-24T18:50:54.835+0000] {processor.py:161} INFO - Started process (PID=59) to work on /home/airflow/.local/lib/python3.8/site-packages/airflow/example_dags/example_latest_only.py
[2024-03-24T18:50:54.836+0000] {processor.py:830} INFO - Processing file /home/airflow/.local/lib/python3.8/site-packages/airflow/example_dags/example_latest_only.py for tasks to queue
[2024-03-24T18:50:54.837+0000] {logging_mixin.py:188} INFO - [2024-03-24T18:50:54.837+0000] {dagbag.py:540} INFO - Filling up the DagBag from /home/airflow/.local/lib/python3.8/site-packages/airflow/example_dags/example_latest_only.py
[2024-03-24T18:50:54.843+0000] {processor.py:840} INFO - DAG(s) 'latest_only' retrieved from /home/airflow/.local/lib/python3.8/site-packages/airflow/example_dags/example_latest_only.py
[2024-03-24T18:50:54.853+0000] {logging_mixin.py:188} INFO - [2024-03-24T18:50:54.853+0000] {dag.py:3047} INFO - Sync 1 DAGs
[2024-03-24T18:50:54.869+0000] {logging_mixin.py:188} INFO - [2024-03-24T18:50:54.869+0000] {dag.py:3834} INFO - Setting next_dagrun for latest_only to 2024-03-24 12:00:00+00:00, run_after=2024-03-24 16:00:00+00:00
[2024-03-24T18:50:54.884+0000] {processor.py:183} INFO - Processing /home/airflow/.local/lib/python3.8/site-packages/airflow/example_dags/example_latest_only.py took 0.051 seconds
[2024-03-24T18:51:25.498+0000] {processor.py:161} INFO - Started process (PID=116) to work on /home/airflow/.local/lib/python3.8/site-packages/airflow/example_dags/example_latest_only.py
[2024-03-24T18:51:25.498+0000] {processor.py:830} INFO - Processing file /home/airflow/.local/lib/python3.8/site-packages/airflow/example_dags/example_latest_only.py for tasks to queue
[2024-03-24T18:51:25.500+0000] {logging_mixin.py:188} INFO - [2024-03-24T18:51:25.499+0000] {dagbag.py:540} INFO - Filling up the DagBag from /home/airflow/.local/lib/python3.8/site-packages/airflow/example_dags/example_latest_only.py
[2024-03-24T18:51:25.503+0000] {processor.py:840} INFO - DAG(s) 'latest_only' retrieved from /home/airflow/.local/lib/python3.8/site-packages/airflow/example_dags/example_latest_only.py
[2024-03-24T18:51:25.583+0000] {logging_mixin.py:188} INFO - [2024-03-24T18:51:25.583+0000] {dag.py:3047} INFO - Sync 1 DAGs
[2024-03-24T18:51:25.597+0000] {logging_mixin.py:188} INFO - [2024-03-24T18:51:25.597+0000] {dag.py:3834} INFO - Setting next_dagrun for latest_only to 2024-03-24 12:00:00+00:00, run_after=2024-03-24 16:00:00+00:00
[2024-03-24T18:51:25.609+0000] {processor.py:183} INFO - Processing /home/airflow/.local/lib/python3.8/site-packages/airflow/example_dags/example_latest_only.py took 0.114 seconds
[2024-03-24T18:55:21.749+0000] {processor.py:161} INFO - Started process (PID=70) to work on /home/airflow/.local/lib/python3.8/site-packages/airflow/example_dags/example_latest_only.py
[2024-03-24T18:55:21.750+0000] {processor.py:830} INFO - Processing file /home/airflow/.local/lib/python3.8/site-packages/airflow/example_dags/example_latest_only.py for tasks to queue
[2024-03-24T18:55:21.752+0000] {logging_mixin.py:188} INFO - [2024-03-24T18:55:21.751+0000] {dagbag.py:540} INFO - Filling up the DagBag from /home/airflow/.local/lib/python3.8/site-packages/airflow/example_dags/example_latest_only.py
[2024-03-24T18:55:21.758+0000] {processor.py:840} INFO - DAG(s) 'latest_only' retrieved from /home/airflow/.local/lib/python3.8/site-packages/airflow/example_dags/example_latest_only.py
[2024-03-24T18:55:21.769+0000] {logging_mixin.py:188} INFO - [2024-03-24T18:55:21.769+0000] {dag.py:3047} INFO - Sync 1 DAGs
[2024-03-24T18:55:21.786+0000] {logging_mixin.py:188} INFO - [2024-03-24T18:55:21.786+0000] {dag.py:3834} INFO - Setting next_dagrun for latest_only to 2024-03-24 12:00:00+00:00, run_after=2024-03-24 16:00:00+00:00
[2024-03-24T18:55:21.801+0000] {processor.py:183} INFO - Processing /home/airflow/.local/lib/python3.8/site-packages/airflow/example_dags/example_latest_only.py took 0.055 seconds
[2024-03-24T18:55:52.612+0000] {processor.py:161} INFO - Started process (PID=138) to work on /home/airflow/.local/lib/python3.8/site-packages/airflow/example_dags/example_latest_only.py
[2024-03-24T18:55:52.612+0000] {processor.py:830} INFO - Processing file /home/airflow/.local/lib/python3.8/site-packages/airflow/example_dags/example_latest_only.py for tasks to queue
[2024-03-24T18:55:52.614+0000] {logging_mixin.py:188} INFO - [2024-03-24T18:55:52.613+0000] {dagbag.py:540} INFO - Filling up the DagBag from /home/airflow/.local/lib/python3.8/site-packages/airflow/example_dags/example_latest_only.py
[2024-03-24T18:55:52.617+0000] {processor.py:840} INFO - DAG(s) 'latest_only' retrieved from /home/airflow/.local/lib/python3.8/site-packages/airflow/example_dags/example_latest_only.py
[2024-03-24T18:55:52.684+0000] {logging_mixin.py:188} INFO - [2024-03-24T18:55:52.684+0000] {dag.py:3047} INFO - Sync 1 DAGs
[2024-03-24T18:55:52.697+0000] {logging_mixin.py:188} INFO - [2024-03-24T18:55:52.697+0000] {dag.py:3834} INFO - Setting next_dagrun for latest_only to 2024-03-24 12:00:00+00:00, run_after=2024-03-24 16:00:00+00:00
[2024-03-24T18:55:52.709+0000] {processor.py:183} INFO - Processing /home/airflow/.local/lib/python3.8/site-packages/airflow/example_dags/example_latest_only.py took 0.099 seconds
[2024-03-24T18:58:37.498+0000] {processor.py:161} INFO - Started process (PID=70) to work on /home/airflow/.local/lib/python3.8/site-packages/airflow/example_dags/example_latest_only.py
[2024-03-24T18:58:37.498+0000] {processor.py:830} INFO - Processing file /home/airflow/.local/lib/python3.8/site-packages/airflow/example_dags/example_latest_only.py for tasks to queue
[2024-03-24T18:58:37.500+0000] {logging_mixin.py:188} INFO - [2024-03-24T18:58:37.500+0000] {dagbag.py:540} INFO - Filling up the DagBag from /home/airflow/.local/lib/python3.8/site-packages/airflow/example_dags/example_latest_only.py
[2024-03-24T18:58:37.507+0000] {processor.py:840} INFO - DAG(s) 'latest_only' retrieved from /home/airflow/.local/lib/python3.8/site-packages/airflow/example_dags/example_latest_only.py
[2024-03-24T18:58:37.518+0000] {logging_mixin.py:188} INFO - [2024-03-24T18:58:37.518+0000] {dag.py:3047} INFO - Sync 1 DAGs
[2024-03-24T18:58:37.536+0000] {logging_mixin.py:188} INFO - [2024-03-24T18:58:37.535+0000] {dag.py:3834} INFO - Setting next_dagrun for latest_only to 2024-03-24 12:00:00+00:00, run_after=2024-03-24 16:00:00+00:00
[2024-03-24T18:58:37.549+0000] {processor.py:183} INFO - Processing /home/airflow/.local/lib/python3.8/site-packages/airflow/example_dags/example_latest_only.py took 0.054 seconds
[2024-03-24T18:59:08.249+0000] {processor.py:161} INFO - Started process (PID=138) to work on /home/airflow/.local/lib/python3.8/site-packages/airflow/example_dags/example_latest_only.py
[2024-03-24T18:59:08.250+0000] {processor.py:830} INFO - Processing file /home/airflow/.local/lib/python3.8/site-packages/airflow/example_dags/example_latest_only.py for tasks to queue
[2024-03-24T18:59:08.251+0000] {logging_mixin.py:188} INFO - [2024-03-24T18:59:08.251+0000] {dagbag.py:540} INFO - Filling up the DagBag from /home/airflow/.local/lib/python3.8/site-packages/airflow/example_dags/example_latest_only.py
[2024-03-24T18:59:08.255+0000] {processor.py:840} INFO - DAG(s) 'latest_only' retrieved from /home/airflow/.local/lib/python3.8/site-packages/airflow/example_dags/example_latest_only.py
[2024-03-24T18:59:08.326+0000] {logging_mixin.py:188} INFO - [2024-03-24T18:59:08.326+0000] {dag.py:3047} INFO - Sync 1 DAGs
[2024-03-24T18:59:08.339+0000] {logging_mixin.py:188} INFO - [2024-03-24T18:59:08.339+0000] {dag.py:3834} INFO - Setting next_dagrun for latest_only to 2024-03-24 12:00:00+00:00, run_after=2024-03-24 16:00:00+00:00
[2024-03-24T18:59:08.352+0000] {processor.py:183} INFO - Processing /home/airflow/.local/lib/python3.8/site-packages/airflow/example_dags/example_latest_only.py took 0.105 seconds
[2024-03-24T18:59:38.863+0000] {processor.py:161} INFO - Started process (PID=193) to work on /home/airflow/.local/lib/python3.8/site-packages/airflow/example_dags/example_latest_only.py
[2024-03-24T18:59:38.863+0000] {processor.py:830} INFO - Processing file /home/airflow/.local/lib/python3.8/site-packages/airflow/example_dags/example_latest_only.py for tasks to queue
[2024-03-24T18:59:38.865+0000] {logging_mixin.py:188} INFO - [2024-03-24T18:59:38.864+0000] {dagbag.py:540} INFO - Filling up the DagBag from /home/airflow/.local/lib/python3.8/site-packages/airflow/example_dags/example_latest_only.py
[2024-03-24T18:59:38.868+0000] {processor.py:840} INFO - DAG(s) 'latest_only' retrieved from /home/airflow/.local/lib/python3.8/site-packages/airflow/example_dags/example_latest_only.py
[2024-03-24T18:59:38.882+0000] {logging_mixin.py:188} INFO - [2024-03-24T18:59:38.882+0000] {dag.py:3047} INFO - Sync 1 DAGs
[2024-03-24T18:59:38.896+0000] {logging_mixin.py:188} INFO - [2024-03-24T18:59:38.896+0000] {dag.py:3834} INFO - Setting next_dagrun for latest_only to 2024-03-24 12:00:00+00:00, run_after=2024-03-24 16:00:00+00:00
[2024-03-24T18:59:38.908+0000] {processor.py:183} INFO - Processing /home/airflow/.local/lib/python3.8/site-packages/airflow/example_dags/example_latest_only.py took 0.047 seconds
[2024-03-24T19:00:09.456+0000] {processor.py:161} INFO - Started process (PID=261) to work on /home/airflow/.local/lib/python3.8/site-packages/airflow/example_dags/example_latest_only.py
[2024-03-24T19:00:09.457+0000] {processor.py:830} INFO - Processing file /home/airflow/.local/lib/python3.8/site-packages/airflow/example_dags/example_latest_only.py for tasks to queue
[2024-03-24T19:00:09.458+0000] {logging_mixin.py:188} INFO - [2024-03-24T19:00:09.457+0000] {dagbag.py:540} INFO - Filling up the DagBag from /home/airflow/.local/lib/python3.8/site-packages/airflow/example_dags/example_latest_only.py
[2024-03-24T19:00:09.461+0000] {processor.py:840} INFO - DAG(s) 'latest_only' retrieved from /home/airflow/.local/lib/python3.8/site-packages/airflow/example_dags/example_latest_only.py
[2024-03-24T19:00:09.474+0000] {logging_mixin.py:188} INFO - [2024-03-24T19:00:09.474+0000] {dag.py:3047} INFO - Sync 1 DAGs
[2024-03-24T19:00:09.489+0000] {logging_mixin.py:188} INFO - [2024-03-24T19:00:09.488+0000] {dag.py:3834} INFO - Setting next_dagrun for latest_only to 2024-03-24 12:00:00+00:00, run_after=2024-03-24 16:00:00+00:00
[2024-03-24T19:00:09.500+0000] {processor.py:183} INFO - Processing /home/airflow/.local/lib/python3.8/site-packages/airflow/example_dags/example_latest_only.py took 0.046 seconds
[2024-03-24T19:14:47.120+0000] {processor.py:161} INFO - Started process (PID=70) to work on /home/airflow/.local/lib/python3.8/site-packages/airflow/example_dags/example_latest_only.py
[2024-03-24T19:14:47.121+0000] {processor.py:830} INFO - Processing file /home/airflow/.local/lib/python3.8/site-packages/airflow/example_dags/example_latest_only.py for tasks to queue
[2024-03-24T19:14:47.122+0000] {logging_mixin.py:188} INFO - [2024-03-24T19:14:47.122+0000] {dagbag.py:540} INFO - Filling up the DagBag from /home/airflow/.local/lib/python3.8/site-packages/airflow/example_dags/example_latest_only.py
[2024-03-24T19:14:47.129+0000] {processor.py:840} INFO - DAG(s) 'latest_only' retrieved from /home/airflow/.local/lib/python3.8/site-packages/airflow/example_dags/example_latest_only.py
[2024-03-24T19:14:47.140+0000] {logging_mixin.py:188} INFO - [2024-03-24T19:14:47.139+0000] {dag.py:3047} INFO - Sync 1 DAGs
[2024-03-24T19:14:47.157+0000] {logging_mixin.py:188} INFO - [2024-03-24T19:14:47.157+0000] {dag.py:3834} INFO - Setting next_dagrun for latest_only to 2024-03-24 12:00:00+00:00, run_after=2024-03-24 16:00:00+00:00
[2024-03-24T19:14:47.171+0000] {processor.py:183} INFO - Processing /home/airflow/.local/lib/python3.8/site-packages/airflow/example_dags/example_latest_only.py took 0.053 seconds
[2024-03-24T19:15:18.032+0000] {processor.py:161} INFO - Started process (PID=138) to work on /home/airflow/.local/lib/python3.8/site-packages/airflow/example_dags/example_latest_only.py
[2024-03-24T19:15:18.032+0000] {processor.py:830} INFO - Processing file /home/airflow/.local/lib/python3.8/site-packages/airflow/example_dags/example_latest_only.py for tasks to queue
[2024-03-24T19:15:18.033+0000] {logging_mixin.py:188} INFO - [2024-03-24T19:15:18.033+0000] {dagbag.py:540} INFO - Filling up the DagBag from /home/airflow/.local/lib/python3.8/site-packages/airflow/example_dags/example_latest_only.py
[2024-03-24T19:15:18.038+0000] {processor.py:840} INFO - DAG(s) 'latest_only' retrieved from /home/airflow/.local/lib/python3.8/site-packages/airflow/example_dags/example_latest_only.py
[2024-03-24T19:15:18.109+0000] {logging_mixin.py:188} INFO - [2024-03-24T19:15:18.108+0000] {dag.py:3047} INFO - Sync 1 DAGs
[2024-03-24T19:15:18.122+0000] {logging_mixin.py:188} INFO - [2024-03-24T19:15:18.122+0000] {dag.py:3834} INFO - Setting next_dagrun for latest_only to 2024-03-24 12:00:00+00:00, run_after=2024-03-24 16:00:00+00:00
[2024-03-24T19:15:18.133+0000] {processor.py:183} INFO - Processing /home/airflow/.local/lib/python3.8/site-packages/airflow/example_dags/example_latest_only.py took 0.105 seconds
