[2024-03-24T18:50:54.701+0000] {processor.py:161} INFO - Started process (PID=56) to work on /home/airflow/.local/lib/python3.8/site-packages/airflow/example_dags/example_xcomargs.py
[2024-03-24T18:50:54.702+0000] {processor.py:830} INFO - Processing file /home/airflow/.local/lib/python3.8/site-packages/airflow/example_dags/example_xcomargs.py for tasks to queue
[2024-03-24T18:50:54.703+0000] {logging_mixin.py:188} INFO - [2024-03-24T18:50:54.703+0000] {dagbag.py:540} INFO - Filling up the DagBag from /home/airflow/.local/lib/python3.8/site-packages/airflow/example_dags/example_xcomargs.py
[2024-03-24T18:50:54.711+0000] {processor.py:840} INFO - DAG(s) 'example_xcom_args', 'example_xcom_args_with_operators' retrieved from /home/airflow/.local/lib/python3.8/site-packages/airflow/example_dags/example_xcomargs.py
[2024-03-24T18:50:54.722+0000] {logging_mixin.py:188} INFO - [2024-03-24T18:50:54.722+0000] {dag.py:3047} INFO - Sync 2 DAGs
[2024-03-24T18:50:54.734+0000] {logging_mixin.py:188} INFO - [2024-03-24T18:50:54.734+0000] {dag.py:3834} INFO - Setting next_dagrun for example_xcom_args to None, run_after=None
[2024-03-24T18:50:54.738+0000] {logging_mixin.py:188} INFO - [2024-03-24T18:50:54.737+0000] {dag.py:3834} INFO - Setting next_dagrun for example_xcom_args_with_operators to None, run_after=None
[2024-03-24T18:50:54.751+0000] {processor.py:183} INFO - Processing /home/airflow/.local/lib/python3.8/site-packages/airflow/example_dags/example_xcomargs.py took 0.053 seconds
[2024-03-24T18:51:25.307+0000] {processor.py:161} INFO - Started process (PID=113) to work on /home/airflow/.local/lib/python3.8/site-packages/airflow/example_dags/example_xcomargs.py
[2024-03-24T18:51:25.307+0000] {processor.py:830} INFO - Processing file /home/airflow/.local/lib/python3.8/site-packages/airflow/example_dags/example_xcomargs.py for tasks to queue
[2024-03-24T18:51:25.309+0000] {logging_mixin.py:188} INFO - [2024-03-24T18:51:25.308+0000] {dagbag.py:540} INFO - Filling up the DagBag from /home/airflow/.local/lib/python3.8/site-packages/airflow/example_dags/example_xcomargs.py
[2024-03-24T18:51:25.314+0000] {processor.py:840} INFO - DAG(s) 'example_xcom_args_with_operators', 'example_xcom_args' retrieved from /home/airflow/.local/lib/python3.8/site-packages/airflow/example_dags/example_xcomargs.py
[2024-03-24T18:51:25.392+0000] {logging_mixin.py:188} INFO - [2024-03-24T18:51:25.391+0000] {dag.py:3047} INFO - Sync 2 DAGs
[2024-03-24T18:51:25.400+0000] {logging_mixin.py:188} INFO - [2024-03-24T18:51:25.399+0000] {dag.py:3834} INFO - Setting next_dagrun for example_xcom_args to None, run_after=None
[2024-03-24T18:51:25.402+0000] {logging_mixin.py:188} INFO - [2024-03-24T18:51:25.402+0000] {dag.py:3834} INFO - Setting next_dagrun for example_xcom_args_with_operators to None, run_after=None
[2024-03-24T18:51:25.413+0000] {processor.py:183} INFO - Processing /home/airflow/.local/lib/python3.8/site-packages/airflow/example_dags/example_xcomargs.py took 0.108 seconds
[2024-03-24T18:55:21.650+0000] {processor.py:161} INFO - Started process (PID=67) to work on /home/airflow/.local/lib/python3.8/site-packages/airflow/example_dags/example_xcomargs.py
[2024-03-24T18:55:21.650+0000] {processor.py:830} INFO - Processing file /home/airflow/.local/lib/python3.8/site-packages/airflow/example_dags/example_xcomargs.py for tasks to queue
[2024-03-24T18:55:21.652+0000] {logging_mixin.py:188} INFO - [2024-03-24T18:55:21.652+0000] {dagbag.py:540} INFO - Filling up the DagBag from /home/airflow/.local/lib/python3.8/site-packages/airflow/example_dags/example_xcomargs.py
[2024-03-24T18:55:21.660+0000] {processor.py:840} INFO - DAG(s) 'example_xcom_args', 'example_xcom_args_with_operators' retrieved from /home/airflow/.local/lib/python3.8/site-packages/airflow/example_dags/example_xcomargs.py
[2024-03-24T18:55:21.671+0000] {logging_mixin.py:188} INFO - [2024-03-24T18:55:21.671+0000] {dag.py:3047} INFO - Sync 2 DAGs
[2024-03-24T18:55:21.681+0000] {logging_mixin.py:188} INFO - [2024-03-24T18:55:21.681+0000] {dag.py:3834} INFO - Setting next_dagrun for example_xcom_args to None, run_after=None
[2024-03-24T18:55:21.684+0000] {logging_mixin.py:188} INFO - [2024-03-24T18:55:21.684+0000] {dag.py:3834} INFO - Setting next_dagrun for example_xcom_args_with_operators to None, run_after=None
[2024-03-24T18:55:21.695+0000] {processor.py:183} INFO - Processing /home/airflow/.local/lib/python3.8/site-packages/airflow/example_dags/example_xcomargs.py took 0.049 seconds
[2024-03-24T18:55:52.204+0000] {processor.py:161} INFO - Started process (PID=123) to work on /home/airflow/.local/lib/python3.8/site-packages/airflow/example_dags/example_xcomargs.py
[2024-03-24T18:55:52.205+0000] {processor.py:830} INFO - Processing file /home/airflow/.local/lib/python3.8/site-packages/airflow/example_dags/example_xcomargs.py for tasks to queue
[2024-03-24T18:55:52.206+0000] {logging_mixin.py:188} INFO - [2024-03-24T18:55:52.206+0000] {dagbag.py:540} INFO - Filling up the DagBag from /home/airflow/.local/lib/python3.8/site-packages/airflow/example_dags/example_xcomargs.py
[2024-03-24T18:55:52.212+0000] {processor.py:840} INFO - DAG(s) 'example_xcom_args_with_operators', 'example_xcom_args' retrieved from /home/airflow/.local/lib/python3.8/site-packages/airflow/example_dags/example_xcomargs.py
[2024-03-24T18:55:52.287+0000] {logging_mixin.py:188} INFO - [2024-03-24T18:55:52.287+0000] {dag.py:3047} INFO - Sync 2 DAGs
[2024-03-24T18:55:52.295+0000] {logging_mixin.py:188} INFO - [2024-03-24T18:55:52.294+0000] {dag.py:3834} INFO - Setting next_dagrun for example_xcom_args to None, run_after=None
[2024-03-24T18:55:52.297+0000] {logging_mixin.py:188} INFO - [2024-03-24T18:55:52.296+0000] {dag.py:3834} INFO - Setting next_dagrun for example_xcom_args_with_operators to None, run_after=None
[2024-03-24T18:55:52.307+0000] {processor.py:183} INFO - Processing /home/airflow/.local/lib/python3.8/site-packages/airflow/example_dags/example_xcomargs.py took 0.105 seconds
[2024-03-24T18:58:37.310+0000] {processor.py:161} INFO - Started process (PID=67) to work on /home/airflow/.local/lib/python3.8/site-packages/airflow/example_dags/example_xcomargs.py
[2024-03-24T18:58:37.311+0000] {processor.py:830} INFO - Processing file /home/airflow/.local/lib/python3.8/site-packages/airflow/example_dags/example_xcomargs.py for tasks to queue
[2024-03-24T18:58:37.312+0000] {logging_mixin.py:188} INFO - [2024-03-24T18:58:37.312+0000] {dagbag.py:540} INFO - Filling up the DagBag from /home/airflow/.local/lib/python3.8/site-packages/airflow/example_dags/example_xcomargs.py
[2024-03-24T18:58:37.320+0000] {processor.py:840} INFO - DAG(s) 'example_xcom_args', 'example_xcom_args_with_operators' retrieved from /home/airflow/.local/lib/python3.8/site-packages/airflow/example_dags/example_xcomargs.py
[2024-03-24T18:58:37.332+0000] {logging_mixin.py:188} INFO - [2024-03-24T18:58:37.332+0000] {dag.py:3047} INFO - Sync 2 DAGs
[2024-03-24T18:58:37.343+0000] {logging_mixin.py:188} INFO - [2024-03-24T18:58:37.343+0000] {dag.py:3834} INFO - Setting next_dagrun for example_xcom_args to None, run_after=None
[2024-03-24T18:58:37.346+0000] {logging_mixin.py:188} INFO - [2024-03-24T18:58:37.346+0000] {dag.py:3834} INFO - Setting next_dagrun for example_xcom_args_with_operators to None, run_after=None
[2024-03-24T18:58:37.358+0000] {processor.py:183} INFO - Processing /home/airflow/.local/lib/python3.8/site-packages/airflow/example_dags/example_xcomargs.py took 0.050 seconds
[2024-03-24T18:59:07.853+0000] {processor.py:161} INFO - Started process (PID=124) to work on /home/airflow/.local/lib/python3.8/site-packages/airflow/example_dags/example_xcomargs.py
[2024-03-24T18:59:07.854+0000] {processor.py:830} INFO - Processing file /home/airflow/.local/lib/python3.8/site-packages/airflow/example_dags/example_xcomargs.py for tasks to queue
[2024-03-24T18:59:07.855+0000] {logging_mixin.py:188} INFO - [2024-03-24T18:59:07.855+0000] {dagbag.py:540} INFO - Filling up the DagBag from /home/airflow/.local/lib/python3.8/site-packages/airflow/example_dags/example_xcomargs.py
[2024-03-24T18:59:07.861+0000] {processor.py:840} INFO - DAG(s) 'example_xcom_args', 'example_xcom_args_with_operators' retrieved from /home/airflow/.local/lib/python3.8/site-packages/airflow/example_dags/example_xcomargs.py
[2024-03-24T18:59:07.939+0000] {logging_mixin.py:188} INFO - [2024-03-24T18:59:07.939+0000] {dag.py:3047} INFO - Sync 2 DAGs
[2024-03-24T18:59:07.946+0000] {logging_mixin.py:188} INFO - [2024-03-24T18:59:07.946+0000] {dag.py:3834} INFO - Setting next_dagrun for example_xcom_args to None, run_after=None
[2024-03-24T18:59:07.948+0000] {logging_mixin.py:188} INFO - [2024-03-24T18:59:07.948+0000] {dag.py:3834} INFO - Setting next_dagrun for example_xcom_args_with_operators to None, run_after=None
[2024-03-24T18:59:07.960+0000] {processor.py:183} INFO - Processing /home/airflow/.local/lib/python3.8/site-packages/airflow/example_dags/example_xcomargs.py took 0.109 seconds
[2024-03-24T18:59:38.736+0000] {processor.py:161} INFO - Started process (PID=190) to work on /home/airflow/.local/lib/python3.8/site-packages/airflow/example_dags/example_xcomargs.py
[2024-03-24T18:59:38.737+0000] {processor.py:830} INFO - Processing file /home/airflow/.local/lib/python3.8/site-packages/airflow/example_dags/example_xcomargs.py for tasks to queue
[2024-03-24T18:59:38.738+0000] {logging_mixin.py:188} INFO - [2024-03-24T18:59:38.738+0000] {dagbag.py:540} INFO - Filling up the DagBag from /home/airflow/.local/lib/python3.8/site-packages/airflow/example_dags/example_xcomargs.py
[2024-03-24T18:59:38.744+0000] {processor.py:840} INFO - DAG(s) 'example_xcom_args', 'example_xcom_args_with_operators' retrieved from /home/airflow/.local/lib/python3.8/site-packages/airflow/example_dags/example_xcomargs.py
[2024-03-24T18:59:38.760+0000] {logging_mixin.py:188} INFO - [2024-03-24T18:59:38.760+0000] {dag.py:3047} INFO - Sync 2 DAGs
[2024-03-24T18:59:38.769+0000] {logging_mixin.py:188} INFO - [2024-03-24T18:59:38.768+0000] {dag.py:3834} INFO - Setting next_dagrun for example_xcom_args to None, run_after=None
[2024-03-24T18:59:38.771+0000] {logging_mixin.py:188} INFO - [2024-03-24T18:59:38.771+0000] {dag.py:3834} INFO - Setting next_dagrun for example_xcom_args_with_operators to None, run_after=None
[2024-03-24T18:59:38.782+0000] {processor.py:183} INFO - Processing /home/airflow/.local/lib/python3.8/site-packages/airflow/example_dags/example_xcomargs.py took 0.048 seconds
[2024-03-24T19:00:09.330+0000] {processor.py:161} INFO - Started process (PID=258) to work on /home/airflow/.local/lib/python3.8/site-packages/airflow/example_dags/example_xcomargs.py
[2024-03-24T19:00:09.331+0000] {processor.py:830} INFO - Processing file /home/airflow/.local/lib/python3.8/site-packages/airflow/example_dags/example_xcomargs.py for tasks to queue
[2024-03-24T19:00:09.332+0000] {logging_mixin.py:188} INFO - [2024-03-24T19:00:09.332+0000] {dagbag.py:540} INFO - Filling up the DagBag from /home/airflow/.local/lib/python3.8/site-packages/airflow/example_dags/example_xcomargs.py
[2024-03-24T19:00:09.338+0000] {processor.py:840} INFO - DAG(s) 'example_xcom_args', 'example_xcom_args_with_operators' retrieved from /home/airflow/.local/lib/python3.8/site-packages/airflow/example_dags/example_xcomargs.py
[2024-03-24T19:00:09.354+0000] {logging_mixin.py:188} INFO - [2024-03-24T19:00:09.354+0000] {dag.py:3047} INFO - Sync 2 DAGs
[2024-03-24T19:00:09.363+0000] {logging_mixin.py:188} INFO - [2024-03-24T19:00:09.363+0000] {dag.py:3834} INFO - Setting next_dagrun for example_xcom_args to None, run_after=None
[2024-03-24T19:00:09.365+0000] {logging_mixin.py:188} INFO - [2024-03-24T19:00:09.365+0000] {dag.py:3834} INFO - Setting next_dagrun for example_xcom_args_with_operators to None, run_after=None
[2024-03-24T19:00:09.375+0000] {processor.py:183} INFO - Processing /home/airflow/.local/lib/python3.8/site-packages/airflow/example_dags/example_xcomargs.py took 0.048 seconds
[2024-03-24T19:14:46.979+0000] {processor.py:161} INFO - Started process (PID=67) to work on /home/airflow/.local/lib/python3.8/site-packages/airflow/example_dags/example_xcomargs.py
[2024-03-24T19:14:46.980+0000] {processor.py:830} INFO - Processing file /home/airflow/.local/lib/python3.8/site-packages/airflow/example_dags/example_xcomargs.py for tasks to queue
[2024-03-24T19:14:46.981+0000] {logging_mixin.py:188} INFO - [2024-03-24T19:14:46.981+0000] {dagbag.py:540} INFO - Filling up the DagBag from /home/airflow/.local/lib/python3.8/site-packages/airflow/example_dags/example_xcomargs.py
[2024-03-24T19:14:46.989+0000] {processor.py:840} INFO - DAG(s) 'example_xcom_args', 'example_xcom_args_with_operators' retrieved from /home/airflow/.local/lib/python3.8/site-packages/airflow/example_dags/example_xcomargs.py
[2024-03-24T19:14:47.001+0000] {logging_mixin.py:188} INFO - [2024-03-24T19:14:47.001+0000] {dag.py:3047} INFO - Sync 2 DAGs
[2024-03-24T19:14:47.011+0000] {logging_mixin.py:188} INFO - [2024-03-24T19:14:47.011+0000] {dag.py:3834} INFO - Setting next_dagrun for example_xcom_args to None, run_after=None
[2024-03-24T19:14:47.014+0000] {logging_mixin.py:188} INFO - [2024-03-24T19:14:47.014+0000] {dag.py:3834} INFO - Setting next_dagrun for example_xcom_args_with_operators to None, run_after=None
[2024-03-24T19:14:47.026+0000] {processor.py:183} INFO - Processing /home/airflow/.local/lib/python3.8/site-packages/airflow/example_dags/example_xcomargs.py took 0.049 seconds
[2024-03-24T19:15:17.602+0000] {processor.py:161} INFO - Started process (PID=122) to work on /home/airflow/.local/lib/python3.8/site-packages/airflow/example_dags/example_xcomargs.py
[2024-03-24T19:15:17.602+0000] {processor.py:830} INFO - Processing file /home/airflow/.local/lib/python3.8/site-packages/airflow/example_dags/example_xcomargs.py for tasks to queue
[2024-03-24T19:15:17.604+0000] {logging_mixin.py:188} INFO - [2024-03-24T19:15:17.604+0000] {dagbag.py:540} INFO - Filling up the DagBag from /home/airflow/.local/lib/python3.8/site-packages/airflow/example_dags/example_xcomargs.py
[2024-03-24T19:15:17.611+0000] {processor.py:840} INFO - DAG(s) 'example_xcom_args_with_operators', 'example_xcom_args' retrieved from /home/airflow/.local/lib/python3.8/site-packages/airflow/example_dags/example_xcomargs.py
[2024-03-24T19:15:17.695+0000] {logging_mixin.py:188} INFO - [2024-03-24T19:15:17.694+0000] {dag.py:3047} INFO - Sync 2 DAGs
[2024-03-24T19:15:17.703+0000] {logging_mixin.py:188} INFO - [2024-03-24T19:15:17.702+0000] {dag.py:3834} INFO - Setting next_dagrun for example_xcom_args to None, run_after=None
[2024-03-24T19:15:17.705+0000] {logging_mixin.py:188} INFO - [2024-03-24T19:15:17.705+0000] {dag.py:3834} INFO - Setting next_dagrun for example_xcom_args_with_operators to None, run_after=None
[2024-03-24T19:15:17.716+0000] {processor.py:183} INFO - Processing /home/airflow/.local/lib/python3.8/site-packages/airflow/example_dags/example_xcomargs.py took 0.116 seconds
