[2024-03-24T18:50:54.532+0000] {processor.py:161} INFO - Started process (PID=51) to work on /home/airflow/.local/lib/python3.8/site-packages/airflow/example_dags/example_datasets.py
[2024-03-24T18:50:54.532+0000] {processor.py:830} INFO - Processing file /home/airflow/.local/lib/python3.8/site-packages/airflow/example_dags/example_datasets.py for tasks to queue
[2024-03-24T18:50:54.534+0000] {logging_mixin.py:188} INFO - [2024-03-24T18:50:54.533+0000] {dagbag.py:540} INFO - Filling up the DagBag from /home/airflow/.local/lib/python3.8/site-packages/airflow/example_dags/example_datasets.py
[2024-03-24T18:50:54.544+0000] {processor.py:840} INFO - DAG(s) 'dataset_produces_1', 'dataset_consumes_unknown_never_scheduled', 'dataset_consumes_1_and_2', 'dataset_consumes_1_never_scheduled', 'dataset_produces_2', 'dataset_consumes_1' retrieved from /home/airflow/.local/lib/python3.8/site-packages/airflow/example_dags/example_datasets.py
[2024-03-24T18:50:54.555+0000] {logging_mixin.py:188} INFO - [2024-03-24T18:50:54.555+0000] {dag.py:3047} INFO - Sync 6 DAGs
[2024-03-24T18:50:54.574+0000] {logging_mixin.py:188} INFO - [2024-03-24T18:50:54.574+0000] {dag.py:3834} INFO - Setting next_dagrun for dataset_consumes_1 to None, run_after=None
[2024-03-24T18:50:54.577+0000] {logging_mixin.py:188} INFO - [2024-03-24T18:50:54.577+0000] {dag.py:3834} INFO - Setting next_dagrun for dataset_consumes_1_and_2 to None, run_after=None
[2024-03-24T18:50:54.578+0000] {logging_mixin.py:188} INFO - [2024-03-24T18:50:54.578+0000] {dag.py:3834} INFO - Setting next_dagrun for dataset_consumes_1_never_scheduled to None, run_after=None
[2024-03-24T18:50:54.579+0000] {logging_mixin.py:188} INFO - [2024-03-24T18:50:54.579+0000] {dag.py:3834} INFO - Setting next_dagrun for dataset_consumes_unknown_never_scheduled to None, run_after=None
[2024-03-24T18:50:54.581+0000] {logging_mixin.py:188} INFO - [2024-03-24T18:50:54.581+0000] {dag.py:3834} INFO - Setting next_dagrun for dataset_produces_1 to 2024-03-23 00:00:00+00:00, run_after=2024-03-24 00:00:00+00:00
[2024-03-24T18:50:54.581+0000] {logging_mixin.py:188} INFO - [2024-03-24T18:50:54.581+0000] {dag.py:3834} INFO - Setting next_dagrun for dataset_produces_2 to None, run_after=None
[2024-03-24T18:50:54.602+0000] {processor.py:183} INFO - Processing /home/airflow/.local/lib/python3.8/site-packages/airflow/example_dags/example_datasets.py took 0.073 seconds
[2024-03-24T18:51:24.970+0000] {processor.py:161} INFO - Started process (PID=108) to work on /home/airflow/.local/lib/python3.8/site-packages/airflow/example_dags/example_datasets.py
[2024-03-24T18:51:24.971+0000] {processor.py:830} INFO - Processing file /home/airflow/.local/lib/python3.8/site-packages/airflow/example_dags/example_datasets.py for tasks to queue
[2024-03-24T18:51:24.972+0000] {logging_mixin.py:188} INFO - [2024-03-24T18:51:24.972+0000] {dagbag.py:540} INFO - Filling up the DagBag from /home/airflow/.local/lib/python3.8/site-packages/airflow/example_dags/example_datasets.py
[2024-03-24T18:51:24.978+0000] {processor.py:840} INFO - DAG(s) 'dataset_consumes_1', 'dataset_consumes_1_and_2', 'dataset_consumes_unknown_never_scheduled', 'dataset_consumes_1_never_scheduled', 'dataset_produces_1', 'dataset_produces_2' retrieved from /home/airflow/.local/lib/python3.8/site-packages/airflow/example_dags/example_datasets.py
[2024-03-24T18:51:25.082+0000] {logging_mixin.py:188} INFO - [2024-03-24T18:51:25.082+0000] {dag.py:3047} INFO - Sync 6 DAGs
[2024-03-24T18:51:25.096+0000] {logging_mixin.py:188} INFO - [2024-03-24T18:51:25.096+0000] {dag.py:3834} INFO - Setting next_dagrun for dataset_consumes_1 to None, run_after=None
[2024-03-24T18:51:25.098+0000] {logging_mixin.py:188} INFO - [2024-03-24T18:51:25.098+0000] {dag.py:3834} INFO - Setting next_dagrun for dataset_consumes_1_and_2 to None, run_after=None
[2024-03-24T18:51:25.099+0000] {logging_mixin.py:188} INFO - [2024-03-24T18:51:25.098+0000] {dag.py:3834} INFO - Setting next_dagrun for dataset_consumes_1_never_scheduled to None, run_after=None
[2024-03-24T18:51:25.099+0000] {logging_mixin.py:188} INFO - [2024-03-24T18:51:25.099+0000] {dag.py:3834} INFO - Setting next_dagrun for dataset_consumes_unknown_never_scheduled to None, run_after=None
[2024-03-24T18:51:25.101+0000] {logging_mixin.py:188} INFO - [2024-03-24T18:51:25.101+0000] {dag.py:3834} INFO - Setting next_dagrun for dataset_produces_1 to 2024-03-23 00:00:00+00:00, run_after=2024-03-24 00:00:00+00:00
[2024-03-24T18:51:25.102+0000] {logging_mixin.py:188} INFO - [2024-03-24T18:51:25.102+0000] {dag.py:3834} INFO - Setting next_dagrun for dataset_produces_2 to None, run_after=None
[2024-03-24T18:51:25.121+0000] {processor.py:183} INFO - Processing /home/airflow/.local/lib/python3.8/site-packages/airflow/example_dags/example_datasets.py took 0.153 seconds
[2024-03-24T18:55:21.286+0000] {processor.py:161} INFO - Started process (PID=62) to work on /home/airflow/.local/lib/python3.8/site-packages/airflow/example_dags/example_datasets.py
[2024-03-24T18:55:21.287+0000] {processor.py:830} INFO - Processing file /home/airflow/.local/lib/python3.8/site-packages/airflow/example_dags/example_datasets.py for tasks to queue
[2024-03-24T18:55:21.288+0000] {logging_mixin.py:188} INFO - [2024-03-24T18:55:21.288+0000] {dagbag.py:540} INFO - Filling up the DagBag from /home/airflow/.local/lib/python3.8/site-packages/airflow/example_dags/example_datasets.py
[2024-03-24T18:55:21.298+0000] {processor.py:840} INFO - DAG(s) 'dataset_produces_2', 'dataset_consumes_1_never_scheduled', 'dataset_consumes_unknown_never_scheduled', 'dataset_produces_1', 'dataset_consumes_1', 'dataset_consumes_1_and_2' retrieved from /home/airflow/.local/lib/python3.8/site-packages/airflow/example_dags/example_datasets.py
[2024-03-24T18:55:21.310+0000] {logging_mixin.py:188} INFO - [2024-03-24T18:55:21.310+0000] {dag.py:3047} INFO - Sync 6 DAGs
[2024-03-24T18:55:21.328+0000] {logging_mixin.py:188} INFO - [2024-03-24T18:55:21.328+0000] {dag.py:3834} INFO - Setting next_dagrun for dataset_consumes_1 to None, run_after=None
[2024-03-24T18:55:21.331+0000] {logging_mixin.py:188} INFO - [2024-03-24T18:55:21.330+0000] {dag.py:3834} INFO - Setting next_dagrun for dataset_consumes_1_and_2 to None, run_after=None
[2024-03-24T18:55:21.331+0000] {logging_mixin.py:188} INFO - [2024-03-24T18:55:21.331+0000] {dag.py:3834} INFO - Setting next_dagrun for dataset_consumes_1_never_scheduled to None, run_after=None
[2024-03-24T18:55:21.332+0000] {logging_mixin.py:188} INFO - [2024-03-24T18:55:21.332+0000] {dag.py:3834} INFO - Setting next_dagrun for dataset_consumes_unknown_never_scheduled to None, run_after=None
[2024-03-24T18:55:21.334+0000] {logging_mixin.py:188} INFO - [2024-03-24T18:55:21.334+0000] {dag.py:3834} INFO - Setting next_dagrun for dataset_produces_1 to 2024-03-23 00:00:00+00:00, run_after=2024-03-24 00:00:00+00:00
[2024-03-24T18:55:21.335+0000] {logging_mixin.py:188} INFO - [2024-03-24T18:55:21.334+0000] {dag.py:3834} INFO - Setting next_dagrun for dataset_produces_2 to None, run_after=None
[2024-03-24T18:55:21.357+0000] {processor.py:183} INFO - Processing /home/airflow/.local/lib/python3.8/site-packages/airflow/example_dags/example_datasets.py took 0.074 seconds
[2024-03-24T18:55:51.801+0000] {processor.py:161} INFO - Started process (PID=117) to work on /home/airflow/.local/lib/python3.8/site-packages/airflow/example_dags/example_datasets.py
[2024-03-24T18:55:51.802+0000] {processor.py:830} INFO - Processing file /home/airflow/.local/lib/python3.8/site-packages/airflow/example_dags/example_datasets.py for tasks to queue
[2024-03-24T18:55:51.803+0000] {logging_mixin.py:188} INFO - [2024-03-24T18:55:51.803+0000] {dagbag.py:540} INFO - Filling up the DagBag from /home/airflow/.local/lib/python3.8/site-packages/airflow/example_dags/example_datasets.py
[2024-03-24T18:55:51.810+0000] {processor.py:840} INFO - DAG(s) 'dataset_consumes_1_never_scheduled', 'dataset_consumes_unknown_never_scheduled', 'dataset_consumes_1', 'dataset_produces_2', 'dataset_produces_1', 'dataset_consumes_1_and_2' retrieved from /home/airflow/.local/lib/python3.8/site-packages/airflow/example_dags/example_datasets.py
[2024-03-24T18:55:51.911+0000] {logging_mixin.py:188} INFO - [2024-03-24T18:55:51.911+0000] {dag.py:3047} INFO - Sync 6 DAGs
[2024-03-24T18:55:51.925+0000] {logging_mixin.py:188} INFO - [2024-03-24T18:55:51.924+0000] {dag.py:3834} INFO - Setting next_dagrun for dataset_consumes_1 to None, run_after=None
[2024-03-24T18:55:51.926+0000] {logging_mixin.py:188} INFO - [2024-03-24T18:55:51.926+0000] {dag.py:3834} INFO - Setting next_dagrun for dataset_consumes_1_and_2 to None, run_after=None
[2024-03-24T18:55:51.927+0000] {logging_mixin.py:188} INFO - [2024-03-24T18:55:51.927+0000] {dag.py:3834} INFO - Setting next_dagrun for dataset_consumes_1_never_scheduled to None, run_after=None
[2024-03-24T18:55:51.928+0000] {logging_mixin.py:188} INFO - [2024-03-24T18:55:51.928+0000] {dag.py:3834} INFO - Setting next_dagrun for dataset_consumes_unknown_never_scheduled to None, run_after=None
[2024-03-24T18:55:51.930+0000] {logging_mixin.py:188} INFO - [2024-03-24T18:55:51.929+0000] {dag.py:3834} INFO - Setting next_dagrun for dataset_produces_1 to 2024-03-23 00:00:00+00:00, run_after=2024-03-24 00:00:00+00:00
[2024-03-24T18:55:51.930+0000] {logging_mixin.py:188} INFO - [2024-03-24T18:55:51.930+0000] {dag.py:3834} INFO - Setting next_dagrun for dataset_produces_2 to None, run_after=None
[2024-03-24T18:55:51.951+0000] {processor.py:183} INFO - Processing /home/airflow/.local/lib/python3.8/site-packages/airflow/example_dags/example_datasets.py took 0.152 seconds
[2024-03-24T18:58:36.926+0000] {processor.py:161} INFO - Started process (PID=62) to work on /home/airflow/.local/lib/python3.8/site-packages/airflow/example_dags/example_datasets.py
[2024-03-24T18:58:36.927+0000] {processor.py:830} INFO - Processing file /home/airflow/.local/lib/python3.8/site-packages/airflow/example_dags/example_datasets.py for tasks to queue
[2024-03-24T18:58:36.929+0000] {logging_mixin.py:188} INFO - [2024-03-24T18:58:36.929+0000] {dagbag.py:540} INFO - Filling up the DagBag from /home/airflow/.local/lib/python3.8/site-packages/airflow/example_dags/example_datasets.py
[2024-03-24T18:58:36.939+0000] {processor.py:840} INFO - DAG(s) 'dataset_produces_2', 'dataset_consumes_unknown_never_scheduled', 'dataset_consumes_1_and_2', 'dataset_produces_1', 'dataset_consumes_1', 'dataset_consumes_1_never_scheduled' retrieved from /home/airflow/.local/lib/python3.8/site-packages/airflow/example_dags/example_datasets.py
[2024-03-24T18:58:36.952+0000] {logging_mixin.py:188} INFO - [2024-03-24T18:58:36.952+0000] {dag.py:3047} INFO - Sync 6 DAGs
[2024-03-24T18:58:36.972+0000] {logging_mixin.py:188} INFO - [2024-03-24T18:58:36.971+0000] {dag.py:3834} INFO - Setting next_dagrun for dataset_consumes_1 to None, run_after=None
[2024-03-24T18:58:36.975+0000] {logging_mixin.py:188} INFO - [2024-03-24T18:58:36.975+0000] {dag.py:3834} INFO - Setting next_dagrun for dataset_consumes_1_and_2 to None, run_after=None
[2024-03-24T18:58:36.976+0000] {logging_mixin.py:188} INFO - [2024-03-24T18:58:36.976+0000] {dag.py:3834} INFO - Setting next_dagrun for dataset_consumes_1_never_scheduled to None, run_after=None
[2024-03-24T18:58:36.977+0000] {logging_mixin.py:188} INFO - [2024-03-24T18:58:36.976+0000] {dag.py:3834} INFO - Setting next_dagrun for dataset_consumes_unknown_never_scheduled to None, run_after=None
[2024-03-24T18:58:36.979+0000] {logging_mixin.py:188} INFO - [2024-03-24T18:58:36.978+0000] {dag.py:3834} INFO - Setting next_dagrun for dataset_produces_1 to 2024-03-23 00:00:00+00:00, run_after=2024-03-24 00:00:00+00:00
[2024-03-24T18:58:36.980+0000] {logging_mixin.py:188} INFO - [2024-03-24T18:58:36.979+0000] {dag.py:3834} INFO - Setting next_dagrun for dataset_produces_2 to None, run_after=None
[2024-03-24T18:58:37.002+0000] {processor.py:183} INFO - Processing /home/airflow/.local/lib/python3.8/site-packages/airflow/example_dags/example_datasets.py took 0.079 seconds
[2024-03-24T18:59:07.475+0000] {processor.py:161} INFO - Started process (PID=117) to work on /home/airflow/.local/lib/python3.8/site-packages/airflow/example_dags/example_datasets.py
[2024-03-24T18:59:07.476+0000] {processor.py:830} INFO - Processing file /home/airflow/.local/lib/python3.8/site-packages/airflow/example_dags/example_datasets.py for tasks to queue
[2024-03-24T18:59:07.477+0000] {logging_mixin.py:188} INFO - [2024-03-24T18:59:07.477+0000] {dagbag.py:540} INFO - Filling up the DagBag from /home/airflow/.local/lib/python3.8/site-packages/airflow/example_dags/example_datasets.py
[2024-03-24T18:59:07.484+0000] {processor.py:840} INFO - DAG(s) 'dataset_consumes_1_never_scheduled', 'dataset_produces_2', 'dataset_consumes_1', 'dataset_produces_1', 'dataset_consumes_unknown_never_scheduled', 'dataset_consumes_1_and_2' retrieved from /home/airflow/.local/lib/python3.8/site-packages/airflow/example_dags/example_datasets.py
[2024-03-24T18:59:07.587+0000] {logging_mixin.py:188} INFO - [2024-03-24T18:59:07.587+0000] {dag.py:3047} INFO - Sync 6 DAGs
[2024-03-24T18:59:07.602+0000] {logging_mixin.py:188} INFO - [2024-03-24T18:59:07.602+0000] {dag.py:3834} INFO - Setting next_dagrun for dataset_consumes_1 to None, run_after=None
[2024-03-24T18:59:07.605+0000] {logging_mixin.py:188} INFO - [2024-03-24T18:59:07.605+0000] {dag.py:3834} INFO - Setting next_dagrun for dataset_consumes_1_and_2 to None, run_after=None
[2024-03-24T18:59:07.605+0000] {logging_mixin.py:188} INFO - [2024-03-24T18:59:07.605+0000] {dag.py:3834} INFO - Setting next_dagrun for dataset_consumes_1_never_scheduled to None, run_after=None
[2024-03-24T18:59:07.606+0000] {logging_mixin.py:188} INFO - [2024-03-24T18:59:07.606+0000] {dag.py:3834} INFO - Setting next_dagrun for dataset_consumes_unknown_never_scheduled to None, run_after=None
[2024-03-24T18:59:07.608+0000] {logging_mixin.py:188} INFO - [2024-03-24T18:59:07.608+0000] {dag.py:3834} INFO - Setting next_dagrun for dataset_produces_1 to 2024-03-23 00:00:00+00:00, run_after=2024-03-24 00:00:00+00:00
[2024-03-24T18:59:07.609+0000] {logging_mixin.py:188} INFO - [2024-03-24T18:59:07.609+0000] {dag.py:3834} INFO - Setting next_dagrun for dataset_produces_2 to None, run_after=None
[2024-03-24T18:59:07.630+0000] {processor.py:183} INFO - Processing /home/airflow/.local/lib/python3.8/site-packages/airflow/example_dags/example_datasets.py took 0.157 seconds
[2024-03-24T18:59:38.519+0000] {processor.py:161} INFO - Started process (PID=185) to work on /home/airflow/.local/lib/python3.8/site-packages/airflow/example_dags/example_datasets.py
[2024-03-24T18:59:38.520+0000] {processor.py:830} INFO - Processing file /home/airflow/.local/lib/python3.8/site-packages/airflow/example_dags/example_datasets.py for tasks to queue
[2024-03-24T18:59:38.521+0000] {logging_mixin.py:188} INFO - [2024-03-24T18:59:38.521+0000] {dagbag.py:540} INFO - Filling up the DagBag from /home/airflow/.local/lib/python3.8/site-packages/airflow/example_dags/example_datasets.py
[2024-03-24T18:59:38.528+0000] {processor.py:840} INFO - DAG(s) 'dataset_consumes_1_never_scheduled', 'dataset_consumes_1', 'dataset_produces_1', 'dataset_consumes_unknown_never_scheduled', 'dataset_consumes_1_and_2', 'dataset_produces_2' retrieved from /home/airflow/.local/lib/python3.8/site-packages/airflow/example_dags/example_datasets.py
[2024-03-24T18:59:38.551+0000] {logging_mixin.py:188} INFO - [2024-03-24T18:59:38.551+0000] {dag.py:3047} INFO - Sync 6 DAGs
[2024-03-24T18:59:38.566+0000] {logging_mixin.py:188} INFO - [2024-03-24T18:59:38.566+0000] {dag.py:3834} INFO - Setting next_dagrun for dataset_consumes_1 to None, run_after=None
[2024-03-24T18:59:38.569+0000] {logging_mixin.py:188} INFO - [2024-03-24T18:59:38.569+0000] {dag.py:3834} INFO - Setting next_dagrun for dataset_consumes_1_and_2 to None, run_after=None
[2024-03-24T18:59:38.570+0000] {logging_mixin.py:188} INFO - [2024-03-24T18:59:38.569+0000] {dag.py:3834} INFO - Setting next_dagrun for dataset_consumes_1_never_scheduled to None, run_after=None
[2024-03-24T18:59:38.570+0000] {logging_mixin.py:188} INFO - [2024-03-24T18:59:38.570+0000] {dag.py:3834} INFO - Setting next_dagrun for dataset_consumes_unknown_never_scheduled to None, run_after=None
[2024-03-24T18:59:38.572+0000] {logging_mixin.py:188} INFO - [2024-03-24T18:59:38.572+0000] {dag.py:3834} INFO - Setting next_dagrun for dataset_produces_1 to 2024-03-23 00:00:00+00:00, run_after=2024-03-24 00:00:00+00:00
[2024-03-24T18:59:38.573+0000] {logging_mixin.py:188} INFO - [2024-03-24T18:59:38.573+0000] {dag.py:3834} INFO - Setting next_dagrun for dataset_produces_2 to None, run_after=None
[2024-03-24T18:59:38.591+0000] {processor.py:183} INFO - Processing /home/airflow/.local/lib/python3.8/site-packages/airflow/example_dags/example_datasets.py took 0.075 seconds
[2024-03-24T19:00:09.116+0000] {processor.py:161} INFO - Started process (PID=253) to work on /home/airflow/.local/lib/python3.8/site-packages/airflow/example_dags/example_datasets.py
[2024-03-24T19:00:09.117+0000] {processor.py:830} INFO - Processing file /home/airflow/.local/lib/python3.8/site-packages/airflow/example_dags/example_datasets.py for tasks to queue
[2024-03-24T19:00:09.118+0000] {logging_mixin.py:188} INFO - [2024-03-24T19:00:09.118+0000] {dagbag.py:540} INFO - Filling up the DagBag from /home/airflow/.local/lib/python3.8/site-packages/airflow/example_dags/example_datasets.py
[2024-03-24T19:00:09.124+0000] {processor.py:840} INFO - DAG(s) 'dataset_consumes_1_never_scheduled', 'dataset_produces_2', 'dataset_produces_1', 'dataset_consumes_1_and_2', 'dataset_consumes_unknown_never_scheduled', 'dataset_consumes_1' retrieved from /home/airflow/.local/lib/python3.8/site-packages/airflow/example_dags/example_datasets.py
[2024-03-24T19:00:09.147+0000] {logging_mixin.py:188} INFO - [2024-03-24T19:00:09.147+0000] {dag.py:3047} INFO - Sync 6 DAGs
[2024-03-24T19:00:09.162+0000] {logging_mixin.py:188} INFO - [2024-03-24T19:00:09.162+0000] {dag.py:3834} INFO - Setting next_dagrun for dataset_consumes_1 to None, run_after=None
[2024-03-24T19:00:09.164+0000] {logging_mixin.py:188} INFO - [2024-03-24T19:00:09.164+0000] {dag.py:3834} INFO - Setting next_dagrun for dataset_consumes_1_and_2 to None, run_after=None
[2024-03-24T19:00:09.165+0000] {logging_mixin.py:188} INFO - [2024-03-24T19:00:09.165+0000] {dag.py:3834} INFO - Setting next_dagrun for dataset_consumes_1_never_scheduled to None, run_after=None
[2024-03-24T19:00:09.166+0000] {logging_mixin.py:188} INFO - [2024-03-24T19:00:09.166+0000] {dag.py:3834} INFO - Setting next_dagrun for dataset_consumes_unknown_never_scheduled to None, run_after=None
[2024-03-24T19:00:09.168+0000] {logging_mixin.py:188} INFO - [2024-03-24T19:00:09.167+0000] {dag.py:3834} INFO - Setting next_dagrun for dataset_produces_1 to 2024-03-23 00:00:00+00:00, run_after=2024-03-24 00:00:00+00:00
[2024-03-24T19:00:09.168+0000] {logging_mixin.py:188} INFO - [2024-03-24T19:00:09.168+0000] {dag.py:3834} INFO - Setting next_dagrun for dataset_produces_2 to None, run_after=None
[2024-03-24T19:00:09.186+0000] {processor.py:183} INFO - Processing /home/airflow/.local/lib/python3.8/site-packages/airflow/example_dags/example_datasets.py took 0.072 seconds
[2024-03-24T19:14:46.607+0000] {processor.py:161} INFO - Started process (PID=62) to work on /home/airflow/.local/lib/python3.8/site-packages/airflow/example_dags/example_datasets.py
[2024-03-24T19:14:46.607+0000] {processor.py:830} INFO - Processing file /home/airflow/.local/lib/python3.8/site-packages/airflow/example_dags/example_datasets.py for tasks to queue
[2024-03-24T19:14:46.609+0000] {logging_mixin.py:188} INFO - [2024-03-24T19:14:46.608+0000] {dagbag.py:540} INFO - Filling up the DagBag from /home/airflow/.local/lib/python3.8/site-packages/airflow/example_dags/example_datasets.py
[2024-03-24T19:14:46.618+0000] {processor.py:840} INFO - DAG(s) 'dataset_consumes_1_and_2', 'dataset_consumes_unknown_never_scheduled', 'dataset_produces_1', 'dataset_consumes_1_never_scheduled', 'dataset_produces_2', 'dataset_consumes_1' retrieved from /home/airflow/.local/lib/python3.8/site-packages/airflow/example_dags/example_datasets.py
[2024-03-24T19:14:46.631+0000] {logging_mixin.py:188} INFO - [2024-03-24T19:14:46.630+0000] {dag.py:3047} INFO - Sync 6 DAGs
[2024-03-24T19:14:46.650+0000] {logging_mixin.py:188} INFO - [2024-03-24T19:14:46.650+0000] {dag.py:3834} INFO - Setting next_dagrun for dataset_consumes_1 to None, run_after=None
[2024-03-24T19:14:46.653+0000] {logging_mixin.py:188} INFO - [2024-03-24T19:14:46.653+0000] {dag.py:3834} INFO - Setting next_dagrun for dataset_consumes_1_and_2 to None, run_after=None
[2024-03-24T19:14:46.654+0000] {logging_mixin.py:188} INFO - [2024-03-24T19:14:46.654+0000] {dag.py:3834} INFO - Setting next_dagrun for dataset_consumes_1_never_scheduled to None, run_after=None
[2024-03-24T19:14:46.655+0000] {logging_mixin.py:188} INFO - [2024-03-24T19:14:46.655+0000] {dag.py:3834} INFO - Setting next_dagrun for dataset_consumes_unknown_never_scheduled to None, run_after=None
[2024-03-24T19:14:46.657+0000] {logging_mixin.py:188} INFO - [2024-03-24T19:14:46.657+0000] {dag.py:3834} INFO - Setting next_dagrun for dataset_produces_1 to 2024-03-23 00:00:00+00:00, run_after=2024-03-24 00:00:00+00:00
[2024-03-24T19:14:46.658+0000] {logging_mixin.py:188} INFO - [2024-03-24T19:14:46.658+0000] {dag.py:3834} INFO - Setting next_dagrun for dataset_produces_2 to None, run_after=None
[2024-03-24T19:14:46.681+0000] {processor.py:183} INFO - Processing /home/airflow/.local/lib/python3.8/site-packages/airflow/example_dags/example_datasets.py took 0.077 seconds
[2024-03-24T19:15:17.209+0000] {processor.py:161} INFO - Started process (PID=117) to work on /home/airflow/.local/lib/python3.8/site-packages/airflow/example_dags/example_datasets.py
[2024-03-24T19:15:17.210+0000] {processor.py:830} INFO - Processing file /home/airflow/.local/lib/python3.8/site-packages/airflow/example_dags/example_datasets.py for tasks to queue
[2024-03-24T19:15:17.211+0000] {logging_mixin.py:188} INFO - [2024-03-24T19:15:17.211+0000] {dagbag.py:540} INFO - Filling up the DagBag from /home/airflow/.local/lib/python3.8/site-packages/airflow/example_dags/example_datasets.py
[2024-03-24T19:15:17.218+0000] {processor.py:840} INFO - DAG(s) 'dataset_consumes_1', 'dataset_consumes_1_never_scheduled', 'dataset_consumes_1_and_2', 'dataset_produces_1', 'dataset_produces_2', 'dataset_consumes_unknown_never_scheduled' retrieved from /home/airflow/.local/lib/python3.8/site-packages/airflow/example_dags/example_datasets.py
[2024-03-24T19:15:17.328+0000] {logging_mixin.py:188} INFO - [2024-03-24T19:15:17.328+0000] {dag.py:3047} INFO - Sync 6 DAGs
[2024-03-24T19:15:17.343+0000] {logging_mixin.py:188} INFO - [2024-03-24T19:15:17.343+0000] {dag.py:3834} INFO - Setting next_dagrun for dataset_consumes_1 to None, run_after=None
[2024-03-24T19:15:17.345+0000] {logging_mixin.py:188} INFO - [2024-03-24T19:15:17.345+0000] {dag.py:3834} INFO - Setting next_dagrun for dataset_consumes_1_and_2 to None, run_after=None
[2024-03-24T19:15:17.346+0000] {logging_mixin.py:188} INFO - [2024-03-24T19:15:17.346+0000] {dag.py:3834} INFO - Setting next_dagrun for dataset_consumes_1_never_scheduled to None, run_after=None
[2024-03-24T19:15:17.347+0000] {logging_mixin.py:188} INFO - [2024-03-24T19:15:17.347+0000] {dag.py:3834} INFO - Setting next_dagrun for dataset_consumes_unknown_never_scheduled to None, run_after=None
[2024-03-24T19:15:17.350+0000] {logging_mixin.py:188} INFO - [2024-03-24T19:15:17.349+0000] {dag.py:3834} INFO - Setting next_dagrun for dataset_produces_1 to 2024-03-23 00:00:00+00:00, run_after=2024-03-24 00:00:00+00:00
[2024-03-24T19:15:17.351+0000] {logging_mixin.py:188} INFO - [2024-03-24T19:15:17.351+0000] {dag.py:3834} INFO - Setting next_dagrun for dataset_produces_2 to None, run_after=None
[2024-03-24T19:15:17.373+0000] {processor.py:183} INFO - Processing /home/airflow/.local/lib/python3.8/site-packages/airflow/example_dags/example_datasets.py took 0.166 seconds
