[2024-03-24T18:50:55.480+0000] {processor.py:161} INFO - Started process (PID=74) to work on /home/airflow/.local/lib/python3.8/site-packages/airflow/example_dags/example_bash_operator.py
[2024-03-24T18:50:55.481+0000] {processor.py:830} INFO - Processing file /home/airflow/.local/lib/python3.8/site-packages/airflow/example_dags/example_bash_operator.py for tasks to queue
[2024-03-24T18:50:55.482+0000] {logging_mixin.py:188} INFO - [2024-03-24T18:50:55.482+0000] {dagbag.py:540} INFO - Filling up the DagBag from /home/airflow/.local/lib/python3.8/site-packages/airflow/example_dags/example_bash_operator.py
[2024-03-24T18:50:55.492+0000] {processor.py:840} INFO - DAG(s) 'example_bash_operator' retrieved from /home/airflow/.local/lib/python3.8/site-packages/airflow/example_dags/example_bash_operator.py
[2024-03-24T18:50:55.501+0000] {logging_mixin.py:188} INFO - [2024-03-24T18:50:55.501+0000] {dag.py:3047} INFO - Sync 1 DAGs
[2024-03-24T18:50:55.519+0000] {logging_mixin.py:188} INFO - [2024-03-24T18:50:55.519+0000] {dag.py:3834} INFO - Setting next_dagrun for example_bash_operator to 2024-03-23 00:00:00+00:00, run_after=2024-03-24 00:00:00+00:00
[2024-03-24T18:50:55.533+0000] {processor.py:183} INFO - Processing /home/airflow/.local/lib/python3.8/site-packages/airflow/example_dags/example_bash_operator.py took 0.055 seconds
[2024-03-24T18:51:26.554+0000] {processor.py:161} INFO - Started process (PID=131) to work on /home/airflow/.local/lib/python3.8/site-packages/airflow/example_dags/example_bash_operator.py
[2024-03-24T18:51:26.555+0000] {processor.py:830} INFO - Processing file /home/airflow/.local/lib/python3.8/site-packages/airflow/example_dags/example_bash_operator.py for tasks to queue
[2024-03-24T18:51:26.556+0000] {logging_mixin.py:188} INFO - [2024-03-24T18:51:26.556+0000] {dagbag.py:540} INFO - Filling up the DagBag from /home/airflow/.local/lib/python3.8/site-packages/airflow/example_dags/example_bash_operator.py
[2024-03-24T18:51:26.564+0000] {processor.py:840} INFO - DAG(s) 'example_bash_operator' retrieved from /home/airflow/.local/lib/python3.8/site-packages/airflow/example_dags/example_bash_operator.py
[2024-03-24T18:51:26.639+0000] {logging_mixin.py:188} INFO - [2024-03-24T18:51:26.638+0000] {dag.py:3047} INFO - Sync 1 DAGs
[2024-03-24T18:51:26.653+0000] {logging_mixin.py:188} INFO - [2024-03-24T18:51:26.653+0000] {dag.py:3834} INFO - Setting next_dagrun for example_bash_operator to 2024-03-23 00:00:00+00:00, run_after=2024-03-24 00:00:00+00:00
[2024-03-24T18:51:26.666+0000] {processor.py:183} INFO - Processing /home/airflow/.local/lib/python3.8/site-packages/airflow/example_dags/example_bash_operator.py took 0.114 seconds
[2024-03-24T18:55:22.381+0000] {processor.py:161} INFO - Started process (PID=85) to work on /home/airflow/.local/lib/python3.8/site-packages/airflow/example_dags/example_bash_operator.py
[2024-03-24T18:55:22.382+0000] {processor.py:830} INFO - Processing file /home/airflow/.local/lib/python3.8/site-packages/airflow/example_dags/example_bash_operator.py for tasks to queue
[2024-03-24T18:55:22.383+0000] {logging_mixin.py:188} INFO - [2024-03-24T18:55:22.383+0000] {dagbag.py:540} INFO - Filling up the DagBag from /home/airflow/.local/lib/python3.8/site-packages/airflow/example_dags/example_bash_operator.py
[2024-03-24T18:55:22.395+0000] {processor.py:840} INFO - DAG(s) 'example_bash_operator' retrieved from /home/airflow/.local/lib/python3.8/site-packages/airflow/example_dags/example_bash_operator.py
[2024-03-24T18:55:22.405+0000] {logging_mixin.py:188} INFO - [2024-03-24T18:55:22.405+0000] {dag.py:3047} INFO - Sync 1 DAGs
[2024-03-24T18:55:22.424+0000] {logging_mixin.py:188} INFO - [2024-03-24T18:55:22.424+0000] {dag.py:3834} INFO - Setting next_dagrun for example_bash_operator to 2024-03-23 00:00:00+00:00, run_after=2024-03-24 00:00:00+00:00
[2024-03-24T18:55:22.437+0000] {processor.py:183} INFO - Processing /home/airflow/.local/lib/python3.8/site-packages/airflow/example_dags/example_bash_operator.py took 0.059 seconds
[2024-03-24T18:55:53.733+0000] {processor.py:161} INFO - Started process (PID=153) to work on /home/airflow/.local/lib/python3.8/site-packages/airflow/example_dags/example_bash_operator.py
[2024-03-24T18:55:53.733+0000] {processor.py:830} INFO - Processing file /home/airflow/.local/lib/python3.8/site-packages/airflow/example_dags/example_bash_operator.py for tasks to queue
[2024-03-24T18:55:53.734+0000] {logging_mixin.py:188} INFO - [2024-03-24T18:55:53.734+0000] {dagbag.py:540} INFO - Filling up the DagBag from /home/airflow/.local/lib/python3.8/site-packages/airflow/example_dags/example_bash_operator.py
[2024-03-24T18:55:53.742+0000] {processor.py:840} INFO - DAG(s) 'example_bash_operator' retrieved from /home/airflow/.local/lib/python3.8/site-packages/airflow/example_dags/example_bash_operator.py
[2024-03-24T18:55:53.816+0000] {logging_mixin.py:188} INFO - [2024-03-24T18:55:53.816+0000] {dag.py:3047} INFO - Sync 1 DAGs
[2024-03-24T18:55:53.831+0000] {logging_mixin.py:188} INFO - [2024-03-24T18:55:53.830+0000] {dag.py:3834} INFO - Setting next_dagrun for example_bash_operator to 2024-03-23 00:00:00+00:00, run_after=2024-03-24 00:00:00+00:00
[2024-03-24T18:55:53.844+0000] {processor.py:183} INFO - Processing /home/airflow/.local/lib/python3.8/site-packages/airflow/example_dags/example_bash_operator.py took 0.114 seconds
[2024-03-24T18:58:38.120+0000] {processor.py:161} INFO - Started process (PID=85) to work on /home/airflow/.local/lib/python3.8/site-packages/airflow/example_dags/example_bash_operator.py
[2024-03-24T18:58:38.121+0000] {processor.py:830} INFO - Processing file /home/airflow/.local/lib/python3.8/site-packages/airflow/example_dags/example_bash_operator.py for tasks to queue
[2024-03-24T18:58:38.123+0000] {logging_mixin.py:188} INFO - [2024-03-24T18:58:38.122+0000] {dagbag.py:540} INFO - Filling up the DagBag from /home/airflow/.local/lib/python3.8/site-packages/airflow/example_dags/example_bash_operator.py
[2024-03-24T18:58:38.134+0000] {processor.py:840} INFO - DAG(s) 'example_bash_operator' retrieved from /home/airflow/.local/lib/python3.8/site-packages/airflow/example_dags/example_bash_operator.py
[2024-03-24T18:58:38.144+0000] {logging_mixin.py:188} INFO - [2024-03-24T18:58:38.143+0000] {dag.py:3047} INFO - Sync 1 DAGs
[2024-03-24T18:58:38.163+0000] {logging_mixin.py:188} INFO - [2024-03-24T18:58:38.163+0000] {dag.py:3834} INFO - Setting next_dagrun for example_bash_operator to 2024-03-23 00:00:00+00:00, run_after=2024-03-24 00:00:00+00:00
[2024-03-24T18:58:38.178+0000] {processor.py:183} INFO - Processing /home/airflow/.local/lib/python3.8/site-packages/airflow/example_dags/example_bash_operator.py took 0.060 seconds
[2024-03-24T18:59:09.258+0000] {processor.py:161} INFO - Started process (PID=153) to work on /home/airflow/.local/lib/python3.8/site-packages/airflow/example_dags/example_bash_operator.py
[2024-03-24T18:59:09.259+0000] {processor.py:830} INFO - Processing file /home/airflow/.local/lib/python3.8/site-packages/airflow/example_dags/example_bash_operator.py for tasks to queue
[2024-03-24T18:59:09.260+0000] {logging_mixin.py:188} INFO - [2024-03-24T18:59:09.260+0000] {dagbag.py:540} INFO - Filling up the DagBag from /home/airflow/.local/lib/python3.8/site-packages/airflow/example_dags/example_bash_operator.py
[2024-03-24T18:59:09.268+0000] {processor.py:840} INFO - DAG(s) 'example_bash_operator' retrieved from /home/airflow/.local/lib/python3.8/site-packages/airflow/example_dags/example_bash_operator.py
[2024-03-24T18:59:09.344+0000] {logging_mixin.py:188} INFO - [2024-03-24T18:59:09.344+0000] {dag.py:3047} INFO - Sync 1 DAGs
[2024-03-24T18:59:09.358+0000] {logging_mixin.py:188} INFO - [2024-03-24T18:59:09.358+0000] {dag.py:3834} INFO - Setting next_dagrun for example_bash_operator to 2024-03-23 00:00:00+00:00, run_after=2024-03-24 00:00:00+00:00
[2024-03-24T18:59:09.371+0000] {processor.py:183} INFO - Processing /home/airflow/.local/lib/python3.8/site-packages/airflow/example_dags/example_bash_operator.py took 0.115 seconds
[2024-03-24T18:59:40.130+0000] {processor.py:161} INFO - Started process (PID=221) to work on /home/airflow/.local/lib/python3.8/site-packages/airflow/example_dags/example_bash_operator.py
[2024-03-24T18:59:40.130+0000] {processor.py:830} INFO - Processing file /home/airflow/.local/lib/python3.8/site-packages/airflow/example_dags/example_bash_operator.py for tasks to queue
[2024-03-24T18:59:40.132+0000] {logging_mixin.py:188} INFO - [2024-03-24T18:59:40.131+0000] {dagbag.py:540} INFO - Filling up the DagBag from /home/airflow/.local/lib/python3.8/site-packages/airflow/example_dags/example_bash_operator.py
[2024-03-24T18:59:40.140+0000] {processor.py:840} INFO - DAG(s) 'example_bash_operator' retrieved from /home/airflow/.local/lib/python3.8/site-packages/airflow/example_dags/example_bash_operator.py
[2024-03-24T18:59:40.160+0000] {logging_mixin.py:188} INFO - [2024-03-24T18:59:40.160+0000] {dag.py:3047} INFO - Sync 1 DAGs
[2024-03-24T18:59:40.175+0000] {logging_mixin.py:188} INFO - [2024-03-24T18:59:40.175+0000] {dag.py:3834} INFO - Setting next_dagrun for example_bash_operator to 2024-03-23 00:00:00+00:00, run_after=2024-03-24 00:00:00+00:00
[2024-03-24T18:59:40.186+0000] {processor.py:183} INFO - Processing /home/airflow/.local/lib/python3.8/site-packages/airflow/example_dags/example_bash_operator.py took 0.059 seconds
[2024-03-24T19:00:11.352+0000] {processor.py:161} INFO - Started process (PID=289) to work on /home/airflow/.local/lib/python3.8/site-packages/airflow/example_dags/example_bash_operator.py
[2024-03-24T19:00:11.353+0000] {processor.py:830} INFO - Processing file /home/airflow/.local/lib/python3.8/site-packages/airflow/example_dags/example_bash_operator.py for tasks to queue
[2024-03-24T19:00:11.354+0000] {logging_mixin.py:188} INFO - [2024-03-24T19:00:11.354+0000] {dagbag.py:540} INFO - Filling up the DagBag from /home/airflow/.local/lib/python3.8/site-packages/airflow/example_dags/example_bash_operator.py
[2024-03-24T19:00:11.362+0000] {processor.py:840} INFO - DAG(s) 'example_bash_operator' retrieved from /home/airflow/.local/lib/python3.8/site-packages/airflow/example_dags/example_bash_operator.py
[2024-03-24T19:00:11.382+0000] {logging_mixin.py:188} INFO - [2024-03-24T19:00:11.382+0000] {dag.py:3047} INFO - Sync 1 DAGs
[2024-03-24T19:00:11.397+0000] {logging_mixin.py:188} INFO - [2024-03-24T19:00:11.396+0000] {dag.py:3834} INFO - Setting next_dagrun for example_bash_operator to 2024-03-23 00:00:00+00:00, run_after=2024-03-24 00:00:00+00:00
[2024-03-24T19:00:11.408+0000] {processor.py:183} INFO - Processing /home/airflow/.local/lib/python3.8/site-packages/airflow/example_dags/example_bash_operator.py took 0.058 seconds
[2024-03-24T19:14:47.762+0000] {processor.py:161} INFO - Started process (PID=85) to work on /home/airflow/.local/lib/python3.8/site-packages/airflow/example_dags/example_bash_operator.py
[2024-03-24T19:14:47.763+0000] {processor.py:830} INFO - Processing file /home/airflow/.local/lib/python3.8/site-packages/airflow/example_dags/example_bash_operator.py for tasks to queue
[2024-03-24T19:14:47.764+0000] {logging_mixin.py:188} INFO - [2024-03-24T19:14:47.764+0000] {dagbag.py:540} INFO - Filling up the DagBag from /home/airflow/.local/lib/python3.8/site-packages/airflow/example_dags/example_bash_operator.py
[2024-03-24T19:14:47.776+0000] {processor.py:840} INFO - DAG(s) 'example_bash_operator' retrieved from /home/airflow/.local/lib/python3.8/site-packages/airflow/example_dags/example_bash_operator.py
[2024-03-24T19:14:47.785+0000] {logging_mixin.py:188} INFO - [2024-03-24T19:14:47.785+0000] {dag.py:3047} INFO - Sync 1 DAGs
[2024-03-24T19:14:47.804+0000] {logging_mixin.py:188} INFO - [2024-03-24T19:14:47.803+0000] {dag.py:3834} INFO - Setting next_dagrun for example_bash_operator to 2024-03-23 00:00:00+00:00, run_after=2024-03-24 00:00:00+00:00
[2024-03-24T19:14:47.816+0000] {processor.py:183} INFO - Processing /home/airflow/.local/lib/python3.8/site-packages/airflow/example_dags/example_bash_operator.py took 0.057 seconds
[2024-03-24T19:15:19.174+0000] {processor.py:161} INFO - Started process (PID=153) to work on /home/airflow/.local/lib/python3.8/site-packages/airflow/example_dags/example_bash_operator.py
[2024-03-24T19:15:19.174+0000] {processor.py:830} INFO - Processing file /home/airflow/.local/lib/python3.8/site-packages/airflow/example_dags/example_bash_operator.py for tasks to queue
[2024-03-24T19:15:19.175+0000] {logging_mixin.py:188} INFO - [2024-03-24T19:15:19.175+0000] {dagbag.py:540} INFO - Filling up the DagBag from /home/airflow/.local/lib/python3.8/site-packages/airflow/example_dags/example_bash_operator.py
[2024-03-24T19:15:19.184+0000] {processor.py:840} INFO - DAG(s) 'example_bash_operator' retrieved from /home/airflow/.local/lib/python3.8/site-packages/airflow/example_dags/example_bash_operator.py
[2024-03-24T19:15:19.267+0000] {logging_mixin.py:188} INFO - [2024-03-24T19:15:19.267+0000] {dag.py:3047} INFO - Sync 1 DAGs
[2024-03-24T19:15:19.282+0000] {logging_mixin.py:188} INFO - [2024-03-24T19:15:19.282+0000] {dag.py:3834} INFO - Setting next_dagrun for example_bash_operator to 2024-03-23 00:00:00+00:00, run_after=2024-03-24 00:00:00+00:00
[2024-03-24T19:15:19.295+0000] {processor.py:183} INFO - Processing /home/airflow/.local/lib/python3.8/site-packages/airflow/example_dags/example_bash_operator.py took 0.124 seconds
