[2024-03-24T18:50:54.053+0000] {processor.py:161} INFO - Started process (PID=44) to work on /home/airflow/.local/lib/python3.8/site-packages/airflow/example_dags/tutorial_dag.py
[2024-03-24T18:50:54.054+0000] {processor.py:830} INFO - Processing file /home/airflow/.local/lib/python3.8/site-packages/airflow/example_dags/tutorial_dag.py for tasks to queue
[2024-03-24T18:50:54.055+0000] {logging_mixin.py:188} INFO - [2024-03-24T18:50:54.055+0000] {dagbag.py:540} INFO - Filling up the DagBag from /home/airflow/.local/lib/python3.8/site-packages/airflow/example_dags/tutorial_dag.py
[2024-03-24T18:50:54.063+0000] {processor.py:840} INFO - DAG(s) 'tutorial_dag' retrieved from /home/airflow/.local/lib/python3.8/site-packages/airflow/example_dags/tutorial_dag.py
[2024-03-24T18:50:54.075+0000] {logging_mixin.py:188} INFO - [2024-03-24T18:50:54.075+0000] {dag.py:3047} INFO - Sync 1 DAGs
[2024-03-24T18:50:54.086+0000] {logging_mixin.py:188} INFO - [2024-03-24T18:50:54.085+0000] {dag.py:3834} INFO - Setting next_dagrun for tutorial_dag to None, run_after=None
[2024-03-24T18:50:54.101+0000] {processor.py:183} INFO - Processing /home/airflow/.local/lib/python3.8/site-packages/airflow/example_dags/tutorial_dag.py took 0.051 seconds
[2024-03-24T18:51:24.489+0000] {processor.py:161} INFO - Started process (PID=99) to work on /home/airflow/.local/lib/python3.8/site-packages/airflow/example_dags/tutorial_dag.py
[2024-03-24T18:51:24.490+0000] {processor.py:830} INFO - Processing file /home/airflow/.local/lib/python3.8/site-packages/airflow/example_dags/tutorial_dag.py for tasks to queue
[2024-03-24T18:51:24.491+0000] {logging_mixin.py:188} INFO - [2024-03-24T18:51:24.491+0000] {dagbag.py:540} INFO - Filling up the DagBag from /home/airflow/.local/lib/python3.8/site-packages/airflow/example_dags/tutorial_dag.py
[2024-03-24T18:51:24.495+0000] {processor.py:840} INFO - DAG(s) 'tutorial_dag' retrieved from /home/airflow/.local/lib/python3.8/site-packages/airflow/example_dags/tutorial_dag.py
[2024-03-24T18:51:24.563+0000] {logging_mixin.py:188} INFO - [2024-03-24T18:51:24.563+0000] {dag.py:3047} INFO - Sync 1 DAGs
[2024-03-24T18:51:24.572+0000] {logging_mixin.py:188} INFO - [2024-03-24T18:51:24.571+0000] {dag.py:3834} INFO - Setting next_dagrun for tutorial_dag to None, run_after=None
[2024-03-24T18:51:24.585+0000] {processor.py:183} INFO - Processing /home/airflow/.local/lib/python3.8/site-packages/airflow/example_dags/tutorial_dag.py took 0.098 seconds
[2024-03-24T18:55:20.696+0000] {processor.py:161} INFO - Started process (PID=44) to work on /home/airflow/.local/lib/python3.8/site-packages/airflow/example_dags/tutorial_dag.py
[2024-03-24T18:55:20.696+0000] {processor.py:830} INFO - Processing file /home/airflow/.local/lib/python3.8/site-packages/airflow/example_dags/tutorial_dag.py for tasks to queue
[2024-03-24T18:55:20.698+0000] {logging_mixin.py:188} INFO - [2024-03-24T18:55:20.698+0000] {dagbag.py:540} INFO - Filling up the DagBag from /home/airflow/.local/lib/python3.8/site-packages/airflow/example_dags/tutorial_dag.py
[2024-03-24T18:55:20.705+0000] {processor.py:840} INFO - DAG(s) 'tutorial_dag' retrieved from /home/airflow/.local/lib/python3.8/site-packages/airflow/example_dags/tutorial_dag.py
[2024-03-24T18:55:20.715+0000] {logging_mixin.py:188} INFO - [2024-03-24T18:55:20.714+0000] {dag.py:3047} INFO - Sync 1 DAGs
[2024-03-24T18:55:20.725+0000] {logging_mixin.py:188} INFO - [2024-03-24T18:55:20.725+0000] {dag.py:3834} INFO - Setting next_dagrun for tutorial_dag to None, run_after=None
[2024-03-24T18:55:20.740+0000] {processor.py:183} INFO - Processing /home/airflow/.local/lib/python3.8/site-packages/airflow/example_dags/tutorial_dag.py took 0.048 seconds
[2024-03-24T18:55:51.329+0000] {processor.py:161} INFO - Started process (PID=110) to work on /home/airflow/.local/lib/python3.8/site-packages/airflow/example_dags/tutorial_dag.py
[2024-03-24T18:55:51.330+0000] {processor.py:830} INFO - Processing file /home/airflow/.local/lib/python3.8/site-packages/airflow/example_dags/tutorial_dag.py for tasks to queue
[2024-03-24T18:55:51.331+0000] {logging_mixin.py:188} INFO - [2024-03-24T18:55:51.331+0000] {dagbag.py:540} INFO - Filling up the DagBag from /home/airflow/.local/lib/python3.8/site-packages/airflow/example_dags/tutorial_dag.py
[2024-03-24T18:55:51.335+0000] {processor.py:840} INFO - DAG(s) 'tutorial_dag' retrieved from /home/airflow/.local/lib/python3.8/site-packages/airflow/example_dags/tutorial_dag.py
[2024-03-24T18:55:51.404+0000] {logging_mixin.py:188} INFO - [2024-03-24T18:55:51.404+0000] {dag.py:3047} INFO - Sync 1 DAGs
[2024-03-24T18:55:51.411+0000] {logging_mixin.py:188} INFO - [2024-03-24T18:55:51.411+0000] {dag.py:3834} INFO - Setting next_dagrun for tutorial_dag to None, run_after=None
[2024-03-24T18:55:51.423+0000] {processor.py:183} INFO - Processing /home/airflow/.local/lib/python3.8/site-packages/airflow/example_dags/tutorial_dag.py took 0.096 seconds
[2024-03-24T18:58:36.370+0000] {processor.py:161} INFO - Started process (PID=44) to work on /home/airflow/.local/lib/python3.8/site-packages/airflow/example_dags/tutorial_dag.py
[2024-03-24T18:58:36.371+0000] {processor.py:830} INFO - Processing file /home/airflow/.local/lib/python3.8/site-packages/airflow/example_dags/tutorial_dag.py for tasks to queue
[2024-03-24T18:58:36.372+0000] {logging_mixin.py:188} INFO - [2024-03-24T18:58:36.372+0000] {dagbag.py:540} INFO - Filling up the DagBag from /home/airflow/.local/lib/python3.8/site-packages/airflow/example_dags/tutorial_dag.py
[2024-03-24T18:58:36.378+0000] {processor.py:840} INFO - DAG(s) 'tutorial_dag' retrieved from /home/airflow/.local/lib/python3.8/site-packages/airflow/example_dags/tutorial_dag.py
[2024-03-24T18:58:36.388+0000] {logging_mixin.py:188} INFO - [2024-03-24T18:58:36.388+0000] {dag.py:3047} INFO - Sync 1 DAGs
[2024-03-24T18:58:36.400+0000] {logging_mixin.py:188} INFO - [2024-03-24T18:58:36.400+0000] {dag.py:3834} INFO - Setting next_dagrun for tutorial_dag to None, run_after=None
[2024-03-24T18:58:36.420+0000] {processor.py:183} INFO - Processing /home/airflow/.local/lib/python3.8/site-packages/airflow/example_dags/tutorial_dag.py took 0.053 seconds
[2024-03-24T18:59:07.002+0000] {processor.py:161} INFO - Started process (PID=110) to work on /home/airflow/.local/lib/python3.8/site-packages/airflow/example_dags/tutorial_dag.py
[2024-03-24T18:59:07.003+0000] {processor.py:830} INFO - Processing file /home/airflow/.local/lib/python3.8/site-packages/airflow/example_dags/tutorial_dag.py for tasks to queue
[2024-03-24T18:59:07.004+0000] {logging_mixin.py:188} INFO - [2024-03-24T18:59:07.004+0000] {dagbag.py:540} INFO - Filling up the DagBag from /home/airflow/.local/lib/python3.8/site-packages/airflow/example_dags/tutorial_dag.py
[2024-03-24T18:59:07.008+0000] {processor.py:840} INFO - DAG(s) 'tutorial_dag' retrieved from /home/airflow/.local/lib/python3.8/site-packages/airflow/example_dags/tutorial_dag.py
[2024-03-24T18:59:07.078+0000] {logging_mixin.py:188} INFO - [2024-03-24T18:59:07.078+0000] {dag.py:3047} INFO - Sync 1 DAGs
[2024-03-24T18:59:07.085+0000] {logging_mixin.py:188} INFO - [2024-03-24T18:59:07.085+0000] {dag.py:3834} INFO - Setting next_dagrun for tutorial_dag to None, run_after=None
[2024-03-24T18:59:07.098+0000] {processor.py:183} INFO - Processing /home/airflow/.local/lib/python3.8/site-packages/airflow/example_dags/tutorial_dag.py took 0.099 seconds
[2024-03-24T18:59:37.280+0000] {processor.py:161} INFO - Started process (PID=178) to work on /home/airflow/.local/lib/python3.8/site-packages/airflow/example_dags/tutorial_dag.py
[2024-03-24T18:59:37.281+0000] {processor.py:830} INFO - Processing file /home/airflow/.local/lib/python3.8/site-packages/airflow/example_dags/tutorial_dag.py for tasks to queue
[2024-03-24T18:59:37.282+0000] {logging_mixin.py:188} INFO - [2024-03-24T18:59:37.282+0000] {dagbag.py:540} INFO - Filling up the DagBag from /home/airflow/.local/lib/python3.8/site-packages/airflow/example_dags/tutorial_dag.py
[2024-03-24T18:59:37.285+0000] {processor.py:840} INFO - DAG(s) 'tutorial_dag' retrieved from /home/airflow/.local/lib/python3.8/site-packages/airflow/example_dags/tutorial_dag.py
[2024-03-24T18:59:37.299+0000] {logging_mixin.py:188} INFO - [2024-03-24T18:59:37.299+0000] {dag.py:3047} INFO - Sync 1 DAGs
[2024-03-24T18:59:37.308+0000] {logging_mixin.py:188} INFO - [2024-03-24T18:59:37.308+0000] {dag.py:3834} INFO - Setting next_dagrun for tutorial_dag to None, run_after=None
[2024-03-24T18:59:37.321+0000] {processor.py:183} INFO - Processing /home/airflow/.local/lib/python3.8/site-packages/airflow/example_dags/tutorial_dag.py took 0.043 seconds
[2024-03-24T19:00:07.863+0000] {processor.py:161} INFO - Started process (PID=246) to work on /home/airflow/.local/lib/python3.8/site-packages/airflow/example_dags/tutorial_dag.py
[2024-03-24T19:00:07.864+0000] {processor.py:830} INFO - Processing file /home/airflow/.local/lib/python3.8/site-packages/airflow/example_dags/tutorial_dag.py for tasks to queue
[2024-03-24T19:00:07.865+0000] {logging_mixin.py:188} INFO - [2024-03-24T19:00:07.865+0000] {dagbag.py:540} INFO - Filling up the DagBag from /home/airflow/.local/lib/python3.8/site-packages/airflow/example_dags/tutorial_dag.py
[2024-03-24T19:00:07.870+0000] {processor.py:840} INFO - DAG(s) 'tutorial_dag' retrieved from /home/airflow/.local/lib/python3.8/site-packages/airflow/example_dags/tutorial_dag.py
[2024-03-24T19:00:07.886+0000] {logging_mixin.py:188} INFO - [2024-03-24T19:00:07.886+0000] {dag.py:3047} INFO - Sync 1 DAGs
[2024-03-24T19:00:07.895+0000] {logging_mixin.py:188} INFO - [2024-03-24T19:00:07.894+0000] {dag.py:3834} INFO - Setting next_dagrun for tutorial_dag to None, run_after=None
[2024-03-24T19:00:07.906+0000] {processor.py:183} INFO - Processing /home/airflow/.local/lib/python3.8/site-packages/airflow/example_dags/tutorial_dag.py took 0.045 seconds
[2024-03-24T19:14:46.053+0000] {processor.py:161} INFO - Started process (PID=44) to work on /home/airflow/.local/lib/python3.8/site-packages/airflow/example_dags/tutorial_dag.py
[2024-03-24T19:14:46.054+0000] {processor.py:830} INFO - Processing file /home/airflow/.local/lib/python3.8/site-packages/airflow/example_dags/tutorial_dag.py for tasks to queue
[2024-03-24T19:14:46.056+0000] {logging_mixin.py:188} INFO - [2024-03-24T19:14:46.055+0000] {dagbag.py:540} INFO - Filling up the DagBag from /home/airflow/.local/lib/python3.8/site-packages/airflow/example_dags/tutorial_dag.py
[2024-03-24T19:14:46.063+0000] {processor.py:840} INFO - DAG(s) 'tutorial_dag' retrieved from /home/airflow/.local/lib/python3.8/site-packages/airflow/example_dags/tutorial_dag.py
[2024-03-24T19:14:46.073+0000] {logging_mixin.py:188} INFO - [2024-03-24T19:14:46.072+0000] {dag.py:3047} INFO - Sync 1 DAGs
[2024-03-24T19:14:46.083+0000] {logging_mixin.py:188} INFO - [2024-03-24T19:14:46.083+0000] {dag.py:3834} INFO - Setting next_dagrun for tutorial_dag to None, run_after=None
[2024-03-24T19:14:46.100+0000] {processor.py:183} INFO - Processing /home/airflow/.local/lib/python3.8/site-packages/airflow/example_dags/tutorial_dag.py took 0.050 seconds
[2024-03-24T19:15:16.709+0000] {processor.py:161} INFO - Started process (PID=110) to work on /home/airflow/.local/lib/python3.8/site-packages/airflow/example_dags/tutorial_dag.py
[2024-03-24T19:15:16.709+0000] {processor.py:830} INFO - Processing file /home/airflow/.local/lib/python3.8/site-packages/airflow/example_dags/tutorial_dag.py for tasks to queue
[2024-03-24T19:15:16.711+0000] {logging_mixin.py:188} INFO - [2024-03-24T19:15:16.710+0000] {dagbag.py:540} INFO - Filling up the DagBag from /home/airflow/.local/lib/python3.8/site-packages/airflow/example_dags/tutorial_dag.py
[2024-03-24T19:15:16.715+0000] {processor.py:840} INFO - DAG(s) 'tutorial_dag' retrieved from /home/airflow/.local/lib/python3.8/site-packages/airflow/example_dags/tutorial_dag.py
[2024-03-24T19:15:16.785+0000] {logging_mixin.py:188} INFO - [2024-03-24T19:15:16.785+0000] {dag.py:3047} INFO - Sync 1 DAGs
[2024-03-24T19:15:16.792+0000] {logging_mixin.py:188} INFO - [2024-03-24T19:15:16.792+0000] {dag.py:3834} INFO - Setting next_dagrun for tutorial_dag to None, run_after=None
[2024-03-24T19:15:16.804+0000] {processor.py:183} INFO - Processing /home/airflow/.local/lib/python3.8/site-packages/airflow/example_dags/tutorial_dag.py took 0.098 seconds
