[2024-03-24T18:50:54.690+0000] {processor.py:161} INFO - Started process (PID=55) to work on /home/airflow/.local/lib/python3.8/site-packages/airflow/example_dags/tutorial.py
[2024-03-24T18:50:54.691+0000] {processor.py:830} INFO - Processing file /home/airflow/.local/lib/python3.8/site-packages/airflow/example_dags/tutorial.py for tasks to queue
[2024-03-24T18:50:54.692+0000] {logging_mixin.py:188} INFO - [2024-03-24T18:50:54.692+0000] {dagbag.py:540} INFO - Filling up the DagBag from /home/airflow/.local/lib/python3.8/site-packages/airflow/example_dags/tutorial.py
[2024-03-24T18:50:54.699+0000] {processor.py:840} INFO - DAG(s) 'tutorial' retrieved from /home/airflow/.local/lib/python3.8/site-packages/airflow/example_dags/tutorial.py
[2024-03-24T18:50:54.709+0000] {logging_mixin.py:188} INFO - [2024-03-24T18:50:54.708+0000] {dag.py:3047} INFO - Sync 1 DAGs
[2024-03-24T18:50:54.727+0000] {logging_mixin.py:188} INFO - [2024-03-24T18:50:54.727+0000] {dag.py:3834} INFO - Setting next_dagrun for tutorial to 2024-03-23 00:00:00+00:00, run_after=2024-03-24 00:00:00+00:00
[2024-03-24T18:50:54.741+0000] {processor.py:183} INFO - Processing /home/airflow/.local/lib/python3.8/site-packages/airflow/example_dags/tutorial.py took 0.053 seconds
[2024-03-24T18:51:25.255+0000] {processor.py:161} INFO - Started process (PID=112) to work on /home/airflow/.local/lib/python3.8/site-packages/airflow/example_dags/tutorial.py
[2024-03-24T18:51:25.256+0000] {processor.py:830} INFO - Processing file /home/airflow/.local/lib/python3.8/site-packages/airflow/example_dags/tutorial.py for tasks to queue
[2024-03-24T18:51:25.257+0000] {logging_mixin.py:188} INFO - [2024-03-24T18:51:25.256+0000] {dagbag.py:540} INFO - Filling up the DagBag from /home/airflow/.local/lib/python3.8/site-packages/airflow/example_dags/tutorial.py
[2024-03-24T18:51:25.261+0000] {processor.py:840} INFO - DAG(s) 'tutorial' retrieved from /home/airflow/.local/lib/python3.8/site-packages/airflow/example_dags/tutorial.py
[2024-03-24T18:51:25.331+0000] {logging_mixin.py:188} INFO - [2024-03-24T18:51:25.330+0000] {dag.py:3047} INFO - Sync 1 DAGs
[2024-03-24T18:51:25.344+0000] {logging_mixin.py:188} INFO - [2024-03-24T18:51:25.344+0000] {dag.py:3834} INFO - Setting next_dagrun for tutorial to 2024-03-23 00:00:00+00:00, run_after=2024-03-24 00:00:00+00:00
[2024-03-24T18:51:25.355+0000] {processor.py:183} INFO - Processing /home/airflow/.local/lib/python3.8/site-packages/airflow/example_dags/tutorial.py took 0.102 seconds
[2024-03-24T18:55:21.578+0000] {processor.py:161} INFO - Started process (PID=66) to work on /home/airflow/.local/lib/python3.8/site-packages/airflow/example_dags/tutorial.py
[2024-03-24T18:55:21.579+0000] {processor.py:830} INFO - Processing file /home/airflow/.local/lib/python3.8/site-packages/airflow/example_dags/tutorial.py for tasks to queue
[2024-03-24T18:55:21.580+0000] {logging_mixin.py:188} INFO - [2024-03-24T18:55:21.580+0000] {dagbag.py:540} INFO - Filling up the DagBag from /home/airflow/.local/lib/python3.8/site-packages/airflow/example_dags/tutorial.py
[2024-03-24T18:55:21.587+0000] {processor.py:840} INFO - DAG(s) 'tutorial' retrieved from /home/airflow/.local/lib/python3.8/site-packages/airflow/example_dags/tutorial.py
[2024-03-24T18:55:21.598+0000] {logging_mixin.py:188} INFO - [2024-03-24T18:55:21.598+0000] {dag.py:3047} INFO - Sync 1 DAGs
[2024-03-24T18:55:21.616+0000] {logging_mixin.py:188} INFO - [2024-03-24T18:55:21.616+0000] {dag.py:3834} INFO - Setting next_dagrun for tutorial to 2024-03-23 00:00:00+00:00, run_after=2024-03-24 00:00:00+00:00
[2024-03-24T18:55:21.630+0000] {processor.py:183} INFO - Processing /home/airflow/.local/lib/python3.8/site-packages/airflow/example_dags/tutorial.py took 0.054 seconds
[2024-03-24T18:55:52.086+0000] {processor.py:161} INFO - Started process (PID=121) to work on /home/airflow/.local/lib/python3.8/site-packages/airflow/example_dags/tutorial.py
[2024-03-24T18:55:52.086+0000] {processor.py:830} INFO - Processing file /home/airflow/.local/lib/python3.8/site-packages/airflow/example_dags/tutorial.py for tasks to queue
[2024-03-24T18:55:52.087+0000] {logging_mixin.py:188} INFO - [2024-03-24T18:55:52.087+0000] {dagbag.py:540} INFO - Filling up the DagBag from /home/airflow/.local/lib/python3.8/site-packages/airflow/example_dags/tutorial.py
[2024-03-24T18:55:52.091+0000] {processor.py:840} INFO - DAG(s) 'tutorial' retrieved from /home/airflow/.local/lib/python3.8/site-packages/airflow/example_dags/tutorial.py
[2024-03-24T18:55:52.161+0000] {logging_mixin.py:188} INFO - [2024-03-24T18:55:52.160+0000] {dag.py:3047} INFO - Sync 1 DAGs
[2024-03-24T18:55:52.174+0000] {logging_mixin.py:188} INFO - [2024-03-24T18:55:52.173+0000] {dag.py:3834} INFO - Setting next_dagrun for tutorial to 2024-03-23 00:00:00+00:00, run_after=2024-03-24 00:00:00+00:00
[2024-03-24T18:55:52.186+0000] {processor.py:183} INFO - Processing /home/airflow/.local/lib/python3.8/site-packages/airflow/example_dags/tutorial.py took 0.102 seconds
[2024-03-24T18:58:37.243+0000] {processor.py:161} INFO - Started process (PID=66) to work on /home/airflow/.local/lib/python3.8/site-packages/airflow/example_dags/tutorial.py
[2024-03-24T18:58:37.244+0000] {processor.py:830} INFO - Processing file /home/airflow/.local/lib/python3.8/site-packages/airflow/example_dags/tutorial.py for tasks to queue
[2024-03-24T18:58:37.246+0000] {logging_mixin.py:188} INFO - [2024-03-24T18:58:37.245+0000] {dagbag.py:540} INFO - Filling up the DagBag from /home/airflow/.local/lib/python3.8/site-packages/airflow/example_dags/tutorial.py
[2024-03-24T18:58:37.252+0000] {processor.py:840} INFO - DAG(s) 'tutorial' retrieved from /home/airflow/.local/lib/python3.8/site-packages/airflow/example_dags/tutorial.py
[2024-03-24T18:58:37.263+0000] {logging_mixin.py:188} INFO - [2024-03-24T18:58:37.263+0000] {dag.py:3047} INFO - Sync 1 DAGs
[2024-03-24T18:58:37.280+0000] {logging_mixin.py:188} INFO - [2024-03-24T18:58:37.280+0000] {dag.py:3834} INFO - Setting next_dagrun for tutorial to 2024-03-23 00:00:00+00:00, run_after=2024-03-24 00:00:00+00:00
[2024-03-24T18:58:37.293+0000] {processor.py:183} INFO - Processing /home/airflow/.local/lib/python3.8/site-packages/airflow/example_dags/tutorial.py took 0.052 seconds
[2024-03-24T18:59:07.731+0000] {processor.py:161} INFO - Started process (PID=121) to work on /home/airflow/.local/lib/python3.8/site-packages/airflow/example_dags/tutorial.py
[2024-03-24T18:59:07.732+0000] {processor.py:830} INFO - Processing file /home/airflow/.local/lib/python3.8/site-packages/airflow/example_dags/tutorial.py for tasks to queue
[2024-03-24T18:59:07.733+0000] {logging_mixin.py:188} INFO - [2024-03-24T18:59:07.733+0000] {dagbag.py:540} INFO - Filling up the DagBag from /home/airflow/.local/lib/python3.8/site-packages/airflow/example_dags/tutorial.py
[2024-03-24T18:59:07.737+0000] {processor.py:840} INFO - DAG(s) 'tutorial' retrieved from /home/airflow/.local/lib/python3.8/site-packages/airflow/example_dags/tutorial.py
[2024-03-24T18:59:07.808+0000] {logging_mixin.py:188} INFO - [2024-03-24T18:59:07.808+0000] {dag.py:3047} INFO - Sync 1 DAGs
[2024-03-24T18:59:07.822+0000] {logging_mixin.py:188} INFO - [2024-03-24T18:59:07.822+0000] {dag.py:3834} INFO - Setting next_dagrun for tutorial to 2024-03-23 00:00:00+00:00, run_after=2024-03-24 00:00:00+00:00
[2024-03-24T18:59:07.834+0000] {processor.py:183} INFO - Processing /home/airflow/.local/lib/python3.8/site-packages/airflow/example_dags/tutorial.py took 0.106 seconds
[2024-03-24T18:59:38.730+0000] {processor.py:161} INFO - Started process (PID=189) to work on /home/airflow/.local/lib/python3.8/site-packages/airflow/example_dags/tutorial.py
[2024-03-24T18:59:38.731+0000] {processor.py:830} INFO - Processing file /home/airflow/.local/lib/python3.8/site-packages/airflow/example_dags/tutorial.py for tasks to queue
[2024-03-24T18:59:38.732+0000] {logging_mixin.py:188} INFO - [2024-03-24T18:59:38.732+0000] {dagbag.py:540} INFO - Filling up the DagBag from /home/airflow/.local/lib/python3.8/site-packages/airflow/example_dags/tutorial.py
[2024-03-24T18:59:38.736+0000] {processor.py:840} INFO - DAG(s) 'tutorial' retrieved from /home/airflow/.local/lib/python3.8/site-packages/airflow/example_dags/tutorial.py
[2024-03-24T18:59:38.751+0000] {logging_mixin.py:188} INFO - [2024-03-24T18:59:38.751+0000] {dag.py:3047} INFO - Sync 1 DAGs
[2024-03-24T18:59:38.765+0000] {logging_mixin.py:188} INFO - [2024-03-24T18:59:38.765+0000] {dag.py:3834} INFO - Setting next_dagrun for tutorial to 2024-03-23 00:00:00+00:00, run_after=2024-03-24 00:00:00+00:00
[2024-03-24T18:59:38.777+0000] {processor.py:183} INFO - Processing /home/airflow/.local/lib/python3.8/site-packages/airflow/example_dags/tutorial.py took 0.049 seconds
[2024-03-24T19:00:09.325+0000] {processor.py:161} INFO - Started process (PID=257) to work on /home/airflow/.local/lib/python3.8/site-packages/airflow/example_dags/tutorial.py
[2024-03-24T19:00:09.325+0000] {processor.py:830} INFO - Processing file /home/airflow/.local/lib/python3.8/site-packages/airflow/example_dags/tutorial.py for tasks to queue
[2024-03-24T19:00:09.327+0000] {logging_mixin.py:188} INFO - [2024-03-24T19:00:09.326+0000] {dagbag.py:540} INFO - Filling up the DagBag from /home/airflow/.local/lib/python3.8/site-packages/airflow/example_dags/tutorial.py
[2024-03-24T19:00:09.330+0000] {processor.py:840} INFO - DAG(s) 'tutorial' retrieved from /home/airflow/.local/lib/python3.8/site-packages/airflow/example_dags/tutorial.py
[2024-03-24T19:00:09.345+0000] {logging_mixin.py:188} INFO - [2024-03-24T19:00:09.345+0000] {dag.py:3047} INFO - Sync 1 DAGs
[2024-03-24T19:00:09.359+0000] {logging_mixin.py:188} INFO - [2024-03-24T19:00:09.359+0000] {dag.py:3834} INFO - Setting next_dagrun for tutorial to 2024-03-23 00:00:00+00:00, run_after=2024-03-24 00:00:00+00:00
[2024-03-24T19:00:09.371+0000] {processor.py:183} INFO - Processing /home/airflow/.local/lib/python3.8/site-packages/airflow/example_dags/tutorial.py took 0.048 seconds
[2024-03-24T19:14:46.910+0000] {processor.py:161} INFO - Started process (PID=66) to work on /home/airflow/.local/lib/python3.8/site-packages/airflow/example_dags/tutorial.py
[2024-03-24T19:14:46.911+0000] {processor.py:830} INFO - Processing file /home/airflow/.local/lib/python3.8/site-packages/airflow/example_dags/tutorial.py for tasks to queue
[2024-03-24T19:14:46.912+0000] {logging_mixin.py:188} INFO - [2024-03-24T19:14:46.912+0000] {dagbag.py:540} INFO - Filling up the DagBag from /home/airflow/.local/lib/python3.8/site-packages/airflow/example_dags/tutorial.py
[2024-03-24T19:14:46.918+0000] {processor.py:840} INFO - DAG(s) 'tutorial' retrieved from /home/airflow/.local/lib/python3.8/site-packages/airflow/example_dags/tutorial.py
[2024-03-24T19:14:46.928+0000] {logging_mixin.py:188} INFO - [2024-03-24T19:14:46.928+0000] {dag.py:3047} INFO - Sync 1 DAGs
[2024-03-24T19:14:46.946+0000] {logging_mixin.py:188} INFO - [2024-03-24T19:14:46.946+0000] {dag.py:3834} INFO - Setting next_dagrun for tutorial to 2024-03-23 00:00:00+00:00, run_after=2024-03-24 00:00:00+00:00
[2024-03-24T19:14:46.960+0000] {processor.py:183} INFO - Processing /home/airflow/.local/lib/python3.8/site-packages/airflow/example_dags/tutorial.py took 0.053 seconds
[2024-03-24T19:15:17.516+0000] {processor.py:161} INFO - Started process (PID=121) to work on /home/airflow/.local/lib/python3.8/site-packages/airflow/example_dags/tutorial.py
[2024-03-24T19:15:17.517+0000] {processor.py:830} INFO - Processing file /home/airflow/.local/lib/python3.8/site-packages/airflow/example_dags/tutorial.py for tasks to queue
[2024-03-24T19:15:17.518+0000] {logging_mixin.py:188} INFO - [2024-03-24T19:15:17.518+0000] {dagbag.py:540} INFO - Filling up the DagBag from /home/airflow/.local/lib/python3.8/site-packages/airflow/example_dags/tutorial.py
[2024-03-24T19:15:17.522+0000] {processor.py:840} INFO - DAG(s) 'tutorial' retrieved from /home/airflow/.local/lib/python3.8/site-packages/airflow/example_dags/tutorial.py
[2024-03-24T19:15:17.593+0000] {logging_mixin.py:188} INFO - [2024-03-24T19:15:17.593+0000] {dag.py:3047} INFO - Sync 1 DAGs
[2024-03-24T19:15:17.612+0000] {logging_mixin.py:188} INFO - [2024-03-24T19:15:17.612+0000] {dag.py:3834} INFO - Setting next_dagrun for tutorial to 2024-03-23 00:00:00+00:00, run_after=2024-03-24 00:00:00+00:00
[2024-03-24T19:15:17.628+0000] {processor.py:183} INFO - Processing /home/airflow/.local/lib/python3.8/site-packages/airflow/example_dags/tutorial.py took 0.114 seconds
