[2024-03-25T18:13:31.757+0000] {taskinstance.py:1979} INFO - Dependencies all met for dep_context=non-requeueable deps ti=<TaskInstance: loan_prediction.run_ML_models scheduled__2024-01-01T00:05:00+00:00 [queued]>
[2024-03-25T18:13:31.770+0000] {taskinstance.py:1979} INFO - Dependencies all met for dep_context=requeueable deps ti=<TaskInstance: loan_prediction.run_ML_models scheduled__2024-01-01T00:05:00+00:00 [queued]>
[2024-03-25T18:13:31.770+0000] {taskinstance.py:2193} INFO - Starting attempt 1 of 2
[2024-03-25T18:13:31.794+0000] {taskinstance.py:2217} INFO - Executing <Task(PythonOperator): run_ML_models> on 2024-01-01 00:05:00+00:00
[2024-03-25T18:13:31.820+0000] {standard_task_runner.py:60} INFO - Started process 562 to run task
[2024-03-25T18:13:31.837+0000] {standard_task_runner.py:87} INFO - Running: ['***', 'tasks', 'run', 'loan_prediction', 'run_ML_models', 'scheduled__2024-01-01T00:05:00+00:00', '--job-id', '21', '--raw', '--subdir', 'DAGS_FOLDER/dag.py', '--cfg-path', '/tmp/tmpm42gtfov']
[2024-03-25T18:13:31.847+0000] {standard_task_runner.py:88} INFO - Job 21: Subtask run_ML_models
[2024-03-25T18:13:31.961+0000] {task_command.py:423} INFO - Running <TaskInstance: loan_prediction.run_ML_models scheduled__2024-01-01T00:05:00+00:00 [running]> on host 98914d7e027d
[2024-03-25T18:13:32.144+0000] {taskinstance.py:2513} INFO - Exporting env vars: AIRFLOW_CTX_DAG_OWNER='***' AIRFLOW_CTX_DAG_ID='loan_prediction' AIRFLOW_CTX_TASK_ID='run_ML_models' AIRFLOW_CTX_EXECUTION_DATE='2024-01-01T00:05:00+00:00' AIRFLOW_CTX_TRY_NUMBER='1' AIRFLOW_CTX_DAG_RUN_ID='scheduled__2024-01-01T00:05:00+00:00'
[2024-03-25T18:13:32.145+0000] {logging_mixin.py:188} INFO - Преобразование данных...
[2024-03-25T18:13:32.675+0000] {logging_mixin.py:188} INFO - Моделинг...
[2024-03-25T18:13:32.676+0000] {logging_mixin.py:188} INFO - 	Логистическая регрессия...
[2024-03-25T18:13:32.694+0000] {logging_mixin.py:188} INFO - 						Завершено
[2024-03-25T18:13:32.694+0000] {logging_mixin.py:188} INFO - 	K-ближайших соседей классификатор...
[2024-03-25T18:13:40.710+0000] {logging_mixin.py:188} INFO - 						Завершено
[2024-03-25T18:13:40.711+0000] {logging_mixin.py:188} INFO - 	Метод опорных векторов...
[2024-03-25T18:13:40.785+0000] {logging_mixin.py:188} INFO - 						Завершено
[2024-03-25T18:13:40.785+0000] {logging_mixin.py:188} INFO - 	Наивный Байес Гаусс классификатор...
[2024-03-25T18:13:40.801+0000] {logging_mixin.py:188} INFO - 						Завершено
[2024-03-25T18:13:40.801+0000] {logging_mixin.py:188} INFO - 	Решающее дерево...
[2024-03-25T18:13:40.990+0000] {logging_mixin.py:188} INFO - 						Завершено
[2024-03-25T18:13:40.990+0000] {logging_mixin.py:188} INFO - 	Случайный лес...
[2024-03-25T18:14:35.042+0000] {logging_mixin.py:188} INFO - 						Завершено
[2024-03-25T18:14:35.043+0000] {logging_mixin.py:188} INFO - 	Градиентный бустинг...
