[2024-03-25T18:57:45.336+0000] {taskinstance.py:1979} INFO - Dependencies all met for dep_context=non-requeueable deps ti=<TaskInstance: loan_prediction.run_ML_models manual__2024-03-25T18:57:43.179586+00:00 [queued]>
[2024-03-25T18:57:45.341+0000] {taskinstance.py:1979} INFO - Dependencies all met for dep_context=requeueable deps ti=<TaskInstance: loan_prediction.run_ML_models manual__2024-03-25T18:57:43.179586+00:00 [queued]>
[2024-03-25T18:57:45.341+0000] {taskinstance.py:2193} INFO - Starting attempt 1 of 2
[2024-03-25T18:57:45.350+0000] {taskinstance.py:2217} INFO - Executing <Task(PythonOperator): run_ML_models> on 2024-03-25 18:57:43.179586+00:00
[2024-03-25T18:57:45.358+0000] {standard_task_runner.py:60} INFO - Started process 147 to run task
[2024-03-25T18:57:45.360+0000] {standard_task_runner.py:87} INFO - Running: ['***', 'tasks', 'run', 'loan_prediction', 'run_ML_models', 'manual__2024-03-25T18:57:43.179586+00:00', '--job-id', '5', '--raw', '--subdir', 'DAGS_FOLDER/dag.py', '--cfg-path', '/tmp/tmpt9ukmgxu']
[2024-03-25T18:57:45.362+0000] {standard_task_runner.py:88} INFO - Job 5: Subtask run_ML_models
[2024-03-25T18:57:45.392+0000] {task_command.py:423} INFO - Running <TaskInstance: loan_prediction.run_ML_models manual__2024-03-25T18:57:43.179586+00:00 [running]> on host f892015b3bee
[2024-03-25T18:57:45.438+0000] {taskinstance.py:2513} INFO - Exporting env vars: AIRFLOW_CTX_DAG_OWNER='***' AIRFLOW_CTX_DAG_ID='loan_prediction' AIRFLOW_CTX_TASK_ID='run_ML_models' AIRFLOW_CTX_EXECUTION_DATE='2024-03-25T18:57:43.179586+00:00' AIRFLOW_CTX_TRY_NUMBER='1' AIRFLOW_CTX_DAG_RUN_ID='manual__2024-03-25T18:57:43.179586+00:00'
[2024-03-25T18:57:45.439+0000] {run_ML_models.py:55} INFO - Отправка старой модели в архив c timestamp события
[2024-03-25T18:57:45.440+0000] {logging_mixin.py:188} INFO - Преобразование данных...
[2024-03-25T18:57:45.563+0000] {logging_mixin.py:188} INFO - Моделинг...
[2024-03-25T18:57:45.564+0000] {logging_mixin.py:188} INFO - 	Логистическая регрессия...
[2024-03-25T18:57:45.607+0000] {logging_mixin.py:188} INFO - 						Завершено
[2024-03-25T18:57:45.607+0000] {logging_mixin.py:188} INFO - 	K-ближайших соседей классификатор...
[2024-03-25T18:57:45.648+0000] {logging_mixin.py:188} INFO - 						Завершено
[2024-03-25T18:57:45.648+0000] {logging_mixin.py:188} INFO - 	Метод опорных векторов...
[2024-03-25T18:57:45.655+0000] {logging_mixin.py:188} INFO - 						Завершено
[2024-03-25T18:57:45.656+0000] {logging_mixin.py:188} INFO - 	Наивный Байес Гаусс классификатор...
[2024-03-25T18:57:45.657+0000] {logging_mixin.py:188} INFO - 						Завершено
[2024-03-25T18:57:45.658+0000] {logging_mixin.py:188} INFO - 	Решающее дерево...
[2024-03-25T18:57:45.693+0000] {logging_mixin.py:188} INFO - 						Завершено
[2024-03-25T18:57:45.694+0000] {logging_mixin.py:188} INFO - 	Случайный лес...
[2024-03-25T18:58:06.390+0000] {logging_mixin.py:188} INFO - 						Завершено
[2024-03-25T18:58:06.391+0000] {logging_mixin.py:188} INFO - 	Градиентный бустинг...
[2024-03-25T18:58:49.154+0000] {logging_mixin.py:188} INFO - 						Завершено
[2024-03-25T18:58:49.155+0000] {logging_mixin.py:188} INFO - Выбор лучшей модели...
[2024-03-25T18:58:49.555+0000] {logging_mixin.py:188} INFO - Сохранение модели и метаданных...
[2024-03-25T18:58:49.624+0000] {logging_mixin.py:188} INFO - 						Завершено
[2024-03-25T18:58:49.624+0000] {run_ML_models.py:280} INFO - Средний прогноз метрики accuracy на тестовых данных по 7 ML моделям: 85.488
[2024-03-25T18:58:49.624+0000] {run_ML_models.py:283} INFO - Модель GradientBoostingClassifier с самой большой точностью: 88.889
[2024-03-25T18:58:49.631+0000] {run_ML_models.py:72} INFO - LP002106, 1.0
[2024-03-25T18:58:49.633+0000] {python.py:202} INFO - Done. Returned value was: None
[2024-03-25T18:58:49.641+0000] {taskinstance.py:1149} INFO - Marking task as SUCCESS. dag_id=loan_prediction, task_id=run_ML_models, execution_date=20240325T185743, start_date=20240325T185745, end_date=20240325T185849
[2024-03-25T18:58:49.693+0000] {local_task_job_runner.py:234} INFO - Task exited with return code 0
[2024-03-25T18:58:49.708+0000] {taskinstance.py:3312} INFO - 0 downstream tasks scheduled from follow-on schedule check
