[2024-03-25T18:35:12.100+0000] {taskinstance.py:1979} INFO - Dependencies all met for dep_context=non-requeueable deps ti=<TaskInstance: loan_prediction.run_ML_models scheduled__2024-03-25T01:25:00+00:00 [queued]>
[2024-03-25T18:35:12.106+0000] {taskinstance.py:1979} INFO - Dependencies all met for dep_context=requeueable deps ti=<TaskInstance: loan_prediction.run_ML_models scheduled__2024-03-25T01:25:00+00:00 [queued]>
[2024-03-25T18:35:12.106+0000] {taskinstance.py:2193} INFO - Starting attempt 1 of 2
[2024-03-25T18:35:12.113+0000] {taskinstance.py:2217} INFO - Executing <Task(PythonOperator): run_ML_models> on 2024-03-25 01:25:00+00:00
[2024-03-25T18:35:12.121+0000] {standard_task_runner.py:60} INFO - Started process 1035 to run task
[2024-03-25T18:35:12.124+0000] {standard_task_runner.py:87} INFO - Running: ['***', 'tasks', 'run', 'loan_prediction', 'run_ML_models', 'scheduled__2024-03-25T01:25:00+00:00', '--job-id', '16', '--raw', '--subdir', 'DAGS_FOLDER/dag.py', '--cfg-path', '/tmp/tmpr4ufgh16']
[2024-03-25T18:35:12.125+0000] {standard_task_runner.py:88} INFO - Job 16: Subtask run_ML_models
[2024-03-25T18:35:12.156+0000] {task_command.py:423} INFO - Running <TaskInstance: loan_prediction.run_ML_models scheduled__2024-03-25T01:25:00+00:00 [running]> on host af4c1478ae1f
[2024-03-25T18:35:12.208+0000] {taskinstance.py:2513} INFO - Exporting env vars: AIRFLOW_CTX_DAG_OWNER='***' AIRFLOW_CTX_DAG_ID='loan_prediction' AIRFLOW_CTX_TASK_ID='run_ML_models' AIRFLOW_CTX_EXECUTION_DATE='2024-03-25T01:25:00+00:00' AIRFLOW_CTX_TRY_NUMBER='1' AIRFLOW_CTX_DAG_RUN_ID='scheduled__2024-03-25T01:25:00+00:00'
[2024-03-25T18:35:12.209+0000] {logging_mixin.py:188} INFO - Преобразование данных...
[2024-03-25T18:35:12.394+0000] {logging_mixin.py:188} INFO - Моделинг...
[2024-03-25T18:35:12.395+0000] {logging_mixin.py:188} INFO - 	Логистическая регрессия...
[2024-03-25T18:35:12.403+0000] {logging_mixin.py:188} INFO - 						Завершено
[2024-03-25T18:35:12.403+0000] {logging_mixin.py:188} INFO - 	K-ближайших соседей классификатор...
[2024-03-25T18:35:12.442+0000] {logging_mixin.py:188} INFO - 						Завершено
[2024-03-25T18:35:12.442+0000] {logging_mixin.py:188} INFO - 	Метод опорных векторов...
[2024-03-25T18:35:12.453+0000] {logging_mixin.py:188} INFO - 						Завершено
[2024-03-25T18:35:12.454+0000] {logging_mixin.py:188} INFO - 	Наивный Байес Гаусс классификатор...
[2024-03-25T18:35:12.456+0000] {logging_mixin.py:188} INFO - 						Завершено
[2024-03-25T18:35:12.456+0000] {logging_mixin.py:188} INFO - 	Решающее дерево...
[2024-03-25T18:35:12.495+0000] {logging_mixin.py:188} INFO - 						Завершено
[2024-03-25T18:35:12.495+0000] {logging_mixin.py:188} INFO - 	Случайный лес...
[2024-03-25T18:35:32.923+0000] {logging_mixin.py:188} INFO - 						Завершено
[2024-03-25T18:35:32.923+0000] {logging_mixin.py:188} INFO - 	Градиентный бустинг...
[2024-03-25T18:36:13.956+0000] {logging_mixin.py:188} INFO - 						Завершено
[2024-03-25T18:36:13.957+0000] {logging_mixin.py:188} INFO - Выбор лучшей модели...
[2024-03-25T18:36:14.351+0000] {logging_mixin.py:188} INFO - Сохранение модели и метаданных...
[2024-03-25T18:36:14.422+0000] {logging_mixin.py:188} INFO - 						Завершено
[2024-03-25T18:36:14.423+0000] {logging_mixin.py:188} INFO - Средний прогноз метрики accuracy на тестовых данных по 7 ML моделям: 84.694
[2024-03-25T18:36:14.423+0000] {run_ML_models.py:281} INFO - Средний прогноз метрики accuracy на тестовых данных по 7 ML моделям: 84.694
[2024-03-25T18:36:14.423+0000] {logging_mixin.py:188} INFO - Модель GradientBoostingClassifier с самой большой точностью: 89.683
[2024-03-25T18:36:14.423+0000] {run_ML_models.py:285} INFO - Модель GradientBoostingClassifier с самой большой точностью: 89.683
[2024-03-25T18:36:14.430+0000] {logging_mixin.py:188} INFO - LP002106, 1.0
[2024-03-25T18:36:14.430+0000] {run_ML_models.py:72} INFO - LP002106, 1.0
[2024-03-25T18:36:14.432+0000] {python.py:202} INFO - Done. Returned value was: None
[2024-03-25T18:36:14.440+0000] {taskinstance.py:1149} INFO - Marking task as SUCCESS. dag_id=loan_prediction, task_id=run_ML_models, execution_date=20240325T012500, start_date=20240325T183512, end_date=20240325T183614
[2024-03-25T18:36:14.511+0000] {local_task_job_runner.py:234} INFO - Task exited with return code 0
[2024-03-25T18:36:14.522+0000] {taskinstance.py:3312} INFO - 0 downstream tasks scheduled from follow-on schedule check
