[2024-03-25T17:53:32.315+0000] {taskinstance.py:1979} INFO - Dependencies all met for dep_context=non-requeueable deps ti=<TaskInstance: loan_prediction.run_ML_models scheduled__2024-01-28T15:00:00+00:00 [queued]>
[2024-03-25T17:53:32.323+0000] {taskinstance.py:1979} INFO - Dependencies all met for dep_context=requeueable deps ti=<TaskInstance: loan_prediction.run_ML_models scheduled__2024-01-28T15:00:00+00:00 [queued]>
[2024-03-25T17:53:32.323+0000] {taskinstance.py:2193} INFO - Starting attempt 1 of 2
[2024-03-25T17:53:32.343+0000] {taskinstance.py:2217} INFO - Executing <Task(PythonOperator): run_ML_models> on 2024-01-28 15:00:00+00:00
[2024-03-25T17:53:32.397+0000] {standard_task_runner.py:60} INFO - Started process 445 to run task
[2024-03-25T17:53:32.407+0000] {standard_task_runner.py:87} INFO - Running: ['***', 'tasks', 'run', 'loan_prediction', 'run_ML_models', 'scheduled__2024-01-28T15:00:00+00:00', '--job-id', '172', '--raw', '--subdir', 'DAGS_FOLDER/dag.py', '--cfg-path', '/tmp/tmpyn166197']
[2024-03-25T17:53:32.410+0000] {standard_task_runner.py:88} INFO - Job 172: Subtask run_ML_models
[2024-03-25T17:53:32.481+0000] {task_command.py:423} INFO - Running <TaskInstance: loan_prediction.run_ML_models scheduled__2024-01-28T15:00:00+00:00 [running]> on host e7ab723b212e
[2024-03-25T17:53:32.571+0000] {taskinstance.py:2513} INFO - Exporting env vars: AIRFLOW_CTX_DAG_OWNER='***' AIRFLOW_CTX_DAG_ID='loan_prediction' AIRFLOW_CTX_TASK_ID='run_ML_models' AIRFLOW_CTX_EXECUTION_DATE='2024-01-28T15:00:00+00:00' AIRFLOW_CTX_TRY_NUMBER='1' AIRFLOW_CTX_DAG_RUN_ID='scheduled__2024-01-28T15:00:00+00:00'
[2024-03-25T17:53:32.572+0000] {logging_mixin.py:188} INFO - Преобразование данных...
[2024-03-25T17:53:33.319+0000] {logging_mixin.py:188} INFO - Моделинг...
[2024-03-25T17:53:33.332+0000] {logging_mixin.py:188} INFO - 	Логистическая регрессия...
[2024-03-25T17:53:33.346+0000] {logging_mixin.py:188} INFO - 						Завершено
[2024-03-25T17:53:33.346+0000] {logging_mixin.py:188} INFO - 	K-ближайших соседей классификатор...
[2024-03-25T17:53:39.481+0000] {logging_mixin.py:188} INFO - 						Завершено
[2024-03-25T17:53:39.481+0000] {logging_mixin.py:188} INFO - 	Метод опорных векторов...
[2024-03-25T17:53:39.503+0000] {logging_mixin.py:188} INFO - 						Завершено
[2024-03-25T17:53:39.504+0000] {logging_mixin.py:188} INFO - 	Наивный Байес Гаусс классификатор...
[2024-03-25T17:53:39.506+0000] {logging_mixin.py:188} INFO - 						Завершено
[2024-03-25T17:53:39.506+0000] {logging_mixin.py:188} INFO - 	Решающее дерево...
[2024-03-25T17:53:39.613+0000] {logging_mixin.py:188} INFO - 						Завершено
[2024-03-25T17:53:39.614+0000] {logging_mixin.py:188} INFO - 	Случайный лес...
[2024-03-25T17:54:36.375+0000] {logging_mixin.py:188} INFO - 						Завершено
[2024-03-25T17:54:36.376+0000] {logging_mixin.py:188} INFO - 	Градиентный бустинг...
