[2024-03-25T17:53:32.254+0000] {taskinstance.py:1979} INFO - Dependencies all met for dep_context=non-requeueable deps ti=<TaskInstance: loan_prediction.run_ML_models scheduled__2024-01-25T15:00:00+00:00 [queued]>
[2024-03-25T17:53:32.265+0000] {taskinstance.py:1979} INFO - Dependencies all met for dep_context=requeueable deps ti=<TaskInstance: loan_prediction.run_ML_models scheduled__2024-01-25T15:00:00+00:00 [queued]>
[2024-03-25T17:53:32.266+0000] {taskinstance.py:2193} INFO - Starting attempt 1 of 2
[2024-03-25T17:53:32.282+0000] {taskinstance.py:2217} INFO - Executing <Task(PythonOperator): run_ML_models> on 2024-01-25 15:00:00+00:00
[2024-03-25T17:53:32.298+0000] {standard_task_runner.py:60} INFO - Started process 415 to run task
[2024-03-25T17:53:32.306+0000] {standard_task_runner.py:87} INFO - Running: ['***', 'tasks', 'run', 'loan_prediction', 'run_ML_models', 'scheduled__2024-01-25T15:00:00+00:00', '--job-id', '171', '--raw', '--subdir', 'DAGS_FOLDER/dag.py', '--cfg-path', '/tmp/tmp41lv7som']
[2024-03-25T17:53:32.309+0000] {standard_task_runner.py:88} INFO - Job 171: Subtask run_ML_models
[2024-03-25T17:53:32.373+0000] {task_command.py:423} INFO - Running <TaskInstance: loan_prediction.run_ML_models scheduled__2024-01-25T15:00:00+00:00 [running]> on host e7ab723b212e
[2024-03-25T17:53:32.499+0000] {taskinstance.py:2513} INFO - Exporting env vars: AIRFLOW_CTX_DAG_OWNER='***' AIRFLOW_CTX_DAG_ID='loan_prediction' AIRFLOW_CTX_TASK_ID='run_ML_models' AIRFLOW_CTX_EXECUTION_DATE='2024-01-25T15:00:00+00:00' AIRFLOW_CTX_TRY_NUMBER='1' AIRFLOW_CTX_DAG_RUN_ID='scheduled__2024-01-25T15:00:00+00:00'
[2024-03-25T17:53:32.502+0000] {logging_mixin.py:188} INFO - Преобразование данных...
[2024-03-25T17:53:32.918+0000] {logging_mixin.py:188} INFO - Моделинг...
[2024-03-25T17:53:32.918+0000] {logging_mixin.py:188} INFO - 	Логистическая регрессия...
[2024-03-25T17:53:32.928+0000] {logging_mixin.py:188} INFO - 						Завершено
[2024-03-25T17:53:32.929+0000] {logging_mixin.py:188} INFO - 	K-ближайших соседей классификатор...
[2024-03-25T17:53:39.157+0000] {logging_mixin.py:188} INFO - 						Завершено
[2024-03-25T17:53:39.157+0000] {logging_mixin.py:188} INFO - 	Метод опорных векторов...
[2024-03-25T17:53:39.212+0000] {logging_mixin.py:188} INFO - 						Завершено
[2024-03-25T17:53:39.212+0000] {logging_mixin.py:188} INFO - 	Наивный Байес Гаусс классификатор...
[2024-03-25T17:53:39.229+0000] {logging_mixin.py:188} INFO - 						Завершено
[2024-03-25T17:53:39.229+0000] {logging_mixin.py:188} INFO - 	Решающее дерево...
[2024-03-25T17:53:39.329+0000] {logging_mixin.py:188} INFO - 						Завершено
[2024-03-25T17:53:39.329+0000] {logging_mixin.py:188} INFO - 	Случайный лес...
[2024-03-25T17:54:37.073+0000] {logging_mixin.py:188} INFO - 						Завершено
[2024-03-25T17:54:37.074+0000] {logging_mixin.py:188} INFO - 	Градиентный бустинг...
