[2024-03-25T17:53:38.009+0000] {taskinstance.py:1979} INFO - Dependencies all met for dep_context=non-requeueable deps ti=<TaskInstance: loan_prediction.run_ML_models manual__2024-03-25T17:42:20.788602+00:00 [queued]>
[2024-03-25T17:53:38.014+0000] {taskinstance.py:1979} INFO - Dependencies all met for dep_context=requeueable deps ti=<TaskInstance: loan_prediction.run_ML_models manual__2024-03-25T17:42:20.788602+00:00 [queued]>
[2024-03-25T17:53:38.015+0000] {taskinstance.py:2193} INFO - Starting attempt 1 of 2
[2024-03-25T17:53:38.027+0000] {taskinstance.py:2217} INFO - Executing <Task(PythonOperator): run_ML_models> on 2024-03-25 17:42:20.788602+00:00
[2024-03-25T17:53:38.069+0000] {standard_task_runner.py:87} INFO - Running: ['***', 'tasks', 'run', 'loan_prediction', 'run_ML_models', 'manual__2024-03-25T17:42:20.788602+00:00', '--job-id', '177', '--raw', '--subdir', 'DAGS_FOLDER/dag.py', '--cfg-path', '/tmp/tmp064rrcqx']
[2024-03-25T17:53:38.070+0000] {standard_task_runner.py:88} INFO - Job 177: Subtask run_ML_models
[2024-03-25T17:53:38.066+0000] {standard_task_runner.py:60} INFO - Started process 2450 to run task
[2024-03-25T17:53:38.128+0000] {task_command.py:423} INFO - Running <TaskInstance: loan_prediction.run_ML_models manual__2024-03-25T17:42:20.788602+00:00 [running]> on host e7ab723b212e
[2024-03-25T17:53:38.210+0000] {taskinstance.py:2513} INFO - Exporting env vars: AIRFLOW_CTX_DAG_OWNER='***' AIRFLOW_CTX_DAG_ID='loan_prediction' AIRFLOW_CTX_TASK_ID='run_ML_models' AIRFLOW_CTX_EXECUTION_DATE='2024-03-25T17:42:20.788602+00:00' AIRFLOW_CTX_TRY_NUMBER='1' AIRFLOW_CTX_DAG_RUN_ID='manual__2024-03-25T17:42:20.788602+00:00'
[2024-03-25T17:53:38.216+0000] {logging_mixin.py:188} INFO - Преобразование данных...
[2024-03-25T17:53:39.056+0000] {logging_mixin.py:188} INFO - Моделинг...
[2024-03-25T17:53:39.083+0000] {logging_mixin.py:188} INFO - 	Логистическая регрессия...
[2024-03-25T17:53:39.130+0000] {logging_mixin.py:188} INFO - 						Завершено
[2024-03-25T17:53:39.131+0000] {logging_mixin.py:188} INFO - 	K-ближайших соседей классификатор...
[2024-03-25T17:53:41.251+0000] {logging_mixin.py:188} INFO - 						Завершено
[2024-03-25T17:53:41.251+0000] {logging_mixin.py:188} INFO - 	Метод опорных векторов...
[2024-03-25T17:53:41.265+0000] {logging_mixin.py:188} INFO - 						Завершено
[2024-03-25T17:53:41.266+0000] {logging_mixin.py:188} INFO - 	Наивный Байес Гаусс классификатор...
[2024-03-25T17:53:41.268+0000] {logging_mixin.py:188} INFO - 						Завершено
[2024-03-25T17:53:41.268+0000] {logging_mixin.py:188} INFO - 	Решающее дерево...
[2024-03-25T17:53:41.319+0000] {logging_mixin.py:188} INFO - 						Завершено
[2024-03-25T17:53:41.319+0000] {logging_mixin.py:188} INFO - 	Случайный лес...
[2024-03-25T17:54:34.106+0000] {logging_mixin.py:188} INFO - 						Завершено
[2024-03-25T17:54:34.106+0000] {logging_mixin.py:188} INFO - 	Градиентный бустинг...
