[2024-03-25T18:13:32.274+0000] {taskinstance.py:1979} INFO - Dependencies all met for dep_context=non-requeueable deps ti=<TaskInstance: loan_prediction.run_ML_models scheduled__2024-01-01T00:30:00+00:00 [queued]>
[2024-03-25T18:13:32.300+0000] {taskinstance.py:1979} INFO - Dependencies all met for dep_context=requeueable deps ti=<TaskInstance: loan_prediction.run_ML_models scheduled__2024-01-01T00:30:00+00:00 [queued]>
[2024-03-25T18:13:32.300+0000] {taskinstance.py:2193} INFO - Starting attempt 1 of 2
[2024-03-25T18:13:32.325+0000] {taskinstance.py:2217} INFO - Executing <Task(PythonOperator): run_ML_models> on 2024-01-01 00:30:00+00:00
[2024-03-25T18:13:32.358+0000] {standard_task_runner.py:60} INFO - Started process 604 to run task
[2024-03-25T18:13:32.361+0000] {standard_task_runner.py:87} INFO - Running: ['***', 'tasks', 'run', 'loan_prediction', 'run_ML_models', 'scheduled__2024-01-01T00:30:00+00:00', '--job-id', '28', '--raw', '--subdir', 'DAGS_FOLDER/dag.py', '--cfg-path', '/tmp/tmp2gqb99xy']
[2024-03-25T18:13:32.365+0000] {standard_task_runner.py:88} INFO - Job 28: Subtask run_ML_models
[2024-03-25T18:13:32.488+0000] {task_command.py:423} INFO - Running <TaskInstance: loan_prediction.run_ML_models scheduled__2024-01-01T00:30:00+00:00 [running]> on host 98914d7e027d
[2024-03-25T18:13:32.657+0000] {taskinstance.py:2513} INFO - Exporting env vars: AIRFLOW_CTX_DAG_OWNER='***' AIRFLOW_CTX_DAG_ID='loan_prediction' AIRFLOW_CTX_TASK_ID='run_ML_models' AIRFLOW_CTX_EXECUTION_DATE='2024-01-01T00:30:00+00:00' AIRFLOW_CTX_TRY_NUMBER='1' AIRFLOW_CTX_DAG_RUN_ID='scheduled__2024-01-01T00:30:00+00:00'
[2024-03-25T18:13:32.659+0000] {logging_mixin.py:188} INFO - Преобразование данных...
[2024-03-25T18:13:33.240+0000] {logging_mixin.py:188} INFO - Моделинг...
[2024-03-25T18:13:33.241+0000] {logging_mixin.py:188} INFO - 	Логистическая регрессия...
[2024-03-25T18:13:33.298+0000] {logging_mixin.py:188} INFO - 						Завершено
[2024-03-25T18:13:33.299+0000] {logging_mixin.py:188} INFO - 	K-ближайших соседей классификатор...
[2024-03-25T18:13:41.217+0000] {logging_mixin.py:188} INFO - 						Завершено
[2024-03-25T18:13:41.218+0000] {logging_mixin.py:188} INFO - 	Метод опорных векторов...
[2024-03-25T18:13:41.247+0000] {logging_mixin.py:188} INFO - 						Завершено
[2024-03-25T18:13:41.247+0000] {logging_mixin.py:188} INFO - 	Наивный Байес Гаусс классификатор...
[2024-03-25T18:13:41.253+0000] {logging_mixin.py:188} INFO - 						Завершено
[2024-03-25T18:13:41.254+0000] {logging_mixin.py:188} INFO - 	Решающее дерево...
[2024-03-25T18:13:41.340+0000] {logging_mixin.py:188} INFO - 						Завершено
[2024-03-25T18:13:41.340+0000] {logging_mixin.py:188} INFO - 	Случайный лес...
[2024-03-25T18:14:34.932+0000] {logging_mixin.py:188} INFO - 						Завершено
[2024-03-25T18:14:34.936+0000] {logging_mixin.py:188} INFO - 	Градиентный бустинг...
