[2024-03-25T18:37:25.368+0000] {taskinstance.py:1979} INFO - Dependencies all met for dep_context=non-requeueable deps ti=<TaskInstance: loan_prediction.run_ML_models scheduled__2024-03-25T01:40:00+00:00 [queued]>
[2024-03-25T18:37:25.373+0000] {taskinstance.py:1979} INFO - Dependencies all met for dep_context=requeueable deps ti=<TaskInstance: loan_prediction.run_ML_models scheduled__2024-03-25T01:40:00+00:00 [queued]>
[2024-03-25T18:37:25.374+0000] {taskinstance.py:2193} INFO - Starting attempt 1 of 2
[2024-03-25T18:37:25.381+0000] {taskinstance.py:2217} INFO - Executing <Task(PythonOperator): run_ML_models> on 2024-03-25 01:40:00+00:00
[2024-03-25T18:37:25.389+0000] {standard_task_runner.py:60} INFO - Started process 1940 to run task
[2024-03-25T18:37:25.392+0000] {standard_task_runner.py:87} INFO - Running: ['***', 'tasks', 'run', 'loan_prediction', 'run_ML_models', 'scheduled__2024-03-25T01:40:00+00:00', '--job-id', '23', '--raw', '--subdir', 'DAGS_FOLDER/dag.py', '--cfg-path', '/tmp/tmpjnwrxx4c']
[2024-03-25T18:37:25.393+0000] {standard_task_runner.py:88} INFO - Job 23: Subtask run_ML_models
[2024-03-25T18:37:25.424+0000] {task_command.py:423} INFO - Running <TaskInstance: loan_prediction.run_ML_models scheduled__2024-03-25T01:40:00+00:00 [running]> on host af4c1478ae1f
[2024-03-25T18:37:25.478+0000] {taskinstance.py:2513} INFO - Exporting env vars: AIRFLOW_CTX_DAG_OWNER='***' AIRFLOW_CTX_DAG_ID='loan_prediction' AIRFLOW_CTX_TASK_ID='run_ML_models' AIRFLOW_CTX_EXECUTION_DATE='2024-03-25T01:40:00+00:00' AIRFLOW_CTX_TRY_NUMBER='1' AIRFLOW_CTX_DAG_RUN_ID='scheduled__2024-03-25T01:40:00+00:00'
[2024-03-25T18:37:25.479+0000] {logging_mixin.py:188} INFO - Отправка старой модели в архив c timestamp события
[2024-03-25T18:37:25.479+0000] {logging_mixin.py:188} INFO - Преобразование данных...
[2024-03-25T18:37:25.598+0000] {logging_mixin.py:188} INFO - Моделинг...
[2024-03-25T18:37:25.598+0000] {logging_mixin.py:188} INFO - 	Логистическая регрессия...
[2024-03-25T18:37:25.625+0000] {logging_mixin.py:188} INFO - 						Завершено
[2024-03-25T18:37:25.625+0000] {logging_mixin.py:188} INFO - 	K-ближайших соседей классификатор...
[2024-03-25T18:37:25.688+0000] {logging_mixin.py:188} INFO - 						Завершено
[2024-03-25T18:37:25.689+0000] {logging_mixin.py:188} INFO - 	Метод опорных векторов...
[2024-03-25T18:37:25.696+0000] {logging_mixin.py:188} INFO - 						Завершено
[2024-03-25T18:37:25.696+0000] {logging_mixin.py:188} INFO - 	Наивный Байес Гаусс классификатор...
[2024-03-25T18:37:25.698+0000] {logging_mixin.py:188} INFO - 						Завершено
[2024-03-25T18:37:25.698+0000] {logging_mixin.py:188} INFO - 	Решающее дерево...
[2024-03-25T18:37:25.730+0000] {logging_mixin.py:188} INFO - 						Завершено
[2024-03-25T18:37:25.731+0000] {logging_mixin.py:188} INFO - 	Случайный лес...
[2024-03-25T18:37:46.691+0000] {logging_mixin.py:188} INFO - 						Завершено
[2024-03-25T18:37:46.692+0000] {logging_mixin.py:188} INFO - 	Градиентный бустинг...
[2024-03-25T18:38:27.801+0000] {logging_mixin.py:188} INFO - 						Завершено
[2024-03-25T18:38:27.802+0000] {logging_mixin.py:188} INFO - Выбор лучшей модели...
[2024-03-25T18:38:28.217+0000] {logging_mixin.py:188} INFO - Сохранение модели и метаданных...
[2024-03-25T18:38:28.292+0000] {logging_mixin.py:188} INFO - 						Завершено
[2024-03-25T18:38:28.292+0000] {logging_mixin.py:188} INFO - Средний прогноз метрики accuracy на тестовых данных по 7 ML моделям: 84.694
[2024-03-25T18:38:28.292+0000] {run_ML_models.py:281} INFO - Средний прогноз метрики accuracy на тестовых данных по 7 ML моделям: 84.694
[2024-03-25T18:38:28.293+0000] {logging_mixin.py:188} INFO - Модель GradientBoostingClassifier с самой большой точностью: 89.683
[2024-03-25T18:38:28.293+0000] {run_ML_models.py:285} INFO - Модель GradientBoostingClassifier с самой большой точностью: 89.683
[2024-03-25T18:38:28.300+0000] {logging_mixin.py:188} INFO - LP002106, 1.0
[2024-03-25T18:38:28.300+0000] {run_ML_models.py:72} INFO - LP002106, 1.0
[2024-03-25T18:38:28.301+0000] {python.py:202} INFO - Done. Returned value was: None
[2024-03-25T18:38:28.310+0000] {taskinstance.py:1149} INFO - Marking task as SUCCESS. dag_id=loan_prediction, task_id=run_ML_models, execution_date=20240325T014000, start_date=20240325T183725, end_date=20240325T183828
[2024-03-25T18:38:28.355+0000] {local_task_job_runner.py:234} INFO - Task exited with return code 0
[2024-03-25T18:38:28.366+0000] {taskinstance.py:3312} INFO - 0 downstream tasks scheduled from follow-on schedule check
